#
# There is insufficient memory for the Java Runtime Environment to continue.
# Native memory allocation (mmap) failed to map 62914560 bytes. Error detail: G1 virtual space
# Possible reasons:
#   The system is out of physical RAM or swap space
#   This process is running with CompressedOops enabled, and the Java Heap may be blocking the growth of the native heap
# Possible solutions:
#   Reduce memory load on the system
#   Increase physical memory or swap space
#   Check if swap backing store is full
#   Decrease Java heap size (-Xmx/-Xms)
#   Decrease number of Java threads
#   Decrease Java thread stack sizes (-Xss)
#   Set larger code cache with -XX:ReservedCodeCacheSize=
#   JVM is running with Zero Based Compressed Oops mode in which the Java heap is
#     placed in the first 32GB address space. The Java Heap base address is the
#     maximum limit for the native heap growth. Please use -XX:HeapBaseMinAddress
#     to set the Java Heap base and to place the Java Heap above 32GB virtual address.
# This output file may be truncated or incomplete.
#
#  Out of Memory Error (os_windows.cpp:3707), pid=12600, tid=14760
#
# JRE version: Java(TM) SE Runtime Environment (23.0.2+7) (build 23.0.2+7-58)
# Java VM: Java HotSpot(TM) 64-Bit Server VM (23.0.2+7-58, mixed mode, sharing, tiered, compressed oops, compressed class ptrs, g1 gc, windows-amd64)
# No core dump will be written. Minidumps are not enabled by default on client versions of Windows
#

---------------  S U M M A R Y ------------

Command Line: -javaagent:C:\Program Files\JetBrains\IntelliJ IDEA Community Edition 2024.2.2\lib\idea_rt.jar=51915:C:\Program Files\JetBrains\IntelliJ IDEA Community Edition 2024.2.2\bin -Dfile.encoding=UTF-8 -Dsun.stdout.encoding=UTF-8 -Dsun.stderr.encoding=UTF-8 com.ems.ElectionManagementSystemApplication

Host: Intel(R) Core(TM) i3-1005G1 CPU @ 1.20GHz, 4 cores, 11G,  Windows 11 , 64 bit Build 26100 (10.0.26100.3323)
Time: Mon Mar 10 18:34:59 2025 India Standard Time elapsed time: 20.839455 seconds (0d 0h 0m 20s)

---------------  T H R E A D  ---------------

Current thread (0x00000197ecbc1bc0):  VMThread "VM Thread"          [id=14760, stack(0x0000001181700000,0x0000001181800000) (1024K)]

Stack: [0x0000001181700000,0x0000001181800000]
Native frames: (J=compiled Java code, j=interpreted, Vv=VM code, C=native code)
V  [jvm.dll+0x6e0b99]  (no source info available)
V  [jvm.dll+0x87e2b3]  (no source info available)
V  [jvm.dll+0x88073e]  (no source info available)
V  [jvm.dll+0x880e13]  (no source info available)
V  [jvm.dll+0x27b006]  (no source info available)
V  [jvm.dll+0x6dd485]  (no source info available)
V  [jvm.dll+0x6d127a]  (no source info available)
V  [jvm.dll+0x35b50a]  (no source info available)
V  [jvm.dll+0x363916]  (no source info available)
V  [jvm.dll+0x34fe7e]  (no source info available)
V  [jvm.dll+0x350118]  (no source info available)
V  [jvm.dll+0x328aec]  (no source info available)
V  [jvm.dll+0x328b7a]  (no source info available)
V  [jvm.dll+0x374db2]  (no source info available)
V  [jvm.dll+0x3734b2]  (no source info available)
V  [jvm.dll+0x3282c7]  (no source info available)
V  [jvm.dll+0x372c64]  (no source info available)
V  [jvm.dll+0x886d50]  (no source info available)
V  [jvm.dll+0x888077]  (no source info available)
V  [jvm.dll+0x8885a8]  (no source info available)
V  [jvm.dll+0x888843]  (no source info available)
V  [jvm.dll+0x8254cb]  (no source info available)
V  [jvm.dll+0x6df345]  (no source info available)
C  [ucrtbase.dll+0x37b0]  (no source info available)
C  [KERNEL32.DLL+0x2e8d7]  (no source info available)
C  [ntdll.dll+0xbbf6c]  (no source info available)

VM_Operation (0x00000011828f91a0): G1CollectForAllocation, mode: safepoint, requested by thread 0x00000197c51f8400


---------------  P R O C E S S  ---------------

Threads class SMR info:
_java_thread_list=0x00000197caead0b0, length=20, elements={
0x00000197cd039690, 0x00000197ecbd6660, 0x00000197ecbd97c0, 0x00000197ecbdfbb0,
0x00000197ecbe0700, 0x00000197ecbe4b80, 0x00000197ecbea380, 0x00000197ecbfb9b0,
0x00000197ecbfd490, 0x00000197c51f8a90, 0x00000197c51f76e0, 0x00000197c51f7050,
0x00000197c51f7d70, 0x00000197c51f8400, 0x00000197c833a880, 0x00000197c833bc30,
0x00000197ca78a0c0, 0x00000197c833cfe0, 0x00000197c833d670, 0x00000197c833a1f0
}

Java Threads: ( => current thread )
  0x00000197cd039690 JavaThread "main"                              [_thread_blocked, id=19872, stack(0x0000001181000000,0x0000001181100000) (1024K)]
  0x00000197ecbd6660 JavaThread "Reference Handler"          daemon [_thread_blocked, id=3196, stack(0x0000001181800000,0x0000001181900000) (1024K)]
  0x00000197ecbd97c0 JavaThread "Finalizer"                  daemon [_thread_blocked, id=16348, stack(0x0000001181900000,0x0000001181a00000) (1024K)]
  0x00000197ecbdfbb0 JavaThread "Signal Dispatcher"          daemon [_thread_blocked, id=3092, stack(0x0000001181a00000,0x0000001181b00000) (1024K)]
  0x00000197ecbe0700 JavaThread "Attach Listener"            daemon [_thread_blocked, id=16148, stack(0x0000001181b00000,0x0000001181c00000) (1024K)]
  0x00000197ecbe4b80 JavaThread "Service Thread"             daemon [_thread_blocked, id=4696, stack(0x0000001181c00000,0x0000001181d00000) (1024K)]
  0x00000197ecbea380 JavaThread "Monitor Deflation Thread"   daemon [_thread_blocked, id=5048, stack(0x0000001181d00000,0x0000001181e00000) (1024K)]
  0x00000197ecbfb9b0 JavaThread "C2 CompilerThread0"         daemon [_thread_blocked, id=10752, stack(0x0000001181e00000,0x0000001181f00000) (1024K)]
  0x00000197ecbfd490 JavaThread "C1 CompilerThread0"         daemon [_thread_blocked, id=17584, stack(0x0000001181f00000,0x0000001182000000) (1024K)]
  0x00000197c51f8a90 JavaThread "Common-Cleaner"             daemon [_thread_blocked, id=18788, stack(0x0000001182000000,0x0000001182100000) (1024K)]
  0x00000197c51f76e0 JavaThread "Monitor Ctrl-Break"         daemon [_thread_in_native, id=20864, stack(0x0000001182100000,0x0000001182200000) (1024K)]
  0x00000197c51f7050 JavaThread "Notification Thread"        daemon [_thread_blocked, id=18188, stack(0x0000001182200000,0x0000001182300000) (1024K)]
  0x00000197c51f7d70 JavaThread "Thread-0"                          [_thread_blocked, id=1016, stack(0x0000001182700000,0x0000001182800000) (1024K)]
  0x00000197c51f8400 JavaThread "restartedMain"                     [_thread_blocked, id=2380, stack(0x0000001182800000,0x0000001182900000) (1024K)]
  0x00000197c833a880 JavaThread "mysql-cj-abandoned-connection-cleanup" daemon [_thread_blocked, id=16700, stack(0x0000001182900000,0x0000001182a00000) (1024K)]
  0x00000197c833bc30 JavaThread "HikariPool-1 housekeeper"   daemon [_thread_blocked, id=13976, stack(0x0000001182b00000,0x0000001182c00000) (1024K)]
  0x00000197ca78a0c0 JavaThread "C2 CompilerThread1"         daemon [_thread_blocked, id=7536, stack(0x0000001182600000,0x0000001182700000) (1024K)]
  0x00000197c833cfe0 JavaThread "Catalina-utility-1"                [_thread_blocked, id=19224, stack(0x0000001182c00000,0x0000001182d00000) (1024K)]
  0x00000197c833d670 JavaThread "Catalina-utility-2"                [_thread_blocked, id=14500, stack(0x0000001182d00000,0x0000001182e00000) (1024K)]
  0x00000197c833a1f0 JavaThread "container-0"                       [_thread_blocked, id=17372, stack(0x0000001182e00000,0x0000001182f00000) (1024K)]
Total: 20

Other Threads:
=>0x00000197ecbc1bc0 VMThread "VM Thread"                           [id=14760, stack(0x0000001181700000,0x0000001181800000) (1024K)]
  0x00000197ecbacfd0 WatcherThread "VM Periodic Task Thread"        [id=17368, stack(0x0000001181600000,0x0000001181700000) (1024K)]
  0x00000197cf416cc0 WorkerThread "GC Thread#0"                     [id=20448, stack(0x0000001181100000,0x0000001181200000) (1024K)]
  0x00000197c584fbe0 WorkerThread "GC Thread#1"                     [id=18772, stack(0x0000001182300000,0x0000001182400000) (1024K)]
  0x00000197c584ff90 WorkerThread "GC Thread#2"                     [id=18648, stack(0x0000001182400000,0x0000001182500000) (1024K)]
  0x00000197c5850340 WorkerThread "GC Thread#3"                     [id=17596, stack(0x0000001182500000,0x0000001182600000) (1024K)]
  0x00000197cf444880 ConcurrentGCThread "G1 Main Marker"            [id=18156, stack(0x0000001181200000,0x0000001181300000) (1024K)]
  0x00000197cf445390 WorkerThread "G1 Conc#0"                       [id=20208, stack(0x0000001181300000,0x0000001181400000) (1024K)]
  0x00000197cf46e4b0 ConcurrentGCThread "G1 Refine#0"               [id=21004, stack(0x0000001181400000,0x0000001181500000) (1024K)]
  0x00000197eca7f320 ConcurrentGCThread "G1 Service"                [id=16300, stack(0x0000001181500000,0x0000001181600000) (1024K)]
Total: 10

Threads with active compile tasks:
C2 CompilerThread0  20959 9594 %     4       org.antlr.v4.runtime.atn.ParserATNSimulator::computeReachSet @ 68 (575 bytes)
Total: 1

VM state: at safepoint (normal execution)

VM Mutex/Monitor currently owned by a thread:  ([mutex/lock_event])
[0x00007ff8a0c64888] Threads_lock - owner thread: 0x00000197ecbc1bc0
[0x00007ff8a0c64988] Heap_lock - owner thread: 0x00000197c51f8400

Heap address: 0x0000000743a00000, size: 3014 MB, Compressed Oops mode: Zero based, Oop shift amount: 3

CDS archive(s) mapped at: [0x0000019780000000-0x0000019780d70000-0x0000019780d70000), size 14090240, SharedBaseAddress: 0x0000019780000000, ArchiveRelocationMode: 1.
Compressed class space mapped at: 0x0000019781000000-0x00000197c1000000, reserved size: 1073741824
Narrow klass base: 0x0000019780000000, Narrow klass shift: 0, Narrow klass range: 0x41000000

GC Precious Log:
 CardTable entry size: 512
 Card Set container configuration: InlinePtr #cards 4 size 8 Array Of Cards #cards 16 size 48 Howl #buckets 8 coarsen threshold 3686 Howl Bitmap #cards 512 size 80 coarsen threshold 460 Card regions per heap region 1 cards per card region 4096
 CPUs: 4 total, 4 available
 Memory: 12055M
 Large Page Support: Disabled
 NUMA Support: Disabled
 Compressed Oops: Enabled (Zero based)
 Heap Region Size: 2M
 Heap Min Capacity: 8M
 Heap Initial Capacity: 190M
 Heap Max Capacity: 3014M
 Pre-touch: Disabled
 Parallel Workers: 4
 Concurrent Workers: 1
 Concurrent Refinement Workers: 4
 Periodic GC: Disabled

Heap:
 garbage-first heap   total reserved 3086336K, committed 129024K, used 109056K [0x0000000743a00000, 0x0000000800000000)
  region size 2048K, 1 young (2048K), 1 survivors (2048K)
 Metaspace       used 86019K, committed 86720K, reserved 1179648K
  class space    used 11927K, committed 12224K, reserved 1048576K

Heap Regions: E=young(eden), S=young(survivor), O=old, HS=humongous(starts), HC=humongous(continues), CS=collection set, F=free, TAMS=top-at-mark-start, PB=parsable bottom
|   0|0x0000000743a00000, 0x0000000743c00000, 0x0000000743c00000|100%| O|  |TAMS 0x0000000743c00000| PB 0x0000000743a00000| Untracked |  0
|   1|0x0000000743c00000, 0x0000000743e00000, 0x0000000743e00000|100%| O|  |TAMS 0x0000000743e00000| PB 0x0000000743c00000| Untracked |  0
|   2|0x0000000743e00000, 0x0000000744000000, 0x0000000744000000|100%| O|  |TAMS 0x0000000744000000| PB 0x0000000743e00000| Untracked |  0
|   3|0x0000000744000000, 0x0000000744200000, 0x0000000744200000|100%| O|  |TAMS 0x0000000744200000| PB 0x0000000744000000| Untracked |  0
|   4|0x0000000744200000, 0x0000000744400000, 0x0000000744400000|100%| O|  |TAMS 0x0000000744400000| PB 0x0000000744200000| Untracked |  0
|   5|0x0000000744400000, 0x0000000744600000, 0x0000000744600000|100%| O|  |TAMS 0x0000000744600000| PB 0x0000000744400000| Untracked |  0
|   6|0x0000000744600000, 0x0000000744800000, 0x0000000744800000|100%| O|  |TAMS 0x0000000744800000| PB 0x0000000744600000| Untracked |  0
|   7|0x0000000744800000, 0x0000000744a00000, 0x0000000744a00000|100%| O|  |TAMS 0x0000000744a00000| PB 0x0000000744800000| Untracked |  0
|   8|0x0000000744a00000, 0x0000000744c00000, 0x0000000744c00000|100%| O|  |TAMS 0x0000000744c00000| PB 0x0000000744a00000| Untracked |  0
|   9|0x0000000744c00000, 0x0000000744e00000, 0x0000000744e00000|100%| O|  |TAMS 0x0000000744e00000| PB 0x0000000744c00000| Untracked |  0
|  10|0x0000000744e00000, 0x0000000745000000, 0x0000000745000000|100%| O|  |TAMS 0x0000000745000000| PB 0x0000000744e00000| Untracked |  0
|  11|0x0000000745000000, 0x0000000745200000, 0x0000000745200000|100%| O|  |TAMS 0x0000000745200000| PB 0x0000000745000000| Untracked |  0
|  12|0x0000000745200000, 0x0000000745400000, 0x0000000745400000|100%| O|  |TAMS 0x0000000745400000| PB 0x0000000745200000| Untracked |  0
|  13|0x0000000745400000, 0x0000000745600000, 0x0000000745600000|100%| O|  |TAMS 0x0000000745600000| PB 0x0000000745400000| Untracked |  0
|  14|0x0000000745600000, 0x0000000745800000, 0x0000000745800000|100%| O|  |TAMS 0x0000000745800000| PB 0x0000000745600000| Untracked |  0
|  15|0x0000000745800000, 0x0000000745a00000, 0x0000000745a00000|100%| O|  |TAMS 0x0000000745a00000| PB 0x0000000745800000| Untracked |  0
|  16|0x0000000745a00000, 0x0000000745c00000, 0x0000000745c00000|100%| O|  |TAMS 0x0000000745c00000| PB 0x0000000745a00000| Untracked |  0
|  17|0x0000000745c00000, 0x0000000745e00000, 0x0000000745e00000|100%| O|  |TAMS 0x0000000745e00000| PB 0x0000000745c00000| Untracked |  0
|  18|0x0000000745e00000, 0x0000000746000000, 0x0000000746000000|100%| O|  |TAMS 0x0000000746000000| PB 0x0000000745e00000| Untracked |  0
|  19|0x0000000746000000, 0x0000000746200000, 0x0000000746200000|100%| O|  |TAMS 0x0000000746200000| PB 0x0000000746000000| Untracked |  0
|  20|0x0000000746200000, 0x0000000746400000, 0x0000000746400000|100%| O|  |TAMS 0x0000000746400000| PB 0x0000000746200000| Untracked |  0
|  21|0x0000000746400000, 0x0000000746600000, 0x0000000746600000|100%| O|  |TAMS 0x0000000746600000| PB 0x0000000746400000| Untracked |  0
|  22|0x0000000746600000, 0x0000000746800000, 0x0000000746800000|100%| O|  |TAMS 0x0000000746800000| PB 0x0000000746600000| Untracked |  0
|  23|0x0000000746800000, 0x0000000746a00000, 0x0000000746a00000|100%| O|  |TAMS 0x0000000746a00000| PB 0x0000000746800000| Untracked |  0
|  24|0x0000000746a00000, 0x0000000746c00000, 0x0000000746c00000|100%| O|  |TAMS 0x0000000746c00000| PB 0x0000000746a00000| Untracked |  0
|  25|0x0000000746c00000, 0x0000000746e00000, 0x0000000746e00000|100%| O|  |TAMS 0x0000000746e00000| PB 0x0000000746c00000| Untracked |  0
|  26|0x0000000746e00000, 0x0000000747000000, 0x0000000747000000|100%| O|  |TAMS 0x0000000746e00000| PB 0x0000000746e00000| Untracked |  0
|  27|0x0000000747000000, 0x0000000747200000, 0x0000000747200000|100%| O|  |TAMS 0x0000000747200000| PB 0x0000000747000000| Untracked |  0
|  28|0x0000000747200000, 0x0000000747400000, 0x0000000747400000|100%| O|  |TAMS 0x0000000747400000| PB 0x0000000747200000| Untracked |  0
|  29|0x0000000747400000, 0x0000000747600000, 0x0000000747600000|100%| O|  |TAMS 0x0000000747600000| PB 0x0000000747400000| Untracked |  0
|  30|0x0000000747600000, 0x0000000747800000, 0x0000000747800000|100%| O|  |TAMS 0x0000000747800000| PB 0x0000000747600000| Untracked |  0
|  31|0x0000000747800000, 0x0000000747a00000, 0x0000000747a00000|100%| O|  |TAMS 0x0000000747a00000| PB 0x0000000747800000| Untracked |  0
|  32|0x0000000747a00000, 0x0000000747c00000, 0x0000000747c00000|100%| O|  |TAMS 0x0000000747c00000| PB 0x0000000747a00000| Untracked |  0
|  33|0x0000000747c00000, 0x0000000747e00000, 0x0000000747e00000|100%| O|  |TAMS 0x0000000747e00000| PB 0x0000000747c00000| Untracked |  0
|  34|0x0000000747e00000, 0x0000000748000000, 0x0000000748000000|100%| O|  |TAMS 0x0000000748000000| PB 0x0000000747e00000| Untracked |  0
|  35|0x0000000748000000, 0x0000000748200000, 0x0000000748200000|100%| O|  |TAMS 0x0000000748200000| PB 0x0000000748000000| Untracked |  0
|  36|0x0000000748200000, 0x0000000748400000, 0x0000000748400000|100%| O|  |TAMS 0x0000000748400000| PB 0x0000000748200000| Untracked |  0
|  37|0x0000000748400000, 0x0000000748600000, 0x0000000748600000|100%| O|  |TAMS 0x00000007485d3840| PB 0x0000000748400000| Untracked |  0
|  38|0x0000000748600000, 0x0000000748800000, 0x0000000748800000|100%| O|  |TAMS 0x0000000748600000| PB 0x0000000748600000| Untracked |  0
|  39|0x0000000748800000, 0x0000000748a00000, 0x0000000748a00000|100%| O|  |TAMS 0x0000000748800000| PB 0x0000000748800000| Untracked |  0
|  40|0x0000000748a00000, 0x0000000748c00000, 0x0000000748c00000|100%| O|  |TAMS 0x0000000748a00000| PB 0x0000000748a00000| Untracked |  0
|  41|0x0000000748c00000, 0x0000000748e00000, 0x0000000748e00000|100%| O|  |TAMS 0x0000000748c00000| PB 0x0000000748c00000| Untracked |  0
|  42|0x0000000748e00000, 0x0000000749000000, 0x0000000749000000|100%| O|  |TAMS 0x0000000748e00000| PB 0x0000000748e00000| Untracked |  0
|  43|0x0000000749000000, 0x0000000749200000, 0x0000000749200000|100%| O|  |TAMS 0x0000000749000000| PB 0x0000000749000000| Untracked |  0
|  44|0x0000000749200000, 0x0000000749400000, 0x0000000749400000|100%| O|  |TAMS 0x0000000749200000| PB 0x0000000749200000| Untracked |  0
|  45|0x0000000749400000, 0x0000000749600000, 0x0000000749600000|100%| O|  |TAMS 0x0000000749400000| PB 0x0000000749400000| Untracked |  0
|  46|0x0000000749600000, 0x0000000749800000, 0x0000000749800000|100%| O|  |TAMS 0x0000000749600000| PB 0x0000000749600000| Untracked |  0
|  47|0x0000000749800000, 0x0000000749a00000, 0x0000000749a00000|100%| O|  |TAMS 0x0000000749800000| PB 0x0000000749800000| Untracked |  0
|  48|0x0000000749a00000, 0x0000000749c00000, 0x0000000749c00000|100%| O|  |TAMS 0x0000000749a00000| PB 0x0000000749a00000| Untracked |  0
|  49|0x0000000749c00000, 0x0000000749e00000, 0x0000000749e00000|100%| O|  |TAMS 0x0000000749c00000| PB 0x0000000749c00000| Untracked |  0
|  50|0x0000000749e00000, 0x0000000749e80010, 0x000000074a000000| 25%| O|  |TAMS 0x0000000749e00000| PB 0x0000000749e00000| Untracked |  0
|  51|0x000000074a000000, 0x000000074a000000, 0x000000074a200000|  0%| F|  |TAMS 0x000000074a000000| PB 0x000000074a000000| Untracked |  0
|  52|0x000000074a200000, 0x000000074a200000, 0x000000074a400000|  0%| F|  |TAMS 0x000000074a200000| PB 0x000000074a200000| Untracked |  0
|  53|0x000000074a400000, 0x000000074a400000, 0x000000074a600000|  0%| F|  |TAMS 0x000000074a400000| PB 0x000000074a400000| Untracked |  0
|  54|0x000000074a600000, 0x000000074a800000, 0x000000074a800000|100%| S|CS|TAMS 0x000000074a600000| PB 0x000000074a600000| Complete |  0
|  55|0x000000074a800000, 0x000000074a800000, 0x000000074aa00000|  0%| F|  |TAMS 0x000000074a800000| PB 0x000000074a800000| Untracked |  0
|  56|0x000000074aa00000, 0x000000074aa00000, 0x000000074ac00000|  0%| F|  |TAMS 0x000000074aa00000| PB 0x000000074aa00000| Untracked |  0
|  57|0x000000074ac00000, 0x000000074ac00000, 0x000000074ae00000|  0%| F|  |TAMS 0x000000074ac00000| PB 0x000000074ac00000| Untracked |  0
|  58|0x000000074ae00000, 0x000000074ae00000, 0x000000074b000000|  0%| F|  |TAMS 0x000000074ae00000| PB 0x000000074ae00000| Untracked |  0
|  89|0x000000074ec00000, 0x000000074ec00000, 0x000000074ee00000|  0%| F|  |TAMS 0x000000074ec00000| PB 0x000000074ec00000| Untracked |  0
|  90|0x000000074ee00000, 0x000000074ee00000, 0x000000074f000000|  0%| F|  |TAMS 0x000000074ee00000| PB 0x000000074ee00000| Untracked |  0
|1505|0x00000007ffc00000, 0x00000007ffe00000, 0x00000007ffe00000|100%| O|  |TAMS 0x00000007ffe00000| PB 0x00000007ffc00000| Untracked |  0
|1506|0x00000007ffe00000, 0x0000000800000000, 0x0000000800000000|100%| O|  |TAMS 0x0000000800000000| PB 0x00000007ffe00000| Untracked |  0

Card table byte_map: [0x00000197e70e0000,0x00000197e76d0000] _byte_map_base: 0x00000197e36c3000

Marking Bits: (CMBitMap*) 0x00000197cf4173d0
 Bits: [0x00000197e76d0000, 0x00000197ea5e8000)

Polling page: 0x00000197cd270000

Metaspace:

Usage:
  Non-class:     72.36 MB used.
      Class:     11.65 MB used.
       Both:     84.00 MB used.

Virtual space:
  Non-class space:      128.00 MB reserved,      72.75 MB ( 57%) committed,  2 nodes.
      Class space:        1.00 GB reserved,      11.94 MB (  1%) committed,  1 nodes.
             Both:        1.12 GB reserved,      84.69 MB (  7%) committed. 

Chunk freelists:
   Non-Class:  6.94 MB
       Class:  4.06 MB
        Both:  11.00 MB

MaxMetaspaceSize: unlimited
CompressedClassSpaceSize: 1.00 GB
Initial GC threshold: 21.00 MB
Current GC threshold: 141.19 MB
CDS: on
 - commit_granule_bytes: 65536.
 - commit_granule_words: 8192.
 - virtual_space_node_default_size: 8388608.
 - enlarge_chunks_in_place: 1.
 - use_allocation_guard: 0.


Internal statistics:

num_allocs_failed_limit: 6.
num_arena_births: 948.
num_arena_deaths: 0.
num_vsnodes_births: 3.
num_vsnodes_deaths: 0.
num_space_committed: 1355.
num_space_uncommitted: 0.
num_chunks_returned_to_freelist: 6.
num_chunks_taken_from_freelist: 3833.
num_chunk_merges: 3.
num_chunk_splits: 2795.
num_chunks_enlarged: 2225.
num_inconsistent_stats: 0.

CodeHeap 'non-profiled nmethods': size=120064Kb used=4015Kb max_used=4015Kb free=116049Kb
 bounds [0x00000197df5b0000, 0x00000197df9a0000, 0x00000197e6af0000]
CodeHeap 'profiled nmethods': size=120000Kb used=11803Kb max_used=11803Kb free=108196Kb
 bounds [0x00000197d7af0000, 0x00000197d8680000, 0x00000197df020000]
CodeHeap 'non-nmethods': size=5696Kb used=1954Kb max_used=2007Kb free=3741Kb
 bounds [0x00000197df020000, 0x00000197df290000, 0x00000197df5b0000]
CodeCache: size=245760Kb, used=17772Kb, max_used=17825Kb, free=227986Kb
 total_blobs=8740, nmethods=7945, adapters=699, full_count=0
Compilation: enabled, stopped_count=0, restarted_count=0

Compilation events (20 events):
Event: 20.491 Thread 0x00000197ecbfb9b0 nmethod 9577 0x00000197df961f88 code [0x00000197df962280, 0x00000197df964568]
Event: 20.491 Thread 0x00000197ecbfb9b0 9582   !   4       org.antlr.v4.runtime.atn.ATNSimulator::getCachedContext (43 bytes)
Event: 20.491 Thread 0x00000197ecbfd490 nmethod 9590 0x00000197d865ff08 code [0x00000197d86600e0, 0x00000197d8660b38]
Event: 20.491 Thread 0x00000197ecbfd490 9586   !   3       org.antlr.v4.runtime.Lexer::nextToken (249 bytes)
Event: 20.493 Thread 0x00000197ecbfd490 nmethod 9586 0x00000197d8664188 code [0x00000197d86643e0, 0x00000197d86659e8]
Event: 20.493 Thread 0x00000197ecbfd490 9588   !   3       org.antlr.v4.runtime.atn.LexerATNSimulator::match (96 bytes)
Event: 20.494 Thread 0x00000197ecbfd490 nmethod 9588 0x00000197d865f308 code [0x00000197d865f4a0, 0x00000197d865fd18]
Event: 20.494 Thread 0x00000197ecbfd490 9589       3       org.antlr.v4.runtime.atn.LexerATNSimulator$SimState::reset (21 bytes)
Event: 20.494 Thread 0x00000197ecbfd490 nmethod 9589 0x00000197d8648e88 code [0x00000197d8648fa0, 0x00000197d86490f0]
Event: 20.494 Thread 0x00000197ecbfd490 9587       3       org.antlr.v4.runtime.CommonTokenFactory::create (18 bytes)
Event: 20.494 Thread 0x00000197ecbfd490 nmethod 9587 0x00000197d8676388 code [0x00000197d86764a0, 0x00000197d8676618]
Event: 20.494 Thread 0x00000197ecbfd490 9591       1       org.antlr.v4.runtime.atn.LexerSkipAction::isPositionDependent (2 bytes)
Event: 20.495 Thread 0x00000197ecbfd490 nmethod 9591 0x00000197df96d708 code [0x00000197df96d820, 0x00000197df96d8e8]
Event: 20.496 Thread 0x00000197ecbfb9b0 nmethod 9582 0x00000197df961908 code [0x00000197df961a40, 0x00000197df961f10]
Event: 20.522 Thread 0x00000197ca78a0c0 nmethod 9572 0x00000197df95db88 code [0x00000197df95e020, 0x00000197df961718]
Event: 20.533 Thread 0x00000197ecbfd490 9592       3       org.antlr.v4.runtime.misc.FlexibleHashMap::<init> (60 bytes)
Event: 20.533 Thread 0x00000197ecbfd490 nmethod 9592 0x00000197d8676688 code [0x00000197d8676800, 0x00000197d8676c28]
Event: 20.534 Thread 0x00000197ca78a0c0 9593       4       org.antlr.v4.runtime.atn.PredictionContextCache::add (45 bytes)
Event: 20.568 Thread 0x00000197ca78a0c0 nmethod 9593 0x00000197df99bd88 code [0x00000197df99bf60, 0x00000197df99cc10]
Event: 20.593 Thread 0x00000197ecbfb9b0 9594 %     4       org.antlr.v4.runtime.atn.ParserATNSimulator::computeReachSet @ 68 (575 bytes)

GC Heap History (20 events):
Event: 18.652 GC heap after
{Heap after GC invocations=31 (full 0):
 garbage-first heap   total reserved 3086336K, committed 86016K, used 42612K [0x0000000743a00000, 0x0000000800000000)
  region size 2048K, 2 young (4096K), 2 survivors (4096K)
 Metaspace       used 82353K, committed 83072K, reserved 1179648K
  class space    used 11305K, committed 11648K, reserved 1048576K
}
Event: 19.216 GC heap before
{Heap before GC invocations=32 (full 0):
 garbage-first heap   total reserved 3086336K, committed 86016K, used 73332K [0x0000000743a00000, 0x0000000800000000)
  region size 2048K, 17 young (34816K), 2 survivors (4096K)
 Metaspace       used 84129K, committed 84800K, reserved 1179648K
  class space    used 11683K, committed 11968K, reserved 1048576K
}
Event: 19.221 GC heap after
{Heap after GC invocations=33 (full 0):
 garbage-first heap   total reserved 3086336K, committed 86016K, used 43788K [0x0000000743a00000, 0x0000000800000000)
  region size 2048K, 2 young (4096K), 2 survivors (4096K)
 Metaspace       used 84129K, committed 84800K, reserved 1179648K
  class space    used 11683K, committed 11968K, reserved 1048576K
}
Event: 19.378 GC heap before
{Heap before GC invocations=33 (full 0):
 garbage-first heap   total reserved 3086336K, committed 86016K, used 74508K [0x0000000743a00000, 0x0000000800000000)
  region size 2048K, 17 young (34816K), 2 survivors (4096K)
 Metaspace       used 84149K, committed 84800K, reserved 1179648K
  class space    used 11683K, committed 11968K, reserved 1048576K
}
Event: 19.388 GC heap after
{Heap after GC invocations=34 (full 0):
 garbage-first heap   total reserved 3086336K, committed 86016K, used 47673K [0x0000000743a00000, 0x0000000800000000)
  region size 2048K, 3 young (6144K), 3 survivors (6144K)
 Metaspace       used 84149K, committed 84800K, reserved 1179648K
  class space    used 11683K, committed 11968K, reserved 1048576K
}
Event: 19.922 GC heap before
{Heap before GC invocations=35 (full 0):
 garbage-first heap   total reserved 3086336K, committed 86016K, used 72249K [0x0000000743a00000, 0x0000000800000000)
  region size 2048K, 15 young (30720K), 3 survivors (6144K)
 Metaspace       used 85973K, committed 86720K, reserved 1179648K
  class space    used 11924K, committed 12224K, reserved 1048576K
}
Event: 19.929 GC heap after
{Heap after GC invocations=36 (full 0):
 garbage-first heap   total reserved 3086336K, committed 86016K, used 49767K [0x0000000743a00000, 0x0000000800000000)
  region size 2048K, 1 young (2048K), 1 survivors (2048K)
 Metaspace       used 85973K, committed 86720K, reserved 1179648K
  class space    used 11924K, committed 12224K, reserved 1048576K
}
Event: 20.019 GC heap before
{Heap before GC invocations=36 (full 0):
 garbage-first heap   total reserved 3086336K, committed 86016K, used 76391K [0x0000000743a00000, 0x0000000800000000)
  region size 2048K, 14 young (28672K), 1 survivors (2048K)
 Metaspace       used 85975K, committed 86720K, reserved 1179648K
  class space    used 11924K, committed 12224K, reserved 1048576K
}
Event: 20.030 GC heap after
{Heap after GC invocations=37 (full 0):
 garbage-first heap   total reserved 3086336K, committed 90112K, used 59873K [0x0000000743a00000, 0x0000000800000000)
  region size 2048K, 2 young (4096K), 2 survivors (4096K)
 Metaspace       used 85975K, committed 86720K, reserved 1179648K
  class space    used 11924K, committed 12224K, reserved 1048576K
}
Event: 20.145 GC heap before
{Heap before GC invocations=37 (full 0):
 garbage-first heap   total reserved 3086336K, committed 90112K, used 78305K [0x0000000743a00000, 0x0000000800000000)
  region size 2048K, 11 young (22528K), 2 survivors (4096K)
 Metaspace       used 85977K, committed 86720K, reserved 1179648K
  class space    used 11924K, committed 12224K, reserved 1048576K
}
Event: 20.159 GC heap after
{Heap after GC invocations=38 (full 0):
 garbage-first heap   total reserved 3086336K, committed 129024K, used 67043K [0x0000000743a00000, 0x0000000800000000)
  region size 2048K, 2 young (4096K), 2 survivors (4096K)
 Metaspace       used 85977K, committed 86720K, reserved 1179648K
  class space    used 11924K, committed 12224K, reserved 1048576K
}
Event: 20.316 GC heap before
{Heap before GC invocations=39 (full 0):
 garbage-first heap   total reserved 3086336K, committed 129024K, used 105955K [0x0000000743a00000, 0x0000000800000000)
  region size 2048K, 21 young (43008K), 2 survivors (4096K)
 Metaspace       used 85981K, committed 86720K, reserved 1179648K
  class space    used 11925K, committed 12224K, reserved 1048576K
}
Event: 20.330 GC heap after
{Heap after GC invocations=40 (full 0):
 garbage-first heap   total reserved 3086336K, committed 129024K, used 72656K [0x0000000743a00000, 0x0000000800000000)
  region size 2048K, 3 young (6144K), 3 survivors (6144K)
 Metaspace       used 85981K, committed 86720K, reserved 1179648K
  class space    used 11925K, committed 12224K, reserved 1048576K
}
Event: 20.447 GC heap before
{Heap before GC invocations=40 (full 0):
 garbage-first heap   total reserved 3086336K, committed 129024K, used 107472K [0x0000000743a00000, 0x0000000800000000)
  region size 2048K, 20 young (40960K), 3 survivors (6144K)
 Metaspace       used 86007K, committed 86720K, reserved 1179648K
  class space    used 11927K, committed 12224K, reserved 1048576K
}
Event: 20.467 GC heap after
{Heap after GC invocations=41 (full 0):
 garbage-first heap   total reserved 3086336K, committed 129024K, used 85838K [0x0000000743a00000, 0x0000000800000000)
  region size 2048K, 3 young (6144K), 3 survivors (6144K)
 Metaspace       used 86007K, committed 86720K, reserved 1179648K
  class space    used 11927K, committed 12224K, reserved 1048576K
}
Event: 20.535 GC heap before
{Heap before GC invocations=41 (full 0):
 garbage-first heap   total reserved 3086336K, committed 129024K, used 110414K [0x0000000743a00000, 0x0000000800000000)
  region size 2048K, 15 young (30720K), 3 survivors (6144K)
 Metaspace       used 86019K, committed 86720K, reserved 1179648K
  class space    used 11927K, committed 12224K, reserved 1048576K
}
Event: 20.549 GC heap after
{Heap after GC invocations=42 (full 0):
 garbage-first heap   total reserved 3086336K, committed 129024K, used 95251K [0x0000000743a00000, 0x0000000800000000)
  region size 2048K, 2 young (4096K), 2 survivors (4096K)
 Metaspace       used 86019K, committed 86720K, reserved 1179648K
  class space    used 11927K, committed 12224K, reserved 1048576K
}
Event: 20.594 GC heap before
{Heap before GC invocations=42 (full 0):
 garbage-first heap   total reserved 3086336K, committed 129024K, used 111635K [0x0000000743a00000, 0x0000000800000000)
  region size 2048K, 10 young (20480K), 2 survivors (4096K)
 Metaspace       used 86019K, committed 86720K, reserved 1179648K
  class space    used 11927K, committed 12224K, reserved 1048576K
}
Event: 20.605 GC heap after
{Heap after GC invocations=43 (full 0):
 garbage-first heap   total reserved 3086336K, committed 129024K, used 102944K [0x0000000743a00000, 0x0000000800000000)
  region size 2048K, 2 young (4096K), 2 survivors (4096K)
 Metaspace       used 86019K, committed 86720K, reserved 1179648K
  class space    used 11927K, committed 12224K, reserved 1048576K
}
Event: 20.638 GC heap before
{Heap before GC invocations=43 (full 0):
 garbage-first heap   total reserved 3086336K, committed 129024K, used 113184K [0x0000000743a00000, 0x0000000800000000)
  region size 2048K, 8 young (16384K), 2 survivors (4096K)
 Metaspace       used 86019K, committed 86720K, reserved 1179648K
  class space    used 11927K, committed 12224K, reserved 1048576K
}

Dll operation events (14 events):
Event: 0.034 Loaded shared library C:\Program Files\Java\jdk-23\bin\java.dll
Event: 0.085 Loaded shared library C:\Program Files\Java\jdk-23\bin\jsvml.dll
Event: 0.364 Loaded shared library C:\Program Files\Java\jdk-23\bin\zip.dll
Event: 0.370 Loaded shared library C:\Program Files\Java\jdk-23\bin\instrument.dll
Event: 0.378 Loaded shared library C:\Program Files\Java\jdk-23\bin\net.dll
Event: 0.382 Loaded shared library C:\Program Files\Java\jdk-23\bin\nio.dll
Event: 0.388 Loaded shared library C:\Program Files\Java\jdk-23\bin\zip.dll
Event: 0.852 Loaded shared library C:\Program Files\JetBrains\IntelliJ IDEA Community Edition 2024.2.2\bin\breakgen64.dll
Event: 0.870 Loaded shared library C:\Program Files\Java\jdk-23\bin\extnet.dll
Event: 0.959 Loaded shared library C:\Program Files\Java\jdk-23\bin\jimage.dll
Event: 1.565 Loaded shared library C:\Program Files\Java\jdk-23\bin\management.dll
Event: 1.570 Loaded shared library C:\Program Files\Java\jdk-23\bin\management_ext.dll
Event: 4.218 Loaded shared library C:\Program Files\Java\jdk-23\bin\sunmscapi.dll
Event: 13.681 Loaded shared library C:\Program Files\Java\jdk-23\bin\verify.dll

Deoptimization events (20 events):
Event: 20.309 Thread 0x00000197c51f8400 Uncommon trap: trap_request=0xffffffbe fr.pc=0x00000197df973900 relative=0x00000000000021e0
Event: 20.309 Thread 0x00000197c51f8400 Uncommon trap: reason=profile_predicate action=maybe_recompile pc=0x00000197df973900 method=org.antlr.v4.runtime.atn.PredictionContext.getCachedContext(Lorg/antlr/v4/runtime/atn/PredictionContext;Lorg/antlr/v4/runtime/atn/PredictionContextCache;Ljava/util
Event: 20.309 Thread 0x00000197c51f8400 DEOPT PACKING pc=0x00000197df973900 sp=0x00000011828fb450
Event: 20.309 Thread 0x00000197c51f8400 DEOPT UNPACKING pc=0x00000197df077982 sp=0x00000011828fb380 mode 2
Event: 20.331 Thread 0x00000197c51f8400 Uncommon trap: trap_request=0xffffffde fr.pc=0x00000197df873724 relative=0x0000000000000c84
Event: 20.331 Thread 0x00000197c51f8400 Uncommon trap: reason=class_check action=maybe_recompile pc=0x00000197df873724 method=org.antlr.v4.runtime.atn.PredictionContext.merge(Lorg/antlr/v4/runtime/atn/PredictionContext;Lorg/antlr/v4/runtime/atn/PredictionContext;ZLorg/antlr/v4/runtime/misc/Doub
Event: 20.331 Thread 0x00000197c51f8400 DEOPT PACKING pc=0x00000197df873724 sp=0x00000011828fa140
Event: 20.331 Thread 0x00000197c51f8400 DEOPT UNPACKING pc=0x00000197df077982 sp=0x00000011828fa098 mode 2
Event: 20.331 Thread 0x00000197c51f8400 Uncommon trap: trap_request=0xffffff45 fr.pc=0x00000197df974710 relative=0x0000000000000090
Event: 20.331 Thread 0x00000197c51f8400 Uncommon trap: reason=unstable_if action=reinterpret pc=0x00000197df974710 method=org.antlr.v4.runtime.atn.PredictionContext.mergeRoot(Lorg/antlr/v4/runtime/atn/SingletonPredictionContext;Lorg/antlr/v4/runtime/atn/SingletonPredictionContext;Z)Lorg/antlr/v
Event: 20.331 Thread 0x00000197c51f8400 DEOPT PACKING pc=0x00000197df974710 sp=0x00000011828f9fd0
Event: 20.331 Thread 0x00000197c51f8400 DEOPT UNPACKING pc=0x00000197df077982 sp=0x00000011828f9f38 mode 2
Event: 20.332 Thread 0x00000197c51f8400 Uncommon trap: trap_request=0xffffffde fr.pc=0x00000197df7c3460 relative=0x0000000000000900
Event: 20.332 Thread 0x00000197c51f8400 Uncommon trap: reason=class_check action=maybe_recompile pc=0x00000197df7c3460 method=org.antlr.v4.runtime.atn.PredictionContext.merge(Lorg/antlr/v4/runtime/atn/PredictionContext;Lorg/antlr/v4/runtime/atn/PredictionContext;ZLorg/antlr/v4/runtime/misc/Doub
Event: 20.332 Thread 0x00000197c51f8400 DEOPT PACKING pc=0x00000197df7c3460 sp=0x00000011828fa090
Event: 20.332 Thread 0x00000197c51f8400 DEOPT UNPACKING pc=0x00000197df077982 sp=0x00000011828fa090 mode 2
Event: 20.342 Thread 0x00000197c51f8400 DEOPT PACKING pc=0x00000197d83b2eea sp=0x00000011828fb3f0
Event: 20.342 Thread 0x00000197c51f8400 DEOPT UNPACKING pc=0x00000197df0784c2 sp=0x00000011828fa928 mode 0
Event: 20.406 Thread 0x00000197c51f8400 DEOPT PACKING pc=0x00000197d80251bb sp=0x00000011828fb400
Event: 20.406 Thread 0x00000197c51f8400 DEOPT UNPACKING pc=0x00000197df0784c2 sp=0x00000011828fa8e8 mode 0

Classes loaded (20 events):
Event: 17.877 Loading class java/lang/invoke/SerializedLambda
Event: 17.878 Loading class java/lang/invoke/SerializedLambda done
Event: 17.903 Loading class java/util/WeakHashMap$KeyIterator
Event: 17.903 Loading class java/util/WeakHashMap$HashIterator
Event: 17.903 Loading class java/util/WeakHashMap$HashIterator done
Event: 17.903 Loading class java/util/WeakHashMap$KeyIterator done
Event: 17.903 Loading class java/util/WeakHashMap$EntrySet
Event: 17.904 Loading class java/util/WeakHashMap$EntrySet done
Event: 17.904 Loading class java/util/WeakHashMap$EntryIterator
Event: 17.904 Loading class java/util/WeakHashMap$EntryIterator done
Event: 18.043 Loading class java/util/EmptyStackException
Event: 18.043 Loading class java/util/EmptyStackException done
Event: 18.255 Loading class java/io/InvalidClassException
Event: 18.256 Loading class java/io/InvalidClassException done
Event: 19.858 Loading class sun/reflect/ReflectionFactory
Event: 19.859 Loading class sun/reflect/ReflectionFactory done
Event: 19.859 Loading class sun/reflect/ReflectionFactory$1
Event: 19.859 Loading class sun/reflect/ReflectionFactory$1 done
Event: 19.859 Loading class java/io/OptionalDataException
Event: 19.859 Loading class java/io/OptionalDataException done

Classes unloaded (0 events):
No events

Classes redefined (0 events):
No events

Internal exceptions (20 events):
Event: 16.716 Thread 0x00000197c51f8400 Exception <a 'java/lang/IncompatibleClassChangeError'{0x000000074732eae8}: Found class java.lang.Object, but interface was expected> (0x000000074732eae8) 
thrown [s\open\src\hotspot\share\interpreter\linkResolver.cpp, line 863]
Event: 16.732 Thread 0x00000197c51f8400 Exception <a 'java/lang/NoSuchMethodError'{0x000000074739e048}: 'java.lang.Object java.lang.invoke.DirectMethodHandle$Holder.newInvokeSpecial(java.lang.Object, java.lang.Object, java.lang.Object, java.lang.Object, java.lang.Object, java.lang.Object, java.lang.Object, int)'> (0x000000074739e048) 
thrown [s\open\src\hotspot\share\interpreter\linkResolver.cpp, line 796]
Event: 16.732 Thread 0x00000197c51f8400 Exception <a 'java/lang/NoSuchMethodError'{0x00000007473a2e68}: 'java.lang.Object java.lang.invoke.DirectMethodHandle$Holder.invokeSpecial(java.lang.Object, java.lang.Object, java.lang.Object, java.lang.Object, java.lang.Object, java.lang.Object, java.lang.Object, java.lang.Object, int)'> (0x00000007473a2e68) 
thrown [s\open\src\hotspot\share\interpreter\linkResolver.cpp, line 796]
Event: 16.732 Thread 0x00000197c51f8400 Exception <a 'java/lang/NoSuchMethodError'{0x00000007473a7670}: 'java.lang.Object java.lang.invoke.Invokers$Holder.linkToTargetMethod(java.lang.Object, java.lang.Object, java.lang.Object, java.lang.Object, java.lang.Object, java.lang.Object, int, java.lang.Object)'> (0x00000007473a7670) 
thrown [s\open\src\hotspot\share\interpreter\linkResolver.cpp, line 796]
Event: 16.770 Thread 0x00000197c51f8400 Exception <a 'java/lang/NoSuchMethodError'{0x00000007470adcd8}: 'java.lang.Object java.lang.invoke.DirectMethodHandle$Holder.newInvokeSpecial(java.lang.Object, java.lang.Object, int, java.lang.Object, int, java.lang.Object, java.lang.Object)'> (0x00000007470adcd8) 
thrown [s\open\src\hotspot\share\interpreter\linkResolver.cpp, line 796]
Event: 16.790 Thread 0x00000197c51f8400 Exception <a 'java/lang/NoSuchMethodError'{0x00000007471527e0}: 'void java.lang.invoke.DirectMethodHandle$Holder.invokeInterface(java.lang.Object, java.lang.Object)'> (0x00000007471527e0) 
thrown [s\open\src\hotspot\share\interpreter\linkResolver.cpp, line 796]
Event: 16.961 Thread 0x00000197c51f8400 Exception <a 'java/lang/NoSuchMethodError'{0x0000000746dd8318}: 'java.lang.Object java.lang.invoke.DirectMethodHandle$Holder.invokeSpecial(java.lang.Object, java.lang.Object, int, java.lang.Object, int)'> (0x0000000746dd8318) 
thrown [s\open\src\hotspot\share\interpreter\linkResolver.cpp, line 796]
Event: 17.113 Thread 0x00000197c51f8400 Implicit null exception at 0x00000197df77ca57 to 0x00000197df77e8a0
Event: 17.123 Thread 0x00000197c51f8400 Exception <a 'java/lang/IncompatibleClassChangeError'{0x000000074ecc0558}: Found class java.lang.Object, but interface was expected> (0x000000074ecc0558) 
thrown [s\open\src\hotspot\share\interpreter\linkResolver.cpp, line 863]
Event: 17.203 Thread 0x00000197c51f8400 Exception <a 'java/lang/IncompatibleClassChangeError'{0x00000007474c1778}: Found class java.lang.Object, but interface was expected> (0x00000007474c1778) 
thrown [s\open\src\hotspot\share\interpreter\linkResolver.cpp, line 863]
Event: 17.415 Thread 0x00000197c51f8400 Exception <a 'java/lang/IncompatibleClassChangeError'{0x0000000746e8a120}: Found class java.lang.Object, but interface was expected> (0x0000000746e8a120) 
thrown [s\open\src\hotspot\share\interpreter\linkResolver.cpp, line 863]
Event: 17.547 Thread 0x00000197c51f8400 Exception <a 'java/lang/IncompatibleClassChangeError'{0x0000000746d28050}: Found class java.lang.Object, but interface was expected> (0x0000000746d28050) 
thrown [s\open\src\hotspot\share\interpreter\linkResolver.cpp, line 863]
Event: 17.548 Thread 0x00000197c51f8400 Exception <a 'java/lang/IncompatibleClassChangeError'{0x0000000746d2da38}: Found class java.lang.Object, but interface was expected> (0x0000000746d2da38) 
thrown [s\open\src\hotspot\share\interpreter\linkResolver.cpp, line 863]
Event: 17.666 Thread 0x00000197c51f8400 Exception <a 'java/lang/NoSuchMethodError'{0x000000074eec5e78}: 'java.lang.Object java.lang.invoke.DirectMethodHandle$Holder.invokeStatic(java.lang.Object, int, java.lang.Object)'> (0x000000074eec5e78) 
thrown [s\open\src\hotspot\share\interpreter\linkResolver.cpp, line 796]
Event: 17.738 Thread 0x00000197c51f8400 Exception <a 'java/lang/NoSuchMethodError'{0x000000074edcd7b8}: 'void java.lang.invoke.Invokers$Holder.invokeExact_MT(java.lang.Object, java.lang.Object, java.lang.Object, java.lang.Object)'> (0x000000074edcd7b8) 
thrown [s\open\src\hotspot\share\interpreter\linkResolver.cpp, line 796]
Event: 17.813 Thread 0x00000197c51f8400 Exception <a 'java/lang/NoSuchMethodError'{0x0000000747898280}: 'long java.lang.invoke.DirectMethodHandle$Holder.invokeVirtual(java.lang.Object, java.lang.Object)'> (0x0000000747898280) 
thrown [s\open\src\hotspot\share\interpreter\linkResolver.cpp, line 796]
Event: 17.820 Thread 0x00000197c51f8400 Exception <a 'java/io/FileNotFoundException'{0x00000007478c0098}> (0x00000007478c0098) 
thrown [s\open\src\hotspot\share\prims\jni.cpp, line 520]
Event: 19.784 Thread 0x00000197c51f8400 Exception <a 'java/io/FileNotFoundException'{0x0000000747ae4c50}> (0x0000000747ae4c50) 
thrown [s\open\src\hotspot\share\prims\jni.cpp, line 520]
Event: 19.785 Thread 0x00000197c51f8400 Exception <a 'java/io/FileNotFoundException'{0x0000000747aef458}> (0x0000000747aef458) 
thrown [s\open\src\hotspot\share\prims\jni.cpp, line 520]
Event: 19.827 Thread 0x00000197c51f8400 Exception <a 'java/lang/NoSuchMethodError'{0x0000000747830288}: 'int java.lang.invoke.DirectMethodHandle$Holder.invokeStaticInit(java.lang.Object, int, java.lang.Object, java.lang.Object, java.lang.Object, java.lang.Object)'> (0x0000000747830288) 
thrown [s\open\src\hotspot\share\interpreter\linkResolver.cpp, line 796]

VM Operations (20 events):
Event: 19.821 Executing VM operation: HandshakeAllThreads (Deoptimize) done
Event: 19.922 Executing VM operation: G1CollectForAllocation (G1 Evacuation Pause)
Event: 19.929 Executing VM operation: G1CollectForAllocation (G1 Evacuation Pause) done
Event: 20.019 Executing VM operation: G1CollectForAllocation (G1 Evacuation Pause)
Event: 20.030 Executing VM operation: G1CollectForAllocation (G1 Evacuation Pause) done
Event: 20.145 Executing VM operation: G1CollectForAllocation (G1 Evacuation Pause)
Event: 20.160 Executing VM operation: G1CollectForAllocation (G1 Evacuation Pause) done
Event: 20.165 Executing VM operation: G1PauseRemark
Event: 20.174 Executing VM operation: G1PauseRemark done
Event: 20.220 Executing VM operation: G1PauseCleanup
Event: 20.220 Executing VM operation: G1PauseCleanup done
Event: 20.316 Executing VM operation: G1CollectForAllocation (G1 Evacuation Pause)
Event: 20.330 Executing VM operation: G1CollectForAllocation (G1 Evacuation Pause) done
Event: 20.447 Executing VM operation: G1CollectForAllocation (G1 Evacuation Pause)
Event: 20.467 Executing VM operation: G1CollectForAllocation (G1 Evacuation Pause) done
Event: 20.535 Executing VM operation: G1CollectForAllocation (G1 Evacuation Pause)
Event: 20.549 Executing VM operation: G1CollectForAllocation (G1 Evacuation Pause) done
Event: 20.594 Executing VM operation: G1CollectForAllocation (G1 Evacuation Pause)
Event: 20.605 Executing VM operation: G1CollectForAllocation (G1 Evacuation Pause) done
Event: 20.638 Executing VM operation: G1CollectForAllocation (G1 Evacuation Pause)

Memory protections (0 events):
No events

Nmethod flushes (20 events):
Event: 20.173 Thread 0x00000197ecbc1bc0 flushing  nmethod 0x00000197d8647388
Event: 20.173 Thread 0x00000197ecbc1bc0 flushing  nmethod 0x00000197d8647a88
Event: 20.173 Thread 0x00000197ecbc1bc0 flushing  nmethod 0x00000197d8647f08
Event: 20.173 Thread 0x00000197ecbc1bc0 flushing  nmethod 0x00000197d8648e88
Event: 20.173 Thread 0x00000197ecbc1bc0 flushing  nmethod 0x00000197d8649e08
Event: 20.173 Thread 0x00000197ecbc1bc0 flushing  nmethod 0x00000197d864a488
Event: 20.173 Thread 0x00000197ecbc1bc0 flushing  nmethod 0x00000197d864a988
Event: 20.173 Thread 0x00000197ecbc1bc0 flushing  nmethod 0x00000197d864cf08
Event: 20.173 Thread 0x00000197ecbc1bc0 flushing  nmethod 0x00000197d865ec88
Event: 20.173 Thread 0x00000197ecbc1bc0 flushing  nmethod 0x00000197d865f308
Event: 20.173 Thread 0x00000197ecbc1bc0 flushing  nmethod 0x00000197d8660188
Event: 20.173 Thread 0x00000197ecbc1bc0 flushing  nmethod 0x00000197d8660608
Event: 20.173 Thread 0x00000197ecbc1bc0 flushing  nmethod 0x00000197df96b908
Event: 20.173 Thread 0x00000197ecbc1bc0 flushing  nmethod 0x00000197df96d388
Event: 20.173 Thread 0x00000197ecbc1bc0 flushing  nmethod 0x00000197df976908
Event: 20.173 Thread 0x00000197ecbc1bc0 flushing  nmethod 0x00000197df978588
Event: 20.173 Thread 0x00000197ecbc1bc0 flushing  nmethod 0x00000197d827f788
Event: 20.173 Thread 0x00000197ecbc1bc0 flushing  nmethod 0x00000197d8664188
Event: 20.173 Thread 0x00000197ecbc1bc0 flushing  nmethod 0x00000197d8665688
Event: 20.173 Thread 0x00000197ecbc1bc0 flushing  nmethod 0x00000197d8668f08

Events (20 events):
Event: 1.040 Thread 0x00000197ecbfb9b0 Thread added: 0x00000197c58d0420
Event: 1.741 Thread 0x00000197cd039690 Thread added: 0x00000197c51f7d70
Event: 1.757 Thread 0x00000197c51f7d70 Thread added: 0x00000197c51f8400
Event: 2.578 Thread 0x00000197c51f8400 Thread added: 0x00000197c51f97b0
Event: 4.230 Thread 0x00000197c51f97b0 Thread exited: 0x00000197c51f97b0
Event: 4.652 Thread 0x00000197c51f8400 Thread added: 0x00000197c51f97b0
Event: 4.790 Thread 0x00000197c51f97b0 Thread exited: 0x00000197c51f97b0
Event: 9.855 Thread 0x00000197c51f8400 Thread added: 0x00000197c833a880
Event: 10.828 Thread 0x00000197c51f8400 Thread added: 0x00000197c833bc30
Event: 10.942 Thread 0x00000197c833bc30 Thread added: 0x00000197c833a1f0
Event: 14.397 Thread 0x00000197c58d0420 Thread exited: 0x00000197c58d0420
Event: 14.419 Thread 0x00000197ecbfb9b0 Thread added: 0x00000197ca510040
Event: 15.606 Thread 0x00000197ca510040 Thread exited: 0x00000197ca510040
Event: 15.924 Thread 0x00000197ecbfd490 Thread added: 0x00000197c5bffaa0
Event: 16.642 Thread 0x00000197c5bffaa0 Thread exited: 0x00000197c5bffaa0
Event: 16.766 Thread 0x00000197c833a1f0 Thread exited: 0x00000197c833a1f0
Event: 17.021 Thread 0x00000197ecbfd490 Thread added: 0x00000197ca78a0c0
Event: 17.833 Thread 0x00000197c51f8400 Thread added: 0x00000197c833cfe0
Event: 17.835 Thread 0x00000197c833cfe0 Thread added: 0x00000197c833d670
Event: 17.841 Thread 0x00000197c51f8400 Thread added: 0x00000197c833a1f0


Dynamic libraries:
0x00007ff736dc0000 - 0x00007ff736dd0000 	C:\Program Files\Java\jdk-23\bin\java.exe
0x00007ff8f7a80000 - 0x00007ff8f7ce3000 	C:\WINDOWS\SYSTEM32\ntdll.dll
0x00007ff8f6840000 - 0x00007ff8f6907000 	C:\WINDOWS\System32\KERNEL32.DLL
0x00007ff8f5030000 - 0x00007ff8f53f9000 	C:\WINDOWS\System32\KERNELBASE.dll
0x00007ff8f5750000 - 0x00007ff8f589c000 	C:\WINDOWS\System32\ucrtbase.dll
0x00007ff8ef6e0000 - 0x00007ff8ef6f7000 	C:\Program Files\Java\jdk-23\bin\jli.dll
0x00007ff8ef700000 - 0x00007ff8ef71b000 	C:\Program Files\Java\jdk-23\bin\VCRUNTIME140.dll
0x00007ff8f7140000 - 0x00007ff8f730a000 	C:\WINDOWS\System32\USER32.dll
0x00007ff8f5000000 - 0x00007ff8f5027000 	C:\WINDOWS\System32\win32u.dll
0x00007ff8dd750000 - 0x00007ff8dd9e0000 	C:\WINDOWS\WinSxS\amd64_microsoft.windows.common-controls_6595b64144ccf1df_6.0.26100.3323_none_3e088096e3344490\COMCTL32.dll
0x00007ff8f7610000 - 0x00007ff8f763a000 	C:\WINDOWS\System32\GDI32.dll
0x00007ff8f6ef0000 - 0x00007ff8f6f99000 	C:\WINDOWS\System32\msvcrt.dll
0x00007ff8f5610000 - 0x00007ff8f5741000 	C:\WINDOWS\System32\gdi32full.dll
0x00007ff8f4eb0000 - 0x00007ff8f4f53000 	C:\WINDOWS\System32\msvcp_win.dll
0x00007ff8f7390000 - 0x00007ff8f73bf000 	C:\WINDOWS\System32\IMM32.DLL
0x00007ff8efda0000 - 0x00007ff8efdac000 	C:\Program Files\Java\jdk-23\bin\vcruntime140_1.dll
0x00007ff8c5370000 - 0x00007ff8c53fe000 	C:\Program Files\Java\jdk-23\bin\msvcp140.dll
0x00007ff89fff0000 - 0x00007ff8a0d40000 	C:\Program Files\Java\jdk-23\bin\server\jvm.dll
0x00007ff8f6dc0000 - 0x00007ff8f6e72000 	C:\WINDOWS\System32\ADVAPI32.dll
0x00007ff8f73d0000 - 0x00007ff8f7476000 	C:\WINDOWS\System32\sechost.dll
0x00007ff8f6ca0000 - 0x00007ff8f6db6000 	C:\WINDOWS\System32\RPCRT4.dll
0x00007ff8f6bf0000 - 0x00007ff8f6c64000 	C:\WINDOWS\System32\WS2_32.dll
0x00007ff8d5200000 - 0x00007ff8d5236000 	C:\WINDOWS\SYSTEM32\WINMM.dll
0x00007ff8ed270000 - 0x00007ff8ed27b000 	C:\WINDOWS\SYSTEM32\VERSION.dll
0x00007ff8f4b30000 - 0x00007ff8f4b7e000 	C:\WINDOWS\SYSTEM32\POWRPROF.dll
0x00007ff8f4af0000 - 0x00007ff8f4b04000 	C:\WINDOWS\SYSTEM32\UMPDC.dll
0x00007ff8f3a80000 - 0x00007ff8f3a9a000 	C:\WINDOWS\SYSTEM32\kernel.appcore.dll
0x00007ff8ef820000 - 0x00007ff8ef82a000 	C:\Program Files\Java\jdk-23\bin\jimage.dll
0x00007ff8f23e0000 - 0x00007ff8f2621000 	C:\WINDOWS\SYSTEM32\DBGHELP.DLL
0x00007ff8f64b0000 - 0x00007ff8f6832000 	C:\WINDOWS\System32\combase.dll
0x00007ff8f7480000 - 0x00007ff8f7556000 	C:\WINDOWS\System32\OLEAUT32.dll
0x00007ff8d5100000 - 0x00007ff8d5139000 	C:\WINDOWS\SYSTEM32\dbgcore.DLL
0x00007ff8f4f60000 - 0x00007ff8f4ff9000 	C:\WINDOWS\System32\bcryptPrimitives.dll
0x00007ff8ef790000 - 0x00007ff8ef79f000 	C:\Program Files\Java\jdk-23\bin\instrument.dll
0x00007ff8eeb80000 - 0x00007ff8eeb9e000 	C:\Program Files\Java\jdk-23\bin\java.dll
0x00007ff8f6fa0000 - 0x00007ff8f7135000 	C:\WINDOWS\System32\ole32.dll
0x00007ff8f5d90000 - 0x00007ff8f64a5000 	C:\WINDOWS\System32\SHELL32.dll
0x00007ff8f4c80000 - 0x00007ff8f4de8000 	C:\WINDOWS\System32\wintypes.dll
0x00007ff8f2940000 - 0x00007ff8f3185000 	C:\WINDOWS\SYSTEM32\windows.storage.dll
0x00007ff8f6b00000 - 0x00007ff8f6beb000 	C:\WINDOWS\System32\SHCORE.dll
0x00007ff8f79e0000 - 0x00007ff8f7a3d000 	C:\WINDOWS\System32\shlwapi.dll
0x00007ff8f4b90000 - 0x00007ff8f4bbf000 	C:\WINDOWS\SYSTEM32\profapi.dll
0x00007ff8beab0000 - 0x00007ff8beb87000 	C:\Program Files\Java\jdk-23\bin\jsvml.dll
0x00007ff8dd420000 - 0x00007ff8dd437000 	C:\Program Files\Java\jdk-23\bin\zip.dll
0x00007ff8eeb70000 - 0x00007ff8eeb80000 	C:\Program Files\Java\jdk-23\bin\net.dll
0x00007ff8f3fc0000 - 0x00007ff8f402a000 	C:\WINDOWS\system32\mswsock.dll
0x00007ff8e04f0000 - 0x00007ff8e0506000 	C:\Program Files\Java\jdk-23\bin\nio.dll
0x00007ff8ef770000 - 0x00007ff8ef78a000 	C:\Program Files\JetBrains\IntelliJ IDEA Community Edition 2024.2.2\bin\breakgen64.dll
0x00007ff8e04e0000 - 0x00007ff8e04e9000 	C:\Program Files\Java\jdk-23\bin\extnet.dll
0x00007ff8ef720000 - 0x00007ff8ef72a000 	C:\Program Files\Java\jdk-23\bin\management.dll
0x00007ff8dd3d0000 - 0x00007ff8dd3db000 	C:\Program Files\Java\jdk-23\bin\management_ext.dll
0x00007ff8f79d0000 - 0x00007ff8f79d8000 	C:\WINDOWS\System32\PSAPI.DLL
0x00007ff8dbb40000 - 0x00007ff8dbb4e000 	C:\Program Files\Java\jdk-23\bin\sunmscapi.dll
0x00007ff8f5490000 - 0x00007ff8f5607000 	C:\WINDOWS\System32\CRYPT32.dll
0x00007ff8f4460000 - 0x00007ff8f4490000 	C:\WINDOWS\SYSTEM32\ncrypt.dll
0x00007ff8f4410000 - 0x00007ff8f444f000 	C:\WINDOWS\SYSTEM32\NTASN1.dll
0x00007ff8f4260000 - 0x00007ff8f427c000 	C:\WINDOWS\SYSTEM32\CRYPTSP.dll
0x00007ff8f39e0000 - 0x00007ff8f3a1a000 	C:\WINDOWS\system32\rsaenh.dll
0x00007ff8f4060000 - 0x00007ff8f408b000 	C:\WINDOWS\SYSTEM32\USERENV.dll
0x00007ff8f44a0000 - 0x00007ff8f44c6000 	C:\WINDOWS\SYSTEM32\bcrypt.dll
0x00007ff8f4280000 - 0x00007ff8f428c000 	C:\WINDOWS\SYSTEM32\CRYPTBASE.dll
0x00007ff8f3490000 - 0x00007ff8f34c3000 	C:\WINDOWS\SYSTEM32\IPHLPAPI.DLL
0x00007ff8f77e0000 - 0x00007ff8f77ea000 	C:\WINDOWS\System32\NSI.dll
0x00007ff8f3580000 - 0x00007ff8f36a5000 	C:\WINDOWS\SYSTEM32\DNSAPI.dll
0x00007ff8e4f50000 - 0x00007ff8e4f5b000 	C:\Windows\System32\rasadhlp.dll
0x00007ff8e74a0000 - 0x00007ff8e7525000 	C:\WINDOWS\System32\fwpuclnt.dll
0x00007ff8d2290000 - 0x00007ff8d22a8000 	C:\WINDOWS\system32\napinsp.dll
0x00007ff8d1a70000 - 0x00007ff8d1a82000 	C:\WINDOWS\System32\winrnr.dll
0x00007ff8d1a40000 - 0x00007ff8d1a62000 	C:\WINDOWS\system32\nlansp_c.dll
0x00007ff8d19b0000 - 0x00007ff8d19c6000 	C:\WINDOWS\system32\wshbth.dll
0x00007ff8dc9c0000 - 0x00007ff8dc9d0000 	C:\Program Files\Java\jdk-23\bin\verify.dll

dbghelp: loaded successfully - version: 4.0.5 - missing functions: none
symbol engine: initialized successfully - sym options: 0x614 - pdb path: .;C:\Program Files\Java\jdk-23\bin;C:\WINDOWS\SYSTEM32;C:\WINDOWS\WinSxS\amd64_microsoft.windows.common-controls_6595b64144ccf1df_6.0.26100.3323_none_3e088096e3344490;C:\Program Files\Java\jdk-23\bin\server;C:\Program Files\JetBrains\IntelliJ IDEA Community Edition 2024.2.2\bin

VM Arguments:
jvm_args: -javaagent:C:\Program Files\JetBrains\IntelliJ IDEA Community Edition 2024.2.2\lib\idea_rt.jar=51915:C:\Program Files\JetBrains\IntelliJ IDEA Community Edition 2024.2.2\bin -Dfile.encoding=UTF-8 -Dsun.stdout.encoding=UTF-8 -Dsun.stderr.encoding=UTF-8 
java_command: com.ems.ElectionManagementSystemApplication
java_class_path (initial): E:\testing ems\election-management-system-196f8d4142ecf5a95e38ca86f330160421f79fd4\server\target\classes;C:\Users\DELL 10I3 256\.m2\repository\org\springframework\boot\spring-boot-starter-data-jpa\3.4.2\spring-boot-starter-data-jpa-3.4.2.jar;C:\Users\DELL 10I3 256\.m2\repository\org\springframework\boot\spring-boot-starter\3.4.2\spring-boot-starter-3.4.2.jar;C:\Users\DELL 10I3 256\.m2\repository\org\springframework\boot\spring-boot-starter-logging\3.4.2\spring-boot-starter-logging-3.4.2.jar;C:\Users\DELL 10I3 256\.m2\repository\org\apache\logging\log4j\log4j-to-slf4j\2.24.3\log4j-to-slf4j-2.24.3.jar;C:\Users\DELL 10I3 256\.m2\repository\org\apache\logging\log4j\log4j-api\2.24.3\log4j-api-2.24.3.jar;C:\Users\DELL 10I3 256\.m2\repository\org\slf4j\jul-to-slf4j\2.0.16\jul-to-slf4j-2.0.16.jar;C:\Users\DELL 10I3 256\.m2\repository\jakarta\annotation\jakarta.annotation-api\2.1.1\jakarta.annotation-api-2.1.1.jar;C:\Users\DELL 10I3 256\.m2\repository\org\springframework\boot\spring-boot-starter-jdbc\3.4.2\spring-boot-starter-jdbc-3.4.2.jar;C:\Users\DELL 10I3 256\.m2\repository\com\zaxxer\HikariCP\5.1.0\HikariCP-5.1.0.jar;C:\Users\DELL 10I3 256\.m2\repository\org\springframework\spring-jdbc\6.2.2\spring-jdbc-6.2.2.jar;C:\Users\DELL 10I3 256\.m2\repository\org\hibernate\orm\hibernate-core\6.6.5.Final\hibernate-core-6.6.5.Final.jar;C:\Users\DELL 10I3 256\.m2\repository\jakarta\persistence\jakarta.persistence-api\3.1.0\jakarta.persistence-api-3.1.0.jar;C:\Users\DELL 10I3 256\.m2\repository\jakarta\transaction\jakarta.transaction-api\2.0.1\jakarta.transaction-api-2.0.1.jar;C:\Users\DELL 10I3 256\.m2\repository\com\fasterxml\classmate\1.7.0\classmate-1.7.0.jar;C:\Users\DELL 10I3 256\.m2\repository\net\bytebuddy\byte-buddy\1.15.11\byte-buddy-1.15.11.jar;C:\Users\DELL 10I3 256\.m2\repository\jakarta\inject\jakarta.inject-api\2.0.1\jakarta.inject-api-2.0.1.jar;C:\Users\DELL 10I3 256\.m2\repository\org\antlr\antlr4-runtime\4.13.0\antlr4-runtime-4.13.0.jar;C:\Users\DELL 10I3 256\.m2\repository\org\springframework\data\spring-data-jpa\3.4.2\spring-data-jpa-3.4.2.jar;C:\Users\DELL 10I3 256\.m2\repository\org\springframework\data\spring-data-commons\3.4.2\spring-data-commons-3.4.2.jar;C:\Users\DELL 10I3 256\.m2\repository\org\springframework\spring-orm\6.2.2\spring-orm-6.2.2.jar;C:\Users\DELL 10I3 256\.m2\repository\org\springframework\spring-beans\6.2.2\spring-beans-6.2.2.jar;C:\Users\DELL 10I3 256\.m2\repository\org\slf4j\slf4j-api\2.0.16\slf4j-api-2.0.16.jar;C:\Users\DELL 10I3 256\.m2\repository\org\springframework\spring-aspects\6.2.2\spring-aspects-6.2.2.jar;C:\Users\DELL 10I3 256\.m2\repository\org\aspectj\aspectjweaver\1.9.22.1\aspectjweaver-1.9.22.1.jar;C:\Users\DELL 10I3 256\.m2\repository\org\springframework\boot\spring-boot-starter-web\3.4.2\spring-boot-starter-web-3.4.2.jar;C:\Users\DELL 10I3 256\.m2\repository\org\springframework\boot\spring-boot-starter-json\3.4.2\spring-boot-starter-json-3.4.2.jar;C:\Users\DELL 10I3 256\.m2\repository\com\fasterxml\jackson\datatype\jackson-datatype-jdk8\2.18.2\jackson-datatype-jdk8-2.18.2.jar;C:\Users\DELL 10I3 256\.m2\repository\com\fasterxml\jackson\datatype\jackson-datatype-jsr310\2.18.2\jackson-datatype-jsr310-2.18.2.jar;C:\Users\DELL 10I3 256\.m2\repository\com\fasterxml\jackson\module\jackson-module-parameter-names\2.18.2\jackson-module-parameter-names-2.18.2.jar;C:\Users\DELL 10I3 256\.m2\repository\org\springframework\boot\spring-boot-starter-tomcat\3.4.2\spring-boot-starter-tomcat-3.4.2.jar;C:\Users\DELL 10I3 256\.m2\repository\org\apache\tomcat\embed\tomcat-embed-core\10.1.34\tomcat-embed-core-10.1.34.jar;C:\Users\DELL 10I3 256\.m2\repository\org\apache\tomcat\embed\tomcat-embed-websocket\10.1.34\tomcat-embed-websocket-10.1.34.jar;C:\Users\DELL 10I3 256\.m2\repository\org\springframework\spring-web\6.2.2\spring-web-6.2.2.jar;C:\Users\DELL 10I3 256\.m2\repository\org\springframework\spring-webmvc\6.2.2\spring-webmvc-6.2.2.jar;C:\Users\DELL 10I3 256\.m2\repository\org\springframework\spring-expression\6.2.2\spring-expression-6.2.2.jar;C:\Users\DELL 10I3 256\.m2\repository\org\springframework\boot\spring-boot-devtools\3.4.2\spring-boot-devtools-3.4.2.jar;C:\Users\DELL 10I3 256\.m2\repository\org\springframework\boot\spring-boot\3.4.2\spring-boot-3.4.2.jar;C:\Users\DELL 10I3 256\.m2\repository\org\springframework\boot\spring-boot-autoconfigure\3.4.2\spring-boot-autoconfigure-3.4.2.jar;C:\Users\DELL 10I3 256\.m2\repository\io\jsonwebtoken\jjwt-api\0.11.5\jjwt-api-0.11.5.jar;C:\Users\DELL 10I3 256\.m2\repository\io\jsonwebtoken\jjwt-impl\0.11.5\jjwt-impl-0.11.5.jar;C:\Users\DELL 10I3 256\.m2\repository\io\jsonwebtoken\jjwt-jackson\0.11.5\jjwt-jackson-0.11.5.jar;C:\Users\DELL 10I3 256\.m2\repository\com\fasterxml\jackson\core\jackson-databind\2.18.2\jackson-databind-2.18.2.jar;C:\Users\DELL 10I3 256\.m2\repository\org\springframework\boot\spring-boot-starter-validation\3.4.2\spring-boot-starter-validation-3.4.2.jar;C:\Users\DELL 10I3 256\.m2\repository\org\apache\tomcat\embed\tomcat-embed-el\10.1.34\tomcat-embed-el-10.1.34.jar;C:\Users\DELL 10I3 256\.m2\repository\org\hibernate\validator\hibernate-validator\8.0.2.Final\hibernate-validator-8.0.2.Final.jar;C:\Users\DELL 10I3 256\.m2\repository\jakarta\validation\jakarta.validation-api\3.0.2\jakarta.validation-api-3.0.2.jar;C:\Users\DELL 10I3 256\.m2\repository\org\springframework\boot\spring-boot-starter-security\3.4.2\spring-boot-starter-security-3.4.2.jar;C:\Users\DELL 10I3 256\.m2\repository\org\springframework\spring-aop\6.2.2\spring-aop-6.2.2.jar;C:\Users\DELL 10I3 256\.m2\repository\org\springframework\security\spring-security-config\6.4.2\spring-security-config-6.4.2.jar;C:\Users\DELL 10I3 256\.m2\repository\org\springframework\security\spring-security-core\6.4.2\spring-security-core-6.4.2.jar;C:\Users\DELL 10I3 256\.m2\repository\org\springframework\security\spring-security-crypto\6.4.2\spring-security-crypto-6.4.2.jar;C:\Users\DELL 10I3 256\.m2\repository\org\springframework\security\spring-security-web\6.4.2\spring-security-web-6.4.2.jar;C:\Users\DELL 10I3 256\.m2\repository\com\mysql\mysql-connector-j\9.1.0\mysql-connector-j-9.1.0.jar;C:\Users\DELL 10I3 256\.m2\repository\org\projectlombok\lombok\1.18.36\lombok-1.18.36.jar;C:\Users\DELL 10I3 256\.m2\repository\jakarta\xml\bind\jakarta.xml.bind-api\4.0.2\jakarta.xml.bind-api-4.0.2.jar;C:\Users\DELL 10I3 256\.m2\repository\jakarta\activation\jakarta.activation-api\2.1.3\jakarta.activation-api-2.1.3.jar;C:\Users\DELL 10I3 256\.m2\repository\org\springframework\spring-core\6.2.2\spring-core-6.2.2.jar;C:\Users\DELL 10I3 256\.m2\repository\org\springframework\spring-jcl\6.2.2\spring-jcl-6.2.2.jar;C:\Users\DELL 10I3 256\.m2\repository\org\mapstruct\mapstruct\1.6.2\mapstruct-1.6.2.jar;C:\Users\DELL 10I3 256\.m2\repository\org\mapstruct\mapstruct-processor\1.6.2\mapstruct-processor-1.6.2.jar;C:\Users\DELL 10I3 256\.m2\repository\org\projectlombok\lombok-mapstruct-binding\0.2.0\lombok-mapstruct-binding-0.2.0.jar;C:\Users\DELL 10I3 256\.m2\repository\com\fasterxml\jackson\dataformat\jackson-dataformat-yaml\2.18.2\jackson-dataformat-yaml-2.18.2.jar;C:\Users\DELL 10I3 256\.m2\repository\org\springframework\boot\spring-boot-starter-mail\3.4.2\spring-boot-starter-mail-3.4.2.jar;C:\Users\DELL 10I3 256\.m2\repository\org\springframework\spring-context-support\6.2.2\spring-context-support-6.2.2.jar;C:\Users\DELL 10I3 256\.m2\repository\org\eclipse\angus\jakarta.mail\2.0.3\jakarta.mail-2.0.3.jar;C:\Users\DELL 10I3 256\.m2\repository\org\eclipse\angus\angus-activation\2.0.2\angus-activation-2.0.2.jar;C:\Users\DELL 10I3 256\.m2\repository\net\sf\jasperreports\jasperreports\6.21.2\jasperreports-6.21.2.jar;C:\Users\DELL 10I3 256\.m2\repository\commons-digester\commons-digester\2.1\commons-digester-2.1.jar;C:\Users\DELL 10I3 256\.m2\repository\commons-logging\commons-logging\1.1.1\commons-logging-1.1.1.jar;C:\Users\DELL 10I3 256\.m2\repository\org\apache\commons\commons-collections4\4.2\commons-collections4-4.2.jar;C:\Users\DELL 10I3 256\.m2\repository\com\github\librepdf\openpdf\1.3.32\openpdf-1.3.32.jar;C:\Users\DELL 10I3 256\.m2\repository\org\jfree\jcommon\1.0.23\jcommon-1.0.23.jar;C:\Users\DELL 10I3 256\.m2\repository\org\jfree\jfreechart\1.0.19\jfreechart-1.0.19.jar;C:\Users\DELL 10I3 256\.m2\repository\org\eclipse\jdt\ecj\3.21.0\ecj-3.21.0.jar;C:\Users\DELL 10I3 256\.m2\repository\com\fasterxml\jackson\core\jackson-core\2.18.2\jackson-core-2.18.2.jar;C:\Users\DELL 10I3 256\.m2\repository\com\fasterxml\jackson\core\jackson-annotations\2.18.2\jackson-annotations-2.18.2.jar;C:\Users\DELL 10I3 256\.m2\repository\com\fasterxml\jackson\dataformat\jackson-dataformat-xml\2.18.2\jackson-dataformat-xml-2.18.2.jar;C:\Users\DELL 10I3 256\.m2\repository\org\codehaus\woodstox\stax2-api\4.2.2\stax2-api-4.2.2.jar;C:\Users\DELL 10I3 256\.m2\repository\com\fasterxml\woodstox\woodstox-core\7.0.0\woodstox-core-7.0.0.jar;C:\Users\DELL 10I3 256\.m2\repository\com\lowagie\itext\2.1.7\itext-2.1.7.jar;C:\Users\DELL 10I3 256\.m2\repository\bouncycastle\bcmail-jdk14\138\bcmail-jdk14-138.jar;C:\Users\DELL 10I3 256\.m2\repository\bouncycastle\bcprov-jdk14\138\bcprov-jdk14-138.jar;C:\Users\DELL 10I3 256\.m2\repository\org\bouncycastle\bctsp-jdk14\1.38\bctsp-jdk14-1.38.jar;C:\Users\DELL 10I3 256\.m2\repository\org\bouncycastle\bcprov-jdk14\1.38\bcprov-jdk14-1.38.jar;C:\Users\DELL 10I3 256\.m2\repository\org\bouncycastle\bcmail-jdk14\1.38\bcmail-jdk14-1.38.jar;C:\Users\DELL 10I3 256\.m2\repository\commons-beanutils\commons-beanutils\1.9.4\commons-beanutils-1.9.4.jar;C:\Users\DELL 10I3 256\.m2\repository\commons-collections\commons-collections\3.2.2\commons-collections-3.2.2.jar;C:\Users\DELL 10I3 256\.m2\repository\org\springdoc\springdoc-openapi-starter-webmvc-ui\2.7.0\springdoc-openapi-starter-webmvc-ui-2.7.0.jar;C:\Users\DELL 10I3 256\.m2\repository\org\springdoc\springdoc-openapi-starter-webmvc-api\2.7.0\springdoc-openapi-starter-webmvc-api-2.7.0.jar;C:\Users\DELL 10I3 256\.m2\repository\org\springdoc\springdoc-openapi-starter-common\2.7.0\springdoc-openapi-starter-common-2.7.0.jar;C:\Users\DELL 10I3 256\.m2\repository\io\swagger\core\v3\swagger-core-jakarta\2.2.25\swagger-core-jakarta-2.2.25.jar;C:\Users\DELL 10I3 256\.m2\repository\io\swagger\core\v3\swagger-annotations-jakarta\2.2.25\swagger-annotations-jakarta-2.2.25.jar;C:\Users\DELL 10I3 256\.m2\repository\io\swagger\core\v3\swagger-models-jakarta\2.2.25\swagger-models-jakarta-2.2.25.jar;C:\Users\DELL 10I3 256\.m2\repository\org\webjars\swagger-ui\5.18.2\swagger-ui-5.18.2.jar;C:\Users\DELL 10I3 256\.m2\repository\org\webjars\webjars-locator-lite\1.0.1\webjars-locator-lite-1.0.1.jar;C:\Users\DELL 10I3 256\.m2\repository\org\jspecify\jspecify\1.0.0\jspecify-1.0.0.jar;C:\Users\DELL 10I3 256\.m2\repository\org\hibernate\orm\hibernate-envers\6.5.2.Final\hibernate-envers-6.5.2.Final.jar;C:\Users\DELL 10I3 256\.m2\repository\org\jboss\logging\jboss-logging\3.6.1.Final\jboss-logging-3.6.1.Final.jar;C:\Users\DELL 10I3 256\.m2\repository\org\glassfish\jaxb\jaxb-runtime\4.0.5\jaxb-runtime-4.0.5.jar;C:\Users\DELL 10I3 256\.m2\repository\org\glassfish\jaxb\jaxb-core\4.0.5\jaxb-core-4.0.5.jar;C:\Users\DELL 10I3 256\.m2\repository\org\glassfish\jaxb\txw2\4.0.5\txw2-4.0.5.jar;C:\Users\DELL 10I3 256\.m2\repository\com\sun\istack\istack-commons-runtime\4.1.2\istack-commons-runtime-4.1.2.jar;C:\Users\DELL 10I3 256\.m2\repository\org\hibernate\common\hibernate-commons-annotations\6.0.6.Final\hibernate-commons-annotations-6.0.6.Final.jar;C:\Users\DELL 10I3 256\.m2\repository\io\smallrye\jandex\3.1.2\jandex-3.1.2.jar;C:\Users\DELL 10I3 256\.m2\repository\org\springframework\boot\spring-boot-starter-data-mongodb\3.4.2\spring-boot-starter-data-mongodb-3.4.2.jar;C:\Users\DELL 10I3 256\.m2\repository\org\mongodb\mongodb-driver-sync\5.2.1\mongodb-driver-sync-5.2.1.jar;C:\Users\DELL 10I3 256\.m2\repository\org\mongodb\bson\5.2.1\bson-5.2.1.jar;C:\Users\DELL 10I3 256\.m2\repository\org\mongodb\mongodb-driver-core\5.2.1\mongodb-driver-core-5.2.1.jar;C:\Users\DELL 10I3 256\.m2\repository\org\mongodb\bson-record-codec\5.2.1\bson-record-codec-5.2.1.jar;C:\Users\DELL 10I3 256\.m2\repository\org\springframework\data\spring-data-mongodb\4.4.2\spring-data-mongodb-4.4.2.jar;C:\Users\DELL 10I3 256\.m2\repository\org\liquibase\liquibase-core\4.23.1\liquibase-core-4.23.1.jar;C:\Users\DELL 10I3 256\.m2\repository\com\opencsv\opencsv\5.7.1\opencsv-5.7.1.jar;C:\Users\DELL 10I3 256\.m2\repository\org\apache\commons\commons-lang3\3.17.0\commons-lang3-3.17.0.jar;C:\Users\DELL 10I3 256\.m2\repository\org\apache\commons\commons-text\1.10.0\commons-text-1.10.0.jar;C:\Users\DELL 10I3 256\.m2\repository\org\yaml\snakeyaml\2.3\snakeyaml-2.3.jar;C:\Users\DELL 10I3 256\.m2\repository\javax\xml\bind\jaxb-api\2.3.1\jaxb-api-2.3.1.jar;C:\Users\DELL 10I3 256\.m2\repository\javax\activation\javax.activation-api\1.2.0\javax.activation-api-1.2.0.jar;C:\Users\DELL 10I3 256\.m2\repository\com\google\code\gson\gson\2.11.0\gson-2.11.0.jar;C:\Users\DELL 10I3 256\.m2\repository\com\google\errorprone\error_prone_annotations\2.27.0\error_prone_annotations-2.27.0.jar;C:\Users\DELL 10I3 256\.m2\repository\org\springframework\kafka\spring-kafka\3.3.1\spring-kafka-3.3.1.jar;C:\Users\DELL 10I3 256\.m2\repository\org\springframework\spring-context\6.2.2\spring-context-6.2.2.jar;C:\Users\DELL 10I3 256\.m2\repository\org\springframework\spring-messaging\6.2.2\spring-messaging-6.2.2.jar;C:\Users\DELL 10I3 256\.m2\repository\org\springframework\spring-tx\6.2.2\spring-tx-6.2.2.jar;C:\Users\DELL 10I3 256\.m2\repository\org\springframework\retry\spring-retry\2.0.11\spring-retry-2.0.11.jar;C:\Users\DELL 10I3 256\.m2\repository\org\apache\kafka\kafka-clients\3.8.1\kafka-clients-3.8.1.jar;C:\Users\DELL 10I3 256\.m2\repository\com\github\luben\zstd-jni\1.5.6-4\zstd-jni-1.5.6-4.jar;C:\Users\DELL 10I3 256\.m2\repository\org\lz4\lz4-java\1.8.0\lz4-java-1.8.0.jar;C:\Users\DELL 10I3 256\.m2\repository\org\xerial\snappy\snappy-java\1.1.10.5\snappy-java-1.1.10.5.jar;C:\Users\DELL 10I3 256\.m2\repository\io\micrometer\micrometer-observation\1.14.3\micrometer-observation-1.14.3.jar;C:\Users\DELL 10I3 256\.m2\repository\io\micrometer\micrometer-commons\1.14.3\micrometer-commons-1.14.3.jar;C:\Users\DELL 10I3 256\.m2\repository\ch\qos\logback\logback-core\1.5.16\logback-core-1.5.16.jar;C:\Users\DELL 10I3 256\.m2\repository\ch\qos\logback\logback-classic\1.5.16\logback-classic-1.5.16.jar;C:\Users\DELL 10I3 256\.m2\repository\org\openapitools\jackson-databind-nullable\0.2.6\jackson-databind-nullable-0.2.6.jar
Launcher Type: SUN_STANDARD

[Global flags]
     intx CICompilerCount                          = 3                                         {product} {ergonomic}
     uint ConcGCThreads                            = 1                                         {product} {ergonomic}
     uint G1ConcRefinementThreads                  = 4                                         {product} {ergonomic}
   size_t G1HeapRegionSize                         = 2097152                                   {product} {ergonomic}
   size_t InitialHeapSize                          = 199229440                                 {product} {ergonomic}
   size_t MarkStackSize                            = 4194304                                   {product} {ergonomic}
   size_t MarkStackSizeMax                         = 536870912                                 {product} {ergonomic}
   size_t MaxHeapSize                              = 3160408064                                {product} {ergonomic}
   size_t MaxNewSize                               = 1895825408                                {product} {ergonomic}
   size_t MinHeapDeltaBytes                        = 2097152                                   {product} {ergonomic}
   size_t MinHeapSize                              = 8388608                                   {product} {ergonomic}
    uintx NonNMethodCodeHeapSize                   = 5832704                                {pd product} {ergonomic}
    uintx NonProfiledCodeHeapSize                  = 122945536                              {pd product} {ergonomic}
    uintx ProfiledCodeHeapSize                     = 122880000                              {pd product} {ergonomic}
    uintx ReservedCodeCacheSize                    = 251658240                              {pd product} {ergonomic}
     bool SegmentedCodeCache                       = true                                      {product} {ergonomic}
   size_t SoftMaxHeapSize                          = 3160408064                             {manageable} {ergonomic}
     bool UseCompressedOops                        = true                           {product lp64_product} {ergonomic}
     bool UseG1GC                                  = true                                      {product} {ergonomic}
     bool UseLargePagesIndividualAllocation        = false                                  {pd product} {ergonomic}

Logging:
Log output configuration:
 #0: stdout all=warning uptime,level,tags foldmultilines=false
 #1: stderr all=off uptime,level,tags foldmultilines=false

Environment Variables:
JAVA_HOME=C:\Program Files\Java\jdk-23
CLASSPATH=C:\apache-tomcat-6.0.14\lib\servlet-api.jar
PATH=C:\Program Files\Common Files\Oracle\Java\javapath;C:\Program Files (x86)\VMware\VMware Player\bin\;C:\oraclexe\app\oracle\product\11.2.0\server\bin;C:\WINDOWS;C:\WINDOWS\System32\Wbem;C:\WINDOWS\System32\WindowsPowerShell\v1.0\;C:\WINDOWS\System32\OpenSSH\;C:\MinGW\bin;C:\Program Files\Git\cmd;C:\Program Files\dotnet\;C:\ProgramData\ComposerSetup\bin;C:\Program Files\Java\jdk-23\bin;C:\apache-maven-3.9.6\bin;C:\gradle-8.6\bin;C:\Program Files\PostgreSQL\16\bin;C:\Program Files\Microsoft SQL Server\150\Tools\Binn\;C:\Program Files\Microsoft SQL Server\Client SDK\ODBC\170\Tools\Binn\;C:\Program Files (x86)\Microsoft SQL Server\160\Tools\Binn\;C:\Program Files\Microsoft SQL Server\160\Tools\Binn\;C:\Program Files\Microsoft SQL Server\160\DTS\Binn\;C:\Program Files\Microsoft SQL Server\130\Tools\Binn\;C:\Program Files (x86)\Microsoft SQL Server\160\DTS\Binn\;C:\WINDOWS\system32;C:\Program Files\MySQL\MySQL Server 8.0\bin;C:\Program Files\Docker\Docker\resources\bin;C:\Program Files\nodejs\;C:\ProgramData\chocolatey\bin;C:\Users\DELL 10I3 256\AppData\Local\Programs\Python\Python310\Scripts\;C:\xampp\php;C:\Users\DELL 10I3 256\AppData\Local\Programs\Microsoft VS Code\bin;C:\Users\DELL 10I3 256\AppData\Local\Microsoft\WindowsApps;C:\Users\DELL 10I3 256\AppData\Roaming\Composer\vendor\bin;C:\Program Files\MongoDB\Server\5.0\bin;C:\Users\DELL 10I3 256\AppData\Local\GitHubDesktop\bin;C:\Users\DELL 10I3 256\AppData\Local\Programs\Python\Python310;C:\Program Files\JetBrains\IntelliJ IDEA Community Edition 2024.2.2\bin;;C:\apache-maven-3.9.6\bin;C:\Users\DELL 10I3 256\AppData\Roaming\npm;
USERNAME=DELL 10I3 256
OS=Windows_NT
PROCESSOR_IDENTIFIER=Intel64 Family 6 Model 126 Stepping 5, GenuineIntel
TMP=C:\Users\DELL 10I3 256\AppData\Local\Temp
TEMP=C:\Users\DELL 10I3 256\AppData\Local\Temp




Periodic native trim disabled

---------------  S Y S T E M  ---------------

OS:
 Windows 11 , 64 bit Build 26100 (10.0.26100.3323)
OS uptime: 0 days 1:34 hours
Hyper-V role detected

CPU: total 4 (initial active 4) (2 cores per cpu, 2 threads per core) family 6 model 126 stepping 5 microcode 0xc2, cx8, cmov, fxsr, ht, mmx, 3dnowpref, sse, sse2, sse3, ssse3, sse4.1, sse4.2, popcnt, lzcnt, tsc, tscinvbit, avx, avx2, aes, erms, clmul, bmi1, bmi2, adx, avx512f, avx512dq, avx512cd, avx512bw, avx512vl, sha, fma, vzeroupper, avx512_vpopcntdq, avx512_vpclmulqdq, avx512_vaes, avx512_vnni, clflush, clflushopt, avx512_vbmi2, avx512_vbmi, hv, rdtscp, rdpid, fsrm, gfni, avx512_bitalg, f16c, avx512_ifma
Processor Information for the first 4 processors :
  Max Mhz: 1190, Current Mhz: 1190, Mhz Limit: 1190

Memory: 4k page, system-wide physical 12055M (1655M free)
TotalPageFile size 16151M (AvailPageFile size 58M)
current process WorkingSet (physical memory assigned to process): 365M, peak: 365M
current process commit charge ("private bytes"): 391M, peak: 451M

vm_info: Java HotSpot(TM) 64-Bit Server VM (23.0.2+7-58) for windows-amd64 JRE (23.0.2+7-58), built on 2024-11-29T09:34:55Z with MS VC++ 17.6 (VS2022)

END.
