#
# There is insufficient memory for the Java Runtime Environment to continue.
# Native memory allocation (mmap) failed to map 190840832 bytes for G1 virtual space
# Possible reasons:
#   The system is out of physical RAM or swap space
#   The process is running with CompressedOops enabled, and the Java Heap may be blocking the growth of the native heap
# Possible solutions:
#   Reduce memory load on the system
#   Increase physical memory or swap space
#   Check if swap backing store is full
#   Decrease Java heap size (-Xmx/-Xms)
#   Decrease number of Java threads
#   Decrease Java thread stack sizes (-Xss)
#   Set larger code cache with -XX:ReservedCodeCacheSize=
#   JVM is running with Zero Based Compressed Oops mode in which the Java heap is
#     placed in the first 32GB address space. The Java Heap base address is the
#     maximum limit for the native heap growth. Please use -XX:HeapBaseMinAddress
#     to set the Java Heap base and to place the Java Heap above 32GB virtual address.
# This output file may be truncated or incomplete.
#
#  Out of Memory Error (os_windows.cpp:3548), pid=8176, tid=17216
#
# JRE version: Java(TM) SE Runtime Environment (17.0.12+8) (build 17.0.12+8-LTS-286)
# Java VM: Java HotSpot(TM) 64-Bit Server VM (17.0.12+8-LTS-286, mixed mode, sharing, tiered, compressed oops, compressed class ptrs, g1 gc, windows-amd64)
# No core dump will be written. Minidumps are not enabled by default on client versions of Windows
#

---------------  S U M M A R Y ------------

Command Line: -javaagent:C:\Program Files\JetBrains\IntelliJ IDEA Community Edition 2024.2.2\lib\idea_rt.jar=52974:C:\Program Files\JetBrains\IntelliJ IDEA Community Edition 2024.2.2\bin -Dfile.encoding=UTF-8 com.ems.ElectionManagementSystemApplication

Host: Intel(R) Core(TM) i3-1005G1 CPU @ 1.20GHz, 4 cores, 11G,  Windows 11 , 64 bit Build 26100 (10.0.26100.3323)
Time: Wed Mar 19 15:00:54 2025 India Standard Time elapsed time: 22.199922 seconds (0d 0h 0m 22s)

---------------  T H R E A D  ---------------

Current thread (0x0000023fcc46c5c0):  VMThread "VM Thread" [stack: 0x000000c114700000,0x000000c114800000] [id=17216]

Stack: [0x000000c114700000,0x000000c114800000]
Native frames: (J=compiled Java code, j=interpreted, Vv=VM code, C=native code)
V  [jvm.dll+0x67a04a]
V  [jvm.dll+0x7da4ed]
V  [jvm.dll+0x7dbe33]
V  [jvm.dll+0x7dc4a3]
V  [jvm.dll+0x24508f]
V  [jvm.dll+0x677089]
V  [jvm.dll+0x66bd32]
V  [jvm.dll+0x301fa6]
V  [jvm.dll+0x309546]
V  [jvm.dll+0x359d2e]
V  [jvm.dll+0x359f5f]
V  [jvm.dll+0x2d9078]
V  [jvm.dll+0x2d74ad]
V  [jvm.dll+0x2d6afc]
V  [jvm.dll+0x31a65b]
V  [jvm.dll+0x7e0d9b]
V  [jvm.dll+0x7e1ad4]
V  [jvm.dll+0x7e1fed]
V  [jvm.dll+0x7e23c4]
V  [jvm.dll+0x7e2490]
V  [jvm.dll+0x78abea]
V  [jvm.dll+0x678f35]
C  [ucrtbase.dll+0x37b0]
C  [KERNEL32.DLL+0x2e8d7]
C  [ntdll.dll+0xbbf6c]

VM_Operation (0x000000c115af80e0): G1CollectForAllocation, mode: safepoint, requested by thread 0x00000240127fcb30


---------------  P R O C E S S  ---------------

Threads class SMR info:
_java_thread_list=0x0000024012f915b0, length=21, elements={
0x0000023fac6e89e0, 0x0000023fcc472690, 0x0000023fcc474ce0, 0x0000023fcc486b80,
0x0000023fcc489460, 0x0000023fcc489d30, 0x0000023fcc48a600, 0x0000023fcc48b200,
0x0000023fcc491450, 0x0000023fcc493070, 0x0000023fcc662b40, 0x00000240120c8840,
0x00000240120c8d20, 0x0000024012b9be60, 0x00000240127fcb30, 0x0000024012bd1040,
0x000002401375e630, 0x000002401375f050, 0x000002401375e120, 0x000002401375f560,
0x000002401375d700
}

Java Threads: ( => current thread )
  0x0000023fac6e89e0 JavaThread "main" [_thread_blocked, id=20156, stack(0x000000c114100000,0x000000c114200000)]
  0x0000023fcc472690 JavaThread "Reference Handler" daemon [_thread_blocked, id=20724, stack(0x000000c114800000,0x000000c114900000)]
  0x0000023fcc474ce0 JavaThread "Finalizer" daemon [_thread_blocked, id=420, stack(0x000000c114900000,0x000000c114a00000)]
  0x0000023fcc486b80 JavaThread "Signal Dispatcher" daemon [_thread_blocked, id=17896, stack(0x000000c114a00000,0x000000c114b00000)]
  0x0000023fcc489460 JavaThread "Attach Listener" daemon [_thread_blocked, id=18872, stack(0x000000c114b00000,0x000000c114c00000)]
  0x0000023fcc489d30 JavaThread "Service Thread" daemon [_thread_blocked, id=7456, stack(0x000000c114c00000,0x000000c114d00000)]
  0x0000023fcc48a600 JavaThread "Monitor Deflation Thread" daemon [_thread_blocked, id=3372, stack(0x000000c114d00000,0x000000c114e00000)]
  0x0000023fcc48b200 JavaThread "C2 CompilerThread0" daemon [_thread_blocked, id=22536, stack(0x000000c114e00000,0x000000c114f00000)]
  0x0000023fcc491450 JavaThread "C1 CompilerThread0" daemon [_thread_blocked, id=10172, stack(0x000000c114f00000,0x000000c115000000)]
  0x0000023fcc493070 JavaThread "Sweeper thread" daemon [_thread_blocked, id=23192, stack(0x000000c115000000,0x000000c115100000)]
  0x0000023fcc662b40 JavaThread "Common-Cleaner" daemon [_thread_blocked, id=21544, stack(0x000000c115100000,0x000000c115200000)]
  0x00000240120c8840 JavaThread "Monitor Ctrl-Break" daemon [_thread_in_native, id=7484, stack(0x000000c115600000,0x000000c115700000)]
  0x00000240120c8d20 JavaThread "Notification Thread" daemon [_thread_blocked, id=22324, stack(0x000000c115700000,0x000000c115800000)]
  0x0000024012b9be60 JavaThread "Thread-0" [_thread_blocked, id=21052, stack(0x000000c115900000,0x000000c115a00000)]
  0x00000240127fcb30 JavaThread "restartedMain" [_thread_blocked, id=5412, stack(0x000000c115a00000,0x000000c115b00000)]
  0x0000024012bd1040 JavaThread "C2 CompilerThread1" daemon [_thread_blocked, id=4884, stack(0x000000c115200000,0x000000c115300000)]
  0x000002401375e630 JavaThread "mysql-cj-abandoned-connection-cleanup" daemon [_thread_blocked, id=14496, stack(0x000000c115b00000,0x000000c115c00000)]
  0x000002401375f050 JavaThread "HikariPool-1 housekeeper" daemon [_thread_blocked, id=10380, stack(0x000000c115d00000,0x000000c115e00000)]
  0x000002401375e120 JavaThread "Catalina-utility-1" [_thread_blocked, id=22272, stack(0x000000c115e00000,0x000000c115f00000)]
  0x000002401375f560 JavaThread "Catalina-utility-2" [_thread_blocked, id=18080, stack(0x000000c115f00000,0x000000c116000000)]
  0x000002401375d700 JavaThread "container-0" [_thread_blocked, id=10184, stack(0x000000c116000000,0x000000c116100000)]

Other Threads:
=>0x0000023fcc46c5c0 VMThread "VM Thread" [stack: 0x000000c114700000,0x000000c114800000] [id=17216]
  0x00000240120ca6a0 WatcherThread [stack: 0x000000c115800000,0x000000c115900000] [id=16460]
  0x0000023fac740970 GCTaskThread "GC Thread#0" [stack: 0x000000c114200000,0x000000c114300000] [id=6564]
  0x0000024012370440 GCTaskThread "GC Thread#1" [stack: 0x000000c115300000,0x000000c115400000] [id=23296]
  0x0000023fcc90a7c0 GCTaskThread "GC Thread#2" [stack: 0x000000c115400000,0x000000c115500000] [id=23388]
  0x0000023fcc878ed0 GCTaskThread "GC Thread#3" [stack: 0x000000c115500000,0x000000c115600000] [id=19640]
  0x0000023fac74e430 ConcurrentGCThread "G1 Main Marker" [stack: 0x000000c114300000,0x000000c114400000] [id=5700]
  0x0000023fac74ed50 ConcurrentGCThread "G1 Conc#0" [stack: 0x000000c114400000,0x000000c114500000] [id=22712]
  0x0000023fac78ff10 ConcurrentGCThread "G1 Refine#0" [stack: 0x000000c114500000,0x000000c114600000] [id=10584]
  0x0000023fac7906f0 ConcurrentGCThread "G1 Service" [stack: 0x000000c114600000,0x000000c114700000] [id=22376]

Threads with active compile tasks:
C2 CompilerThread0    22230 9930   !   4       org.antlr.v4.runtime.atn.LL1Analyzer::_LOOK (542 bytes)
C2 CompilerThread1    22230 10001   !   4       org.antlr.v4.runtime.atn.ATNSimulator::getCachedContext (43 bytes)

VM state: at safepoint (normal execution)

VM Mutex/Monitor currently owned by a thread:  ([mutex/lock_event])
[0x0000023fac6e47d0] Threads_lock - owner thread: 0x0000023fcc46c5c0
[0x0000023fac6e5670] Heap_lock - owner thread: 0x00000240127fcb30

Heap address: 0x0000000743a00000, size: 3014 MB, Compressed Oops mode: Zero based, Oop shift amount: 3

CDS archive(s) mapped at: [0x0000023fcd000000-0x0000023fcdbd0000-0x0000023fcdbd0000), size 12386304, SharedBaseAddress: 0x0000023fcd000000, ArchiveRelocationMode: 1.
Compressed class space mapped at: 0x0000023fce000000-0x000002400e000000, reserved size: 1073741824
Narrow klass base: 0x0000023fcd000000, Narrow klass shift: 0, Narrow klass range: 0x100000000

GC Precious Log:
 CPUs: 4 total, 4 available
 Memory: 12055M
 Large Page Support: Disabled
 NUMA Support: Disabled
 Compressed Oops: Enabled (Zero based)
 Heap Region Size: 2M
 Heap Min Capacity: 8M
 Heap Initial Capacity: 190M
 Heap Max Capacity: 3014M
 Pre-touch: Disabled
 Parallel Workers: 4
 Concurrent Workers: 1
 Concurrent Refinement Workers: 4
 Periodic GC: Disabled

Heap:
 garbage-first heap   total 194560K, used 97273K [0x0000000743a00000, 0x0000000800000000)
  region size 2048K, 1 young (2048K), 1 survivors (2048K)
 Metaspace       used 91852K, committed 92416K, reserved 1179648K
  class space    used 12458K, committed 12736K, reserved 1048576K

Heap Regions: E=young(eden), S=young(survivor), O=old, HS=humongous(starts), HC=humongous(continues), CS=collection set, F=free, OA=open archive, CA=closed archive, TAMS=top-at-mark-start (previous, next)
|   0|0x0000000743a00000, 0x0000000743c00000, 0x0000000743c00000|100%| O|  |TAMS 0x0000000743c00000, 0x0000000743a00000| Untracked 
|   1|0x0000000743c00000, 0x0000000743e00000, 0x0000000743e00000|100%| O|  |TAMS 0x0000000743e00000, 0x0000000743c00000| Untracked 
|   2|0x0000000743e00000, 0x0000000744000000, 0x0000000744000000|100%| O|  |TAMS 0x0000000744000000, 0x0000000743e00000| Untracked 
|   3|0x0000000744000000, 0x0000000744200000, 0x0000000744200000|100%| O|  |TAMS 0x0000000744200000, 0x0000000744000000| Untracked 
|   4|0x0000000744200000, 0x0000000744400000, 0x0000000744400000|100%| O|  |TAMS 0x0000000744400000, 0x0000000744200000| Untracked 
|   5|0x0000000744400000, 0x0000000744600000, 0x0000000744600000|100%| O|  |TAMS 0x0000000744600000, 0x0000000744400000| Untracked 
|   6|0x0000000744600000, 0x0000000744800000, 0x0000000744800000|100%| O|  |TAMS 0x0000000744800000, 0x0000000744600000| Untracked 
|   7|0x0000000744800000, 0x0000000744a00000, 0x0000000744a00000|100%| O|  |TAMS 0x0000000744a00000, 0x0000000744800000| Untracked 
|   8|0x0000000744a00000, 0x0000000744c00000, 0x0000000744c00000|100%| O|  |TAMS 0x0000000744c00000, 0x0000000744a00000| Untracked 
|   9|0x0000000744c00000, 0x0000000744e00000, 0x0000000744e00000|100%| O|  |TAMS 0x0000000744e00000, 0x0000000744c00000| Untracked 
|  10|0x0000000744e00000, 0x0000000745000000, 0x0000000745000000|100%| O|  |TAMS 0x0000000745000000, 0x0000000744e00000| Untracked 
|  11|0x0000000745000000, 0x0000000745200000, 0x0000000745200000|100%| O|  |TAMS 0x0000000745200000, 0x0000000745000000| Untracked 
|  12|0x0000000745200000, 0x0000000745400000, 0x0000000745400000|100%| O|  |TAMS 0x0000000745400000, 0x0000000745200000| Untracked 
|  13|0x0000000745400000, 0x0000000745600000, 0x0000000745600000|100%| O|  |TAMS 0x0000000745600000, 0x0000000745400000| Untracked 
|  14|0x0000000745600000, 0x0000000745800000, 0x0000000745800000|100%| O|  |TAMS 0x0000000745800000, 0x0000000745600000| Untracked 
|  15|0x0000000745800000, 0x0000000745a00000, 0x0000000745a00000|100%| O|  |TAMS 0x0000000745a00000, 0x0000000745800000| Untracked 
|  16|0x0000000745a00000, 0x0000000745c00000, 0x0000000745c00000|100%| O|  |TAMS 0x0000000745c00000, 0x0000000745a00000| Untracked 
|  17|0x0000000745c00000, 0x0000000745e00000, 0x0000000745e00000|100%| O|  |TAMS 0x0000000745e00000, 0x0000000745c00000| Untracked 
|  18|0x0000000745e00000, 0x0000000746000000, 0x0000000746000000|100%| O|  |TAMS 0x0000000746000000, 0x0000000745e00000| Untracked 
|  19|0x0000000746000000, 0x0000000746200000, 0x0000000746200000|100%| O|  |TAMS 0x0000000746200000, 0x0000000746000000| Untracked 
|  20|0x0000000746200000, 0x0000000746400000, 0x0000000746400000|100%| O|  |TAMS 0x0000000746400000, 0x0000000746200000| Untracked 
|  21|0x0000000746400000, 0x0000000746600000, 0x0000000746600000|100%| O|  |TAMS 0x0000000746600000, 0x0000000746400000| Untracked 
|  22|0x0000000746600000, 0x0000000746800000, 0x0000000746800000|100%| O|  |TAMS 0x0000000746800000, 0x0000000746600000| Untracked 
|  23|0x0000000746800000, 0x0000000746a00000, 0x0000000746a00000|100%| O|  |TAMS 0x0000000746a00000, 0x0000000746800000| Untracked 
|  24|0x0000000746a00000, 0x0000000746a00000, 0x0000000746c00000|  0%| F|  |TAMS 0x0000000746a00000, 0x0000000746a00000| Untracked 
|  25|0x0000000746c00000, 0x0000000746e00000, 0x0000000746e00000|100%| O|  |TAMS 0x0000000746e00000, 0x0000000746c00000| Untracked 
|  26|0x0000000746e00000, 0x0000000746e00000, 0x0000000747000000|  0%| F|  |TAMS 0x0000000746e00000, 0x0000000746e00000| Untracked 
|  27|0x0000000747000000, 0x0000000747200000, 0x0000000747200000|100%| O|  |TAMS 0x0000000747200000, 0x0000000747000000| Untracked 
|  28|0x0000000747200000, 0x0000000747400000, 0x0000000747400000|100%| O|  |TAMS 0x0000000747400000, 0x0000000747200000| Untracked 
|  29|0x0000000747400000, 0x0000000747600000, 0x0000000747600000|100%| O|  |TAMS 0x0000000747600000, 0x0000000747400000| Untracked 
|  30|0x0000000747600000, 0x0000000747800000, 0x0000000747800000|100%| O|  |TAMS 0x0000000747800000, 0x0000000747600000| Untracked 
|  31|0x0000000747800000, 0x0000000747a00000, 0x0000000747a00000|100%| O|  |TAMS 0x0000000747a00000, 0x0000000747800000| Untracked 
|  32|0x0000000747a00000, 0x0000000747c00000, 0x0000000747c00000|100%| O|  |TAMS 0x0000000747c00000, 0x0000000747a00000| Untracked 
|  33|0x0000000747c00000, 0x0000000747e00000, 0x0000000747e00000|100%| O|  |TAMS 0x0000000747e00000, 0x0000000747c00000| Untracked 
|  34|0x0000000747e00000, 0x0000000748000000, 0x0000000748000000|100%| O|  |TAMS 0x0000000748000000, 0x0000000747e00000| Untracked 
|  35|0x0000000748000000, 0x0000000748200000, 0x0000000748200000|100%| O|  |TAMS 0x0000000748200000, 0x0000000748000000| Untracked 
|  36|0x0000000748200000, 0x0000000748400000, 0x0000000748400000|100%| O|  |TAMS 0x0000000748400000, 0x0000000748200000| Untracked 
|  37|0x0000000748400000, 0x0000000748600000, 0x0000000748600000|100%| O|  |TAMS 0x0000000748600000, 0x0000000748400000| Untracked 
|  38|0x0000000748600000, 0x0000000748800000, 0x0000000748800000|100%| O|  |TAMS 0x00000007487c4800, 0x0000000748600000| Untracked 
|  39|0x0000000748800000, 0x0000000748a00000, 0x0000000748a00000|100%| O|  |TAMS 0x0000000748800000, 0x0000000748800000| Untracked 
|  40|0x0000000748a00000, 0x0000000748c00000, 0x0000000748c00000|100%| O|  |TAMS 0x0000000748a00000, 0x0000000748a00000| Untracked 
|  41|0x0000000748c00000, 0x0000000748e00000, 0x0000000748e00000|100%| O|  |TAMS 0x0000000748c00000, 0x0000000748c00000| Untracked 
|  42|0x0000000748e00000, 0x0000000749000000, 0x0000000749000000|100%| O|  |TAMS 0x0000000748e00000, 0x0000000748e00000| Untracked 
|  43|0x0000000749000000, 0x0000000749200000, 0x0000000749200000|100%| O|  |TAMS 0x0000000749000000, 0x0000000749000000| Untracked 
|  44|0x0000000749200000, 0x0000000749400000, 0x0000000749400000|100%| O|  |TAMS 0x0000000749200000, 0x0000000749200000| Untracked 
|  45|0x0000000749400000, 0x0000000749600000, 0x0000000749600000|100%| O|  |TAMS 0x0000000749400000, 0x0000000749400000| Untracked 
|  46|0x0000000749600000, 0x0000000749800000, 0x0000000749800000|100%| O|  |TAMS 0x0000000749600000, 0x0000000749600000| Untracked 
|  47|0x0000000749800000, 0x0000000749a00000, 0x0000000749a00000|100%| O|  |TAMS 0x0000000749800000, 0x0000000749800000| Untracked 
|  48|0x0000000749a00000, 0x0000000749b9c800, 0x0000000749c00000| 80%| O|  |TAMS 0x0000000749a00000, 0x0000000749a00000| Untracked 
|  49|0x0000000749c00000, 0x0000000749c00000, 0x0000000749e00000|  0%| F|  |TAMS 0x0000000749c00000, 0x0000000749c00000| Untracked 
|  50|0x0000000749e00000, 0x0000000749e00000, 0x000000074a000000|  0%| F|  |TAMS 0x0000000749e00000, 0x0000000749e00000| Untracked 
|  51|0x000000074a000000, 0x000000074a000000, 0x000000074a200000|  0%| F|  |TAMS 0x000000074a000000, 0x000000074a000000| Untracked 
|  52|0x000000074a200000, 0x000000074a200000, 0x000000074a400000|  0%| F|  |TAMS 0x000000074a200000, 0x000000074a200000| Untracked 
|  53|0x000000074a400000, 0x000000074a400000, 0x000000074a600000|  0%| F|  |TAMS 0x000000074a400000, 0x000000074a400000| Untracked 
|  54|0x000000074a600000, 0x000000074a600000, 0x000000074a800000|  0%| F|  |TAMS 0x000000074a600000, 0x000000074a600000| Untracked 
|  55|0x000000074a800000, 0x000000074a800000, 0x000000074aa00000|  0%| F|  |TAMS 0x000000074a800000, 0x000000074a800000| Untracked 
|  56|0x000000074aa00000, 0x000000074aa00000, 0x000000074ac00000|  0%| F|  |TAMS 0x000000074aa00000, 0x000000074aa00000| Untracked 
|  57|0x000000074ac00000, 0x000000074ac00000, 0x000000074ae00000|  0%| F|  |TAMS 0x000000074ac00000, 0x000000074ac00000| Untracked 
|  58|0x000000074ae00000, 0x000000074ae00000, 0x000000074b000000|  0%| F|  |TAMS 0x000000074ae00000, 0x000000074ae00000| Untracked 
|  59|0x000000074b000000, 0x000000074b000000, 0x000000074b200000|  0%| F|  |TAMS 0x000000074b000000, 0x000000074b000000| Untracked 
|  60|0x000000074b200000, 0x000000074b200000, 0x000000074b400000|  0%| F|  |TAMS 0x000000074b200000, 0x000000074b200000| Untracked 
|  61|0x000000074b400000, 0x000000074b400000, 0x000000074b600000|  0%| F|  |TAMS 0x000000074b400000, 0x000000074b400000| Untracked 
|  62|0x000000074b600000, 0x000000074b600000, 0x000000074b800000|  0%| F|  |TAMS 0x000000074b600000, 0x000000074b600000| Untracked 
|  63|0x000000074b800000, 0x000000074b800000, 0x000000074ba00000|  0%| F|  |TAMS 0x000000074b800000, 0x000000074b800000| Untracked 
|  64|0x000000074ba00000, 0x000000074ba00000, 0x000000074bc00000|  0%| F|  |TAMS 0x000000074ba00000, 0x000000074ba00000| Untracked 
|  65|0x000000074bc00000, 0x000000074bc00000, 0x000000074be00000|  0%| F|  |TAMS 0x000000074bc00000, 0x000000074bc00000| Untracked 
|  66|0x000000074be00000, 0x000000074be00000, 0x000000074c000000|  0%| F|  |TAMS 0x000000074be00000, 0x000000074be00000| Untracked 
|  67|0x000000074c000000, 0x000000074c000000, 0x000000074c200000|  0%| F|  |TAMS 0x000000074c000000, 0x000000074c000000| Untracked 
|  68|0x000000074c200000, 0x000000074c200000, 0x000000074c400000|  0%| F|  |TAMS 0x000000074c200000, 0x000000074c200000| Untracked 
|  69|0x000000074c400000, 0x000000074c400000, 0x000000074c600000|  0%| F|  |TAMS 0x000000074c400000, 0x000000074c400000| Untracked 
|  70|0x000000074c600000, 0x000000074c600000, 0x000000074c800000|  0%| F|  |TAMS 0x000000074c600000, 0x000000074c600000| Untracked 
|  71|0x000000074c800000, 0x000000074c800000, 0x000000074ca00000|  0%| F|  |TAMS 0x000000074c800000, 0x000000074c800000| Untracked 
|  72|0x000000074ca00000, 0x000000074ca00000, 0x000000074cc00000|  0%| F|  |TAMS 0x000000074ca00000, 0x000000074ca00000| Untracked 
|  73|0x000000074cc00000, 0x000000074cc00000, 0x000000074ce00000|  0%| F|  |TAMS 0x000000074cc00000, 0x000000074cc00000| Untracked 
|  74|0x000000074ce00000, 0x000000074ce00000, 0x000000074d000000|  0%| F|  |TAMS 0x000000074ce00000, 0x000000074ce00000| Untracked 
|  75|0x000000074d000000, 0x000000074d000000, 0x000000074d200000|  0%| F|  |TAMS 0x000000074d000000, 0x000000074d000000| Untracked 
|  76|0x000000074d200000, 0x000000074d200000, 0x000000074d400000|  0%| F|  |TAMS 0x000000074d200000, 0x000000074d200000| Untracked 
|  77|0x000000074d400000, 0x000000074d561f70, 0x000000074d600000| 69%| S|CS|TAMS 0x000000074d400000, 0x000000074d400000| Complete 
|  78|0x000000074d600000, 0x000000074d600000, 0x000000074d800000|  0%| F|  |TAMS 0x000000074d600000, 0x000000074d600000| Untracked 
|  79|0x000000074d800000, 0x000000074d800000, 0x000000074da00000|  0%| F|  |TAMS 0x000000074d800000, 0x000000074d800000| Untracked 
|  80|0x000000074da00000, 0x000000074da00000, 0x000000074dc00000|  0%| F|  |TAMS 0x000000074da00000, 0x000000074da00000| Untracked 
|  81|0x000000074dc00000, 0x000000074dc00000, 0x000000074de00000|  0%| F|  |TAMS 0x000000074dc00000, 0x000000074dc00000| Untracked 
|  82|0x000000074de00000, 0x000000074de00000, 0x000000074e000000|  0%| F|  |TAMS 0x000000074de00000, 0x000000074de00000| Untracked 
|  83|0x000000074e000000, 0x000000074e000000, 0x000000074e200000|  0%| F|  |TAMS 0x000000074e000000, 0x000000074e000000| Untracked 
|  84|0x000000074e200000, 0x000000074e200000, 0x000000074e400000|  0%| F|  |TAMS 0x000000074e200000, 0x000000074e200000| Untracked 
|  85|0x000000074e400000, 0x000000074e400000, 0x000000074e600000|  0%| F|  |TAMS 0x000000074e400000, 0x000000074e400000| Untracked 
|  86|0x000000074e600000, 0x000000074e600000, 0x000000074e800000|  0%| F|  |TAMS 0x000000074e600000, 0x000000074e600000| Untracked 
|  87|0x000000074e800000, 0x000000074e800000, 0x000000074ea00000|  0%| F|  |TAMS 0x000000074e800000, 0x000000074e800000| Untracked 
|  88|0x000000074ea00000, 0x000000074ea00000, 0x000000074ec00000|  0%| F|  |TAMS 0x000000074ea00000, 0x000000074ea00000| Untracked 
|  89|0x000000074ec00000, 0x000000074ec00000, 0x000000074ee00000|  0%| F|  |TAMS 0x000000074ec00000, 0x000000074ec00000| Untracked 
|  90|0x000000074ee00000, 0x000000074ee00000, 0x000000074f000000|  0%| F|  |TAMS 0x000000074ee00000, 0x000000074ee00000| Untracked 
|  91|0x000000074f000000, 0x000000074f000000, 0x000000074f200000|  0%| F|  |TAMS 0x000000074f000000, 0x000000074f000000| Untracked 
|  92|0x000000074f200000, 0x000000074f200000, 0x000000074f400000|  0%| F|  |TAMS 0x000000074f200000, 0x000000074f200000| Untracked 
|  93|0x000000074f400000, 0x000000074f400000, 0x000000074f600000|  0%| F|  |TAMS 0x000000074f400000, 0x000000074f400000| Untracked 
|  94|0x000000074f600000, 0x000000074f600000, 0x000000074f800000|  0%| F|  |TAMS 0x000000074f600000, 0x000000074f600000| Untracked 

Card table byte_map: [0x0000023fc3580000,0x0000023fc3b70000] _byte_map_base: 0x0000023fbfb63000

Marking Bits (Prev, Next): (CMBitMap*) 0x0000023fac741ef0, (CMBitMap*) 0x0000023fac741eb0
 Prev Bits: [0x0000023fc7080000, 0x0000023fc9f98000)
 Next Bits: [0x0000023fc4160000, 0x0000023fc7078000)

Polling page: 0x0000023fabe40000

Metaspace:

Usage:
  Non-class:     77.53 MB used.
      Class:     12.17 MB used.
       Both:     89.70 MB used.

Virtual space:
  Non-class space:      128.00 MB reserved,      77.81 MB ( 61%) committed,  2 nodes.
      Class space:        1.00 GB reserved,      12.44 MB (  1%) committed,  1 nodes.
             Both:        1.12 GB reserved,      90.25 MB (  8%) committed. 

Chunk freelists:
   Non-Class:  2.01 MB
       Class:  3.45 MB
        Both:  5.46 MB

MaxMetaspaceSize: unlimited
CompressedClassSpaceSize: 1.00 GB
Initial GC threshold: 21.00 MB
Current GC threshold: 150.44 MB
CDS: on
MetaspaceReclaimPolicy: balanced
 - commit_granule_bytes: 65536.
 - commit_granule_words: 8192.
 - virtual_space_node_default_size: 8388608.
 - enlarge_chunks_in_place: 1.
 - new_chunks_are_fully_committed: 0.
 - uncommit_free_chunks: 1.
 - use_allocation_guard: 0.
 - handle_deallocations: 1.


Internal statistics:

num_allocs_failed_limit: 12.
num_arena_births: 878.
num_arena_deaths: 4.
num_vsnodes_births: 3.
num_vsnodes_deaths: 0.
num_space_committed: 1444.
num_space_uncommitted: 0.
num_chunks_returned_to_freelist: 18.
num_chunks_taken_from_freelist: 4121.
num_chunk_merges: 13.
num_chunk_splits: 3017.
num_chunks_enlarged: 2385.
num_inconsistent_stats: 0.

CodeHeap 'non-profiled nmethods': size=120000Kb used=6426Kb max_used=6426Kb free=113573Kb
 bounds [0x0000023fbba60000, 0x0000023fbc0b0000, 0x0000023fc2f90000]
CodeHeap 'profiled nmethods': size=120000Kb used=16623Kb max_used=16623Kb free=103377Kb
 bounds [0x0000023fb3f90000, 0x0000023fb4fd0000, 0x0000023fbb4c0000]
CodeHeap 'non-nmethods': size=5760Kb used=1414Kb max_used=1466Kb free=4345Kb
 bounds [0x0000023fbb4c0000, 0x0000023fbb730000, 0x0000023fbba60000]
 total_blobs=9241 nmethods=8500 adapters=652
 compilation: enabled
              stopped_count=0, restarted_count=0
 full_count=0

Compilation events (20 events):
Event: 21.805 Thread 0x0000024012bd1040 nmethod 9969 0x0000023fbc0a6410 code [0x0000023fbc0a6580, 0x0000023fbc0a6618]
Event: 21.805 Thread 0x0000024012bd1040 10001   !   4       org.antlr.v4.runtime.atn.ATNSimulator::getCachedContext (43 bytes)
Event: 21.831 Thread 0x0000023fcc491450 10010       2       org.antlr.v4.runtime.atn.EmptyPredictionContext::getReturnState (5 bytes)
Event: 21.831 Thread 0x0000023fcc491450 nmethod 10010 0x0000023fb4fc9410 code [0x0000023fb4fc95a0, 0x0000023fb4fc96b8]
Event: 21.864 Thread 0x0000023fcc491450 10011       2       org.antlr.v4.runtime.Lexer::getLine (11 bytes)
Event: 21.864 Thread 0x0000023fcc491450 nmethod 10011 0x0000023fb4fc9790 code [0x0000023fb4fc9920, 0x0000023fb4fc9a78]
Event: 21.864 Thread 0x0000023fcc491450 10016       2       org.antlr.v4.runtime.atn.LexerATNSimulator::execATN (131 bytes)
Event: 21.865 Thread 0x0000023fcc491450 nmethod 10016 0x0000023fb4fc9b90 code [0x0000023fb4fc9da0, 0x0000023fb4fca348]
Event: 21.865 Thread 0x0000023fcc491450 10013   !   2       org.antlr.v4.runtime.Lexer::nextToken (249 bytes)
Event: 21.865 Thread 0x0000023fcc491450 nmethod 10013 0x0000023fb4fca710 code [0x0000023fb4fca960, 0x0000023fb4fcb1b8]
Event: 21.865 Thread 0x0000023fcc491450 10014       2       org.antlr.v4.runtime.atn.LexerATNSimulator::failOrAccept (86 bytes)
Event: 21.866 Thread 0x0000023fcc491450 nmethod 10014 0x0000023fb4fcb910 code [0x0000023fb4fcbae0, 0x0000023fb4fcbdb8]
Event: 21.866 Thread 0x0000023fcc491450 10015       2       org.antlr.v4.runtime.atn.LexerATNSimulator::accept (42 bytes)
Event: 21.866 Thread 0x0000023fcc491450 nmethod 10015 0x0000023fb4fcbf90 code [0x0000023fb4fcc140, 0x0000023fb4fcc2e8]
Event: 21.866 Thread 0x0000023fcc491450 10012       2       org.antlr.v4.runtime.Lexer::getCharPositionInLine (11 bytes)
Event: 21.866 Thread 0x0000023fcc491450 nmethod 10012 0x0000023fb4fcc410 code [0x0000023fb4fcc5a0, 0x0000023fb4fcc6f8]
Event: 21.866 Thread 0x0000023fcc491450 10018       2       org.antlr.v4.runtime.CodePointCharStream::release (1 bytes)
Event: 21.866 Thread 0x0000023fcc491450 nmethod 10018 0x0000023fb4bd6010 code [0x0000023fb4bd61a0, 0x0000023fb4bd6298]
Event: 21.866 Thread 0x0000023fcc491450 10017       1       org.antlr.v4.runtime.atn.LexerSkipAction::isPositionDependent (2 bytes)
Event: 21.866 Thread 0x0000023fcc491450 nmethod 10017 0x0000023fbc0a6710 code [0x0000023fbc0a68a0, 0x0000023fbc0a6978]

GC Heap History (20 events):
Event: 19.418 GC heap after
{Heap after GC invocations=29 (full 0):
 garbage-first heap   total 92160K, used 51574K [0x0000000743a00000, 0x0000000800000000)
  region size 2048K, 2 young (4096K), 2 survivors (4096K)
 Metaspace       used 88048K, committed 88640K, reserved 1179648K
  class space    used 11824K, committed 12096K, reserved 1048576K
}
Event: 19.849 GC heap before
{Heap before GC invocations=30 (full 0):
 garbage-first heap   total 100352K, used 72054K [0x0000000743a00000, 0x0000000800000000)
  region size 2048K, 13 young (26624K), 2 survivors (4096K)
 Metaspace       used 89799K, committed 90432K, reserved 1179648K
  class space    used 12201K, committed 12480K, reserved 1048576K
}
Event: 19.858 GC heap after
{Heap after GC invocations=31 (full 0):
 garbage-first heap   total 100352K, used 56854K [0x0000000743a00000, 0x0000000800000000)
  region size 2048K, 2 young (4096K), 2 survivors (4096K)
 Metaspace       used 89799K, committed 90432K, reserved 1179648K
  class space    used 12201K, committed 12480K, reserved 1048576K
}
Event: 20.048 GC heap before
{Heap before GC invocations=31 (full 0):
 garbage-first heap   total 100352K, used 79382K [0x0000000743a00000, 0x0000000800000000)
  region size 2048K, 13 young (26624K), 2 survivors (4096K)
 Metaspace       used 89822K, committed 90432K, reserved 1179648K
  class space    used 12201K, committed 12480K, reserved 1048576K
}
Event: 20.055 GC heap after
{Heap after GC invocations=32 (full 0):
 garbage-first heap   total 120832K, used 57830K [0x0000000743a00000, 0x0000000800000000)
  region size 2048K, 1 young (2048K), 1 survivors (2048K)
 Metaspace       used 89822K, committed 90432K, reserved 1179648K
  class space    used 12201K, committed 12480K, reserved 1048576K
}
Event: 20.873 GC heap before
{Heap before GC invocations=33 (full 0):
 garbage-first heap   total 120832K, used 92646K [0x0000000743a00000, 0x0000000800000000)
  region size 2048K, 18 young (36864K), 1 survivors (2048K)
 Metaspace       used 91433K, committed 92032K, reserved 1179648K
  class space    used 12404K, committed 12672K, reserved 1048576K
}
Event: 20.876 GC heap after
{Heap after GC invocations=34 (full 0):
 garbage-first heap   total 120832K, used 57991K [0x0000000743a00000, 0x0000000800000000)
  region size 2048K, 1 young (2048K), 1 survivors (2048K)
 Metaspace       used 91433K, committed 92032K, reserved 1179648K
  class space    used 12404K, committed 12672K, reserved 1048576K
}
Event: 21.206 GC heap before
{Heap before GC invocations=34 (full 0):
 garbage-first heap   total 120832K, used 94855K [0x0000000743a00000, 0x0000000800000000)
  region size 2048K, 19 young (38912K), 1 survivors (2048K)
 Metaspace       used 91833K, committed 92416K, reserved 1179648K
  class space    used 12456K, committed 12736K, reserved 1048576K
}
Event: 21.217 GC heap after
{Heap after GC invocations=35 (full 0):
 garbage-first heap   total 120832K, used 68731K [0x0000000743a00000, 0x0000000800000000)
  region size 2048K, 3 young (6144K), 3 survivors (6144K)
 Metaspace       used 91833K, committed 92416K, reserved 1179648K
  class space    used 12456K, committed 12736K, reserved 1048576K
}
Event: 21.334 GC heap before
{Heap before GC invocations=35 (full 0):
 garbage-first heap   total 120832K, used 91259K [0x0000000743a00000, 0x0000000800000000)
  region size 2048K, 15 young (30720K), 3 survivors (6144K)
 Metaspace       used 91834K, committed 92416K, reserved 1179648K
  class space    used 12456K, committed 12736K, reserved 1048576K
}
Event: 21.348 GC heap after
{Heap after GC invocations=36 (full 0):
 garbage-first heap   total 120832K, used 78555K [0x0000000743a00000, 0x0000000800000000)
  region size 2048K, 2 young (4096K), 2 survivors (4096K)
 Metaspace       used 91834K, committed 92416K, reserved 1179648K
  class space    used 12456K, committed 12736K, reserved 1048576K
}
Event: 21.448 GC heap before
{Heap before GC invocations=37 (full 0):
 garbage-first heap   total 137216K, used 92891K [0x0000000743a00000, 0x0000000800000000)
  region size 2048K, 9 young (18432K), 2 survivors (4096K)
 Metaspace       used 91835K, committed 92416K, reserved 1179648K
  class space    used 12457K, committed 12736K, reserved 1048576K
}
Event: 21.457 GC heap after
{Heap after GC invocations=38 (full 0):
 garbage-first heap   total 137216K, used 80480K [0x0000000743a00000, 0x0000000800000000)
  region size 2048K, 1 young (2048K), 1 survivors (2048K)
 Metaspace       used 91835K, committed 92416K, reserved 1179648K
  class space    used 12457K, committed 12736K, reserved 1048576K
}
Event: 21.562 GC heap before
{Heap before GC invocations=38 (full 0):
 garbage-first heap   total 137216K, used 105056K [0x0000000743a00000, 0x0000000800000000)
  region size 2048K, 13 young (26624K), 1 survivors (2048K)
 Metaspace       used 91849K, committed 92416K, reserved 1179648K
  class space    used 12459K, committed 12736K, reserved 1048576K
}
Event: 21.568 GC heap after
{Heap after GC invocations=39 (full 0):
 garbage-first heap   total 137216K, used 84501K [0x0000000743a00000, 0x0000000800000000)
  region size 2048K, 2 young (4096K), 2 survivors (4096K)
 Metaspace       used 91849K, committed 92416K, reserved 1179648K
  class space    used 12459K, committed 12736K, reserved 1048576K
}
Event: 21.728 GC heap before
{Heap before GC invocations=39 (full 0):
 garbage-first heap   total 137216K, used 107029K [0x0000000743a00000, 0x0000000800000000)
  region size 2048K, 13 young (26624K), 2 survivors (4096K)
 Metaspace       used 91849K, committed 92416K, reserved 1179648K
  class space    used 12459K, committed 12736K, reserved 1048576K
}
Event: 21.740 GC heap after
{Heap after GC invocations=40 (full 0):
 garbage-first heap   total 137216K, used 93060K [0x0000000743a00000, 0x0000000800000000)
  region size 2048K, 2 young (4096K), 2 survivors (4096K)
 Metaspace       used 91849K, committed 92416K, reserved 1179648K
  class space    used 12459K, committed 12736K, reserved 1048576K
}
Event: 21.893 GC heap before
{Heap before GC invocations=41 (full 0):
 garbage-first heap   total 161792K, used 107396K [0x0000000743a00000, 0x0000000800000000)
  region size 2048K, 9 young (18432K), 2 survivors (4096K)
 Metaspace       used 91852K, committed 92416K, reserved 1179648K
  class space    used 12458K, committed 12736K, reserved 1048576K
}
Event: 21.902 GC heap after
{Heap after GC invocations=42 (full 0):
 garbage-first heap   total 161792K, used 98629K [0x0000000743a00000, 0x0000000800000000)
  region size 2048K, 2 young (4096K), 2 survivors (4096K)
 Metaspace       used 91852K, committed 92416K, reserved 1179648K
  class space    used 12458K, committed 12736K, reserved 1048576K
}
Event: 21.907 GC heap before
{Heap before GC invocations=42 (full 0):
 garbage-first heap   total 161792K, used 100677K [0x0000000743a00000, 0x0000000800000000)
  region size 2048K, 3 young (6144K), 2 survivors (4096K)
 Metaspace       used 91852K, committed 92416K, reserved 1179648K
  class space    used 12458K, committed 12736K, reserved 1048576K
}

Deoptimization events (20 events):
Event: 21.442 Thread 0x00000240127fcb30 DEOPT PACKING pc=0x0000023fbc00d01c sp=0x000000c115af87a0
Event: 21.442 Thread 0x00000240127fcb30 DEOPT UNPACKING pc=0x0000023fbb515ba3 sp=0x000000c115af8780 mode 2
Event: 21.442 Thread 0x00000240127fcb30 Uncommon trap: trap_request=0xffffffde fr.pc=0x0000023fbc00d01c relative=0x0000000000000b7c
Event: 21.442 Thread 0x00000240127fcb30 Uncommon trap: reason=class_check action=maybe_recompile pc=0x0000023fbc00d01c method=org.antlr.v4.runtime.atn.PredictionContext.merge(Lorg/antlr/v4/runtime/atn/PredictionContext;Lorg/antlr/v4/runtime/atn/PredictionContext;ZLorg/antlr/v4/runtime/misc/Doub
Event: 21.447 Thread 0x00000240127fcb30 DEOPT PACKING pc=0x0000023fbc00d01c sp=0x000000c115af91a0
Event: 21.447 Thread 0x00000240127fcb30 DEOPT UNPACKING pc=0x0000023fbb515ba3 sp=0x000000c115af9180 mode 2
Event: 21.510 Thread 0x00000240127fcb30 Uncommon trap: trap_request=0xffffffde fr.pc=0x0000023fbc00d01c relative=0x0000000000000b7c
Event: 21.510 Thread 0x00000240127fcb30 Uncommon trap: reason=class_check action=maybe_recompile pc=0x0000023fbc00d01c method=org.antlr.v4.runtime.atn.PredictionContext.merge(Lorg/antlr/v4/runtime/atn/PredictionContext;Lorg/antlr/v4/runtime/atn/PredictionContext;ZLorg/antlr/v4/runtime/misc/Doub
Event: 21.510 Thread 0x00000240127fcb30 DEOPT PACKING pc=0x0000023fbc00d01c sp=0x000000c115af9140
Event: 21.510 Thread 0x00000240127fcb30 DEOPT UNPACKING pc=0x0000023fbb515ba3 sp=0x000000c115af9120 mode 2
Event: 21.703 Thread 0x00000240127fcb30 DEOPT PACKING pc=0x0000023fb4fb04fd sp=0x000000c115afa6b0
Event: 21.703 Thread 0x00000240127fcb30 DEOPT UNPACKING pc=0x0000023fbb5166e3 sp=0x000000c115af9ba8 mode 0
Event: 21.717 Thread 0x00000240127fcb30 Uncommon trap: trap_request=0xffffffbe fr.pc=0x0000023fbc092010 relative=0x0000000000005d10
Event: 21.717 Thread 0x00000240127fcb30 Uncommon trap: reason=profile_predicate action=maybe_recompile pc=0x0000023fbc092010 method=org.antlr.v4.runtime.atn.PredictionContext.getCachedContext(Lorg/antlr/v4/runtime/atn/PredictionContext;Lorg/antlr/v4/runtime/atn/PredictionContextCache;Ljava/util
Event: 21.717 Thread 0x00000240127fcb30 DEOPT PACKING pc=0x0000023fbc092010 sp=0x000000c115afa470
Event: 21.718 Thread 0x00000240127fcb30 DEOPT UNPACKING pc=0x0000023fbb515ba3 sp=0x000000c115afa480 mode 2
Event: 21.718 Thread 0x00000240127fcb30 Uncommon trap: trap_request=0xffffffbe fr.pc=0x0000023fbc09265c relative=0x000000000000635c
Event: 21.718 Thread 0x00000240127fcb30 Uncommon trap: reason=profile_predicate action=maybe_recompile pc=0x0000023fbc09265c method=org.antlr.v4.runtime.atn.PredictionContext.getCachedContext(Lorg/antlr/v4/runtime/atn/PredictionContext;Lorg/antlr/v4/runtime/atn/PredictionContextCache;Ljava/util
Event: 21.718 Thread 0x00000240127fcb30 DEOPT PACKING pc=0x0000023fbc09265c sp=0x000000c115afa470
Event: 21.718 Thread 0x00000240127fcb30 DEOPT UNPACKING pc=0x0000023fbb515ba3 sp=0x000000c115afa3e0 mode 2

Classes unloaded (2 events):
Event: 21.744 Thread 0x0000023fcc46c5c0 Unloading class 0x0000023fcec88c00 'jdk/internal/reflect/GeneratedSerializationConstructorAccessor2'
Event: 21.744 Thread 0x0000023fcc46c5c0 Unloading class 0x0000023fcec88800 'jdk/internal/reflect/GeneratedSerializationConstructorAccessor1'

Classes redefined (0 events):
No events

Internal exceptions (20 events):
Event: 17.426 Thread 0x00000240127fcb30 Exception <a 'java/lang/reflect/InvocationTargetException'{0x000000074a6c8548}> (0x000000074a6c8548) 
thrown [s\open\src\hotspot\share\runtime\reflection.cpp, line 1121]
Event: 17.844 Thread 0x00000240127fcb30 Exception <a 'java/lang/NoSuchMethodError'{0x000000074793cdc8}: 'void java.lang.invoke.DirectMethodHandle$Holder.invokeVirtual(java.lang.Object, java.lang.Object, java.lang.Object, java.lang.Object)'> (0x000000074793cdc8) 
thrown [s\open\src\hotspot\share\interpreter\linkResolver.cpp, line 759]
Event: 17.947 Thread 0x00000240127fcb30 Exception <a 'sun/nio/fs/WindowsException'{0x000000074a7040f8}> (0x000000074a7040f8) 
thrown [s\open\src\hotspot\share\prims\jni.cpp, line 516]
Event: 18.385 Thread 0x00000240127fcb30 Exception <a 'java/lang/NoSuchMethodError'{0x0000000747d018c0}: 'long java.lang.invoke.DirectMethodHandle$Holder.invokeVirtual(java.lang.Object, java.lang.Object)'> (0x0000000747d018c0) 
thrown [s\open\src\hotspot\share\interpreter\linkResolver.cpp, line 759]
Event: 18.393 Thread 0x00000240127fcb30 Exception <a 'java/io/FileNotFoundException'{0x0000000747d2d080}> (0x0000000747d2d080) 
thrown [s\open\src\hotspot\share\prims\jni.cpp, line 516]
Event: 18.961 Thread 0x00000240127fcb30 Exception <a 'java/lang/reflect/InvocationTargetException'{0x000000074a1668c8}> (0x000000074a1668c8) 
thrown [s\open\src\hotspot\share\runtime\reflection.cpp, line 1121]
Event: 20.492 Thread 0x00000240127fcb30 Exception <a 'java/lang/reflect/InvocationTargetException'{0x00000007498119b8}> (0x00000007498119b8) 
thrown [s\open\src\hotspot\share\runtime\reflection.cpp, line 1121]
Event: 20.497 Thread 0x00000240127fcb30 Exception <a 'java/lang/reflect/InvocationTargetException'{0x000000074982d670}> (0x000000074982d670) 
thrown [s\open\src\hotspot\share\runtime\reflection.cpp, line 1121]
Event: 20.505 Thread 0x00000240127fcb30 Exception <a 'java/lang/reflect/InvocationTargetException'{0x000000074983cfa8}> (0x000000074983cfa8) 
thrown [s\open\src\hotspot\share\runtime\reflection.cpp, line 1121]
Event: 20.791 Thread 0x00000240127fcb30 Exception <a 'java/lang/reflect/InvocationTargetException'{0x0000000749593780}> (0x0000000749593780) 
thrown [s\open\src\hotspot\share\runtime\reflection.cpp, line 1121]
Event: 20.804 Thread 0x00000240127fcb30 Exception <a 'java/lang/reflect/InvocationTargetException'{0x00000007495bcdb8}> (0x00000007495bcdb8) 
thrown [s\open\src\hotspot\share\runtime\reflection.cpp, line 1121]
Event: 20.842 Thread 0x00000240127fcb30 Exception <a 'java/lang/reflect/InvocationTargetException'{0x0000000749124930}> (0x0000000749124930) 
thrown [s\open\src\hotspot\share\runtime\reflection.cpp, line 1121]
Event: 20.899 Thread 0x00000240127fcb30 Exception <a 'java/io/FileNotFoundException'{0x000000074f6b4b00}> (0x000000074f6b4b00) 
thrown [s\open\src\hotspot\share\prims\jni.cpp, line 516]
Event: 20.900 Thread 0x00000240127fcb30 Exception <a 'java/io/FileNotFoundException'{0x000000074f6bfe78}> (0x000000074f6bfe78) 
thrown [s\open\src\hotspot\share\prims\jni.cpp, line 516]
Event: 20.938 Thread 0x00000240127fcb30 Exception <a 'java/lang/NoSuchMethodError'{0x000000074ac61aa0}: 'int java.lang.invoke.DirectMethodHandle$Holder.invokeStaticInit(java.lang.Object, int, java.lang.Object, java.lang.Object, java.lang.Object, java.lang.Object)'> (0x000000074ac61aa0) 
thrown [s\open\src\hotspot\share\interpreter\linkResolver.cpp, line 759]
Event: 21.044 Thread 0x00000240127fcb30 Exception <a 'java/lang/reflect/InvocationTargetException'{0x000000074a926130}> (0x000000074a926130) 
thrown [s\open\src\hotspot\share\runtime\reflection.cpp, line 1121]
Event: 21.047 Thread 0x00000240127fcb30 Exception <a 'java/lang/reflect/InvocationTargetException'{0x000000074a92fbe0}> (0x000000074a92fbe0) 
thrown [s\open\src\hotspot\share\runtime\reflection.cpp, line 1121]
Event: 21.050 Thread 0x00000240127fcb30 Exception <a 'java/lang/reflect/InvocationTargetException'{0x000000074a939628}> (0x000000074a939628) 
thrown [s\open\src\hotspot\share\runtime\reflection.cpp, line 1121]
Event: 21.052 Thread 0x00000240127fcb30 Exception <a 'java/lang/reflect/InvocationTargetException'{0x000000074a9452a0}> (0x000000074a9452a0) 
thrown [s\open\src\hotspot\share\runtime\reflection.cpp, line 1121]
Event: 21.058 Thread 0x00000240127fcb30 Exception <a 'java/lang/reflect/InvocationTargetException'{0x000000074a962850}> (0x000000074a962850) 
thrown [s\open\src\hotspot\share\runtime\reflection.cpp, line 1121]

VM Operations (20 events):
Event: 21.217 Executing VM operation: G1CollectForAllocation done
Event: 21.334 Executing VM operation: G1CollectForAllocation
Event: 21.348 Executing VM operation: G1CollectForAllocation done
Event: 21.358 Executing VM operation: G1Concurrent
Event: 21.364 Executing VM operation: G1Concurrent done
Event: 21.434 Executing VM operation: G1Concurrent
Event: 21.434 Executing VM operation: G1Concurrent done
Event: 21.448 Executing VM operation: G1CollectForAllocation
Event: 21.457 Executing VM operation: G1CollectForAllocation done
Event: 21.562 Executing VM operation: G1CollectForAllocation
Event: 21.568 Executing VM operation: G1CollectForAllocation done
Event: 21.728 Executing VM operation: G1CollectForAllocation
Event: 21.740 Executing VM operation: G1CollectForAllocation done
Event: 21.744 Executing VM operation: G1Concurrent
Event: 21.759 Executing VM operation: G1Concurrent done
Event: 21.850 Executing VM operation: G1Concurrent
Event: 21.862 Executing VM operation: G1Concurrent done
Event: 21.882 Executing VM operation: G1CollectForAllocation
Event: 21.902 Executing VM operation: G1CollectForAllocation done
Event: 21.907 Executing VM operation: G1CollectForAllocation

Events (20 events):
Event: 18.995 loading class java/util/EmptyStackException
Event: 18.995 loading class java/util/EmptyStackException done
Event: 19.153 loading class java/io/InvalidClassException
Event: 19.153 loading class java/io/InvalidClassException done
Event: 19.653 Thread 0x0000023fcc493070 flushing nmethod 0x0000023fb400d090
Event: 19.654 Thread 0x0000023fcc493070 flushing nmethod 0x0000023fb4166990
Event: 19.654 Thread 0x0000023fcc493070 flushing nmethod 0x0000023fb4182d10
Event: 19.654 Thread 0x0000023fcc493070 flushing nmethod 0x0000023fb41df710
Event: 19.654 Thread 0x0000023fcc493070 flushing nmethod 0x0000023fb4217590
Event: 19.654 Thread 0x0000023fcc493070 flushing nmethod 0x0000023fb4248b10
Event: 19.656 Thread 0x0000023fcc493070 flushing nmethod 0x0000023fb4433610
Event: 19.656 Thread 0x0000023fcc493070 flushing nmethod 0x0000023fb4509190
Event: 20.966 loading class sun/reflect/ReflectionFactory
Event: 20.967 loading class sun/reflect/ReflectionFactory done
Event: 20.967 loading class sun/reflect/ReflectionFactory$1
Event: 20.967 loading class sun/reflect/ReflectionFactory$1 done
Event: 20.967 loading class java/io/OptionalDataException
Event: 20.967 loading class java/io/OptionalDataException done
Event: 20.968 loading class jdk/internal/reflect/SerializationConstructorAccessorImpl
Event: 20.968 loading class jdk/internal/reflect/SerializationConstructorAccessorImpl done


Dynamic libraries:
0x00007ff7b7500000 - 0x00007ff7b7510000 	C:\Program Files\Java\jdk-17\bin\java.exe
0x00007ffea7aa0000 - 0x00007ffea7d03000 	C:\WINDOWS\SYSTEM32\ntdll.dll
0x00007ffea6070000 - 0x00007ffea6137000 	C:\WINDOWS\System32\KERNEL32.DLL
0x00007ffea52b0000 - 0x00007ffea5679000 	C:\WINDOWS\System32\KERNELBASE.dll
0x00007ffea5680000 - 0x00007ffea57cc000 	C:\WINDOWS\System32\ucrtbase.dll
0x00007ffe92200000 - 0x00007ffe92219000 	C:\Program Files\Java\jdk-17\bin\jli.dll
0x00007ffea73c0000 - 0x00007ffea7472000 	C:\WINDOWS\System32\ADVAPI32.dll
0x00007ffea6930000 - 0x00007ffea69d9000 	C:\WINDOWS\System32\msvcrt.dll
0x00007ffea74e0000 - 0x00007ffea7586000 	C:\WINDOWS\System32\sechost.dll
0x00007ffea69e0000 - 0x00007ffea6af6000 	C:\WINDOWS\System32\RPCRT4.dll
0x00007ffe87fe0000 - 0x00007ffe87ffb000 	C:\Program Files\Java\jdk-17\bin\VCRUNTIME140.dll
0x00007ffea6150000 - 0x00007ffea631a000 	C:\WINDOWS\System32\USER32.dll
0x00007ffea57d0000 - 0x00007ffea57f7000 	C:\WINDOWS\System32\win32u.dll
0x00007ffea7980000 - 0x00007ffea79aa000 	C:\WINDOWS\System32\GDI32.dll
0x00007ffe87600000 - 0x00007ffe87890000 	C:\WINDOWS\WinSxS\amd64_microsoft.windows.common-controls_6595b64144ccf1df_6.0.26100.3323_none_3e088096e3344490\COMCTL32.dll
0x00007ffea4eb0000 - 0x00007ffea4fe1000 	C:\WINDOWS\System32\gdi32full.dll
0x00007ffea5080000 - 0x00007ffea5123000 	C:\WINDOWS\System32\msvcp_win.dll
0x00007ffe9bce0000 - 0x00007ffe9bceb000 	C:\WINDOWS\SYSTEM32\VERSION.dll
0x00007ffea59b0000 - 0x00007ffea59df000 	C:\WINDOWS\System32\IMM32.DLL
0x00007ffe9f840000 - 0x00007ffe9f84c000 	C:\Program Files\Java\jdk-17\bin\vcruntime140_1.dll
0x00007ffe69a30000 - 0x00007ffe69abe000 	C:\Program Files\Java\jdk-17\bin\msvcp140.dll
0x00007ffe46e40000 - 0x00007ffe47a20000 	C:\Program Files\Java\jdk-17\bin\server\jvm.dll
0x00007ffea75a0000 - 0x00007ffea75a8000 	C:\WINDOWS\System32\PSAPI.DLL
0x00007ffe8ef50000 - 0x00007ffe8ef86000 	C:\WINDOWS\SYSTEM32\WINMM.dll
0x00007ffe83410000 - 0x00007ffe8341a000 	C:\WINDOWS\SYSTEM32\WSOCK32.dll
0x00007ffea5b50000 - 0x00007ffea5bc4000 	C:\WINDOWS\System32\WS2_32.dll
0x00007ffea3aa0000 - 0x00007ffea3aba000 	C:\WINDOWS\SYSTEM32\kernel.appcore.dll
0x00007ffe9f810000 - 0x00007ffe9f81a000 	C:\Program Files\Java\jdk-17\bin\jimage.dll
0x00007ffea23e0000 - 0x00007ffea2621000 	C:\WINDOWS\SYSTEM32\DBGHELP.DLL
0x00007ffea5c50000 - 0x00007ffea5fd2000 	C:\WINDOWS\System32\combase.dll
0x00007ffea6850000 - 0x00007ffea6926000 	C:\WINDOWS\System32\OLEAUT32.dll
0x00007ffe88ea0000 - 0x00007ffe88ed9000 	C:\WINDOWS\SYSTEM32\dbgcore.DLL
0x00007ffea4ca0000 - 0x00007ffea4d39000 	C:\WINDOWS\System32\bcryptPrimitives.dll
0x00007ffe9f410000 - 0x00007ffe9f41e000 	C:\Program Files\Java\jdk-17\bin\instrument.dll
0x00007ffe7d2b0000 - 0x00007ffe7d2d5000 	C:\Program Files\Java\jdk-17\bin\java.dll
0x00007ffe67e10000 - 0x00007ffe67ee7000 	C:\Program Files\Java\jdk-17\bin\jsvml.dll
0x00007ffea6ca0000 - 0x00007ffea73b5000 	C:\WINDOWS\System32\SHELL32.dll
0x00007ffea4d40000 - 0x00007ffea4ea8000 	C:\WINDOWS\System32\wintypes.dll
0x00007ffea2960000 - 0x00007ffea31a5000 	C:\WINDOWS\SYSTEM32\windows.storage.dll
0x00007ffea58c0000 - 0x00007ffea59ab000 	C:\WINDOWS\System32\SHCORE.dll
0x00007ffea7480000 - 0x00007ffea74dd000 	C:\WINDOWS\System32\shlwapi.dll
0x00007ffea4bb0000 - 0x00007ffea4bdf000 	C:\WINDOWS\SYSTEM32\profapi.dll
0x00007ffe87a60000 - 0x00007ffe87a78000 	C:\Program Files\Java\jdk-17\bin\zip.dll
0x00007ffe87a20000 - 0x00007ffe87a39000 	C:\Program Files\Java\jdk-17\bin\net.dll
0x00007ffe98790000 - 0x00007ffe988ae000 	C:\WINDOWS\SYSTEM32\WINHTTP.dll
0x00007ffea3fe0000 - 0x00007ffea404a000 	C:\WINDOWS\system32\mswsock.dll
0x00007ffe7d270000 - 0x00007ffe7d286000 	C:\Program Files\Java\jdk-17\bin\nio.dll
0x00007ffe7b5f0000 - 0x00007ffe7b60a000 	C:\Program Files\JetBrains\IntelliJ IDEA Community Edition 2024.2.2\bin\breakgen64.dll
0x00007ffe9ee80000 - 0x00007ffe9ee8a000 	C:\Program Files\Java\jdk-17\bin\management.dll
0x00007ffe921f0000 - 0x00007ffe921fb000 	C:\Program Files\Java\jdk-17\bin\management_ext.dll
0x00007ffe7d260000 - 0x00007ffe7d26e000 	C:\Program Files\Java\jdk-17\bin\sunmscapi.dll
0x00007ffea5130000 - 0x00007ffea52a7000 	C:\WINDOWS\System32\CRYPT32.dll
0x00007ffea4480000 - 0x00007ffea44b0000 	C:\WINDOWS\SYSTEM32\ncrypt.dll
0x00007ffea4430000 - 0x00007ffea446f000 	C:\WINDOWS\SYSTEM32\NTASN1.dll
0x00007ffea4280000 - 0x00007ffea429c000 	C:\WINDOWS\SYSTEM32\CRYPTSP.dll
0x00007ffea3a00000 - 0x00007ffea3a3a000 	C:\WINDOWS\system32\rsaenh.dll
0x00007ffea4080000 - 0x00007ffea40ab000 	C:\WINDOWS\SYSTEM32\USERENV.dll
0x00007ffea44c0000 - 0x00007ffea44e6000 	C:\WINDOWS\SYSTEM32\bcrypt.dll
0x00007ffea42a0000 - 0x00007ffea42ac000 	C:\WINDOWS\SYSTEM32\CRYPTBASE.dll
0x00007ffea3500000 - 0x00007ffea3533000 	C:\WINDOWS\SYSTEM32\IPHLPAPI.DLL
0x00007ffea6140000 - 0x00007ffea614a000 	C:\WINDOWS\System32\NSI.dll
0x00007ffe984d0000 - 0x00007ffe984ef000 	C:\WINDOWS\SYSTEM32\dhcpcsvc6.DLL
0x00007ffe98430000 - 0x00007ffe98455000 	C:\WINDOWS\SYSTEM32\dhcpcsvc.DLL
0x00007ffea35a0000 - 0x00007ffea36c5000 	C:\WINDOWS\SYSTEM32\DNSAPI.dll
0x00007ffe92640000 - 0x00007ffe9264b000 	C:\Windows\System32\rasadhlp.dll
0x00007ffe96ef0000 - 0x00007ffe96f75000 	C:\WINDOWS\System32\fwpuclnt.dll
0x00007ffe85aa0000 - 0x00007ffe85ab8000 	C:\WINDOWS\system32\napinsp.dll
0x00007ffe83500000 - 0x00007ffe83512000 	C:\WINDOWS\System32\winrnr.dll
0x00007ffe834d0000 - 0x00007ffe834f2000 	C:\WINDOWS\system32\nlansp_c.dll
0x00007ffe83470000 - 0x00007ffe83486000 	C:\WINDOWS\system32\wshbth.dll
0x00007ffe7ce80000 - 0x00007ffe7ce90000 	C:\Program Files\Java\jdk-17\bin\verify.dll

dbghelp: loaded successfully - version: 4.0.5 - missing functions: none
symbol engine: initialized successfully - sym options: 0x614 - pdb path: .;C:\Program Files\Java\jdk-17\bin;C:\WINDOWS\SYSTEM32;C:\WINDOWS\WinSxS\amd64_microsoft.windows.common-controls_6595b64144ccf1df_6.0.26100.3323_none_3e088096e3344490;C:\Program Files\Java\jdk-17\bin\server;C:\Program Files\JetBrains\IntelliJ IDEA Community Edition 2024.2.2\bin

VM Arguments:
jvm_args: -javaagent:C:\Program Files\JetBrains\IntelliJ IDEA Community Edition 2024.2.2\lib\idea_rt.jar=52974:C:\Program Files\JetBrains\IntelliJ IDEA Community Edition 2024.2.2\bin -Dfile.encoding=UTF-8 
java_command: com.ems.ElectionManagementSystemApplication
java_class_path (initial): E:\testing ems\election-management-system\server\target\classes;C:\Users\DELL 10I3 256\.m2\repository\org\springframework\boot\spring-boot-starter-data-jpa\3.4.2\spring-boot-starter-data-jpa-3.4.2.jar;C:\Users\DELL 10I3 256\.m2\repository\org\springframework\boot\spring-boot-starter-jdbc\3.4.2\spring-boot-starter-jdbc-3.4.2.jar;C:\Users\DELL 10I3 256\.m2\repository\com\zaxxer\HikariCP\5.1.0\HikariCP-5.1.0.jar;C:\Users\DELL 10I3 256\.m2\repository\org\springframework\spring-jdbc\6.2.2\spring-jdbc-6.2.2.jar;C:\Users\DELL 10I3 256\.m2\repository\org\hibernate\orm\hibernate-core\6.6.5.Final\hibernate-core-6.6.5.Final.jar;C:\Users\DELL 10I3 256\.m2\repository\jakarta\persistence\jakarta.persistence-api\3.1.0\jakarta.persistence-api-3.1.0.jar;C:\Users\DELL 10I3 256\.m2\repository\jakarta\transaction\jakarta.transaction-api\2.0.1\jakarta.transaction-api-2.0.1.jar;C:\Users\DELL 10I3 256\.m2\repository\com\fasterxml\classmate\1.7.0\classmate-1.7.0.jar;C:\Users\DELL 10I3 256\.m2\repository\net\bytebuddy\byte-buddy\1.15.11\byte-buddy-1.15.11.jar;C:\Users\DELL 10I3 256\.m2\repository\jakarta\inject\jakarta.inject-api\2.0.1\jakarta.inject-api-2.0.1.jar;C:\Users\DELL 10I3 256\.m2\repository\org\antlr\antlr4-runtime\4.13.0\antlr4-runtime-4.13.0.jar;C:\Users\DELL 10I3 256\.m2\repository\org\springframework\data\spring-data-jpa\3.4.2\spring-data-jpa-3.4.2.jar;C:\Users\DELL 10I3 256\.m2\repository\org\springframework\data\spring-data-commons\3.4.2\spring-data-commons-3.4.2.jar;C:\Users\DELL 10I3 256\.m2\repository\org\springframework\spring-orm\6.2.2\spring-orm-6.2.2.jar;C:\Users\DELL 10I3 256\.m2\repository\org\springframework\spring-beans\6.2.2\spring-beans-6.2.2.jar;C:\Users\DELL 10I3 256\.m2\repository\org\slf4j\slf4j-api\2.0.16\slf4j-api-2.0.16.jar;C:\Users\DELL 10I3 256\.m2\repository\org\springframework\spring-aspects\6.2.2\spring-aspects-6.2.2.jar;C:\Users\DELL 10I3 256\.m2\repository\org\aspectj\aspectjweaver\1.9.22.1\aspectjweaver-1.9.22.1.jar;C
Launcher Type: SUN_STANDARD

[Global flags]
     intx CICompilerCount                          = 3                                         {product} {ergonomic}
     uint ConcGCThreads                            = 1                                         {product} {ergonomic}
     uint G1ConcRefinementThreads                  = 4                                         {product} {ergonomic}
   size_t G1HeapRegionSize                         = 2097152                                   {product} {ergonomic}
    uintx GCDrainStackTargetSize                   = 64                                        {product} {ergonomic}
   size_t InitialHeapSize                          = 199229440                                 {product} {ergonomic}
   size_t MarkStackSize                            = 4194304                                   {product} {ergonomic}
   size_t MaxHeapSize                              = 3160408064                                {product} {ergonomic}
   size_t MaxNewSize                               = 1895825408                                {product} {ergonomic}
   size_t MinHeapDeltaBytes                        = 2097152                                   {product} {ergonomic}
   size_t MinHeapSize                              = 8388608                                   {product} {ergonomic}
    uintx NonNMethodCodeHeapSize                   = 5832780                                {pd product} {ergonomic}
    uintx NonProfiledCodeHeapSize                  = 122912730                              {pd product} {ergonomic}
    uintx ProfiledCodeHeapSize                     = 122912730                              {pd product} {ergonomic}
    uintx ReservedCodeCacheSize                    = 251658240                              {pd product} {ergonomic}
     bool SegmentedCodeCache                       = true                                      {product} {ergonomic}
   size_t SoftMaxHeapSize                          = 3160408064                             {manageable} {ergonomic}
     bool UseCompressedClassPointers               = true                           {product lp64_product} {ergonomic}
     bool UseCompressedOops                        = true                           {product lp64_product} {ergonomic}
     bool UseG1GC                                  = true                                      {product} {ergonomic}
     bool UseLargePagesIndividualAllocation        = false                                  {pd product} {ergonomic}

Logging:
Log output configuration:
 #0: stdout all=warning uptime,level,tags
 #1: stderr all=off uptime,level,tags

Environment Variables:
JAVA_HOME=C:\Program Files\Java\jdk-17
CLASSPATH=C:\apache-tomcat-6.0.14\lib\servlet-api.jar
PATH=C:\Program Files\Common Files\Oracle\Java\javapath;C:\Program Files (x86)\VMware\VMware Player\bin\;C:\oraclexe\app\oracle\product\11.2.0\server\bin;C:\WINDOWS;C:\WINDOWS\System32\Wbem;C:\WINDOWS\System32\WindowsPowerShell\v1.0\;C:\WINDOWS\System32\OpenSSH\;C:\MinGW\bin;C:\Program Files\Git\cmd;C:\Program Files\dotnet\;C:\ProgramData\ComposerSetup\bin;C:\Program Files\Java\jdk-17\bin;C:\apache-maven-3.9.6\bin;C:\gradle-8.6\bin;C:\Program Files\PostgreSQL\16\bin;C:\Program Files\Microsoft SQL Server\150\Tools\Binn\;C:\Program Files\Microsoft SQL Server\Client SDK\ODBC\170\Tools\Binn\;C:\Program Files (x86)\Microsoft SQL Server\160\Tools\Binn\;C:\Program Files\Microsoft SQL Server\160\Tools\Binn\;C:\Program Files\Microsoft SQL Server\160\DTS\Binn\;C:\Program Files\Microsoft SQL Server\130\Tools\Binn\;C:\Program Files (x86)\Microsoft SQL Server\160\DTS\Binn\;C:\WINDOWS\system32;C:\Program Files\MySQL\MySQL Server 8.0\bin;C:\Program Files\Docker\Docker\resources\bin;C:\Program Files\nodejs\;C:\ProgramData\chocolatey\bin;C:\Users\DELL 10I3 256\AppData\Local\Programs\Python\Python310\Scripts\;C:\xampp\php;C:\Users\DELL 10I3 256\AppData\Local\Programs\Microsoft VS Code\bin;C:\Users\DELL 10I3 256\AppData\Local\Microsoft\WindowsApps;C:\Users\DELL 10I3 256\AppData\Roaming\Composer\vendor\bin;C:\Program Files\MongoDB\Server\5.0\bin;C:\Users\DELL 10I3 256\AppData\Local\GitHubDesktop\bin;C:\Users\DELL 10I3 256\AppData\Local\Programs\Python\Python310;C:\Program Files\JetBrains\IntelliJ IDEA Community Edition 2024.2.2\bin;;C:\apache-maven-3.9.6\bin;C:\Users\DELL 10I3 256\AppData\Roaming\npm;
USERNAME=DELL 10I3 256
OS=Windows_NT
PROCESSOR_IDENTIFIER=Intel64 Family 6 Model 126 Stepping 5, GenuineIntel



---------------  S Y S T E M  ---------------

OS:
 Windows 11 , 64 bit Build 26100 (10.0.26100.3323)
OS uptime: 0 days 4:41 hours
Hyper-V role detected

CPU: total 4 (initial active 4) (2 cores per cpu, 2 threads per core) family 6 model 126 stepping 5 microcode 0xc2, cx8, cmov, fxsr, ht, mmx, 3dnowpref, sse, sse2, sse3, ssse3, sse4.1, sse4.2, popcnt, lzcnt, tsc, tscinvbit, avx, avx2, aes, erms, clmul, bmi1, bmi2, adx, avx512f, avx512dq, avx512cd, avx512bw, avx512vl, sha, fma, vzeroupper, avx512_vpopcntdq, avx512_vpclmulqdq, avx512_vaes, avx512_vnni, clflush, clflushopt, avx512_vbmi2, avx512_vbmi, hv

Memory: 4k page, system-wide physical 12055M (1350M free)
TotalPageFile size 16151M (AvailPageFile size 174M)
current process WorkingSet (physical memory assigned to process): 398M, peak: 400M
current process commit charge ("private bytes"): 466M, peak: 651M

vm_info: Java HotSpot(TM) 64-Bit Server VM (17.0.12+8-LTS-286) for windows-amd64 JRE (17.0.12+8-LTS-286), built on Jun  5 2024 06:46:59 by "mach5one" with MS VC++ 17.6 (VS2022)

END.
