#
# There is insufficient memory for the Java Runtime Environment to continue.
# Native memory allocation (malloc) failed to allocate 2053936 bytes. Error detail: Chunk::new
# Possible reasons:
#   The system is out of physical RAM or swap space
#   This process is running with CompressedOops enabled, and the Java Heap may be blocking the growth of the native heap
# Possible solutions:
#   Reduce memory load on the system
#   Increase physical memory or swap space
#   Check if swap backing store is full
#   Decrease Java heap size (-Xmx/-Xms)
#   Decrease number of Java threads
#   Decrease Java thread stack sizes (-Xss)
#   Set larger code cache with -XX:ReservedCodeCacheSize=
#   JVM is running with Zero Based Compressed Oops mode in which the Java heap is
#     placed in the first 32GB address space. The Java Heap base address is the
#     maximum limit for the native heap growth. Please use -XX:HeapBaseMinAddress
#     to set the Java Heap base and to place the Java Heap above 32GB virtual address.
# This output file may be truncated or incomplete.
#
#  Out of Memory Error (arena.cpp:149), pid=6860, tid=12200
#
# JRE version: Java(TM) SE Runtime Environment (23.0.2+7) (build 23.0.2+7-58)
# Java VM: Java HotSpot(TM) 64-Bit Server VM (23.0.2+7-58, mixed mode, sharing, tiered, compressed oops, compressed class ptrs, g1 gc, windows-amd64)
# No core dump will be written. Minidumps are not enabled by default on client versions of Windows
#

---------------  S U M M A R Y ------------

Command Line: -Dmaven.multiModuleProjectDirectory=E:\testing ems\election-management-system-196f8d4142ecf5a95e38ca86f330160421f79fd4\server -Djansi.passthrough=true -Dmaven.home=C:\Users\DELL 10I3 256\.m2\wrapper\dists\apache-maven-3.9.9-bin\4nf9hui3q3djbarqar9g711ggc\apache-maven-3.9.9 -Dclassworlds.conf=C:\Users\DELL 10I3 256\.m2\wrapper\dists\apache-maven-3.9.9-bin\4nf9hui3q3djbarqar9g711ggc\apache-maven-3.9.9\bin\m2.conf -Dmaven.ext.class.path=C:\Program Files\JetBrains\IntelliJ IDEA Community Edition 2024.2.2\plugins\maven\lib\maven-event-listener.jar -javaagent:C:\Program Files\JetBrains\IntelliJ IDEA Community Edition 2024.2.2\lib\idea_rt.jar=51251:C:\Program Files\JetBrains\IntelliJ IDEA Community Edition 2024.2.2\bin -Dfile.encoding=UTF-8 -Dsun.stdout.encoding=UTF-8 -Dsun.stderr.encoding=UTF-8 org.codehaus.classworlds.Launcher -Didea.version=2024.2.2 compile

Host: Intel(R) Core(TM) i3-1005G1 CPU @ 1.20GHz, 4 cores, 11G,  Windows 11 , 64 bit Build 26100 (10.0.26100.3323)
Time: Mon Mar 10 18:05:30 2025 India Standard Time elapsed time: 21.948736 seconds (0d 0h 0m 21s)

---------------  T H R E A D  ---------------

Current thread (0x000002290f8bc4e0):  JavaThread "C2 CompilerThread1" daemon [_thread_in_native, id=12200, stack(0x000000fd1bb00000,0x000000fd1bc00000) (1024K)]


Current CompileTask:
C2:21948 12098       4       lombok.javac.JavacAST::buildStatementOrExpression (120 bytes)

Stack: [0x000000fd1bb00000,0x000000fd1bc00000]
Native frames: (J=compiled Java code, j=interpreted, Vv=VM code, C=native code)
V  [jvm.dll+0x6e0b99]  (no source info available)
V  [jvm.dll+0x87e2b3]  (no source info available)
V  [jvm.dll+0x88073e]  (no source info available)
V  [jvm.dll+0x880e13]  (no source info available)
V  [jvm.dll+0x27b006]  (no source info available)
V  [jvm.dll+0xbc06f]  (no source info available)
V  [jvm.dll+0xbc2cb]  (no source info available)
V  [jvm.dll+0x3b3c5c]  (no source info available)
V  [jvm.dll+0x1dc4ae]  (no source info available)
V  [jvm.dll+0x244ce5]  (no source info available)
V  [jvm.dll+0x243eff]  (no source info available)
V  [jvm.dll+0x1c34b0]  (no source info available)
V  [jvm.dll+0x253df1]  (no source info available)
V  [jvm.dll+0x2520aa]  (no source info available)
V  [jvm.dll+0x3ee226]  (no source info available)
V  [jvm.dll+0x8254cb]  (no source info available)
V  [jvm.dll+0x6df345]  (no source info available)
C  [ucrtbase.dll+0x37b0]  (no source info available)
C  [KERNEL32.DLL+0x2e8d7]  (no source info available)
C  [ntdll.dll+0xbbf6c]  (no source info available)

Lock stack of current Java thread (top to bottom):


---------------  P R O C E S S  ---------------

Threads class SMR info:
_java_thread_list=0x0000022910cde030, length=17, elements={
0x00000228a8a99cd0, 0x00000228c86d2db0, 0x00000228c86d6530, 0x00000228c86d7800,
0x00000228c86d8260, 0x00000228c86d8cc0, 0x00000228c86dce80, 0x00000228c86e8220,
0x00000228c86f4680, 0x00000228c86aab30, 0x00000228c8934730, 0x00000228c89351b0,
0x000002290f020ef0, 0x000002290f5ee970, 0x000002290f5eb4f0, 0x0000022910ca4350,
0x000002290f8bc4e0
}

Java Threads: ( => current thread )
  0x00000228a8a99cd0 JavaThread "main"                              [_thread_in_vm, id=18444, stack(0x000000fd1a500000,0x000000fd1a600000) (1024K)]
  0x00000228c86d2db0 JavaThread "Reference Handler"          daemon [_thread_blocked, id=15504, stack(0x000000fd1ad00000,0x000000fd1ae00000) (1024K)]
  0x00000228c86d6530 JavaThread "Finalizer"                  daemon [_thread_blocked, id=3412, stack(0x000000fd1ae00000,0x000000fd1af00000) (1024K)]
  0x00000228c86d7800 JavaThread "Signal Dispatcher"          daemon [_thread_blocked, id=18568, stack(0x000000fd1af00000,0x000000fd1b000000) (1024K)]
  0x00000228c86d8260 JavaThread "Attach Listener"            daemon [_thread_blocked, id=15948, stack(0x000000fd1b000000,0x000000fd1b100000) (1024K)]
  0x00000228c86d8cc0 JavaThread "Service Thread"             daemon [_thread_blocked, id=16368, stack(0x000000fd1b100000,0x000000fd1b200000) (1024K)]
  0x00000228c86dce80 JavaThread "Monitor Deflation Thread"   daemon [_thread_blocked, id=17172, stack(0x000000fd1b200000,0x000000fd1b300000) (1024K)]
  0x00000228c86e8220 JavaThread "C2 CompilerThread0"         daemon [_thread_in_native, id=20508, stack(0x000000fd1b300000,0x000000fd1b400000) (1024K)]
  0x00000228c86f4680 JavaThread "C1 CompilerThread0"         daemon [_thread_blocked, id=9852, stack(0x000000fd1b400000,0x000000fd1b500000) (1024K)]
  0x00000228c86aab30 JavaThread "Common-Cleaner"             daemon [_thread_blocked, id=17888, stack(0x000000fd1b500000,0x000000fd1b600000) (1024K)]
  0x00000228c8934730 JavaThread "Monitor Ctrl-Break"         daemon [_thread_in_native, id=2984, stack(0x000000fd1b600000,0x000000fd1b700000) (1024K)]
  0x00000228c89351b0 JavaThread "Notification Thread"        daemon [_thread_blocked, id=13480, stack(0x000000fd1b700000,0x000000fd1b800000) (1024K)]
  0x000002290f020ef0 JavaThread "Thread-1"                   daemon [_thread_blocked, id=11748, stack(0x000000fd1bc00000,0x000000fd1bd00000) (1024K)]
  0x000002290f5ee970 JavaThread "ForkJoinPool.commonPool-worker-1" daemon [_thread_blocked, id=7320, stack(0x000000fd1bd00000,0x000000fd1be00000) (1024K)]
  0x000002290f5eb4f0 JavaThread "ForkJoinPool.commonPool-worker-2" daemon [_thread_blocked, id=18344, stack(0x000000fd1be00000,0x000000fd1bf00000) (1024K)]
  0x0000022910ca4350 JavaThread "ForkJoinPool.commonPool-worker-3" daemon [_thread_blocked, id=18952, stack(0x000000fd1bf00000,0x000000fd1c000000) (1024K)]
=>0x000002290f8bc4e0 JavaThread "C2 CompilerThread1"         daemon [_thread_in_native, id=12200, stack(0x000000fd1bb00000,0x000000fd1bc00000) (1024K)]
Total: 17

Other Threads:
  0x00000228c86bb0d0 VMThread "VM Thread"                           [id=18308, stack(0x000000fd1ac00000,0x000000fd1ad00000) (1024K)]
  0x00000228c86a8e80 WatcherThread "VM Periodic Task Thread"        [id=21352, stack(0x000000fd1ab00000,0x000000fd1ac00000) (1024K)]
  0x00000228aaed34f0 WorkerThread "GC Thread#0"                     [id=3272, stack(0x000000fd1a600000,0x000000fd1a700000) (1024K)]
  0x000002290e4d6b40 WorkerThread "GC Thread#1"                     [id=16492, stack(0x000000fd1b800000,0x000000fd1b900000) (1024K)]
  0x000002290e4d6ef0 WorkerThread "GC Thread#2"                     [id=18920, stack(0x000000fd1b900000,0x000000fd1ba00000) (1024K)]
  0x000002290e4d72a0 WorkerThread "GC Thread#3"                     [id=20564, stack(0x000000fd1ba00000,0x000000fd1bb00000) (1024K)]
  0x00000228aaf013c0 ConcurrentGCThread "G1 Main Marker"            [id=14708, stack(0x000000fd1a700000,0x000000fd1a800000) (1024K)]
  0x00000228aaf03430 WorkerThread "G1 Conc#0"                       [id=12968, stack(0x000000fd1a800000,0x000000fd1a900000) (1024K)]
  0x00000228aaf3e670 ConcurrentGCThread "G1 Refine#0"               [id=18504, stack(0x000000fd1a900000,0x000000fd1aa00000) (1024K)]
  0x00000228c8581070 ConcurrentGCThread "G1 Service"                [id=7484, stack(0x000000fd1aa00000,0x000000fd1ab00000) (1024K)]
Total: 10

Threads with active compile tasks:
C2 CompilerThread0  22132 12096   !   4       lombok.javac.JavacAST::drill (146 bytes)
C2 CompilerThread1  22132 12098       4       lombok.javac.JavacAST::buildStatementOrExpression (120 bytes)
Total: 2

VM state: not at safepoint (normal execution)

VM Mutex/Monitor currently owned by a thread: None

Heap address: 0x0000000743a00000, size: 3014 MB, Compressed Oops mode: Zero based, Oop shift amount: 3

CDS archive(s) mapped at: [0x00000228c9000000-0x00000228c9d70000-0x00000228c9d70000), size 14090240, SharedBaseAddress: 0x00000228c9000000, ArchiveRelocationMode: 1.
Compressed class space mapped at: 0x00000228ca000000-0x000002290a000000, reserved size: 1073741824
Narrow klass base: 0x00000228c9000000, Narrow klass shift: 0, Narrow klass range: 0x41000000

GC Precious Log:
 CardTable entry size: 512
 Card Set container configuration: InlinePtr #cards 4 size 8 Array Of Cards #cards 16 size 48 Howl #buckets 8 coarsen threshold 3686 Howl Bitmap #cards 512 size 80 coarsen threshold 460 Card regions per heap region 1 cards per card region 4096
 CPUs: 4 total, 4 available
 Memory: 12055M
 Large Page Support: Disabled
 NUMA Support: Disabled
 Compressed Oops: Enabled (Zero based)
 Heap Region Size: 2M
 Heap Min Capacity: 8M
 Heap Initial Capacity: 190M
 Heap Max Capacity: 3014M
 Pre-touch: Disabled
 Parallel Workers: 4
 Concurrent Workers: 1
 Concurrent Refinement Workers: 4
 Periodic GC: Disabled

Heap:
 garbage-first heap   total reserved 3086336K, committed 172032K, used 82133K [0x0000000743a00000, 0x0000000800000000)
  region size 2048K, 4 young (8192K), 3 survivors (6144K)
 Metaspace       used 50261K, committed 51008K, reserved 1114112K
  class space    used 6033K, committed 6336K, reserved 1048576K

Heap Regions: E=young(eden), S=young(survivor), O=old, HS=humongous(starts), HC=humongous(continues), CS=collection set, F=free, TAMS=top-at-mark-start, PB=parsable bottom
|   0|0x0000000743a00000, 0x0000000743c00000, 0x0000000743c00000|100%| O|  |TAMS 0x0000000743a00000| PB 0x0000000743a00000| Untracked |  0
|   1|0x0000000743c00000, 0x0000000743e00000, 0x0000000743e00000|100%| O|  |TAMS 0x0000000743c00000| PB 0x0000000743c00000| Untracked |  0
|   2|0x0000000743e00000, 0x0000000744000000, 0x0000000744000000|100%| O|  |TAMS 0x0000000743e00000| PB 0x0000000743e00000| Untracked |  0
|   3|0x0000000744000000, 0x0000000744200000, 0x0000000744200000|100%| O|  |TAMS 0x0000000744000000| PB 0x0000000744000000| Untracked |  0
|   4|0x0000000744200000, 0x0000000744400000, 0x0000000744400000|100%| O|  |TAMS 0x0000000744200000| PB 0x0000000744200000| Untracked |  0
|   5|0x0000000744400000, 0x0000000744600000, 0x0000000744600000|100%| O|  |TAMS 0x0000000744400000| PB 0x0000000744400000| Untracked |  0
|   6|0x0000000744600000, 0x0000000744800000, 0x0000000744800000|100%| O|  |TAMS 0x0000000744600000| PB 0x0000000744600000| Untracked |  0
|   7|0x0000000744800000, 0x0000000744800000, 0x0000000744a00000|  0%| F|  |TAMS 0x0000000744800000| PB 0x0000000744800000| Untracked |  0
|   8|0x0000000744a00000, 0x0000000744c00000, 0x0000000744c00000|100%| O|  |TAMS 0x0000000744a00000| PB 0x0000000744a00000| Untracked |  0
|   9|0x0000000744c00000, 0x0000000744e00000, 0x0000000744e00000|100%| O|  |TAMS 0x0000000744c00000| PB 0x0000000744c00000| Untracked |  0
|  10|0x0000000744e00000, 0x0000000745000000, 0x0000000745000000|100%| O|  |TAMS 0x0000000744e00000| PB 0x0000000744e00000| Untracked |  0
|  11|0x0000000745000000, 0x0000000745200000, 0x0000000745200000|100%| O|  |TAMS 0x0000000745000000| PB 0x0000000745000000| Untracked |  0
|  12|0x0000000745200000, 0x0000000745400000, 0x0000000745400000|100%| O|  |TAMS 0x0000000745200000| PB 0x0000000745200000| Untracked |  0
|  13|0x0000000745400000, 0x0000000745600000, 0x0000000745600000|100%| O|  |TAMS 0x0000000745400000| PB 0x0000000745400000| Untracked |  0
|  14|0x0000000745600000, 0x0000000745800000, 0x0000000745800000|100%| O|  |TAMS 0x0000000745600000| PB 0x0000000745600000| Untracked |  0
|  15|0x0000000745800000, 0x0000000745a00000, 0x0000000745a00000|100%| O|  |TAMS 0x0000000745800000| PB 0x0000000745800000| Untracked |  0
|  16|0x0000000745a00000, 0x0000000745c00000, 0x0000000745c00000|100%| O|  |TAMS 0x0000000745a00000| PB 0x0000000745a00000| Untracked |  0
|  17|0x0000000745c00000, 0x0000000745e00000, 0x0000000745e00000|100%| O|  |TAMS 0x0000000745c00000| PB 0x0000000745c00000| Untracked |  0
|  18|0x0000000745e00000, 0x0000000746000000, 0x0000000746000000|100%| O|  |TAMS 0x0000000745e00000| PB 0x0000000745e00000| Untracked |  0
|  19|0x0000000746000000, 0x0000000746200000, 0x0000000746200000|100%| O|  |TAMS 0x0000000746000000| PB 0x0000000746000000| Untracked |  0
|  20|0x0000000746200000, 0x0000000746400000, 0x0000000746400000|100%| O|  |TAMS 0x0000000746200000| PB 0x0000000746200000| Untracked |  0
|  21|0x0000000746400000, 0x0000000746600000, 0x0000000746600000|100%| O|  |TAMS 0x0000000746400000| PB 0x0000000746400000| Untracked |  0
|  22|0x0000000746600000, 0x0000000746800000, 0x0000000746800000|100%| O|  |TAMS 0x0000000746600000| PB 0x0000000746600000| Untracked |  0
|  23|0x0000000746800000, 0x0000000746a00000, 0x0000000746a00000|100%| O|  |TAMS 0x0000000746800000| PB 0x0000000746800000| Untracked |  0
|  24|0x0000000746a00000, 0x0000000746a00000, 0x0000000746c00000|  0%| F|  |TAMS 0x0000000746a00000| PB 0x0000000746a00000| Untracked |  0
|  25|0x0000000746c00000, 0x0000000746e00000, 0x0000000746e00000|100%| O|  |TAMS 0x0000000746c00000| PB 0x0000000746c00000| Untracked |  0
|  26|0x0000000746e00000, 0x0000000747000000, 0x0000000747000000|100%| O|  |TAMS 0x0000000746e00000| PB 0x0000000746e00000| Untracked |  0
|  27|0x0000000747000000, 0x0000000747200000, 0x0000000747200000|100%| O|  |TAMS 0x0000000747000000| PB 0x0000000747000000| Untracked |  0
|  28|0x0000000747200000, 0x0000000747400000, 0x0000000747400000|100%| O|  |TAMS 0x0000000747200000| PB 0x0000000747200000| Untracked |  0
|  29|0x0000000747400000, 0x0000000747600000, 0x0000000747600000|100%| O|  |TAMS 0x0000000747400000| PB 0x0000000747400000| Untracked |  0
|  30|0x0000000747600000, 0x0000000747800000, 0x0000000747800000|100%| O|  |TAMS 0x0000000747600000| PB 0x0000000747600000| Untracked |  0
|  31|0x0000000747800000, 0x0000000747800000, 0x0000000747a00000|  0%| F|  |TAMS 0x0000000747800000| PB 0x0000000747800000| Untracked |  0
|  32|0x0000000747a00000, 0x0000000747a00000, 0x0000000747c00000|  0%| F|  |TAMS 0x0000000747a00000| PB 0x0000000747a00000| Untracked |  0
|  33|0x0000000747c00000, 0x0000000747c00000, 0x0000000747e00000|  0%| F|  |TAMS 0x0000000747c00000| PB 0x0000000747c00000| Untracked |  0
|  34|0x0000000747e00000, 0x0000000748000000, 0x0000000748000000|100%|HS|  |TAMS 0x0000000747e00000| PB 0x0000000747e00000| Complete |  0
|  35|0x0000000748000000, 0x0000000748000000, 0x0000000748200000|  0%| F|  |TAMS 0x0000000748000000| PB 0x0000000748000000| Untracked |  0
|  36|0x0000000748200000, 0x0000000748200000, 0x0000000748400000|  0%| F|  |TAMS 0x0000000748200000| PB 0x0000000748200000| Untracked |  0
|  37|0x0000000748400000, 0x0000000748400000, 0x0000000748600000|  0%| F|  |TAMS 0x0000000748400000| PB 0x0000000748400000| Untracked |  0
|  38|0x0000000748600000, 0x0000000748600000, 0x0000000748800000|  0%| F|  |TAMS 0x0000000748600000| PB 0x0000000748600000| Untracked |  0
|  39|0x0000000748800000, 0x0000000748800000, 0x0000000748a00000|  0%| F|  |TAMS 0x0000000748800000| PB 0x0000000748800000| Untracked |  0
|  40|0x0000000748a00000, 0x0000000748a00000, 0x0000000748c00000|  0%| F|  |TAMS 0x0000000748a00000| PB 0x0000000748a00000| Untracked |  0
|  41|0x0000000748c00000, 0x0000000748c00000, 0x0000000748e00000|  0%| F|  |TAMS 0x0000000748c00000| PB 0x0000000748c00000| Untracked |  0
|  42|0x0000000748e00000, 0x0000000748e00000, 0x0000000749000000|  0%| F|  |TAMS 0x0000000748e00000| PB 0x0000000748e00000| Untracked |  0
|  43|0x0000000749000000, 0x0000000749000000, 0x0000000749200000|  0%| F|  |TAMS 0x0000000749000000| PB 0x0000000749000000| Untracked |  0
|  44|0x0000000749200000, 0x0000000749235738, 0x0000000749400000| 10%| S|CS|TAMS 0x0000000749200000| PB 0x0000000749200000| Complete |  0
|  45|0x0000000749400000, 0x0000000749600000, 0x0000000749600000|100%| S|CS|TAMS 0x0000000749400000| PB 0x0000000749400000| Complete |  0
|  46|0x0000000749600000, 0x0000000749800000, 0x0000000749800000|100%| S|CS|TAMS 0x0000000749600000| PB 0x0000000749600000| Complete |  0
|  47|0x0000000749800000, 0x0000000749800000, 0x0000000749a00000|  0%| F|  |TAMS 0x0000000749800000| PB 0x0000000749800000| Untracked |  0
|  48|0x0000000749a00000, 0x0000000749a00000, 0x0000000749c00000|  0%| F|  |TAMS 0x0000000749a00000| PB 0x0000000749a00000| Untracked |  0
|  49|0x0000000749c00000, 0x0000000749c00000, 0x0000000749e00000|  0%| F|  |TAMS 0x0000000749c00000| PB 0x0000000749c00000| Untracked |  0
|  50|0x0000000749e00000, 0x0000000749e00000, 0x000000074a000000|  0%| F|  |TAMS 0x0000000749e00000| PB 0x0000000749e00000| Untracked |  0
|  51|0x000000074a000000, 0x000000074a000000, 0x000000074a200000|  0%| F|  |TAMS 0x000000074a000000| PB 0x000000074a000000| Untracked |  0
|  52|0x000000074a200000, 0x000000074a200000, 0x000000074a400000|  0%| F|  |TAMS 0x000000074a200000| PB 0x000000074a200000| Untracked |  0
|  53|0x000000074a400000, 0x000000074a400000, 0x000000074a600000|  0%| F|  |TAMS 0x000000074a400000| PB 0x000000074a400000| Untracked |  0
|  54|0x000000074a600000, 0x000000074a600000, 0x000000074a800000|  0%| F|  |TAMS 0x000000074a600000| PB 0x000000074a600000| Untracked |  0
|  55|0x000000074a800000, 0x000000074a800000, 0x000000074aa00000|  0%| F|  |TAMS 0x000000074a800000| PB 0x000000074a800000| Untracked |  0
|  56|0x000000074aa00000, 0x000000074aa00000, 0x000000074ac00000|  0%| F|  |TAMS 0x000000074aa00000| PB 0x000000074aa00000| Untracked |  0
|  57|0x000000074ac00000, 0x000000074ac00000, 0x000000074ae00000|  0%| F|  |TAMS 0x000000074ac00000| PB 0x000000074ac00000| Untracked |  0
|  58|0x000000074ae00000, 0x000000074ae00000, 0x000000074b000000|  0%| F|  |TAMS 0x000000074ae00000| PB 0x000000074ae00000| Untracked |  0
|  59|0x000000074b000000, 0x000000074b000000, 0x000000074b200000|  0%| F|  |TAMS 0x000000074b000000| PB 0x000000074b000000| Untracked |  0
|  60|0x000000074b200000, 0x000000074b200000, 0x000000074b400000|  0%| F|  |TAMS 0x000000074b200000| PB 0x000000074b200000| Untracked |  0
|  61|0x000000074b400000, 0x000000074b400000, 0x000000074b600000|  0%| F|  |TAMS 0x000000074b400000| PB 0x000000074b400000| Untracked |  0
|  62|0x000000074b600000, 0x000000074b600000, 0x000000074b800000|  0%| F|  |TAMS 0x000000074b600000| PB 0x000000074b600000| Untracked |  0
|  63|0x000000074b800000, 0x000000074b800000, 0x000000074ba00000|  0%| F|  |TAMS 0x000000074b800000| PB 0x000000074b800000| Untracked |  0
|  64|0x000000074ba00000, 0x000000074ba00000, 0x000000074bc00000|  0%| F|  |TAMS 0x000000074ba00000| PB 0x000000074ba00000| Untracked |  0
|  65|0x000000074bc00000, 0x000000074bc00000, 0x000000074be00000|  0%| F|  |TAMS 0x000000074bc00000| PB 0x000000074bc00000| Untracked |  0
|  66|0x000000074be00000, 0x000000074be00000, 0x000000074c000000|  0%| F|  |TAMS 0x000000074be00000| PB 0x000000074be00000| Untracked |  0
|  67|0x000000074c000000, 0x000000074c000000, 0x000000074c200000|  0%| F|  |TAMS 0x000000074c000000| PB 0x000000074c000000| Untracked |  0
|  68|0x000000074c200000, 0x000000074c200000, 0x000000074c400000|  0%| F|  |TAMS 0x000000074c200000| PB 0x000000074c200000| Untracked |  0
|  69|0x000000074c400000, 0x000000074c400000, 0x000000074c600000|  0%| F|  |TAMS 0x000000074c400000| PB 0x000000074c400000| Untracked |  0
|  70|0x000000074c600000, 0x000000074c600000, 0x000000074c800000|  0%| F|  |TAMS 0x000000074c600000| PB 0x000000074c600000| Untracked |  0
|  71|0x000000074c800000, 0x000000074c800000, 0x000000074ca00000|  0%| F|  |TAMS 0x000000074c800000| PB 0x000000074c800000| Untracked |  0
|  72|0x000000074ca00000, 0x000000074ca00000, 0x000000074cc00000|  0%| F|  |TAMS 0x000000074ca00000| PB 0x000000074ca00000| Untracked |  0
|  73|0x000000074cc00000, 0x000000074cc00000, 0x000000074ce00000|  0%| F|  |TAMS 0x000000074cc00000| PB 0x000000074cc00000| Untracked |  0
|  74|0x000000074ce00000, 0x000000074ce00000, 0x000000074d000000|  0%| F|  |TAMS 0x000000074ce00000| PB 0x000000074ce00000| Untracked |  0
|  94|0x000000074f600000, 0x000000074f7ebc48, 0x000000074f800000| 96%| E|  |TAMS 0x000000074f600000| PB 0x000000074f600000| Complete |  0
|1499|0x00000007ff000000, 0x00000007ff200000, 0x00000007ff200000|100%| O|Cm|TAMS 0x00000007ff000000| PB 0x00000007ff000000| Complete |  0
|1500|0x00000007ff200000, 0x00000007ff400000, 0x00000007ff400000|100%| O|  |TAMS 0x00000007ff200000| PB 0x00000007ff200000| Untracked |  0
|1501|0x00000007ff400000, 0x00000007ff600000, 0x00000007ff600000|100%| O|  |TAMS 0x00000007ff400000| PB 0x00000007ff400000| Untracked |  0
|1502|0x00000007ff600000, 0x00000007ff800000, 0x00000007ff800000|100%| O|  |TAMS 0x00000007ff600000| PB 0x00000007ff600000| Untracked |  0
|1503|0x00000007ff800000, 0x00000007ffa00000, 0x00000007ffa00000|100%| O|  |TAMS 0x00000007ff800000| PB 0x00000007ff800000| Untracked |  0
|1504|0x00000007ffa00000, 0x00000007ffc00000, 0x00000007ffc00000|100%| O|  |TAMS 0x00000007ffa00000| PB 0x00000007ffa00000| Untracked |  0
|1505|0x00000007ffc00000, 0x00000007ffe00000, 0x00000007ffe00000|100%| O|  |TAMS 0x00000007ffc00000| PB 0x00000007ffc00000| Untracked |  0
|1506|0x00000007ffe00000, 0x0000000800000000, 0x0000000800000000|100%| O|  |TAMS 0x00000007ffe00000| PB 0x00000007ffe00000| Untracked |  0

Card table byte_map: [0x00000228c2bb0000,0x00000228c31a0000] _byte_map_base: 0x00000228bf193000

Marking Bits: (CMBitMap*) 0x00000228aaed3b10
 Bits: [0x00000228c31a0000, 0x00000228c60b8000)

Polling page: 0x00000228aa4a0000

Metaspace:

Usage:
  Non-class:     43.19 MB used.
      Class:      5.89 MB used.
       Both:     49.08 MB used.

Virtual space:
  Non-class space:       64.00 MB reserved,      43.62 MB ( 68%) committed,  1 nodes.
      Class space:        1.00 GB reserved,       6.19 MB ( <1%) committed,  1 nodes.
             Both:        1.06 GB reserved,      49.81 MB (  5%) committed. 

Chunk freelists:
   Non-Class:  4.04 MB
       Class:  9.81 MB
        Both:  13.85 MB

MaxMetaspaceSize: unlimited
CompressedClassSpaceSize: 1.00 GB
Initial GC threshold: 21.00 MB
Current GC threshold: 80.88 MB
CDS: on
 - commit_granule_bytes: 65536.
 - commit_granule_words: 8192.
 - virtual_space_node_default_size: 8388608.
 - enlarge_chunks_in_place: 1.
 - use_allocation_guard: 0.


Internal statistics:

num_allocs_failed_limit: 9.
num_arena_births: 938.
num_arena_deaths: 0.
num_vsnodes_births: 2.
num_vsnodes_deaths: 0.
num_space_committed: 797.
num_space_uncommitted: 0.
num_chunks_returned_to_freelist: 9.
num_chunks_taken_from_freelist: 2872.
num_chunk_merges: 9.
num_chunk_splits: 2009.
num_chunks_enlarged: 1448.
num_inconsistent_stats: 0.

CodeHeap 'non-profiled nmethods': size=120064Kb used=5227Kb max_used=5265Kb free=114836Kb
 bounds [0x00000228bb080000, 0x00000228bb5b0000, 0x00000228c25c0000]
CodeHeap 'profiled nmethods': size=120000Kb used=18400Kb max_used=18400Kb free=101599Kb
 bounds [0x00000228b35c0000, 0x00000228b47c0000, 0x00000228baaf0000]
CodeHeap 'non-nmethods': size=5696Kb used=1727Kb max_used=1765Kb free=3968Kb
 bounds [0x00000228baaf0000, 0x00000228bad60000, 0x00000228bb080000]
CodeCache: size=245760Kb, used=25354Kb, max_used=25430Kb, free=220403Kb
 total_blobs=11304, nmethods=10652, adapters=556, full_count=0
Compilation: enabled, stopped_count=0, restarted_count=0

Compilation events (20 events):
Event: 20.872 Thread 0x00000228c86f4680 12257       3       com.sun.tools.javac.code.DeferredCompletionFailureHandler::classSymbolCompleteFailed (12 bytes)
Event: 20.872 Thread 0x00000228c86f4680 nmethod 12257 0x00000228b4095b08 code [0x00000228b4095c20, 0x00000228b4095e00]
Event: 20.872 Thread 0x00000228c86f4680 12259       2       java.lang.invoke.LambdaForm$MH/0x00000228ca19b800::invoke (25 bytes)
Event: 20.872 Thread 0x00000228c86f4680 nmethod 12259 0x00000228b4095788 code [0x00000228b40958c0, 0x00000228b4095a78]
Event: 20.873 Thread 0x00000228c86f4680 12260       1       lombok.javac.JavacTreeMaker$MethodId::access$0 (5 bytes)
Event: 20.873 Thread 0x00000228c86f4680 nmethod 12260 0x00000228bb18c788 code [0x00000228bb18c8a0, 0x00000228bb18c950]
Event: 20.873 Thread 0x00000228c86f4680 12261       2       lombok.core.FieldAugment::checkNotNull (15 bytes)
Event: 20.873 Thread 0x00000228c86f4680 nmethod 12261 0x00000228b3ef8c08 code [0x00000228b3ef8d20, 0x00000228b3ef8ec0]
Event: 20.873 Thread 0x00000228c86f4680 12262       2       lombok.core.FieldAugment::access$1 (6 bytes)
Event: 20.873 Thread 0x00000228c86f4680 nmethod 12262 0x00000228b4095308 code [0x00000228b4095420, 0x00000228b40955c0]
Event: 20.879 Thread 0x00000228c86f4680 12263       2       jdk.internal.classfile.impl.BytecodeHelpers::returnOpcode (108 bytes)
Event: 20.879 Thread 0x00000228c86f4680 nmethod 12263 0x00000228b4241408 code [0x00000228b4241560, 0x00000228b4241850]
Event: 20.884 Thread 0x00000228c86f4680 12264       2       lombok.core.LombokConfiguration::read (9 bytes)
Event: 20.885 Thread 0x00000228c86f4680 nmethod 12264 0x00000228b4240c88 code [0x00000228b4240de0, 0x00000228b4241218]
Event: 20.885 Thread 0x00000228c86f4680 12265       2       lombok.javac.JavacAST::getAbsoluteFileLocation (35 bytes)
Event: 20.885 Thread 0x00000228c86f4680 nmethod 12265 0x00000228b3fdef08 code [0x00000228b3fdf040, 0x00000228b3fdf268]
Event: 20.885 Thread 0x00000228c86f4680 12266   !   2       lombok.core.AST::readConfiguration (58 bytes)
Event: 20.886 Thread 0x00000228c86f4680 nmethod 12266 0x00000228b3fde988 code [0x00000228b3fdeae0, 0x00000228b3fdee38]
Event: 20.887 Thread 0x00000228c86f4680 12267       2       lombok.javac.handlers.JavacHandlerUtil::typeMatches (116 bytes)
Event: 20.888 Thread 0x00000228c86f4680 nmethod 12267 0x00000228b419c508 code [0x00000228b419c6e0, 0x00000228b419cf60]

GC Heap History (20 events):
Event: 11.149 GC heap before
{Heap before GC invocations=10 (full 0):
 garbage-first heap   total reserved 3086336K, committed 96256K, used 75707K [0x0000000743a00000, 0x0000000800000000)
  region size 2048K, 25 young (51200K), 2 survivors (4096K)
 Metaspace       used 35022K, committed 35456K, reserved 1114112K
  class space    used 4359K, committed 4608K, reserved 1048576K
}
Event: 11.163 GC heap after
{Heap after GC invocations=11 (full 0):
 garbage-first heap   total reserved 3086336K, committed 96256K, used 34170K [0x0000000743a00000, 0x0000000800000000)
  region size 2048K, 4 young (8192K), 4 survivors (8192K)
 Metaspace       used 35022K, committed 35456K, reserved 1114112K
  class space    used 4359K, committed 4608K, reserved 1048576K
}
Event: 11.925 GC heap before
{Heap before GC invocations=11 (full 0):
 garbage-first heap   total reserved 3086336K, committed 96256K, used 75130K [0x0000000743a00000, 0x0000000800000000)
  region size 2048K, 25 young (51200K), 4 survivors (8192K)
 Metaspace       used 36176K, committed 36608K, reserved 1114112K
  class space    used 4497K, committed 4736K, reserved 1048576K
}
Event: 11.939 GC heap after
{Heap after GC invocations=12 (full 0):
 garbage-first heap   total reserved 3086336K, committed 116736K, used 35879K [0x0000000743a00000, 0x0000000800000000)
  region size 2048K, 1 young (2048K), 1 survivors (2048K)
 Metaspace       used 36176K, committed 36608K, reserved 1114112K
  class space    used 4497K, committed 4736K, reserved 1048576K
}
Event: 13.217 GC heap before
{Heap before GC invocations=13 (full 0):
 garbage-first heap   total reserved 3086336K, committed 116736K, used 93223K [0x0000000743a00000, 0x0000000800000000)
  region size 2048K, 30 young (61440K), 1 survivors (2048K)
 Metaspace       used 37297K, committed 37824K, reserved 1114112K
  class space    used 4584K, committed 4864K, reserved 1048576K
}
Event: 13.221 GC heap after
{Heap after GC invocations=14 (full 0):
 garbage-first heap   total reserved 3086336K, committed 116736K, used 35925K [0x0000000743a00000, 0x0000000800000000)
  region size 2048K, 1 young (2048K), 1 survivors (2048K)
 Metaspace       used 37297K, committed 37824K, reserved 1114112K
  class space    used 4584K, committed 4864K, reserved 1048576K
}
Event: 14.300 GC heap before
{Heap before GC invocations=14 (full 0):
 garbage-first heap   total reserved 3086336K, committed 116736K, used 99413K [0x0000000743a00000, 0x0000000800000000)
  region size 2048K, 32 young (65536K), 1 survivors (2048K)
 Metaspace       used 37756K, committed 38272K, reserved 1114112K
  class space    used 4623K, committed 4864K, reserved 1048576K
}
Event: 14.306 GC heap after
{Heap after GC invocations=15 (full 0):
 garbage-first heap   total reserved 3086336K, committed 116736K, used 35919K [0x0000000743a00000, 0x0000000800000000)
  region size 2048K, 2 young (4096K), 2 survivors (4096K)
 Metaspace       used 37756K, committed 38272K, reserved 1114112K
  class space    used 4623K, committed 4864K, reserved 1048576K
}
Event: 14.767 GC heap before
{Heap before GC invocations=15 (full 0):
 garbage-first heap   total reserved 3086336K, committed 116736K, used 70735K [0x0000000743a00000, 0x0000000800000000)
  region size 2048K, 16 young (32768K), 2 survivors (4096K)
 Metaspace       used 38372K, committed 38848K, reserved 1114112K
  class space    used 4670K, committed 4928K, reserved 1048576K
}
Event: 14.772 GC heap after
{Heap after GC invocations=16 (full 0):
 garbage-first heap   total reserved 3086336K, committed 116736K, used 44330K [0x0000000743a00000, 0x0000000800000000)
  region size 2048K, 2 young (4096K), 2 survivors (4096K)
 Metaspace       used 38372K, committed 38848K, reserved 1114112K
  class space    used 4670K, committed 4928K, reserved 1048576K
}
Event: 14.773 GC heap before
{Heap before GC invocations=16 (full 0):
 garbage-first heap   total reserved 3086336K, committed 116736K, used 56618K [0x0000000743a00000, 0x0000000800000000)
  region size 2048K, 3 young (6144K), 2 survivors (4096K)
 Metaspace       used 38372K, committed 38848K, reserved 1114112K
  class space    used 4670K, committed 4928K, reserved 1048576K
}
Event: 14.778 GC heap after
{Heap after GC invocations=17 (full 0):
 garbage-first heap   total reserved 3086336K, committed 116736K, used 56641K [0x0000000743a00000, 0x0000000800000000)
  region size 2048K, 2 young (4096K), 2 survivors (4096K)
 Metaspace       used 38372K, committed 38848K, reserved 1114112K
  class space    used 4670K, committed 4928K, reserved 1048576K
}
Event: 16.382 GC heap before
{Heap before GC invocations=18 (full 0):
 garbage-first heap   total reserved 3086336K, committed 120832K, used 116033K [0x0000000743a00000, 0x0000000800000000)
  region size 2048K, 24 young (49152K), 2 survivors (4096K)
 Metaspace       used 42844K, committed 43392K, reserved 1114112K
  class space    used 5240K, committed 5504K, reserved 1048576K
}
Event: 16.398 GC heap after
{Heap after GC invocations=19 (full 0):
 garbage-first heap   total reserved 3086336K, committed 126976K, used 44956K [0x0000000743a00000, 0x0000000800000000)
  region size 2048K, 3 young (6144K), 3 survivors (6144K)
 Metaspace       used 42844K, committed 43392K, reserved 1114112K
  class space    used 5240K, committed 5504K, reserved 1048576K
}
Event: 18.178 GC heap before
{Heap before GC invocations=19 (full 0):
 garbage-first heap   total reserved 3086336K, committed 126976K, used 110492K [0x0000000743a00000, 0x0000000800000000)
  region size 2048K, 36 young (73728K), 3 survivors (6144K)
 Metaspace       used 46629K, committed 47296K, reserved 1114112K
  class space    used 5641K, committed 5952K, reserved 1048576K
}
Event: 18.212 GC heap after
{Heap after GC invocations=20 (full 0):
 garbage-first heap   total reserved 3086336K, committed 143360K, used 67417K [0x0000000743a00000, 0x0000000800000000)
  region size 2048K, 5 young (10240K), 5 survivors (10240K)
 Metaspace       used 46629K, committed 47296K, reserved 1114112K
  class space    used 5641K, committed 5952K, reserved 1048576K
}
Event: 19.008 GC heap before
{Heap before GC invocations=20 (full 0):
 garbage-first heap   total reserved 3086336K, committed 143360K, used 118617K [0x0000000743a00000, 0x0000000800000000)
  region size 2048K, 30 young (61440K), 5 survivors (10240K)
 Metaspace       used 47398K, committed 48000K, reserved 1114112K
  class space    used 5703K, committed 6016K, reserved 1048576K
}
Event: 19.030 GC heap after
{Heap after GC invocations=21 (full 0):
 garbage-first heap   total reserved 3086336K, committed 143360K, used 78848K [0x0000000743a00000, 0x0000000800000000)
  region size 2048K, 4 young (8192K), 4 survivors (8192K)
 Metaspace       used 47398K, committed 48000K, reserved 1114112K
  class space    used 5703K, committed 6016K, reserved 1048576K
}
Event: 20.190 GC heap before
{Heap before GC invocations=21 (full 0):
 garbage-first heap   total reserved 3086336K, committed 143360K, used 121856K [0x0000000743a00000, 0x0000000800000000)
  region size 2048K, 25 young (51200K), 4 survivors (8192K)
 Metaspace       used 48827K, committed 49472K, reserved 1114112K
  class space    used 5848K, committed 6144K, reserved 1048576K
}
Event: 20.203 GC heap after
{Heap after GC invocations=22 (full 0):
 garbage-first heap   total reserved 3086336K, committed 172032K, used 83526K [0x0000000743a00000, 0x0000000800000000)
  region size 2048K, 2 young (4096K), 2 survivors (4096K)
 Metaspace       used 48827K, committed 49472K, reserved 1114112K
  class space    used 5848K, committed 6144K, reserved 1048576K
}

Dll operation events (12 events):
Event: 0.022 Loaded shared library C:\Program Files\Java\jdk-23\bin\java.dll
Event: 0.060 Loaded shared library C:\Program Files\Java\jdk-23\bin\jsvml.dll
Event: 0.099 Loaded shared library C:\Program Files\Java\jdk-23\bin\zip.dll
Event: 0.104 Loaded shared library C:\Program Files\Java\jdk-23\bin\instrument.dll
Event: 0.114 Loaded shared library C:\Program Files\Java\jdk-23\bin\net.dll
Event: 0.118 Loaded shared library C:\Program Files\Java\jdk-23\bin\nio.dll
Event: 0.124 Loaded shared library C:\Program Files\Java\jdk-23\bin\zip.dll
Event: 0.144 Loaded shared library C:\Program Files\JetBrains\IntelliJ IDEA Community Edition 2024.2.2\bin\breakgen64.dll
Event: 0.157 Loaded shared library C:\Program Files\Java\jdk-23\bin\extnet.dll
Event: 0.314 Loaded shared library C:\Program Files\Java\jdk-23\bin\jimage.dll
Event: 0.341 Loaded shared library C:\Users\DELL 10I3 256\AppData\Local\Temp\jansi-2.4.1-36a5631f7200e4c1-jansi.dll
Event: 0.357 Loaded shared library C:\Program Files\Java\jdk-23\bin\verify.dll

Deoptimization events (20 events):
Event: 20.816 Thread 0x00000228a8a99cd0 Uncommon trap: trap_request=0xffffff45 fr.pc=0x00000228bb405b14 relative=0x0000000000000d74
Event: 20.816 Thread 0x00000228a8a99cd0 Uncommon trap: reason=unstable_if action=reinterpret pc=0x00000228bb405b14 method=jdk.internal.org.objectweb.asm.Frame.execute(IILjdk/internal/org/objectweb/asm/Symbol;Ljdk/internal/org/objectweb/asm/SymbolTable;)V @ 2247 c2
Event: 20.816 Thread 0x00000228a8a99cd0 DEOPT PACKING pc=0x00000228bb405b14 sp=0x000000fd1a5fc250
Event: 20.816 Thread 0x00000228a8a99cd0 DEOPT UNPACKING pc=0x00000228bab47982 sp=0x000000fd1a5fc1d0 mode 2
Event: 20.836 Thread 0x00000228a8a99cd0 Uncommon trap: trap_request=0xffffffde fr.pc=0x00000228bb54c09c relative=0x000000000000107c
Event: 20.836 Thread 0x00000228a8a99cd0 Uncommon trap: reason=class_check action=maybe_recompile pc=0x00000228bb54c09c method=com.sun.tools.javac.code.DeferredCompletionFailureHandler.classSymbolCompleteFailed(Lcom/sun/tools/javac/code/Symbol$ClassSymbol;Lcom/sun/tools/javac/code/Symbol$Complet
Event: 20.836 Thread 0x00000228a8a99cd0 DEOPT PACKING pc=0x00000228bb54c09c sp=0x000000fd1a5fbd00
Event: 20.836 Thread 0x00000228a8a99cd0 DEOPT UNPACKING pc=0x00000228bab47982 sp=0x000000fd1a5fbc78 mode 2
Event: 20.837 Thread 0x00000228a8a99cd0 Uncommon trap: trap_request=0xffffffde fr.pc=0x00000228bb54c09c relative=0x000000000000107c
Event: 20.837 Thread 0x00000228a8a99cd0 Uncommon trap: reason=class_check action=maybe_recompile pc=0x00000228bb54c09c method=com.sun.tools.javac.code.DeferredCompletionFailureHandler.classSymbolCompleteFailed(Lcom/sun/tools/javac/code/Symbol$ClassSymbol;Lcom/sun/tools/javac/code/Symbol$Complet
Event: 20.837 Thread 0x00000228a8a99cd0 DEOPT PACKING pc=0x00000228bb54c09c sp=0x000000fd1a5fbd00
Event: 20.837 Thread 0x00000228a8a99cd0 DEOPT UNPACKING pc=0x00000228bab47982 sp=0x000000fd1a5fbc78 mode 2
Event: 20.838 Thread 0x00000228a8a99cd0 Uncommon trap: trap_request=0xffffffde fr.pc=0x00000228bb54c09c relative=0x000000000000107c
Event: 20.838 Thread 0x00000228a8a99cd0 Uncommon trap: reason=class_check action=maybe_recompile pc=0x00000228bb54c09c method=com.sun.tools.javac.code.DeferredCompletionFailureHandler.classSymbolCompleteFailed(Lcom/sun/tools/javac/code/Symbol$ClassSymbol;Lcom/sun/tools/javac/code/Symbol$Complet
Event: 20.838 Thread 0x00000228a8a99cd0 DEOPT PACKING pc=0x00000228bb54c09c sp=0x000000fd1a5fb9f0
Event: 20.838 Thread 0x00000228a8a99cd0 DEOPT UNPACKING pc=0x00000228bab47982 sp=0x000000fd1a5fb968 mode 2
Event: 20.838 Thread 0x00000228a8a99cd0 Uncommon trap: trap_request=0xffffffde fr.pc=0x00000228bb54c09c relative=0x000000000000107c
Event: 20.838 Thread 0x00000228a8a99cd0 Uncommon trap: reason=class_check action=maybe_recompile pc=0x00000228bb54c09c method=com.sun.tools.javac.code.DeferredCompletionFailureHandler.classSymbolCompleteFailed(Lcom/sun/tools/javac/code/Symbol$ClassSymbol;Lcom/sun/tools/javac/code/Symbol$Complet
Event: 20.838 Thread 0x00000228a8a99cd0 DEOPT PACKING pc=0x00000228bb54c09c sp=0x000000fd1a5fb9f0
Event: 20.838 Thread 0x00000228a8a99cd0 DEOPT UNPACKING pc=0x00000228bab47982 sp=0x000000fd1a5fb968 mode 2

Classes loaded (20 events):
Event: 19.839 Loading class java/text/BreakIterator
Event: 19.840 Loading class java/text/BreakIterator done
Event: 19.988 Loading class java/util/regex/Pattern$LookBehindEndNode
Event: 19.988 Loading class java/util/regex/Pattern$LookBehindEndNode done
Event: 19.988 Loading class java/util/regex/Pattern$NotBehind
Event: 19.989 Loading class java/util/regex/Pattern$NotBehind done
Event: 20.049 Loading class java/util/Vector$1
Event: 20.049 Loading class java/util/Vector$1 done
Event: 20.061 Loading class java/io/PushbackInputStream
Event: 20.061 Loading class java/io/PushbackInputStream done
Event: 20.354 Loading class java/util/Collections$UnmodifiableSortedSet
Event: 20.354 Loading class java/util/Collections$UnmodifiableSortedSet done
Event: 20.376 Loading class java/util/IdentityHashMap$EntrySet
Event: 20.376 Loading class java/util/IdentityHashMap$EntrySet done
Event: 20.376 Loading class java/util/IdentityHashMap$EntryIterator
Event: 20.376 Loading class java/util/IdentityHashMap$EntryIterator done
Event: 20.376 Loading class java/util/IdentityHashMap$EntryIterator$Entry
Event: 20.376 Loading class java/util/IdentityHashMap$EntryIterator$Entry done
Event: 20.413 Loading class java/util/regex/Pattern$Caret
Event: 20.413 Loading class java/util/regex/Pattern$Caret done

Classes unloaded (0 events):
No events

Classes redefined (0 events):
No events

Internal exceptions (20 events):
Event: 19.439 Thread 0x00000228a8a99cd0 Exception <a 'sun/nio/fs/WindowsException'{0x000000074a1222d8}> (0x000000074a1222d8) 
thrown [s\open\src\hotspot\share\prims\jni.cpp, line 520]
Event: 19.439 Thread 0x00000228a8a99cd0 Exception <a 'sun/nio/fs/WindowsException'{0x000000074a1230e8}> (0x000000074a1230e8) 
thrown [s\open\src\hotspot\share\prims\jni.cpp, line 520]
Event: 19.447 Thread 0x00000228a8a99cd0 Exception <a 'java/lang/NoSuchMethodError'{0x0000000749e33868}: 'int java.lang.invoke.DirectMethodHandle$Holder.invokeSpecial(java.lang.Object, java.lang.Object, int, java.lang.Object)'> (0x0000000749e33868) 
thrown [s\open\src\hotspot\share\interpreter\linkResolver.cpp, line 796]
Event: 19.448 Thread 0x00000228a8a99cd0 Exception <a 'java/lang/NoSuchMethodError'{0x0000000749e39910}: 'java.lang.Object java.lang.invoke.DirectMethodHandle$Holder.newInvokeSpecial(java.lang.Object, java.lang.Object, int)'> (0x0000000749e39910) 
thrown [s\open\src\hotspot\share\interpreter\linkResolver.cpp, line 796]
Event: 19.576 Thread 0x00000228a8a99cd0 Implicit null exception at 0x00000228bb1b0f0f to 0x00000228bb1b14a4
Event: 20.740 Thread 0x00000228a8a99cd0 Implicit null exception at 0x00000228bb39b7ab to 0x00000228bb39bf2d
Event: 20.800 Thread 0x00000228a8a99cd0 Exception <a 'java/lang/NoSuchMethodError'{0x000000074a211310}: 'java.lang.Object java.lang.invoke.DirectMethodHandle$Holder.invokeVirtual(java.lang.Object, java.lang.Object, java.lang.Object, java.lang.Object)'> (0x000000074a211310) 
thrown [s\open\src\hotspot\share\interpreter\linkResolver.cpp, line 796]
Event: 20.806 Thread 0x00000228a8a99cd0 Exception <a 'java/lang/NoSuchMethodError'{0x000000074a22c5d0}: 'void java.lang.invoke.DirectMethodHandle$Holder.invokeInterface(java.lang.Object, java.lang.Object, java.lang.Object, int)'> (0x000000074a22c5d0) 
thrown [s\open\src\hotspot\share\interpreter\linkResolver.cpp, line 796]
Event: 20.807 Thread 0x00000228a8a99cd0 Exception <a 'java/lang/NoSuchMethodError'{0x000000074a233610}: 'void java.lang.invoke.DelegatingMethodHandle$Holder.reinvoke_L(java.lang.Object, java.lang.Object, java.lang.Object, int)'> (0x000000074a233610) 
thrown [s\open\src\hotspot\share\interpreter\linkResolver.cpp, line 796]
Event: 20.810 Thread 0x00000228a8a99cd0 Exception <a 'java/lang/NoSuchMethodError'{0x000000074a247c18}: 'java.lang.Object java.lang.invoke.DirectMethodHandle$Holder.invokeVirtual(java.lang.Object, java.lang.Object, java.lang.Object, java.lang.Object, java.lang.Object)'> (0x000000074a247c18) 
thrown [s\open\src\hotspot\share\interpreter\linkResolver.cpp, line 796]
Event: 20.811 Thread 0x00000228a8a99cd0 Exception <a 'java/lang/NoSuchMethodError'{0x000000074a259ca8}: 'java.lang.Object java.lang.invoke.DirectMethodHandle$Holder.invokeVirtual(java.lang.Object, java.lang.Object, long)'> (0x000000074a259ca8) 
thrown [s\open\src\hotspot\share\interpreter\linkResolver.cpp, line 796]
Event: 20.812 Thread 0x00000228a8a99cd0 Exception <a 'java/lang/NoSuchMethodError'{0x000000074a267138}: 'java.lang.Object java.lang.invoke.DirectMethodHandle$Holder.invokeVirtual(java.lang.Object, java.lang.Object, java.lang.Object, java.lang.Object, java.lang.Object, java.lang.Object)'> (0x000000074a267138) 
thrown [s\open\src\hotspot\share\interpreter\linkResolver.cpp, line 796]
Event: 20.814 Thread 0x00000228a8a99cd0 Exception <a 'java/lang/NoSuchMethodError'{0x000000074a27a420}: 'java.lang.Object java.lang.invoke.DirectMethodHandle$Holder.invokeStatic(java.lang.Object, java.lang.Object, int)'> (0x000000074a27a420) 
thrown [s\open\src\hotspot\share\interpreter\linkResolver.cpp, line 796]
Event: 20.815 Thread 0x00000228a8a99cd0 Exception <a 'java/lang/NoSuchMethodError'{0x000000074a27e288}: 'void java.lang.invoke.DirectMethodHandle$Holder.invokeStatic(java.lang.Object, java.lang.Object, int, java.lang.Object)'> (0x000000074a27e288) 
thrown [s\open\src\hotspot\share\interpreter\linkResolver.cpp, line 796]
Event: 20.815 Thread 0x00000228a8a99cd0 Exception <a 'java/lang/NoSuchMethodError'{0x000000074a285640}: 'void java.lang.invoke.DelegatingMethodHandle$Holder.delegate(java.lang.Object, java.lang.Object, int, java.lang.Object)'> (0x000000074a285640) 
thrown [s\open\src\hotspot\share\interpreter\linkResolver.cpp, line 796]
Event: 20.835 Thread 0x00000228a8a99cd0 Exception <a 'java/lang/NoSuchMethodError'{0x000000074a2cfca8}: 'void java.lang.invoke.DirectMethodHandle$Holder.invokeVirtual(java.lang.Object, java.lang.Object, java.lang.Object, java.lang.Object)'> (0x000000074a2cfca8) 
thrown [s\open\src\hotspot\share\interpreter\linkResolver.cpp, line 796]
Event: 20.856 Thread 0x00000228a8a99cd0 Exception <a 'java/lang/NoSuchMethodError'{0x000000074a3611b8}: 'java.lang.Object java.lang.invoke.DirectMethodHandle$Holder.invokeVirtual(java.lang.Object, java.lang.Object, long, java.lang.Object)'> (0x000000074a3611b8) 
thrown [s\open\src\hotspot\share\interpreter\linkResolver.cpp, line 796]
Event: 20.857 Thread 0x00000228a8a99cd0 Exception <a 'java/lang/NoSuchMethodError'{0x000000074a365288}: 'java.lang.Object java.lang.invoke.DirectMethodHandle$Holder.invokeSpecial(java.lang.Object, java.lang.Object, java.lang.Object, long, java.lang.Object)'> (0x000000074a365288) 
thrown [s\open\src\hotspot\share\interpreter\linkResolver.cpp, line 796]
Event: 20.857 Thread 0x00000228a8a99cd0 Exception <a 'java/lang/NoSuchMethodError'{0x000000074a368f70}: 'java.lang.Object java.lang.invoke.DelegatingMethodHandle$Holder.reinvoke_L(java.lang.Object, java.lang.Object, long, java.lang.Object)'> (0x000000074a368f70) 
thrown [s\open\src\hotspot\share\interpreter\linkResolver.cpp, line 796]
Event: 20.861 Thread 0x00000228a8a99cd0 Exception <a 'java/lang/NoSuchMethodError'{0x000000074a391598}: 'java.lang.Object java.lang.invoke.DirectMethodHandle$Holder.invokeVirtual(java.lang.Object, java.lang.Object, java.lang.Object, java.lang.Object, java.lang.Object, java.lang.Object, java.lang.Object, java.lang.Object, java.lang.Object, java.lang.Object)'> (0x000000074a391598) 
thrown [s\open\src\hotspot\share\interpreter\linkResolver.cpp, line 796]

VM Operations (20 events):
Event: 16.108 Executing VM operation: HandshakeAllThreads (Deoptimize)
Event: 16.108 Executing VM operation: HandshakeAllThreads (Deoptimize) done
Event: 16.110 Executing VM operation: HandshakeAllThreads (Deoptimize)
Event: 16.110 Executing VM operation: HandshakeAllThreads (Deoptimize) done
Event: 16.382 Executing VM operation: G1CollectForAllocation (G1 Evacuation Pause)
Event: 16.398 Executing VM operation: G1CollectForAllocation (G1 Evacuation Pause) done
Event: 16.579 Executing VM operation: HandshakeAllThreads (Deoptimize)
Event: 16.580 Executing VM operation: HandshakeAllThreads (Deoptimize) done
Event: 18.178 Executing VM operation: G1CollectForAllocation (G1 Evacuation Pause)
Event: 18.212 Executing VM operation: G1CollectForAllocation (G1 Evacuation Pause) done
Event: 18.407 Executing VM operation: HandshakeAllThreads (Deoptimize)
Event: 18.407 Executing VM operation: HandshakeAllThreads (Deoptimize) done
Event: 19.008 Executing VM operation: G1CollectForAllocation (G1 Evacuation Pause)
Event: 19.030 Executing VM operation: G1CollectForAllocation (G1 Evacuation Pause) done
Event: 20.190 Executing VM operation: G1CollectForAllocation (G1 Evacuation Pause)
Event: 20.203 Executing VM operation: G1CollectForAllocation (G1 Evacuation Pause) done
Event: 20.305 Executing VM operation: G1PauseRemark
Event: 20.313 Executing VM operation: G1PauseRemark done
Event: 20.349 Executing VM operation: G1PauseCleanup
Event: 20.349 Executing VM operation: G1PauseCleanup done

Memory protections (0 events):
No events

Nmethod flushes (20 events):
Event: 20.312 Thread 0x00000228c86bb0d0 flushing  nmethod 0x00000228b40a3508
Event: 20.312 Thread 0x00000228c86bb0d0 flushing  nmethod 0x00000228b40a3e08
Event: 20.312 Thread 0x00000228c86bb0d0 flushing  nmethod 0x00000228b4168c88
Event: 20.312 Thread 0x00000228c86bb0d0 flushing  nmethod 0x00000228b416d008
Event: 20.312 Thread 0x00000228c86bb0d0 flushing  nmethod 0x00000228b41c8388
Event: 20.312 Thread 0x00000228c86bb0d0 flushing  nmethod 0x00000228b41cbe88
Event: 20.312 Thread 0x00000228c86bb0d0 flushing  nmethod 0x00000228b41db088
Event: 20.312 Thread 0x00000228c86bb0d0 flushing  nmethod 0x00000228b41dcb88
Event: 20.312 Thread 0x00000228c86bb0d0 flushing  nmethod 0x00000228b41e0788
Event: 20.312 Thread 0x00000228c86bb0d0 flushing  nmethod 0x00000228b4235f08
Event: 20.312 Thread 0x00000228c86bb0d0 flushing  nmethod 0x00000228b4237688
Event: 20.312 Thread 0x00000228c86bb0d0 flushing  nmethod 0x00000228b427bc88
Event: 20.312 Thread 0x00000228c86bb0d0 flushing  nmethod 0x00000228b427c608
Event: 20.312 Thread 0x00000228c86bb0d0 flushing  nmethod 0x00000228b4280088
Event: 20.312 Thread 0x00000228c86bb0d0 flushing  nmethod 0x00000228b4280888
Event: 20.312 Thread 0x00000228c86bb0d0 flushing  nmethod 0x00000228b42a2288
Event: 20.312 Thread 0x00000228c86bb0d0 flushing  nmethod 0x00000228b42a2a08
Event: 20.312 Thread 0x00000228c86bb0d0 flushing  nmethod 0x00000228b42a3008
Event: 20.312 Thread 0x00000228c86bb0d0 flushing  nmethod 0x00000228b42b8788
Event: 20.312 Thread 0x00000228c86bb0d0 flushing  nmethod 0x00000228b42ec008

Events (20 events):
Event: 0.078 Thread 0x00000228a8a99cd0 Thread added: 0x00000228c86aab30
Event: 0.144 Thread 0x00000228a8a99cd0 Thread added: 0x00000228c8934730
Event: 0.145 Thread 0x00000228a8a99cd0 Thread added: 0x00000228c89351b0
Event: 0.309 Thread 0x00000228a8a99cd0 Thread added: 0x000002290e12eea0
Event: 0.331 Thread 0x000002290e12eea0 Thread exited: 0x000002290e12eea0
Event: 0.912 Thread 0x00000228c86f4680 Thread added: 0x00000228c86f3fb0
Event: 1.809 Thread 0x00000228c86f3fb0 Thread exited: 0x00000228c86f3fb0
Event: 2.614 Thread 0x00000228c86f4680 Thread added: 0x00000228c86f4d50
Event: 2.775 Thread 0x00000228a8a99cd0 Thread added: 0x000002290f020ef0
Event: 8.407 Thread 0x00000228c86f4d50 Thread exited: 0x00000228c86f4d50
Event: 8.749 Thread 0x00000228c86f4680 Thread added: 0x00000228c86f4d50
Event: 11.008 Thread 0x00000228a8a99cd0 Thread added: 0x000002290f5ee970
Event: 11.012 Thread 0x00000228a8a99cd0 Thread added: 0x000002290f5eb4f0
Event: 11.029 Thread 0x00000228a8a99cd0 Thread added: 0x0000022910ca4350
Event: 15.629 Thread 0x00000228c86f4d50 Thread exited: 0x00000228c86f4d50
Event: 16.121 Thread 0x00000228c86f4680 Thread added: 0x000002290f8bc4e0
Event: 18.217 Thread 0x000002290f8bc4e0 Thread exited: 0x000002290f8bc4e0
Event: 18.354 Thread 0x00000228c86f4680 Thread added: 0x000002290f8bc4e0
Event: 19.773 Thread 0x000002290f8bc4e0 Thread exited: 0x000002290f8bc4e0
Event: 20.500 Thread 0x00000228c86f4680 Thread added: 0x000002290f8bc4e0


Dynamic libraries:
0x00007ff736dc0000 - 0x00007ff736dd0000 	C:\Program Files\Java\jdk-23\bin\java.exe
0x00007ff8f7a80000 - 0x00007ff8f7ce3000 	C:\WINDOWS\SYSTEM32\ntdll.dll
0x00007ff8f6840000 - 0x00007ff8f6907000 	C:\WINDOWS\System32\KERNEL32.DLL
0x00007ff8f5030000 - 0x00007ff8f53f9000 	C:\WINDOWS\System32\KERNELBASE.dll
0x00007ff8f5750000 - 0x00007ff8f589c000 	C:\WINDOWS\System32\ucrtbase.dll
0x00007ff8ef6e0000 - 0x00007ff8ef6f7000 	C:\Program Files\Java\jdk-23\bin\jli.dll
0x00007ff8ef700000 - 0x00007ff8ef71b000 	C:\Program Files\Java\jdk-23\bin\VCRUNTIME140.dll
0x00007ff8f7140000 - 0x00007ff8f730a000 	C:\WINDOWS\System32\USER32.dll
0x00007ff8f5000000 - 0x00007ff8f5027000 	C:\WINDOWS\System32\win32u.dll
0x00007ff8f7610000 - 0x00007ff8f763a000 	C:\WINDOWS\System32\GDI32.dll
0x00007ff8dd750000 - 0x00007ff8dd9e0000 	C:\WINDOWS\WinSxS\amd64_microsoft.windows.common-controls_6595b64144ccf1df_6.0.26100.3323_none_3e088096e3344490\COMCTL32.dll
0x00007ff8f6ef0000 - 0x00007ff8f6f99000 	C:\WINDOWS\System32\msvcrt.dll
0x00007ff8f5610000 - 0x00007ff8f5741000 	C:\WINDOWS\System32\gdi32full.dll
0x00007ff8f4eb0000 - 0x00007ff8f4f53000 	C:\WINDOWS\System32\msvcp_win.dll
0x00007ff8f7390000 - 0x00007ff8f73bf000 	C:\WINDOWS\System32\IMM32.DLL
0x00007ff8efda0000 - 0x00007ff8efdac000 	C:\Program Files\Java\jdk-23\bin\vcruntime140_1.dll
0x00007ff8c5370000 - 0x00007ff8c53fe000 	C:\Program Files\Java\jdk-23\bin\msvcp140.dll
0x00007ff89fff0000 - 0x00007ff8a0d40000 	C:\Program Files\Java\jdk-23\bin\server\jvm.dll
0x00007ff8f6dc0000 - 0x00007ff8f6e72000 	C:\WINDOWS\System32\ADVAPI32.dll
0x00007ff8f73d0000 - 0x00007ff8f7476000 	C:\WINDOWS\System32\sechost.dll
0x00007ff8f6ca0000 - 0x00007ff8f6db6000 	C:\WINDOWS\System32\RPCRT4.dll
0x00007ff8f6bf0000 - 0x00007ff8f6c64000 	C:\WINDOWS\System32\WS2_32.dll
0x00007ff8f4b30000 - 0x00007ff8f4b7e000 	C:\WINDOWS\SYSTEM32\POWRPROF.dll
0x00007ff8d5200000 - 0x00007ff8d5236000 	C:\WINDOWS\SYSTEM32\WINMM.dll
0x00007ff8ed270000 - 0x00007ff8ed27b000 	C:\WINDOWS\SYSTEM32\VERSION.dll
0x00007ff8f4af0000 - 0x00007ff8f4b04000 	C:\WINDOWS\SYSTEM32\UMPDC.dll
0x00007ff8f3a80000 - 0x00007ff8f3a9a000 	C:\WINDOWS\SYSTEM32\kernel.appcore.dll
0x00007ff8ef820000 - 0x00007ff8ef82a000 	C:\Program Files\Java\jdk-23\bin\jimage.dll
0x00007ff8f23e0000 - 0x00007ff8f2621000 	C:\WINDOWS\SYSTEM32\DBGHELP.DLL
0x00007ff8f64b0000 - 0x00007ff8f6832000 	C:\WINDOWS\System32\combase.dll
0x00007ff8f7480000 - 0x00007ff8f7556000 	C:\WINDOWS\System32\OLEAUT32.dll
0x00007ff8d5100000 - 0x00007ff8d5139000 	C:\WINDOWS\SYSTEM32\dbgcore.DLL
0x00007ff8f4f60000 - 0x00007ff8f4ff9000 	C:\WINDOWS\System32\bcryptPrimitives.dll
0x00007ff8dd3d0000 - 0x00007ff8dd3df000 	C:\Program Files\Java\jdk-23\bin\instrument.dll
0x00007ff8eeb80000 - 0x00007ff8eeb9e000 	C:\Program Files\Java\jdk-23\bin\java.dll
0x00007ff8f6fa0000 - 0x00007ff8f7135000 	C:\WINDOWS\System32\ole32.dll
0x00007ff8f5d90000 - 0x00007ff8f64a5000 	C:\WINDOWS\System32\SHELL32.dll
0x00007ff8f4c80000 - 0x00007ff8f4de8000 	C:\WINDOWS\System32\wintypes.dll
0x00007ff8f2940000 - 0x00007ff8f3185000 	C:\WINDOWS\SYSTEM32\windows.storage.dll
0x00007ff8f6b00000 - 0x00007ff8f6beb000 	C:\WINDOWS\System32\SHCORE.dll
0x00007ff8f79e0000 - 0x00007ff8f7a3d000 	C:\WINDOWS\System32\shlwapi.dll
0x00007ff8f4b90000 - 0x00007ff8f4bbf000 	C:\WINDOWS\SYSTEM32\profapi.dll
0x00007ff8beab0000 - 0x00007ff8beb87000 	C:\Program Files\Java\jdk-23\bin\jsvml.dll
0x00007ff8dd420000 - 0x00007ff8dd437000 	C:\Program Files\Java\jdk-23\bin\zip.dll
0x00007ff8eeb70000 - 0x00007ff8eeb80000 	C:\Program Files\Java\jdk-23\bin\net.dll
0x00007ff8f3fc0000 - 0x00007ff8f402a000 	C:\WINDOWS\system32\mswsock.dll
0x00007ff8e04f0000 - 0x00007ff8e0506000 	C:\Program Files\Java\jdk-23\bin\nio.dll
0x00007ff8dca80000 - 0x00007ff8dca9a000 	C:\Program Files\JetBrains\IntelliJ IDEA Community Edition 2024.2.2\bin\breakgen64.dll
0x00007ff8e04e0000 - 0x00007ff8e04e9000 	C:\Program Files\Java\jdk-23\bin\extnet.dll
0x00007ff8d40e0000 - 0x00007ff8d4104000 	C:\Users\DELL 10I3 256\AppData\Local\Temp\jansi-2.4.1-36a5631f7200e4c1-jansi.dll
0x00007ff8dc9c0000 - 0x00007ff8dc9d0000 	C:\Program Files\Java\jdk-23\bin\verify.dll
0x00007ff8f4260000 - 0x00007ff8f427c000 	C:\WINDOWS\SYSTEM32\CRYPTSP.dll
0x00007ff8f39e0000 - 0x00007ff8f3a1a000 	C:\WINDOWS\system32\rsaenh.dll
0x00007ff8f4060000 - 0x00007ff8f408b000 	C:\WINDOWS\SYSTEM32\USERENV.dll
0x00007ff8f44a0000 - 0x00007ff8f44c6000 	C:\WINDOWS\SYSTEM32\bcrypt.dll
0x00007ff8f4280000 - 0x00007ff8f428c000 	C:\WINDOWS\SYSTEM32\CRYPTBASE.dll
0x00007ff8f3490000 - 0x00007ff8f34c3000 	C:\WINDOWS\SYSTEM32\IPHLPAPI.DLL
0x00007ff8f77e0000 - 0x00007ff8f77ea000 	C:\WINDOWS\System32\NSI.dll

dbghelp: loaded successfully - version: 4.0.5 - missing functions: none
symbol engine: initialized successfully - sym options: 0x614 - pdb path: .;C:\Program Files\Java\jdk-23\bin;C:\WINDOWS\SYSTEM32;C:\WINDOWS\WinSxS\amd64_microsoft.windows.common-controls_6595b64144ccf1df_6.0.26100.3323_none_3e088096e3344490;C:\Program Files\Java\jdk-23\bin\server;C:\Program Files\JetBrains\IntelliJ IDEA Community Edition 2024.2.2\bin;C:\Users\DELL 10I3 256\AppData\Local\Temp

VM Arguments:
jvm_args: -Dmaven.multiModuleProjectDirectory=E:\testing ems\election-management-system-196f8d4142ecf5a95e38ca86f330160421f79fd4\server -Djansi.passthrough=true -Dmaven.home=C:\Users\DELL 10I3 256\.m2\wrapper\dists\apache-maven-3.9.9-bin\4nf9hui3q3djbarqar9g711ggc\apache-maven-3.9.9 -Dclassworlds.conf=C:\Users\DELL 10I3 256\.m2\wrapper\dists\apache-maven-3.9.9-bin\4nf9hui3q3djbarqar9g711ggc\apache-maven-3.9.9\bin\m2.conf -Dmaven.ext.class.path=C:\Program Files\JetBrains\IntelliJ IDEA Community Edition 2024.2.2\plugins\maven\lib\maven-event-listener.jar -javaagent:C:\Program Files\JetBrains\IntelliJ IDEA Community Edition 2024.2.2\lib\idea_rt.jar=51251:C:\Program Files\JetBrains\IntelliJ IDEA Community Edition 2024.2.2\bin -Dfile.encoding=UTF-8 -Dsun.stdout.encoding=UTF-8 -Dsun.stderr.encoding=UTF-8 
java_command: org.codehaus.classworlds.Launcher -Didea.version=2024.2.2 compile
java_class_path (initial): C:\Users\DELL 10I3 256\.m2\wrapper\dists\apache-maven-3.9.9-bin\4nf9hui3q3djbarqar9g711ggc\apache-maven-3.9.9\boot\plexus-classworlds-2.8.0.jar;C:\Users\DELL 10I3 256\.m2\wrapper\dists\apache-maven-3.9.9-bin\4nf9hui3q3djbarqar9g711ggc\apache-maven-3.9.9\boot\plexus-classworlds.license
Launcher Type: SUN_STANDARD

[Global flags]
     intx CICompilerCount                          = 3                                         {product} {ergonomic}
     uint ConcGCThreads                            = 1                                         {product} {ergonomic}
     uint G1ConcRefinementThreads                  = 4                                         {product} {ergonomic}
   size_t G1HeapRegionSize                         = 2097152                                   {product} {ergonomic}
   size_t InitialHeapSize                          = 199229440                                 {product} {ergonomic}
   size_t MarkStackSize                            = 4194304                                   {product} {ergonomic}
   size_t MarkStackSizeMax                         = 536870912                                 {product} {ergonomic}
   size_t MaxHeapSize                              = 3160408064                                {product} {ergonomic}
   size_t MaxNewSize                               = 1895825408                                {product} {ergonomic}
   size_t MinHeapDeltaBytes                        = 2097152                                   {product} {ergonomic}
   size_t MinHeapSize                              = 8388608                                   {product} {ergonomic}
    uintx NonNMethodCodeHeapSize                   = 5832704                                {pd product} {ergonomic}
    uintx NonProfiledCodeHeapSize                  = 122945536                              {pd product} {ergonomic}
    uintx ProfiledCodeHeapSize                     = 122880000                              {pd product} {ergonomic}
    uintx ReservedCodeCacheSize                    = 251658240                              {pd product} {ergonomic}
     bool SegmentedCodeCache                       = true                                      {product} {ergonomic}
   size_t SoftMaxHeapSize                          = 3160408064                             {manageable} {ergonomic}
     bool UseCompressedOops                        = true                           {product lp64_product} {ergonomic}
     bool UseG1GC                                  = true                                      {product} {ergonomic}
     bool UseLargePagesIndividualAllocation        = false                                  {pd product} {ergonomic}

Logging:
Log output configuration:
 #0: stdout all=warning uptime,level,tags foldmultilines=false
 #1: stderr all=off uptime,level,tags foldmultilines=false

Environment Variables:
JAVA_HOME=C:\Program Files\Java\jdk-23
CLASSPATH=C:\apache-tomcat-6.0.14\lib\servlet-api.jar
PATH=C:\Program Files\Common Files\Oracle\Java\javapath;C:\Program Files (x86)\VMware\VMware Player\bin\;C:\oraclexe\app\oracle\product\11.2.0\server\bin;C:\WINDOWS;C:\WINDOWS\System32\Wbem;C:\WINDOWS\System32\WindowsPowerShell\v1.0\;C:\WINDOWS\System32\OpenSSH\;C:\MinGW\bin;C:\Program Files\Git\cmd;C:\Program Files\dotnet\;C:\ProgramData\ComposerSetup\bin;C:\Program Files\Java\jdk-23\bin;C:\apache-maven-3.9.6\bin;C:\gradle-8.6\bin;C:\Program Files\PostgreSQL\16\bin;C:\Program Files\Microsoft SQL Server\150\Tools\Binn\;C:\Program Files\Microsoft SQL Server\Client SDK\ODBC\170\Tools\Binn\;C:\Program Files (x86)\Microsoft SQL Server\160\Tools\Binn\;C:\Program Files\Microsoft SQL Server\160\Tools\Binn\;C:\Program Files\Microsoft SQL Server\160\DTS\Binn\;C:\Program Files\Microsoft SQL Server\130\Tools\Binn\;C:\Program Files (x86)\Microsoft SQL Server\160\DTS\Binn\;C:\WINDOWS\system32;C:\Program Files\MySQL\MySQL Server 8.0\bin;C:\Program Files\Docker\Docker\resources\bin;C:\Program Files\nodejs\;C:\ProgramData\chocolatey\bin;C:\Users\DELL 10I3 256\AppData\Local\Programs\Python\Python310\Scripts\;C:\xampp\php;C:\Users\DELL 10I3 256\AppData\Local\Programs\Microsoft VS Code\bin;C:\Users\DELL 10I3 256\AppData\Local\Microsoft\WindowsApps;C:\Users\DELL 10I3 256\AppData\Roaming\Composer\vendor\bin;C:\Program Files\MongoDB\Server\5.0\bin;C:\Users\DELL 10I3 256\AppData\Local\GitHubDesktop\bin;C:\Users\DELL 10I3 256\AppData\Local\Programs\Python\Python310;C:\Program Files\JetBrains\IntelliJ IDEA Community Edition 2024.2.2\bin;;C:\apache-maven-3.9.6\bin;C:\Users\DELL 10I3 256\AppData\Roaming\npm;
USERNAME=DELL 10I3 256
OS=Windows_NT
PROCESSOR_IDENTIFIER=Intel64 Family 6 Model 126 Stepping 5, GenuineIntel
TMP=C:\Users\DELL 10I3 256\AppData\Local\Temp
TEMP=C:\Users\DELL 10I3 256\AppData\Local\Temp




Periodic native trim disabled

---------------  S Y S T E M  ---------------

OS:
 Windows 11 , 64 bit Build 26100 (10.0.26100.3323)
OS uptime: 0 days 1:04 hours
Hyper-V role detected

CPU: total 4 (initial active 4) (2 cores per cpu, 2 threads per core) family 6 model 126 stepping 5 microcode 0xc2, cx8, cmov, fxsr, ht, mmx, 3dnowpref, sse, sse2, sse3, ssse3, sse4.1, sse4.2, popcnt, lzcnt, tsc, tscinvbit, avx, avx2, aes, erms, clmul, bmi1, bmi2, adx, avx512f, avx512dq, avx512cd, avx512bw, avx512vl, sha, fma, vzeroupper, avx512_vpopcntdq, avx512_vpclmulqdq, avx512_vaes, avx512_vnni, clflush, clflushopt, avx512_vbmi2, avx512_vbmi, hv, rdtscp, rdpid, fsrm, gfni, avx512_bitalg, f16c, avx512_ifma
Processor Information for the first 4 processors :
  Max Mhz: 1190, Current Mhz: 1190, Mhz Limit: 1190

Memory: 4k page, system-wide physical 12055M (1481M free)
TotalPageFile size 16151M (AvailPageFile size 38M)
current process WorkingSet (physical memory assigned to process): 385M, peak: 387M
current process commit charge ("private bytes"): 410M, peak: 411M

vm_info: Java HotSpot(TM) 64-Bit Server VM (23.0.2+7-58) for windows-amd64 JRE (23.0.2+7-58), built on 2024-11-29T09:34:55Z with MS VC++ 17.6 (VS2022)

END.
