#
# There is insufficient memory for the Java Runtime Environment to continue.
# Native memory allocation (mmap) failed to map 283115520 bytes for G1 virtual space
# Possible reasons:
#   The system is out of physical RAM or swap space
#   The process is running with CompressedOops enabled, and the Java Heap may be blocking the growth of the native heap
# Possible solutions:
#   Reduce memory load on the system
#   Increase physical memory or swap space
#   Check if swap backing store is full
#   Decrease Java heap size (-Xmx/-Xms)
#   Decrease number of Java threads
#   Decrease Java thread stack sizes (-Xss)
#   Set larger code cache with -XX:ReservedCodeCacheSize=
#   JVM is running with Zero Based Compressed Oops mode in which the Java heap is
#     placed in the first 32GB address space. The Java Heap base address is the
#     maximum limit for the native heap growth. Please use -XX:HeapBaseMinAddress
#     to set the Java Heap base and to place the Java Heap above 32GB virtual address.
# This output file may be truncated or incomplete.
#
#  Out of Memory Error (os_windows.cpp:3548), pid=10604, tid=19284
#
# JRE version: Java(TM) SE Runtime Environment (17.0.12+8) (build 17.0.12+8-LTS-286)
# Java VM: Java HotSpot(TM) 64-Bit Server VM (17.0.12+8-LTS-286, mixed mode, sharing, tiered, compressed oops, compressed class ptrs, g1 gc, windows-amd64)
# No core dump will be written. Minidumps are not enabled by default on client versions of Windows
#

---------------  S U M M A R Y ------------

Command Line: -Dmaven.multiModuleProjectDirectory=E:\testing ems\election-management-system\server -Djansi.passthrough=true -Dmaven.home=C:\Users\DELL 10I3 256\.m2\wrapper\dists\apache-maven-3.9.9-bin\4nf9hui3q3djbarqar9g711ggc\apache-maven-3.9.9 -Dclassworlds.conf=C:\Users\DELL 10I3 256\.m2\wrapper\dists\apache-maven-3.9.9-bin\4nf9hui3q3djbarqar9g711ggc\apache-maven-3.9.9\bin\m2.conf -Dmaven.ext.class.path=C:\Program Files\JetBrains\IntelliJ IDEA Community Edition 2024.2.2\plugins\maven\lib\maven-event-listener.jar -javaagent:C:\Program Files\JetBrains\IntelliJ IDEA Community Edition 2024.2.2\lib\idea_rt.jar=52737:C:\Program Files\JetBrains\IntelliJ IDEA Community Edition 2024.2.2\bin -Dfile.encoding=UTF-8 org.codehaus.classworlds.Launcher -Didea.version=2024.2.2 compile

Host: Intel(R) Core(TM) i3-1005G1 CPU @ 1.20GHz, 4 cores, 11G,  Windows 11 , 64 bit Build 26100 (10.0.26100.3323)
Time: Wed Mar 19 14:49:40 2025 India Standard Time elapsed time: 32.776219 seconds (0d 0h 0m 32s)

---------------  T H R E A D  ---------------

Current thread (0x00000255b0b23ad0):  VMThread "VM Thread" [stack: 0x0000006182e00000,0x0000006182f00000] [id=19284]

Stack: [0x0000006182e00000,0x0000006182f00000]
Native frames: (J=compiled Java code, j=interpreted, Vv=VM code, C=native code)
V  [jvm.dll+0x67a04a]
V  [jvm.dll+0x7da4ed]
V  [jvm.dll+0x7dbe33]
V  [jvm.dll+0x7dc4a3]
V  [jvm.dll+0x24508f]
V  [jvm.dll+0x677089]
V  [jvm.dll+0x66bd32]
V  [jvm.dll+0x301fa6]
V  [jvm.dll+0x309546]
V  [jvm.dll+0x359d2e]
V  [jvm.dll+0x359f5f]
V  [jvm.dll+0x2d9078]
V  [jvm.dll+0x2d74ad]
V  [jvm.dll+0x2d6afc]
V  [jvm.dll+0x31a65b]
V  [jvm.dll+0x7e0d9b]
V  [jvm.dll+0x7e1ad4]
V  [jvm.dll+0x7e1fed]
V  [jvm.dll+0x7e23c4]
V  [jvm.dll+0x7e2490]
V  [jvm.dll+0x78abea]
V  [jvm.dll+0x678f35]
C  [ucrtbase.dll+0x37b0]
C  [KERNEL32.DLL+0x2e8d7]
C  [ntdll.dll+0xbbf6c]

VM_Operation (0x00000061828fc940): G1CollectForAllocation, mode: safepoint, requested by thread 0x0000025590da0230


---------------  P R O C E S S  ---------------

Threads class SMR info:
_java_thread_list=0x00000255f8ffdc20, length=18, elements={
0x0000025590da0230, 0x00000255b0b2ac90, 0x00000255b0b2c3c0, 0x00000255b0b3f380,
0x00000255b0b3ff40, 0x00000255b0b41570, 0x00000255b0b41e40, 0x00000255b0b46860,
0x00000255b0b4f540, 0x00000255b0b54d90, 0x00000255b0b0f480, 0x00000255f61985a0,
0x00000255f6198a80, 0x00000255f717c850, 0x00000255f6df8880, 0x00000255f6df6f30,
0x00000255f6df7e60, 0x00000255f7fa0600
}

Java Threads: ( => current thread )
  0x0000025590da0230 JavaThread "main" [_thread_blocked, id=17800, stack(0x0000006182800000,0x0000006182900000)]
  0x00000255b0b2ac90 JavaThread "Reference Handler" daemon [_thread_blocked, id=14616, stack(0x0000006182f00000,0x0000006183000000)]
  0x00000255b0b2c3c0 JavaThread "Finalizer" daemon [_thread_blocked, id=21616, stack(0x0000006183000000,0x0000006183100000)]
  0x00000255b0b3f380 JavaThread "Signal Dispatcher" daemon [_thread_blocked, id=20856, stack(0x0000006183100000,0x0000006183200000)]
  0x00000255b0b3ff40 JavaThread "Attach Listener" daemon [_thread_blocked, id=22972, stack(0x0000006183200000,0x0000006183300000)]
  0x00000255b0b41570 JavaThread "Service Thread" daemon [_thread_blocked, id=7220, stack(0x0000006183300000,0x0000006183400000)]
  0x00000255b0b41e40 JavaThread "Monitor Deflation Thread" daemon [_thread_blocked, id=21628, stack(0x0000006183400000,0x0000006183500000)]
  0x00000255b0b46860 JavaThread "C2 CompilerThread0" daemon [_thread_blocked, id=10112, stack(0x0000006183500000,0x0000006183600000)]
  0x00000255b0b4f540 JavaThread "C1 CompilerThread0" daemon [_thread_blocked, id=5712, stack(0x0000006183600000,0x0000006183700000)]
  0x00000255b0b54d90 JavaThread "Sweeper thread" daemon [_thread_blocked, id=13180, stack(0x0000006183700000,0x0000006183800000)]
  0x00000255b0b0f480 JavaThread "Common-Cleaner" daemon [_thread_blocked, id=15864, stack(0x0000006183800000,0x0000006183900000)]
  0x00000255f61985a0 JavaThread "Monitor Ctrl-Break" daemon [_thread_in_native, id=7276, stack(0x0000006183900000,0x0000006183a00000)]
  0x00000255f6198a80 JavaThread "Notification Thread" daemon [_thread_blocked, id=18076, stack(0x0000006183a00000,0x0000006183b00000)]
  0x00000255f717c850 JavaThread "Thread-1" daemon [_thread_blocked, id=18456, stack(0x0000006184100000,0x0000006184200000)]
  0x00000255f6df8880 JavaThread "ForkJoinPool.commonPool-worker-1" daemon [_thread_blocked, id=19424, stack(0x0000006184200000,0x0000006184300000)]
  0x00000255f6df6f30 JavaThread "ForkJoinPool.commonPool-worker-2" daemon [_thread_blocked, id=20068, stack(0x0000006184300000,0x0000006184400000)]
  0x00000255f6df7e60 JavaThread "ForkJoinPool.commonPool-worker-3" daemon [_thread_blocked, id=10696, stack(0x0000006184400000,0x0000006184500000)]
  0x00000255f7fa0600 JavaThread "C2 CompilerThread1" daemon [_thread_blocked, id=21784, stack(0x0000006184000000,0x0000006184100000)]

Other Threads:
=>0x00000255b0b23ad0 VMThread "VM Thread" [stack: 0x0000006182e00000,0x0000006182f00000] [id=19284]
  0x0000025590da0f10 WatcherThread [stack: 0x0000006183b00000,0x0000006183c00000] [id=22776]
  0x0000025590df7940 GCTaskThread "GC Thread#0" [stack: 0x0000006182900000,0x0000006182a00000] [id=9480]
  0x00000255f6917a00 GCTaskThread "GC Thread#1" [stack: 0x0000006183c00000,0x0000006183d00000] [id=2652]
  0x00000255f692aba0 GCTaskThread "GC Thread#2" [stack: 0x0000006183d00000,0x0000006183e00000] [id=4716]
  0x00000255f692ae60 GCTaskThread "GC Thread#3" [stack: 0x0000006183e00000,0x0000006183f00000] [id=22808]
  0x0000025590e044e0 ConcurrentGCThread "G1 Main Marker" [stack: 0x0000006182a00000,0x0000006182b00000] [id=20760]
  0x0000025590e06bd0 ConcurrentGCThread "G1 Conc#0" [stack: 0x0000006182b00000,0x0000006182c00000] [id=21668]
  0x0000025590e664e0 ConcurrentGCThread "G1 Refine#0" [stack: 0x0000006182c00000,0x0000006182d00000] [id=20956]
  0x00000255f68d6ea0 ConcurrentGCThread "G1 Refine#1" [stack: 0x0000006183f00000,0x0000006184000000] [id=20008]
  0x00000255b09e20b0 ConcurrentGCThread "G1 Service" [stack: 0x0000006182d00000,0x0000006182e00000] [id=436]

Threads with active compile tasks:
C2 CompilerThread0    32827 14474   !   4       org.mapstruct.ap.shaded.freemarker.template.SimpleHash::get (286 bytes)
C2 CompilerThread1    32828 14451       4       org.mapstruct.ap.shaded.freemarker.core.Environment::getNullableLocalVariable (73 bytes)

VM state: at safepoint (normal execution)

VM Mutex/Monitor currently owned by a thread:  ([mutex/lock_event])
[0x000002558eadcba0] Threads_lock - owner thread: 0x00000255b0b23ad0
[0x0000025590d9d8d0] Heap_lock - owner thread: 0x0000025590da0230

Heap address: 0x0000000743a00000, size: 3014 MB, Compressed Oops mode: Zero based, Oop shift amount: 3

CDS archive(s) mapped at: [0x00000255b1000000-0x00000255b1bd0000-0x00000255b1bd0000), size 12386304, SharedBaseAddress: 0x00000255b1000000, ArchiveRelocationMode: 1.
Compressed class space mapped at: 0x00000255b2000000-0x00000255f2000000, reserved size: 1073741824
Narrow klass base: 0x00000255b1000000, Narrow klass shift: 0, Narrow klass range: 0x100000000

GC Precious Log:
 CPUs: 4 total, 4 available
 Memory: 12055M
 Large Page Support: Disabled
 NUMA Support: Disabled
 Compressed Oops: Enabled (Zero based)
 Heap Region Size: 2M
 Heap Min Capacity: 8M
 Heap Initial Capacity: 190M
 Heap Max Capacity: 3014M
 Pre-touch: Disabled
 Parallel Workers: 4
 Concurrent Workers: 1
 Concurrent Refinement Workers: 4
 Periodic GC: Disabled

Heap:
 garbage-first heap   total 198656K, used 98845K [0x0000000743a00000, 0x0000000800000000)
  region size 2048K, 1 young (2048K), 1 survivors (2048K)
 Metaspace       used 58781K, committed 59456K, reserved 1114112K
  class space    used 6860K, committed 7232K, reserved 1048576K

Heap Regions: E=young(eden), S=young(survivor), O=old, HS=humongous(starts), HC=humongous(continues), CS=collection set, F=free, OA=open archive, CA=closed archive, TAMS=top-at-mark-start (previous, next)
|   0|0x0000000743a00000, 0x0000000743c00000, 0x0000000743c00000|100%| O|  |TAMS 0x0000000743c00000, 0x0000000743a00000| Untracked 
|   1|0x0000000743c00000, 0x0000000743e00000, 0x0000000743e00000|100%| O|  |TAMS 0x0000000743e00000, 0x0000000743c00000| Untracked 
|   2|0x0000000743e00000, 0x0000000744000000, 0x0000000744000000|100%| O|  |TAMS 0x0000000744000000, 0x0000000743e00000| Untracked 
|   3|0x0000000744000000, 0x0000000744200000, 0x0000000744200000|100%| O|  |TAMS 0x0000000744200000, 0x0000000744000000| Untracked 
|   4|0x0000000744200000, 0x0000000744400000, 0x0000000744400000|100%| O|  |TAMS 0x0000000744400000, 0x0000000744200000| Untracked 
|   5|0x0000000744400000, 0x0000000744600000, 0x0000000744600000|100%| O|  |TAMS 0x0000000744600000, 0x0000000744400000| Untracked 
|   6|0x0000000744600000, 0x0000000744800000, 0x0000000744800000|100%| O|  |TAMS 0x0000000744800000, 0x0000000744600000| Untracked 
|   7|0x0000000744800000, 0x0000000744800000, 0x0000000744a00000|  0%| F|  |TAMS 0x0000000744800000, 0x0000000744800000| Untracked 
|   8|0x0000000744a00000, 0x0000000744c00000, 0x0000000744c00000|100%| O|  |TAMS 0x0000000744c00000, 0x0000000744a00000| Untracked 
|   9|0x0000000744c00000, 0x0000000744e00000, 0x0000000744e00000|100%| O|  |TAMS 0x0000000744e00000, 0x0000000744c00000| Untracked 
|  10|0x0000000744e00000, 0x0000000745000000, 0x0000000745000000|100%| O|  |TAMS 0x0000000745000000, 0x0000000744e00000| Untracked 
|  11|0x0000000745000000, 0x0000000745200000, 0x0000000745200000|100%| O|  |TAMS 0x0000000745200000, 0x0000000745000000| Untracked 
|  12|0x0000000745200000, 0x0000000745400000, 0x0000000745400000|100%| O|  |TAMS 0x0000000745400000, 0x0000000745200000| Untracked 
|  13|0x0000000745400000, 0x0000000745600000, 0x0000000745600000|100%| O|  |TAMS 0x0000000745600000, 0x0000000745400000| Untracked 
|  14|0x0000000745600000, 0x0000000745800000, 0x0000000745800000|100%| O|  |TAMS 0x0000000745800000, 0x0000000745600000| Untracked 
|  15|0x0000000745800000, 0x0000000745a00000, 0x0000000745a00000|100%| O|  |TAMS 0x0000000745a00000, 0x0000000745800000| Untracked 
|  16|0x0000000745a00000, 0x0000000745c00000, 0x0000000745c00000|100%| O|  |TAMS 0x0000000745c00000, 0x0000000745a00000| Untracked 
|  17|0x0000000745c00000, 0x0000000745e00000, 0x0000000745e00000|100%| O|  |TAMS 0x0000000745e00000, 0x0000000745c00000| Untracked 
|  18|0x0000000745e00000, 0x0000000746000000, 0x0000000746000000|100%|HS|  |TAMS 0x0000000746000000, 0x0000000745e00000| Complete 
|  19|0x0000000746000000, 0x0000000746200000, 0x0000000746200000|100%| O|  |TAMS 0x0000000746200000, 0x0000000746000000| Untracked 
|  20|0x0000000746200000, 0x0000000746400000, 0x0000000746400000|100%| O|  |TAMS 0x0000000746400000, 0x0000000746200000| Untracked 
|  21|0x0000000746400000, 0x0000000746600000, 0x0000000746600000|100%| O|  |TAMS 0x0000000746600000, 0x0000000746400000| Untracked 
|  22|0x0000000746600000, 0x0000000746800000, 0x0000000746800000|100%| O|  |TAMS 0x0000000746800000, 0x0000000746600000| Untracked 
|  23|0x0000000746800000, 0x0000000746a00000, 0x0000000746a00000|100%| O|  |TAMS 0x0000000746a00000, 0x0000000746800000| Untracked 
|  24|0x0000000746a00000, 0x0000000746c00000, 0x0000000746c00000|100%| O|  |TAMS 0x0000000746c00000, 0x0000000746a00000| Untracked 
|  25|0x0000000746c00000, 0x0000000746e00000, 0x0000000746e00000|100%| O|  |TAMS 0x0000000746e00000, 0x0000000746c00000| Untracked 
|  26|0x0000000746e00000, 0x0000000747000000, 0x0000000747000000|100%| O|  |TAMS 0x0000000747000000, 0x0000000746e00000| Untracked 
|  27|0x0000000747000000, 0x0000000747200000, 0x0000000747200000|100%| O|  |TAMS 0x0000000747200000, 0x0000000747000000| Untracked 
|  28|0x0000000747200000, 0x0000000747400000, 0x0000000747400000|100%| O|  |TAMS 0x0000000747400000, 0x0000000747200000| Untracked 
|  29|0x0000000747400000, 0x0000000747600000, 0x0000000747600000|100%| O|  |TAMS 0x0000000747600000, 0x0000000747400000| Untracked 
|  30|0x0000000747600000, 0x0000000747800000, 0x0000000747800000|100%| O|  |TAMS 0x0000000747800000, 0x0000000747600000| Untracked 
|  31|0x0000000747800000, 0x0000000747a00000, 0x0000000747a00000|100%| O|  |TAMS 0x0000000747a00000, 0x0000000747800000| Untracked 
|  32|0x0000000747a00000, 0x0000000747c00000, 0x0000000747c00000|100%| O|  |TAMS 0x0000000747c00000, 0x0000000747a00000| Untracked 
|  33|0x0000000747c00000, 0x0000000747e00000, 0x0000000747e00000|100%| O|  |TAMS 0x0000000747e00000, 0x0000000747c00000| Untracked 
|  34|0x0000000747e00000, 0x0000000748000000, 0x0000000748000000|100%| O|  |TAMS 0x0000000748000000, 0x0000000747e00000| Untracked 
|  35|0x0000000748000000, 0x0000000748200000, 0x0000000748200000|100%| O|  |TAMS 0x0000000748200000, 0x0000000748000000| Untracked 
|  36|0x0000000748200000, 0x0000000748400000, 0x0000000748400000|100%| O|  |TAMS 0x0000000748200000, 0x0000000748200000| Untracked 
|  37|0x0000000748400000, 0x0000000748600000, 0x0000000748600000|100%|HS|  |TAMS 0x0000000748600000, 0x0000000748400000| Complete 
|  38|0x0000000748600000, 0x0000000748800000, 0x0000000748800000|100%| O|  |TAMS 0x0000000748800000, 0x0000000748600000| Untracked 
|  39|0x0000000748800000, 0x0000000748a00000, 0x0000000748a00000|100%| O|  |TAMS 0x0000000748a00000, 0x0000000748800000| Untracked 
|  40|0x0000000748a00000, 0x0000000748c00000, 0x0000000748c00000|100%| O|  |TAMS 0x0000000748c00000, 0x0000000748a00000| Untracked 
|  41|0x0000000748c00000, 0x0000000748e00000, 0x0000000748e00000|100%| O|  |TAMS 0x0000000748e00000, 0x0000000748c00000| Untracked 
|  42|0x0000000748e00000, 0x0000000749000000, 0x0000000749000000|100%| O|  |TAMS 0x0000000749000000, 0x0000000748e00000| Untracked 
|  43|0x0000000749000000, 0x0000000749200000, 0x0000000749200000|100%| O|  |TAMS 0x0000000749200000, 0x0000000749000000| Untracked 
|  44|0x0000000749200000, 0x0000000749400000, 0x0000000749400000|100%| O|  |TAMS 0x0000000749400000, 0x0000000749200000| Untracked 
|  45|0x0000000749400000, 0x0000000749600000, 0x0000000749600000|100%| O|  |TAMS 0x0000000749505600, 0x0000000749400000| Untracked 
|  46|0x0000000749600000, 0x0000000749800000, 0x0000000749800000|100%| O|  |TAMS 0x0000000749600000, 0x0000000749600000| Untracked 
|  47|0x0000000749800000, 0x000000074985cc00, 0x0000000749a00000| 18%| O|  |TAMS 0x0000000749800000, 0x0000000749800000| Untracked 
|  48|0x0000000749a00000, 0x0000000749a00000, 0x0000000749c00000|  0%| F|  |TAMS 0x0000000749a00000, 0x0000000749a00000| Untracked 
|  49|0x0000000749c00000, 0x0000000749c00000, 0x0000000749e00000|  0%| F|  |TAMS 0x0000000749c00000, 0x0000000749c00000| Untracked 
|  50|0x0000000749e00000, 0x0000000749e00000, 0x000000074a000000|  0%| F|  |TAMS 0x0000000749e00000, 0x0000000749e00000| Untracked 
|  51|0x000000074a000000, 0x000000074a000000, 0x000000074a200000|  0%| F|  |TAMS 0x000000074a000000, 0x000000074a000000| Untracked 
|  52|0x000000074a200000, 0x000000074a200000, 0x000000074a400000|  0%| F|  |TAMS 0x000000074a200000, 0x000000074a200000| Untracked 
|  53|0x000000074a400000, 0x000000074a400000, 0x000000074a600000|  0%| F|  |TAMS 0x000000074a400000, 0x000000074a400000| Untracked 
|  54|0x000000074a600000, 0x000000074a600000, 0x000000074a800000|  0%| F|  |TAMS 0x000000074a600000, 0x000000074a600000| Untracked 
|  55|0x000000074a800000, 0x000000074a800000, 0x000000074aa00000|  0%| F|  |TAMS 0x000000074a800000, 0x000000074a800000| Untracked 
|  56|0x000000074aa00000, 0x000000074aa00000, 0x000000074ac00000|  0%| F|  |TAMS 0x000000074aa00000, 0x000000074aa00000| Untracked 
|  57|0x000000074ac00000, 0x000000074ac00000, 0x000000074ae00000|  0%| F|  |TAMS 0x000000074ac00000, 0x000000074ac00000| Untracked 
|  58|0x000000074ae00000, 0x000000074ae00000, 0x000000074b000000|  0%| F|  |TAMS 0x000000074ae00000, 0x000000074ae00000| Untracked 
|  59|0x000000074b000000, 0x000000074b000000, 0x000000074b200000|  0%| F|  |TAMS 0x000000074b000000, 0x000000074b000000| Untracked 
|  60|0x000000074b200000, 0x000000074b200000, 0x000000074b400000|  0%| F|  |TAMS 0x000000074b200000, 0x000000074b200000| Untracked 
|  61|0x000000074b400000, 0x000000074b400000, 0x000000074b600000|  0%| F|  |TAMS 0x000000074b400000, 0x000000074b400000| Untracked 
|  62|0x000000074b600000, 0x000000074b600000, 0x000000074b800000|  0%| F|  |TAMS 0x000000074b600000, 0x000000074b600000| Untracked 
|  63|0x000000074b800000, 0x000000074b800000, 0x000000074ba00000|  0%| F|  |TAMS 0x000000074b800000, 0x000000074b800000| Untracked 
|  64|0x000000074ba00000, 0x000000074ba00000, 0x000000074bc00000|  0%| F|  |TAMS 0x000000074ba00000, 0x000000074ba00000| Untracked 
|  65|0x000000074bc00000, 0x000000074bc00000, 0x000000074be00000|  0%| F|  |TAMS 0x000000074bc00000, 0x000000074bc00000| Untracked 
|  66|0x000000074be00000, 0x000000074be00000, 0x000000074c000000|  0%| F|  |TAMS 0x000000074be00000, 0x000000074be00000| Untracked 
|  67|0x000000074c000000, 0x000000074c000000, 0x000000074c200000|  0%| F|  |TAMS 0x000000074c000000, 0x000000074c000000| Untracked 
|  68|0x000000074c200000, 0x000000074c200000, 0x000000074c400000|  0%| F|  |TAMS 0x000000074c200000, 0x000000074c200000| Untracked 
|  69|0x000000074c400000, 0x000000074c400000, 0x000000074c600000|  0%| F|  |TAMS 0x000000074c400000, 0x000000074c400000| Untracked 
|  70|0x000000074c600000, 0x000000074c600000, 0x000000074c800000|  0%| F|  |TAMS 0x000000074c600000, 0x000000074c600000| Untracked 
|  71|0x000000074c800000, 0x000000074c800000, 0x000000074ca00000|  0%| F|  |TAMS 0x000000074c800000, 0x000000074c800000| Untracked 
|  72|0x000000074ca00000, 0x000000074ca00000, 0x000000074cc00000|  0%| F|  |TAMS 0x000000074ca00000, 0x000000074ca00000| Untracked 
|  73|0x000000074cc00000, 0x000000074cc00000, 0x000000074ce00000|  0%| F|  |TAMS 0x000000074cc00000, 0x000000074cc00000| Untracked 
|  74|0x000000074ce00000, 0x000000074ce00000, 0x000000074d000000|  0%| F|  |TAMS 0x000000074ce00000, 0x000000074ce00000| Untracked 
|  75|0x000000074d000000, 0x000000074d000000, 0x000000074d200000|  0%| F|  |TAMS 0x000000074d000000, 0x000000074d000000| Untracked 
|  76|0x000000074d200000, 0x000000074d200000, 0x000000074d400000|  0%| F|  |TAMS 0x000000074d200000, 0x000000074d200000| Untracked 
|  77|0x000000074d400000, 0x000000074d400000, 0x000000074d600000|  0%| F|  |TAMS 0x000000074d400000, 0x000000074d400000| Untracked 
|  78|0x000000074d600000, 0x000000074d600000, 0x000000074d800000|  0%| F|  |TAMS 0x000000074d600000, 0x000000074d600000| Untracked 
|  79|0x000000074d800000, 0x000000074d800000, 0x000000074da00000|  0%| F|  |TAMS 0x000000074d800000, 0x000000074d800000| Untracked 
|  80|0x000000074da00000, 0x000000074da00000, 0x000000074dc00000|  0%| F|  |TAMS 0x000000074da00000, 0x000000074da00000| Untracked 
|  81|0x000000074dc00000, 0x000000074dc00000, 0x000000074de00000|  0%| F|  |TAMS 0x000000074dc00000, 0x000000074dc00000| Untracked 
|  82|0x000000074de00000, 0x000000074de00000, 0x000000074e000000|  0%| F|  |TAMS 0x000000074de00000, 0x000000074de00000| Untracked 
|  83|0x000000074e000000, 0x000000074e000000, 0x000000074e200000|  0%| F|  |TAMS 0x000000074e000000, 0x000000074e000000| Untracked 
|  84|0x000000074e200000, 0x000000074e200000, 0x000000074e400000|  0%| F|  |TAMS 0x000000074e200000, 0x000000074e200000| Untracked 
|  85|0x000000074e400000, 0x000000074e400000, 0x000000074e600000|  0%| F|  |TAMS 0x000000074e400000, 0x000000074e400000| Untracked 
|  86|0x000000074e600000, 0x000000074e600000, 0x000000074e800000|  0%| F|  |TAMS 0x000000074e600000, 0x000000074e600000| Untracked 
|  87|0x000000074e800000, 0x000000074e800000, 0x000000074ea00000|  0%| F|  |TAMS 0x000000074e800000, 0x000000074e800000| Untracked 
|  88|0x000000074ea00000, 0x000000074ea00000, 0x000000074ec00000|  0%| F|  |TAMS 0x000000074ea00000, 0x000000074ea00000| Untracked 
|  89|0x000000074ec00000, 0x000000074ec00000, 0x000000074ee00000|  0%| F|  |TAMS 0x000000074ec00000, 0x000000074ec00000| Untracked 
|  90|0x000000074ee00000, 0x000000074ee00000, 0x000000074f000000|  0%| F|  |TAMS 0x000000074ee00000, 0x000000074ee00000| Untracked 
|  91|0x000000074f000000, 0x000000074f02aae8, 0x000000074f200000|  8%| S|CS|TAMS 0x000000074f000000, 0x000000074f000000| Complete 
|  92|0x000000074f200000, 0x000000074f200000, 0x000000074f400000|  0%| F|  |TAMS 0x000000074f200000, 0x000000074f200000| Untracked 
|  93|0x000000074f400000, 0x000000074f400000, 0x000000074f600000|  0%| F|  |TAMS 0x000000074f400000, 0x000000074f400000| Untracked 
|  94|0x000000074f600000, 0x000000074f600000, 0x000000074f800000|  0%| F|  |TAMS 0x000000074f600000, 0x000000074f600000| Untracked 
|1505|0x00000007ffc00000, 0x00000007ffe00000, 0x00000007ffe00000|100%| O|  |TAMS 0x00000007ffe00000, 0x00000007ffc00000| Untracked 
|1506|0x00000007ffe00000, 0x0000000800000000, 0x0000000800000000|100%| O|  |TAMS 0x0000000800000000, 0x00000007ffe00000| Untracked 

Card table byte_map: [0x00000255a7c50000,0x00000255a8240000] _byte_map_base: 0x00000255a4233000

Marking Bits (Prev, Next): (CMBitMap*) 0x0000025590df7f60, (CMBitMap*) 0x0000025590df7fa0
 Prev Bits: [0x00000255a8830000, 0x00000255ab748000)
 Next Bits: [0x00000255ab750000, 0x00000255ae668000)

Polling page: 0x000002558eca0000

Metaspace:

Usage:
  Non-class:     50.70 MB used.
      Class:      6.70 MB used.
       Both:     57.40 MB used.

Virtual space:
  Non-class space:       64.00 MB reserved,      51.00 MB ( 80%) committed,  1 nodes.
      Class space:        1.00 GB reserved,       7.06 MB ( <1%) committed,  1 nodes.
             Both:        1.06 GB reserved,      58.06 MB (  5%) committed. 

Chunk freelists:
   Non-Class:  12.19 MB
       Class:  8.80 MB
        Both:  20.99 MB

MaxMetaspaceSize: unlimited
CompressedClassSpaceSize: 1.00 GB
Initial GC threshold: 21.00 MB
Current GC threshold: 96.81 MB
CDS: on
MetaspaceReclaimPolicy: balanced
 - commit_granule_bytes: 65536.
 - commit_granule_words: 8192.
 - virtual_space_node_default_size: 8388608.
 - enlarge_chunks_in_place: 1.
 - new_chunks_are_fully_committed: 0.
 - uncommit_free_chunks: 1.
 - use_allocation_guard: 0.
 - handle_deallocations: 1.


Internal statistics:

num_allocs_failed_limit: 6.
num_arena_births: 1042.
num_arena_deaths: 0.
num_vsnodes_births: 2.
num_vsnodes_deaths: 0.
num_space_committed: 928.
num_space_uncommitted: 0.
num_chunks_returned_to_freelist: 6.
num_chunks_taken_from_freelist: 3380.
num_chunk_merges: 6.
num_chunk_splits: 2218.
num_chunks_enlarged: 1461.
num_inconsistent_stats: 0.

CodeHeap 'non-profiled nmethods': size=120000Kb used=8766Kb max_used=8766Kb free=111233Kb
 bounds [0x00000255a0130000, 0x00000255a09c0000, 0x00000255a7660000]
CodeHeap 'profiled nmethods': size=120000Kb used=28294Kb max_used=28294Kb free=91706Kb
 bounds [0x0000025598660000, 0x000002559a210000, 0x000002559fb90000]
CodeHeap 'non-nmethods': size=5760Kb used=1308Kb max_used=1401Kb free=4451Kb
 bounds [0x000002559fb90000, 0x000002559fe00000, 0x00000255a0130000]
 total_blobs=13032 nmethods=12417 adapters=526
 compilation: enabled
              stopped_count=0, restarted_count=0
 full_count=0

Compilation events (20 events):
Event: 31.987 Thread 0x00000255b0b4f540 14626       2       com.sun.tools.javac.comp.Check$$Lambda$803/0x00000255b25c8d30::test (16 bytes)
Event: 31.988 Thread 0x00000255b0b4f540 nmethod 14626 0x000002559a1f4f10 code [0x000002559a1f50c0, 0x000002559a1f5248]
Event: 31.988 Thread 0x00000255b0b4f540 14627       2       com.sun.tools.javac.comp.Check::lambda$isTypeAnnotation$9 (7 bytes)
Event: 31.988 Thread 0x00000255b0b4f540 nmethod 14627 0x000002559a1f5390 code [0x000002559a1f5520, 0x000002559a1f5648]
Event: 31.988 Thread 0x00000255b0b4f540 14628       2       com.sun.tools.javac.tree.JCTree$JCAnnotatedType::getTag (4 bytes)
Event: 31.988 Thread 0x00000255b0b4f540 nmethod 14628 0x000002559a1f5710 code [0x000002559a1f58a0, 0x000002559a1f59b8]
Event: 31.989 Thread 0x00000255b0b4f540 14629       2       com.sun.tools.javac.comp.Attr$TypeAnnotationsValidator::visitNewArray (75 bytes)
Event: 31.990 Thread 0x00000255b0b4f540 nmethod 14629 0x000002559a1f5a90 code [0x000002559a1f5c60, 0x000002559a1f5ed8]
Event: 31.996 Thread 0x00000255b0b4f540 14630       3       com.sun.tools.javac.processing.JavacProcessingEnvironment$ComputeAnnotationSet::addAnnotations (66 bytes)
Event: 31.996 Thread 0x00000255b0b4f540 nmethod 14630 0x000002559a1f6110 code [0x000002559a1f6340, 0x000002559a1f6e18]
Event: 32.001 Thread 0x00000255b0b4f540 14631   !   3       lombok.core.configuration.FileSystemSourceCache::parseIfNeccesary (124 bytes)
Event: 32.001 Thread 0x00000255b0b4f540 nmethod 14631 0x000002559a1f7110 code [0x000002559a1f7300, 0x000002559a1f7888]
Event: 32.002 Thread 0x00000255b0b4f540 14632       1       com.sun.tools.javac.processing.JavacProcessingEnvironment::getContext (5 bytes)
Event: 32.002 Thread 0x00000255b0b4f540 nmethod 14632 0x00000255a09bf710 code [0x00000255a09bf8a0, 0x00000255a09bf978]
Event: 32.007 Thread 0x00000255b0b4f540 14633 %     3       lombok.core.configuration.BubblingConfigurationResolver::resolve @ 52 (432 bytes)
Event: 32.010 Thread 0x00000255b0b4f540 nmethod 14633% 0x000002559a1f7a90 code [0x000002559a1f7fe0, 0x000002559a1fb698]
Event: 32.018 Thread 0x00000255b0b4f540 14636       3       lombok.core.configuration.BubblingConfigurationResolver::resolve (432 bytes)
Event: 32.021 Thread 0x00000255b0b4f540 nmethod 14636 0x000002559a1fc590 code [0x000002559a1fcb00, 0x000002559a1fff38]
Event: 32.041 Thread 0x00000255b0b4f540 14637       3       lombok.javac.JavacTransformer$AnnotationVisitor::visitAnnotationOnField (34 bytes)
Event: 32.041 Thread 0x00000255b0b4f540 nmethod 14637 0x000002559a200e10 code [0x000002559a200fe0, 0x000002559a201608]

GC Heap History (20 events):
Event: 26.341 GC heap after
{Heap after GC invocations=26 (full 0):
 garbage-first heap   total 153600K, used 88277K [0x0000000743a00000, 0x0000000800000000)
  region size 2048K, 3 young (6144K), 3 survivors (6144K)
 Metaspace       used 49596K, committed 50112K, reserved 1114112K
  class space    used 5758K, committed 6016K, reserved 1048576K
}
Event: 26.983 GC heap before
{Heap before GC invocations=27 (full 0):
 garbage-first heap   total 161792K, used 118997K [0x0000000743a00000, 0x0000000800000000)
  region size 2048K, 18 young (36864K), 3 survivors (6144K)
 Metaspace       used 50621K, committed 51200K, reserved 1114112K
  class space    used 5869K, committed 6144K, reserved 1048576K
}
Event: 26.991 GC heap after
{Heap after GC invocations=28 (full 0):
 garbage-first heap   total 161792K, used 88696K [0x0000000743a00000, 0x0000000800000000)
  region size 2048K, 1 young (2048K), 1 survivors (2048K)
 Metaspace       used 50621K, committed 51200K, reserved 1114112K
  class space    used 5869K, committed 6144K, reserved 1048576K
}
Event: 27.175 GC heap before
{Heap before GC invocations=28 (full 0):
 garbage-first heap   total 161792K, used 127608K [0x0000000743a00000, 0x0000000800000000)
  region size 2048K, 20 young (40960K), 1 survivors (2048K)
 Metaspace       used 50675K, committed 51264K, reserved 1114112K
  class space    used 5869K, committed 6144K, reserved 1048576K
}
Event: 27.178 GC heap after
{Heap after GC invocations=29 (full 0):
 garbage-first heap   total 194560K, used 88359K [0x0000000743a00000, 0x0000000800000000)
  region size 2048K, 1 young (2048K), 1 survivors (2048K)
 Metaspace       used 50675K, committed 51264K, reserved 1114112K
  class space    used 5869K, committed 6144K, reserved 1048576K
}
Event: 28.154 GC heap before
{Heap before GC invocations=30 (full 0):
 garbage-first heap   total 194560K, used 151847K [0x0000000743a00000, 0x0000000800000000)
  region size 2048K, 32 young (65536K), 1 survivors (2048K)
 Metaspace       used 51301K, committed 51904K, reserved 1114112K
  class space    used 5943K, committed 6272K, reserved 1048576K
}
Event: 28.162 GC heap after
{Heap after GC invocations=31 (full 0):
 garbage-first heap   total 194560K, used 91551K [0x0000000743a00000, 0x0000000800000000)
  region size 2048K, 3 young (6144K), 3 survivors (6144K)
 Metaspace       used 51301K, committed 51904K, reserved 1114112K
  class space    used 5943K, committed 6272K, reserved 1048576K
}
Event: 28.181 GC heap before
{Heap before GC invocations=31 (full 0):
 garbage-first heap   total 194560K, used 93599K [0x0000000743a00000, 0x0000000800000000)
  region size 2048K, 4 young (8192K), 3 survivors (6144K)
 Metaspace       used 51303K, committed 51904K, reserved 1114112K
  class space    used 5943K, committed 6272K, reserved 1048576K
}
Event: 28.191 GC heap after
{Heap after GC invocations=32 (full 0):
 garbage-first heap   total 194560K, used 91211K [0x0000000743a00000, 0x0000000800000000)
  region size 2048K, 1 young (2048K), 1 survivors (2048K)
 Metaspace       used 51303K, committed 51904K, reserved 1114112K
  class space    used 5943K, committed 6272K, reserved 1048576K
}
Event: 28.594 GC heap before
{Heap before GC invocations=32 (full 0):
 garbage-first heap   total 194560K, used 154699K [0x0000000743a00000, 0x0000000800000000)
  region size 2048K, 32 young (65536K), 1 survivors (2048K)
 Metaspace       used 51572K, committed 52160K, reserved 1114112K
  class space    used 5980K, committed 6272K, reserved 1048576K
}
Event: 28.597 GC heap after
{Heap after GC invocations=33 (full 0):
 garbage-first heap   total 194560K, used 91556K [0x0000000743a00000, 0x0000000800000000)
  region size 2048K, 1 young (2048K), 1 survivors (2048K)
 Metaspace       used 51572K, committed 52160K, reserved 1114112K
  class space    used 5980K, committed 6272K, reserved 1048576K
}
Event: 30.300 GC heap before
{Heap before GC invocations=34 (full 0):
 garbage-first heap   total 194560K, used 157092K [0x0000000743a00000, 0x0000000800000000)
  region size 2048K, 33 young (67584K), 1 survivors (2048K)
 Metaspace       used 57333K, committed 57984K, reserved 1114112K
  class space    used 6766K, committed 7104K, reserved 1048576K
}
Event: 30.310 GC heap after
{Heap after GC invocations=35 (full 0):
 garbage-first heap   total 194560K, used 95422K [0x0000000743a00000, 0x0000000800000000)
  region size 2048K, 3 young (6144K), 3 survivors (6144K)
 Metaspace       used 57333K, committed 57984K, reserved 1114112K
  class space    used 6766K, committed 7104K, reserved 1048576K
}
Event: 30.326 GC heap before
{Heap before GC invocations=35 (full 0):
 garbage-first heap   total 194560K, used 97470K [0x0000000743a00000, 0x0000000800000000)
  region size 2048K, 4 young (8192K), 3 survivors (6144K)
 Metaspace       used 57345K, committed 57984K, reserved 1114112K
  class space    used 6766K, committed 7104K, reserved 1048576K
}
Event: 30.336 GC heap after
{Heap after GC invocations=36 (full 0):
 garbage-first heap   total 194560K, used 94993K [0x0000000743a00000, 0x0000000800000000)
  region size 2048K, 1 young (2048K), 1 survivors (2048K)
 Metaspace       used 57345K, committed 57984K, reserved 1114112K
  class space    used 6766K, committed 7104K, reserved 1048576K
}
Event: 31.482 GC heap before
{Heap before GC invocations=36 (full 0):
 garbage-first heap   total 194560K, used 156433K [0x0000000743a00000, 0x0000000800000000)
  region size 2048K, 31 young (63488K), 1 survivors (2048K)
 Metaspace       used 58714K, committed 59392K, reserved 1114112K
  class space    used 6860K, committed 7232K, reserved 1048576K
}
Event: 31.486 GC heap after
{Heap after GC invocations=37 (full 0):
 garbage-first heap   total 194560K, used 97200K [0x0000000743a00000, 0x0000000800000000)
  region size 2048K, 2 young (4096K), 2 survivors (4096K)
 Metaspace       used 58714K, committed 59392K, reserved 1114112K
  class space    used 6860K, committed 7232K, reserved 1048576K
}
Event: 32.031 GC heap before
{Heap before GC invocations=38 (full 0):
 garbage-first heap   total 194560K, used 158640K [0x0000000743a00000, 0x0000000800000000)
  region size 2048K, 32 young (65536K), 2 survivors (4096K)
 Metaspace       used 58781K, committed 59456K, reserved 1114112K
  class space    used 6860K, committed 7232K, reserved 1048576K
}
Event: 32.038 GC heap after
{Heap after GC invocations=39 (full 0):
 garbage-first heap   total 194560K, used 98797K [0x0000000743a00000, 0x0000000800000000)
  region size 2048K, 3 young (6144K), 3 survivors (6144K)
 Metaspace       used 58781K, committed 59456K, reserved 1114112K
  class space    used 6860K, committed 7232K, reserved 1048576K
}
Event: 32.045 GC heap before
{Heap before GC invocations=39 (full 0):
 garbage-first heap   total 194560K, used 100845K [0x0000000743a00000, 0x0000000800000000)
  region size 2048K, 4 young (8192K), 3 survivors (6144K)
 Metaspace       used 58781K, committed 59456K, reserved 1114112K
  class space    used 6860K, committed 7232K, reserved 1048576K
}

Deoptimization events (20 events):
Event: 31.449 Thread 0x0000025590da0230 DEOPT PACKING pc=0x00000255a06fe480 sp=0x00000061828fc780
Event: 31.449 Thread 0x0000025590da0230 DEOPT UNPACKING pc=0x000002559fbe5ba3 sp=0x00000061828fc738 mode 2
Event: 31.457 Thread 0x0000025590da0230 DEOPT PACKING pc=0x0000025599da12c3 sp=0x00000061828fc7f0
Event: 31.457 Thread 0x0000025590da0230 DEOPT UNPACKING pc=0x000002559fbe66e3 sp=0x00000061828fbc88 mode 0
Event: 31.948 Thread 0x0000025590da0230 Uncommon trap: trap_request=0xffffffde fr.pc=0x00000255a079fef8 relative=0x00000000000000d8
Event: 31.948 Thread 0x0000025590da0230 Uncommon trap: reason=class_check action=maybe_recompile pc=0x00000255a079fef8 method=com.sun.tools.javac.comp.Annotate$AnnotationTypeMetadata.init()V @ 42 c2
Event: 31.948 Thread 0x0000025590da0230 DEOPT PACKING pc=0x00000255a079fef8 sp=0x00000061828fccd0
Event: 31.948 Thread 0x0000025590da0230 DEOPT UNPACKING pc=0x000002559fbe5ba3 sp=0x00000061828fcc78 mode 2
Event: 31.948 Thread 0x0000025590da0230 Uncommon trap: trap_request=0xffffffde fr.pc=0x00000255a079fef8 relative=0x00000000000000d8
Event: 31.948 Thread 0x0000025590da0230 Uncommon trap: reason=class_check action=maybe_recompile pc=0x00000255a079fef8 method=com.sun.tools.javac.comp.Annotate$AnnotationTypeMetadata.init()V @ 42 c2
Event: 31.948 Thread 0x0000025590da0230 DEOPT PACKING pc=0x00000255a079fef8 sp=0x00000061828fccd0
Event: 31.948 Thread 0x0000025590da0230 DEOPT UNPACKING pc=0x000002559fbe5ba3 sp=0x00000061828fcc78 mode 2
Event: 31.997 Thread 0x0000025590da0230 Uncommon trap: trap_request=0xffffff45 fr.pc=0x00000255a083ffd0 relative=0x0000000000003ed0
Event: 31.997 Thread 0x0000025590da0230 Uncommon trap: reason=unstable_if action=reinterpret pc=0x00000255a083ffd0 method=lombok.core.configuration.FileSystemSourceCache.parseIfNeccesary(Llombok/core/configuration/ConfigurationFile;Llombok/core/configuration/ConfigurationParser;)Llombok/core/co
Event: 31.997 Thread 0x0000025590da0230 DEOPT PACKING pc=0x00000255a083ffd0 sp=0x00000061828fd220
Event: 31.997 Thread 0x0000025590da0230 DEOPT UNPACKING pc=0x000002559fbe5ba3 sp=0x00000061828fd078 mode 2
Event: 31.997 Thread 0x0000025590da0230 Uncommon trap: trap_request=0xffffff45 fr.pc=0x00000255a0852b14 relative=0x00000000000009f4
Event: 31.997 Thread 0x0000025590da0230 Uncommon trap: reason=unstable_if action=reinterpret pc=0x00000255a0852b14 method=lombok.core.configuration.FileSystemSourceCache.parseIfNeccesary(Llombok/core/configuration/ConfigurationFile;Llombok/core/configuration/ConfigurationParser;)Llombok/core/co
Event: 31.997 Thread 0x0000025590da0230 DEOPT PACKING pc=0x00000255a0852b14 sp=0x00000061828fd130
Event: 31.997 Thread 0x0000025590da0230 DEOPT UNPACKING pc=0x000002559fbe5ba3 sp=0x00000061828fd0d8 mode 2

Classes unloaded (0 events):
No events

Classes redefined (0 events):
No events

Internal exceptions (20 events):
Event: 30.977 Thread 0x0000025590da0230 Exception <a 'java/lang/ClassNotFoundException'{0x000000074d206748}: org/mapstruct/ap/internal/model/ValueMappingMethodCustomizer> (0x000000074d206748) 
thrown [s\open\src\hotspot\share\classfile\systemDictionary.cpp, line 256]
Event: 30.990 Thread 0x0000025590da0230 Exception <a 'java/lang/ClassNotFoundException'{0x000000074d258a38}: org/mapstruct/ap/internal/model/ValueMappingMethod$MappingEntryBeanInfo> (0x000000074d258a38) 
thrown [s\open\src\hotspot\share\classfile\systemDictionary.cpp, line 256]
Event: 30.990 Thread 0x0000025590da0230 Exception <a 'java/lang/ClassNotFoundException'{0x000000074d2605c0}: org/mapstruct/ap/internal/model/ValueMappingMethod$MappingEntryCustomizer> (0x000000074d2605c0) 
thrown [s\open\src\hotspot\share\classfile\systemDictionary.cpp, line 256]
Event: 30.994 Thread 0x0000025590da0230 Exception <a 'java/lang/ClassNotFoundException'{0x000000074d29cee0}: org/mapstruct/ap/internal/model/NestedPropertyMappingMethodBeanInfo> (0x000000074d29cee0) 
thrown [s\open\src\hotspot\share\classfile\systemDictionary.cpp, line 256]
Event: 30.994 Thread 0x0000025590da0230 Exception <a 'java/lang/ClassNotFoundException'{0x000000074d2a2f68}: org/mapstruct/ap/internal/model/NestedPropertyMappingMethodCustomizer> (0x000000074d2a2f68) 
thrown [s\open\src\hotspot\share\classfile\systemDictionary.cpp, line 256]
Event: 31.002 Thread 0x0000025590da0230 Exception <a 'java/lang/ClassNotFoundException'{0x000000074d2e3438}: org/mapstruct/ap/internal/model/NestedPropertyMappingMethod$SafePropertyEntryBeanInfo> (0x000000074d2e3438) 
thrown [s\open\src\hotspot\share\classfile\systemDictionary.cpp, line 256]
Event: 31.004 Thread 0x0000025590da0230 Exception <a 'java/lang/ClassNotFoundException'{0x000000074d2eb0a8}: org/mapstruct/ap/internal/model/NestedPropertyMappingMethod$SafePropertyEntryCustomizer> (0x000000074d2eb0a8) 
thrown [s\open\src\hotspot\share\classfile\systemDictionary.cpp, line 256]
Event: 31.026 Thread 0x0000025590da0230 Exception <a 'java/lang/ClassNotFoundException'{0x000000074d029878}: org/mapstruct/ap/internal/model/assignment/SetterWrapperForCollectionsAndMapsWithNullCheckBeanInfo> (0x000000074d029878) 
thrown [s\open\src\hotspot\share\classfile\systemDictionary.cpp, line 256]
Event: 31.027 Thread 0x0000025590da0230 Exception <a 'java/lang/ClassNotFoundException'{0x000000074d032570}: org/mapstruct/ap/internal/model/assignment/WrapperForCollectionsAndMapsBeanInfo> (0x000000074d032570) 
thrown [s\open\src\hotspot\share\classfile\systemDictionary.cpp, line 256]
Event: 31.028 Thread 0x0000025590da0230 Exception <a 'java/lang/ClassNotFoundException'{0x000000074d03afd8}: org/mapstruct/ap/internal/model/assignment/WrapperForCollectionsAndMapsCustomizer> (0x000000074d03afd8) 
thrown [s\open\src\hotspot\share\classfile\systemDictionary.cpp, line 256]
Event: 31.029 Thread 0x0000025590da0230 Exception <a 'java/lang/ClassNotFoundException'{0x000000074d04af78}: org/mapstruct/ap/internal/model/assignment/SetterWrapperForCollectionsAndMapsWithNullCheckCustomizer> (0x000000074d04af78) 
thrown [s\open\src\hotspot\share\classfile\systemDictionary.cpp, line 256]
Event: 31.285 Thread 0x0000025590da0230 Exception <a 'sun/nio/fs/WindowsException'{0x000000074bd4c1c8}> (0x000000074bd4c1c8) 
thrown [s\open\src\hotspot\share\prims\jni.cpp, line 516]
Event: 31.461 Thread 0x0000025590da0230 Exception <a 'sun/nio/fs/WindowsException'{0x000000074b66faa8}> (0x000000074b66faa8) 
thrown [s\open\src\hotspot\share\prims\jni.cpp, line 516]
Event: 31.461 Thread 0x0000025590da0230 Exception <a 'sun/nio/fs/WindowsException'{0x000000074b66fdb8}> (0x000000074b66fdb8) 
thrown [s\open\src\hotspot\share\prims\jni.cpp, line 516]
Event: 31.461 Thread 0x0000025590da0230 Exception <a 'sun/nio/fs/WindowsException'{0x000000074b670d10}> (0x000000074b670d10) 
thrown [s\open\src\hotspot\share\prims\jni.cpp, line 516]
Event: 31.461 Thread 0x0000025590da0230 Exception <a 'sun/nio/fs/WindowsException'{0x000000074b6710e8}> (0x000000074b6710e8) 
thrown [s\open\src\hotspot\share\prims\jni.cpp, line 516]
Event: 31.461 Thread 0x0000025590da0230 Exception <a 'sun/nio/fs/WindowsException'{0x000000074b672010}> (0x000000074b672010) 
thrown [s\open\src\hotspot\share\prims\jni.cpp, line 516]
Event: 31.461 Thread 0x0000025590da0230 Exception <a 'sun/nio/fs/WindowsException'{0x000000074b6723a0}> (0x000000074b6723a0) 
thrown [s\open\src\hotspot\share\prims\jni.cpp, line 516]
Event: 31.462 Thread 0x0000025590da0230 Exception <a 'sun/nio/fs/WindowsException'{0x000000074b6733b0}> (0x000000074b6733b0) 
thrown [s\open\src\hotspot\share\prims\jni.cpp, line 516]
Event: 31.462 Thread 0x0000025590da0230 Exception <a 'sun/nio/fs/WindowsException'{0x000000074b6736d0}> (0x000000074b6736d0) 
thrown [s\open\src\hotspot\share\prims\jni.cpp, line 516]

VM Operations (20 events):
Event: 30.336 Executing VM operation: G1CollectForAllocation done
Event: 30.621 Executing VM operation: HandshakeAllThreads
Event: 30.621 Executing VM operation: HandshakeAllThreads done
Event: 30.623 Executing VM operation: HandshakeAllThreads
Event: 30.623 Executing VM operation: HandshakeAllThreads done
Event: 30.786 Executing VM operation: ICBufferFull
Event: 30.786 Executing VM operation: ICBufferFull done
Event: 31.202 Executing VM operation: ICBufferFull
Event: 31.202 Executing VM operation: ICBufferFull done
Event: 31.469 Executing VM operation: ICBufferFull
Event: 31.469 Executing VM operation: ICBufferFull done
Event: 31.481 Executing VM operation: G1CollectForAllocation
Event: 31.486 Executing VM operation: G1CollectForAllocation done
Event: 31.686 Executing VM operation: G1Concurrent
Event: 31.701 Executing VM operation: G1Concurrent done
Event: 31.784 Executing VM operation: G1Concurrent
Event: 31.784 Executing VM operation: G1Concurrent done
Event: 32.031 Executing VM operation: G1CollectForAllocation
Event: 32.038 Executing VM operation: G1CollectForAllocation done
Event: 32.045 Executing VM operation: G1CollectForAllocation

Events (20 events):
Event: 30.645 loading class jdk/internal/icu/text/ReplaceableString
Event: 30.645 loading class jdk/internal/icu/text/Replaceable
Event: 30.645 loading class jdk/internal/icu/text/Replaceable done
Event: 30.645 loading class jdk/internal/icu/text/ReplaceableString done
Event: 30.963 loading class java/util/Collections$EmptyIteratorBeanInfo
Event: 30.963 loading class java/util/Collections$EmptyIteratorBeanInfo done
Event: 30.963 loading class java/util/Collections$EmptyIteratorBeanInfo
Event: 30.963 loading class java/util/Collections$EmptyIteratorBeanInfo done
Event: 30.963 loading class java/util/Collections$EmptyIteratorBeanInfo
Event: 30.963 loading class java/util/Collections$EmptyIteratorBeanInfo done
Event: 30.963 loading class java/util/Collections$EmptyIteratorBeanInfo
Event: 30.963 loading class java/util/Collections$EmptyIteratorBeanInfo done
Event: 30.963 loading class java/util/Collections$EmptyIteratorCustomizer
Event: 30.963 loading class java/util/Collections$EmptyIteratorCustomizer done
Event: 30.963 loading class java/util/Collections$EmptyIteratorCustomizer
Event: 30.963 loading class java/util/Collections$EmptyIteratorCustomizer done
Event: 30.963 loading class java/util/Collections$EmptyIteratorCustomizer
Event: 30.963 loading class java/util/Collections$EmptyIteratorCustomizer done
Event: 30.963 loading class java/util/Collections$EmptyIteratorCustomizer
Event: 30.963 loading class java/util/Collections$EmptyIteratorCustomizer done


Dynamic libraries:
0x00007ff7b7500000 - 0x00007ff7b7510000 	C:\Program Files\Java\jdk-17\bin\java.exe
0x00007ffea7aa0000 - 0x00007ffea7d03000 	C:\WINDOWS\SYSTEM32\ntdll.dll
0x00007ffea6070000 - 0x00007ffea6137000 	C:\WINDOWS\System32\KERNEL32.DLL
0x00007ffea52b0000 - 0x00007ffea5679000 	C:\WINDOWS\System32\KERNELBASE.dll
0x00007ffea5680000 - 0x00007ffea57cc000 	C:\WINDOWS\System32\ucrtbase.dll
0x00007ffe71170000 - 0x00007ffe7118b000 	C:\Program Files\Java\jdk-17\bin\VCRUNTIME140.dll
0x00007ffe710e0000 - 0x00007ffe710f9000 	C:\Program Files\Java\jdk-17\bin\jli.dll
0x00007ffea73c0000 - 0x00007ffea7472000 	C:\WINDOWS\System32\ADVAPI32.dll
0x00007ffea6930000 - 0x00007ffea69d9000 	C:\WINDOWS\System32\msvcrt.dll
0x00007ffea74e0000 - 0x00007ffea7586000 	C:\WINDOWS\System32\sechost.dll
0x00007ffea69e0000 - 0x00007ffea6af6000 	C:\WINDOWS\System32\RPCRT4.dll
0x00007ffea6150000 - 0x00007ffea631a000 	C:\WINDOWS\System32\USER32.dll
0x00007ffea57d0000 - 0x00007ffea57f7000 	C:\WINDOWS\System32\win32u.dll
0x00007ffea7980000 - 0x00007ffea79aa000 	C:\WINDOWS\System32\GDI32.dll
0x00007ffea4eb0000 - 0x00007ffea4fe1000 	C:\WINDOWS\System32\gdi32full.dll
0x00007ffe87600000 - 0x00007ffe87890000 	C:\WINDOWS\WinSxS\amd64_microsoft.windows.common-controls_6595b64144ccf1df_6.0.26100.3323_none_3e088096e3344490\COMCTL32.dll
0x00007ffea5080000 - 0x00007ffea5123000 	C:\WINDOWS\System32\msvcp_win.dll
0x00007ffe9bce0000 - 0x00007ffe9bceb000 	C:\WINDOWS\SYSTEM32\VERSION.dll
0x00007ffea59b0000 - 0x00007ffea59df000 	C:\WINDOWS\System32\IMM32.DLL
0x00007ffe7ce80000 - 0x00007ffe7ce8c000 	C:\Program Files\Java\jdk-17\bin\vcruntime140_1.dll
0x00007ffe5e5a0000 - 0x00007ffe5e62e000 	C:\Program Files\Java\jdk-17\bin\msvcp140.dll
0x00007ffe2e780000 - 0x00007ffe2f360000 	C:\Program Files\Java\jdk-17\bin\server\jvm.dll
0x00007ffea75a0000 - 0x00007ffea75a8000 	C:\WINDOWS\System32\PSAPI.DLL
0x00007ffe83410000 - 0x00007ffe8341a000 	C:\WINDOWS\SYSTEM32\WSOCK32.dll
0x00007ffe8ef50000 - 0x00007ffe8ef86000 	C:\WINDOWS\SYSTEM32\WINMM.dll
0x00007ffea5b50000 - 0x00007ffea5bc4000 	C:\WINDOWS\System32\WS2_32.dll
0x00007ffea3aa0000 - 0x00007ffea3aba000 	C:\WINDOWS\SYSTEM32\kernel.appcore.dll
0x00007ffe7b7c0000 - 0x00007ffe7b7ca000 	C:\Program Files\Java\jdk-17\bin\jimage.dll
0x00007ffea23e0000 - 0x00007ffea2621000 	C:\WINDOWS\SYSTEM32\DBGHELP.DLL
0x00007ffea5c50000 - 0x00007ffea5fd2000 	C:\WINDOWS\System32\combase.dll
0x00007ffea6850000 - 0x00007ffea6926000 	C:\WINDOWS\System32\OLEAUT32.dll
0x00007ffe88ea0000 - 0x00007ffe88ed9000 	C:\WINDOWS\SYSTEM32\dbgcore.DLL
0x00007ffea4ca0000 - 0x00007ffea4d39000 	C:\WINDOWS\System32\bcryptPrimitives.dll
0x00007ffe7b5a0000 - 0x00007ffe7b5ae000 	C:\Program Files\Java\jdk-17\bin\instrument.dll
0x00007ffe66940000 - 0x00007ffe66965000 	C:\Program Files\Java\jdk-17\bin\java.dll
0x00007ffe56940000 - 0x00007ffe56a17000 	C:\Program Files\Java\jdk-17\bin\jsvml.dll
0x00007ffea6ca0000 - 0x00007ffea73b5000 	C:\WINDOWS\System32\SHELL32.dll
0x00007ffea4d40000 - 0x00007ffea4ea8000 	C:\WINDOWS\System32\wintypes.dll
0x00007ffea2960000 - 0x00007ffea31a5000 	C:\WINDOWS\SYSTEM32\windows.storage.dll
0x00007ffea58c0000 - 0x00007ffea59ab000 	C:\WINDOWS\System32\SHCORE.dll
0x00007ffea7480000 - 0x00007ffea74dd000 	C:\WINDOWS\System32\shlwapi.dll
0x00007ffea4bb0000 - 0x00007ffea4bdf000 	C:\WINDOWS\SYSTEM32\profapi.dll
0x00007ffe6dae0000 - 0x00007ffe6daf8000 	C:\Program Files\Java\jdk-17\bin\zip.dll
0x00007ffe6da50000 - 0x00007ffe6da69000 	C:\Program Files\Java\jdk-17\bin\net.dll
0x00007ffe98790000 - 0x00007ffe988ae000 	C:\WINDOWS\SYSTEM32\WINHTTP.dll
0x00007ffea3fe0000 - 0x00007ffea404a000 	C:\WINDOWS\system32\mswsock.dll
0x00007ffe6d050000 - 0x00007ffe6d066000 	C:\Program Files\Java\jdk-17\bin\nio.dll
0x00007ffe6c890000 - 0x00007ffe6c8aa000 	C:\Program Files\JetBrains\IntelliJ IDEA Community Edition 2024.2.2\bin\breakgen64.dll
0x00007ffe63650000 - 0x00007ffe63674000 	C:\Users\DELL 10I3 256\AppData\Local\Temp\jansi-2.4.1-f5e0000bd5083bb-jansi.dll
0x00007ffe71850000 - 0x00007ffe71860000 	C:\Program Files\Java\jdk-17\bin\verify.dll
0x00007ffea4280000 - 0x00007ffea429c000 	C:\WINDOWS\SYSTEM32\CRYPTSP.dll
0x00007ffea3a00000 - 0x00007ffea3a3a000 	C:\WINDOWS\system32\rsaenh.dll
0x00007ffea4080000 - 0x00007ffea40ab000 	C:\WINDOWS\SYSTEM32\USERENV.dll
0x00007ffea44c0000 - 0x00007ffea44e6000 	C:\WINDOWS\SYSTEM32\bcrypt.dll
0x00007ffea42a0000 - 0x00007ffea42ac000 	C:\WINDOWS\SYSTEM32\CRYPTBASE.dll
0x00007ffea3500000 - 0x00007ffea3533000 	C:\WINDOWS\SYSTEM32\IPHLPAPI.DLL
0x00007ffea6140000 - 0x00007ffea614a000 	C:\WINDOWS\System32\NSI.dll
0x00007ffe984d0000 - 0x00007ffe984ef000 	C:\WINDOWS\SYSTEM32\dhcpcsvc6.DLL
0x00007ffe98430000 - 0x00007ffe98455000 	C:\WINDOWS\SYSTEM32\dhcpcsvc.DLL
0x00007ffea35a0000 - 0x00007ffea36c5000 	C:\WINDOWS\SYSTEM32\DNSAPI.dll
0x00007ffea3be0000 - 0x00007ffea3c15000 	C:\WINDOWS\SYSTEM32\ntmarta.dll

dbghelp: loaded successfully - version: 4.0.5 - missing functions: none
symbol engine: initialized successfully - sym options: 0x614 - pdb path: .;C:\Program Files\Java\jdk-17\bin;C:\WINDOWS\SYSTEM32;C:\WINDOWS\WinSxS\amd64_microsoft.windows.common-controls_6595b64144ccf1df_6.0.26100.3323_none_3e088096e3344490;C:\Program Files\Java\jdk-17\bin\server;C:\Program Files\JetBrains\IntelliJ IDEA Community Edition 2024.2.2\bin;C:\Users\DELL 10I3 256\AppData\Local\Temp

VM Arguments:
jvm_args: -Dmaven.multiModuleProjectDirectory=E:\testing ems\election-management-system\server -Djansi.passthrough=true -Dmaven.home=C:\Users\DELL 10I3 256\.m2\wrapper\dists\apache-maven-3.9.9-bin\4nf9hui3q3djbarqar9g711ggc\apache-maven-3.9.9 -Dclassworlds.conf=C:\Users\DELL 10I3 256\.m2\wrapper\dists\apache-maven-3.9.9-bin\4nf9hui3q3djbarqar9g711ggc\apache-maven-3.9.9\bin\m2.conf -Dmaven.ext.class.path=C:\Program Files\JetBrains\IntelliJ IDEA Community Edition 2024.2.2\plugins\maven\lib\maven-event-listener.jar -javaagent:C:\Program Files\JetBrains\IntelliJ IDEA Community Edition 2024.2.2\lib\idea_rt.jar=52737:C:\Program Files\JetBrains\IntelliJ IDEA Community Edition 2024.2.2\bin -Dfile.encoding=UTF-8 
java_command: org.codehaus.classworlds.Launcher -Didea.version=2024.2.2 compile
java_class_path (initial): C:\Users\DELL 10I3 256\.m2\wrapper\dists\apache-maven-3.9.9-bin\4nf9hui3q3djbarqar9g711ggc\apache-maven-3.9.9\boot\plexus-classworlds-2.8.0.jar;C:\Users\DELL 10I3 256\.m2\wrapper\dists\apache-maven-3.9.9-bin\4nf9hui3q3djbarqar9g711ggc\apache-maven-3.9.9\boot\plexus-classworlds.license
Launcher Type: SUN_STANDARD

[Global flags]
     intx CICompilerCount                          = 3                                         {product} {ergonomic}
     uint ConcGCThreads                            = 1                                         {product} {ergonomic}
     uint G1ConcRefinementThreads                  = 4                                         {product} {ergonomic}
   size_t G1HeapRegionSize                         = 2097152                                   {product} {ergonomic}
    uintx GCDrainStackTargetSize                   = 64                                        {product} {ergonomic}
   size_t InitialHeapSize                          = 199229440                                 {product} {ergonomic}
   size_t MarkStackSize                            = 4194304                                   {product} {ergonomic}
   size_t MaxHeapSize                              = 3160408064                                {product} {ergonomic}
   size_t MaxNewSize                               = 1895825408                                {product} {ergonomic}
   size_t MinHeapDeltaBytes                        = 2097152                                   {product} {ergonomic}
   size_t MinHeapSize                              = 8388608                                   {product} {ergonomic}
    uintx NonNMethodCodeHeapSize                   = 5832780                                {pd product} {ergonomic}
    uintx NonProfiledCodeHeapSize                  = 122912730                              {pd product} {ergonomic}
    uintx ProfiledCodeHeapSize                     = 122912730                              {pd product} {ergonomic}
    uintx ReservedCodeCacheSize                    = 251658240                              {pd product} {ergonomic}
     bool SegmentedCodeCache                       = true                                      {product} {ergonomic}
   size_t SoftMaxHeapSize                          = 3160408064                             {manageable} {ergonomic}
     bool UseCompressedClassPointers               = true                           {product lp64_product} {ergonomic}
     bool UseCompressedOops                        = true                           {product lp64_product} {ergonomic}
     bool UseG1GC                                  = true                                      {product} {ergonomic}
     bool UseLargePagesIndividualAllocation        = false                                  {pd product} {ergonomic}

Logging:
Log output configuration:
 #0: stdout all=warning uptime,level,tags
 #1: stderr all=off uptime,level,tags

Environment Variables:
JAVA_HOME=C:\Program Files\Java\jdk-17
CLASSPATH=C:\apache-tomcat-6.0.14\lib\servlet-api.jar
PATH=C:\Program Files\Common Files\Oracle\Java\javapath;C:\Program Files (x86)\VMware\VMware Player\bin\;C:\oraclexe\app\oracle\product\11.2.0\server\bin;C:\WINDOWS;C:\WINDOWS\System32\Wbem;C:\WINDOWS\System32\WindowsPowerShell\v1.0\;C:\WINDOWS\System32\OpenSSH\;C:\MinGW\bin;C:\Program Files\Git\cmd;C:\Program Files\dotnet\;C:\ProgramData\ComposerSetup\bin;C:\Program Files\Java\jdk-17\bin;C:\apache-maven-3.9.6\bin;C:\gradle-8.6\bin;C:\Program Files\PostgreSQL\16\bin;C:\Program Files\Microsoft SQL Server\150\Tools\Binn\;C:\Program Files\Microsoft SQL Server\Client SDK\ODBC\170\Tools\Binn\;C:\Program Files (x86)\Microsoft SQL Server\160\Tools\Binn\;C:\Program Files\Microsoft SQL Server\160\Tools\Binn\;C:\Program Files\Microsoft SQL Server\160\DTS\Binn\;C:\Program Files\Microsoft SQL Server\130\Tools\Binn\;C:\Program Files (x86)\Microsoft SQL Server\160\DTS\Binn\;C:\WINDOWS\system32;C:\Program Files\MySQL\MySQL Server 8.0\bin;C:\Program Files\Docker\Docker\resources\bin;C:\Program Files\nodejs\;C:\ProgramData\chocolatey\bin;C:\Users\DELL 10I3 256\AppData\Local\Programs\Python\Python310\Scripts\;C:\xampp\php;C:\Users\DELL 10I3 256\AppData\Local\Programs\Microsoft VS Code\bin;C:\Users\DELL 10I3 256\AppData\Local\Microsoft\WindowsApps;C:\Users\DELL 10I3 256\AppData\Roaming\Composer\vendor\bin;C:\Program Files\MongoDB\Server\5.0\bin;C:\Users\DELL 10I3 256\AppData\Local\GitHubDesktop\bin;C:\Users\DELL 10I3 256\AppData\Local\Programs\Python\Python310;C:\Program Files\JetBrains\IntelliJ IDEA Community Edition 2024.2.2\bin;;C:\apache-maven-3.9.6\bin;C:\Users\DELL 10I3 256\AppData\Roaming\npm;
USERNAME=DELL 10I3 256
OS=Windows_NT
PROCESSOR_IDENTIFIER=Intel64 Family 6 Model 126 Stepping 5, GenuineIntel



---------------  S Y S T E M  ---------------

OS:
 Windows 11 , 64 bit Build 26100 (10.0.26100.3323)
OS uptime: 0 days 4:30 hours
Hyper-V role detected

CPU: total 4 (initial active 4) (2 cores per cpu, 2 threads per core) family 6 model 126 stepping 5 microcode 0xc2, cx8, cmov, fxsr, ht, mmx, 3dnowpref, sse, sse2, sse3, ssse3, sse4.1, sse4.2, popcnt, lzcnt, tsc, tscinvbit, avx, avx2, aes, erms, clmul, bmi1, bmi2, adx, avx512f, avx512dq, avx512cd, avx512bw, avx512vl, sha, fma, vzeroupper, avx512_vpopcntdq, avx512_vpclmulqdq, avx512_vaes, avx512_vnni, clflush, clflushopt, avx512_vbmi2, avx512_vbmi, hv

Memory: 4k page, system-wide physical 12055M (1165M free)
TotalPageFile size 16151M (AvailPageFile size 158M)
current process WorkingSet (physical memory assigned to process): 447M, peak: 453M
current process commit charge ("private bytes"): 471M, peak: 741M

vm_info: Java HotSpot(TM) 64-Bit Server VM (17.0.12+8-LTS-286) for windows-amd64 JRE (17.0.12+8-LTS-286), built on Jun  5 2024 06:46:59 by "mach5one" with MS VC++ 17.6 (VS2022)

END.
