#
# There is insufficient memory for the Java Runtime Environment to continue.
# Native memory allocation (mmap) failed to map 398458880 bytes for G1 virtual space
# Possible reasons:
#   The system is out of physical RAM or swap space
#   The process is running with CompressedOops enabled, and the Java Heap may be blocking the growth of the native heap
# Possible solutions:
#   Reduce memory load on the system
#   Increase physical memory or swap space
#   Check if swap backing store is full
#   Decrease Java heap size (-Xmx/-Xms)
#   Decrease number of Java threads
#   Decrease Java thread stack sizes (-Xss)
#   Set larger code cache with -XX:ReservedCodeCacheSize=
#   JVM is running with Zero Based Compressed Oops mode in which the Java heap is
#     placed in the first 32GB address space. The Java Heap base address is the
#     maximum limit for the native heap growth. Please use -XX:HeapBaseMinAddress
#     to set the Java Heap base and to place the Java Heap above 32GB virtual address.
# This output file may be truncated or incomplete.
#
#  Out of Memory Error (os_windows.cpp:3548), pid=11284, tid=18856
#
# JRE version: Java(TM) SE Runtime Environment (17.0.12+8) (build 17.0.12+8-LTS-286)
# Java VM: Java HotSpot(TM) 64-Bit Server VM (17.0.12+8-LTS-286, mixed mode, sharing, tiered, compressed oops, compressed class ptrs, g1 gc, windows-amd64)
# No core dump will be written. Minidumps are not enabled by default on client versions of Windows
#

---------------  S U M M A R Y ------------

Command Line: -javaagent:C:\Program Files\JetBrains\IntelliJ IDEA Community Edition 2024.2.2\lib\idea_rt.jar=52997:C:\Program Files\JetBrains\IntelliJ IDEA Community Edition 2024.2.2\bin -Dfile.encoding=UTF-8 com.ems.ElectionManagementSystemApplication

Host: Intel(R) Core(TM) i3-1005G1 CPU @ 1.20GHz, 4 cores, 11G,  Windows 11 , 64 bit Build 26100 (10.0.26100.3323)
Time: Wed Mar 19 15:02:07 2025 India Standard Time elapsed time: 24.656540 seconds (0d 0h 0m 24s)

---------------  T H R E A D  ---------------

Current thread (0x00000204209e6c40):  VMThread "VM Thread" [stack: 0x0000008d79400000,0x0000008d79500000] [id=18856]

Stack: [0x0000008d79400000,0x0000008d79500000]
Native frames: (J=compiled Java code, j=interpreted, Vv=VM code, C=native code)
V  [jvm.dll+0x67a04a]
V  [jvm.dll+0x7da4ed]
V  [jvm.dll+0x7dbe33]
V  [jvm.dll+0x7dc4a3]
V  [jvm.dll+0x24508f]
V  [jvm.dll+0x677089]
V  [jvm.dll+0x66bd32]
V  [jvm.dll+0x301fa6]
V  [jvm.dll+0x309546]
V  [jvm.dll+0x359d2e]
V  [jvm.dll+0x359f5f]
V  [jvm.dll+0x2d9078]
V  [jvm.dll+0x2d74ad]
V  [jvm.dll+0x2d6afc]
V  [jvm.dll+0x31a65b]
V  [jvm.dll+0x7e0d9b]
V  [jvm.dll+0x7e1ad4]
V  [jvm.dll+0x7e1fed]
V  [jvm.dll+0x7e23c4]
V  [jvm.dll+0x7e2490]
V  [jvm.dll+0x78abea]
V  [jvm.dll+0x678f35]
C  [ucrtbase.dll+0x37b0]
C  [KERNEL32.DLL+0x2e8d7]
C  [ntdll.dll+0xbbf6c]

VM_Operation (0x0000008d7a7f7fa0): G1CollectForAllocation, mode: safepoint, requested by thread 0x0000020466b09830


---------------  P R O C E S S  ---------------

Threads class SMR info:
_java_thread_list=0x000002046bd9f3f0, length=21, elements={
0x000002047f7f7510, 0x00000204209ea6e0, 0x00000204209ec2b0, 0x00000204209fc890,
0x00000204209ff260, 0x00000204209ffc20, 0x0000020420a005e0, 0x0000020420a012d0,
0x0000020420a15d10, 0x0000020420a16710, 0x0000020420d80620, 0x00000204662ead40,
0x00000204660dcd20, 0x00000204668aed80, 0x0000020466b09830, 0x000002046781d8f0,
0x000002046781c9c0, 0x000002046a5a1d80, 0x000002046781c4b0, 0x000002046781de00,
0x000002046a4ca950
}

Java Threads: ( => current thread )
  0x000002047f7f7510 JavaThread "main" [_thread_blocked, id=19540, stack(0x0000008d78e00000,0x0000008d78f00000)]
  0x00000204209ea6e0 JavaThread "Reference Handler" daemon [_thread_blocked, id=15344, stack(0x0000008d79500000,0x0000008d79600000)]
  0x00000204209ec2b0 JavaThread "Finalizer" daemon [_thread_blocked, id=20552, stack(0x0000008d79600000,0x0000008d79700000)]
  0x00000204209fc890 JavaThread "Signal Dispatcher" daemon [_thread_blocked, id=12044, stack(0x0000008d79700000,0x0000008d79800000)]
  0x00000204209ff260 JavaThread "Attach Listener" daemon [_thread_blocked, id=20664, stack(0x0000008d79800000,0x0000008d79900000)]
  0x00000204209ffc20 JavaThread "Service Thread" daemon [_thread_blocked, id=18052, stack(0x0000008d79900000,0x0000008d79a00000)]
  0x0000020420a005e0 JavaThread "Monitor Deflation Thread" daemon [_thread_blocked, id=16208, stack(0x0000008d79a00000,0x0000008d79b00000)]
  0x0000020420a012d0 JavaThread "C2 CompilerThread0" daemon [_thread_blocked, id=20948, stack(0x0000008d79b00000,0x0000008d79c00000)]
  0x0000020420a15d10 JavaThread "C1 CompilerThread0" daemon [_thread_blocked, id=10656, stack(0x0000008d79c00000,0x0000008d79d00000)]
  0x0000020420a16710 JavaThread "Sweeper thread" daemon [_thread_blocked, id=16784, stack(0x0000008d79d00000,0x0000008d79e00000)]
  0x0000020420d80620 JavaThread "Common-Cleaner" daemon [_thread_blocked, id=18928, stack(0x0000008d79e00000,0x0000008d79f00000)]
  0x00000204662ead40 JavaThread "Monitor Ctrl-Break" daemon [_thread_in_native, id=22988, stack(0x0000008d7a300000,0x0000008d7a400000)]
  0x00000204660dcd20 JavaThread "Notification Thread" daemon [_thread_blocked, id=10156, stack(0x0000008d7a400000,0x0000008d7a500000)]
  0x00000204668aed80 JavaThread "Thread-0" [_thread_blocked, id=2240, stack(0x0000008d7a600000,0x0000008d7a700000)]
  0x0000020466b09830 JavaThread "restartedMain" [_thread_blocked, id=23504, stack(0x0000008d7a700000,0x0000008d7a800000)]
  0x000002046781d8f0 JavaThread "mysql-cj-abandoned-connection-cleanup" daemon [_thread_blocked, id=21168, stack(0x0000008d7a800000,0x0000008d7a900000)]
  0x000002046781c9c0 JavaThread "HikariPool-1 housekeeper" daemon [_thread_blocked, id=21384, stack(0x0000008d7aa00000,0x0000008d7ab00000)]
  0x000002046a5a1d80 JavaThread "C2 CompilerThread1" daemon [_thread_blocked, id=1752, stack(0x0000008d79f00000,0x0000008d7a000000)]
  0x000002046781c4b0 JavaThread "Catalina-utility-1" [_thread_blocked, id=21044, stack(0x0000008d7ab00000,0x0000008d7ac00000)]
  0x000002046781de00 JavaThread "Catalina-utility-2" [_thread_blocked, id=1872, stack(0x0000008d7ac00000,0x0000008d7ad00000)]
  0x000002046a4ca950 JavaThread "container-0" [_thread_blocked, id=23092, stack(0x0000008d7ad00000,0x0000008d7ae00000)]

Other Threads:
=>0x00000204209e6c40 VMThread "VM Thread" [stack: 0x0000008d79400000,0x0000008d79500000] [id=18856]
  0x00000204664a69f0 WatcherThread [stack: 0x0000008d7a500000,0x0000008d7a600000] [id=5768]
  0x000002047f851370 GCTaskThread "GC Thread#0" [stack: 0x0000008d78f00000,0x0000008d79000000] [id=1852]
  0x0000020420dd1db0 GCTaskThread "GC Thread#1" [stack: 0x0000008d7a000000,0x0000008d7a100000] [id=18700]
  0x0000020466355e30 GCTaskThread "GC Thread#2" [stack: 0x0000008d7a100000,0x0000008d7a200000] [id=19844]
  0x0000020466356900 GCTaskThread "GC Thread#3" [stack: 0x0000008d7a200000,0x0000008d7a300000] [id=23016]
  0x000002047f85fbf0 ConcurrentGCThread "G1 Main Marker" [stack: 0x0000008d79000000,0x0000008d79100000] [id=15716]
  0x000002047f861c50 ConcurrentGCThread "G1 Conc#0" [stack: 0x0000008d79100000,0x0000008d79200000] [id=12400]
  0x000002047f8ae1d0 ConcurrentGCThread "G1 Refine#0" [stack: 0x0000008d79200000,0x0000008d79300000] [id=10076]
  0x000002046797d060 ConcurrentGCThread "G1 Refine#1" [stack: 0x0000008d7ae00000,0x0000008d7af00000] [id=12780]
  0x000002047f8aeaa0 ConcurrentGCThread "G1 Service" [stack: 0x0000008d79300000,0x0000008d79400000] [id=21664]

Threads with active compile tasks:
C2 CompilerThread0    24706 10160       4       org.antlr.v4.runtime.atn.PredictionContext::getCachedContext (261 bytes)
C2 CompilerThread1    24706 10129   !   4       org.antlr.v4.runtime.atn.ATNSimulator::getCachedContext (43 bytes)

VM state: at safepoint (normal execution)

VM Mutex/Monitor currently owned by a thread:  ([mutex/lock_event])
[0x000002047f7f43e0] Threads_lock - owner thread: 0x00000204209e6c40
[0x000002047f7f4e90] Heap_lock - owner thread: 0x0000020466b09830

Heap address: 0x0000000743a00000, size: 3014 MB, Compressed Oops mode: Zero based, Oop shift amount: 3

CDS archive(s) mapped at: [0x0000020421000000-0x0000020421bd0000-0x0000020421bd0000), size 12386304, SharedBaseAddress: 0x0000020421000000, ArchiveRelocationMode: 1.
Compressed class space mapped at: 0x0000020422000000-0x0000020462000000, reserved size: 1073741824
Narrow klass base: 0x0000020421000000, Narrow klass shift: 0, Narrow klass range: 0x100000000

GC Precious Log:
 CPUs: 4 total, 4 available
 Memory: 12055M
 Large Page Support: Disabled
 NUMA Support: Disabled
 Compressed Oops: Enabled (Zero based)
 Heap Region Size: 2M
 Heap Min Capacity: 8M
 Heap Initial Capacity: 190M
 Heap Max Capacity: 3014M
 Pre-touch: Disabled
 Parallel Workers: 4
 Concurrent Workers: 1
 Concurrent Refinement Workers: 4
 Periodic GC: Disabled

Heap:
 garbage-first heap   total 194560K, used 124928K [0x0000000743a00000, 0x0000000800000000)
  region size 2048K, 2 young (4096K), 2 survivors (4096K)
 Metaspace       used 91880K, committed 92480K, reserved 1179648K
  class space    used 12455K, committed 12736K, reserved 1048576K

Heap Regions: E=young(eden), S=young(survivor), O=old, HS=humongous(starts), HC=humongous(continues), CS=collection set, F=free, OA=open archive, CA=closed archive, TAMS=top-at-mark-start (previous, next)
|   0|0x0000000743a00000, 0x0000000743c00000, 0x0000000743c00000|100%| O|  |TAMS 0x0000000743c00000, 0x0000000743c00000| Untracked 
|   1|0x0000000743c00000, 0x0000000743e00000, 0x0000000743e00000|100%| O|  |TAMS 0x0000000743e00000, 0x0000000743e00000| Untracked 
|   2|0x0000000743e00000, 0x0000000744000000, 0x0000000744000000|100%| O|  |TAMS 0x0000000744000000, 0x0000000744000000| Untracked 
|   3|0x0000000744000000, 0x0000000744200000, 0x0000000744200000|100%| O|  |TAMS 0x0000000744200000, 0x0000000744200000| Untracked 
|   4|0x0000000744200000, 0x0000000744400000, 0x0000000744400000|100%| O|  |TAMS 0x0000000744200000, 0x0000000744200000| Untracked 
|   5|0x0000000744400000, 0x0000000744600000, 0x0000000744600000|100%| O|  |TAMS 0x0000000744600000, 0x0000000744600000| Untracked 
|   6|0x0000000744600000, 0x0000000744800000, 0x0000000744800000|100%| O|  |TAMS 0x0000000744800000, 0x0000000744800000| Untracked 
|   7|0x0000000744800000, 0x0000000744a00000, 0x0000000744a00000|100%| O|  |TAMS 0x0000000744a00000, 0x0000000744a00000| Untracked 
|   8|0x0000000744a00000, 0x0000000744c00000, 0x0000000744c00000|100%| O|  |TAMS 0x0000000744c00000, 0x0000000744c00000| Untracked 
|   9|0x0000000744c00000, 0x0000000744e00000, 0x0000000744e00000|100%| O|  |TAMS 0x0000000744e00000, 0x0000000744e00000| Untracked 
|  10|0x0000000744e00000, 0x0000000745000000, 0x0000000745000000|100%| O|  |TAMS 0x0000000745000000, 0x0000000745000000| Untracked 
|  11|0x0000000745000000, 0x0000000745200000, 0x0000000745200000|100%| O|  |TAMS 0x0000000745200000, 0x0000000745200000| Untracked 
|  12|0x0000000745200000, 0x0000000745400000, 0x0000000745400000|100%| O|  |TAMS 0x0000000745400000, 0x0000000745400000| Untracked 
|  13|0x0000000745400000, 0x0000000745600000, 0x0000000745600000|100%| O|  |TAMS 0x0000000745600000, 0x0000000745600000| Untracked 
|  14|0x0000000745600000, 0x0000000745800000, 0x0000000745800000|100%| O|  |TAMS 0x0000000745800000, 0x0000000745800000| Untracked 
|  15|0x0000000745800000, 0x0000000745a00000, 0x0000000745a00000|100%| O|  |TAMS 0x0000000745a00000, 0x0000000745a00000| Untracked 
|  16|0x0000000745a00000, 0x0000000745c00000, 0x0000000745c00000|100%| O|  |TAMS 0x0000000745c00000, 0x0000000745c00000| Untracked 
|  17|0x0000000745c00000, 0x0000000745e00000, 0x0000000745e00000|100%| O|  |TAMS 0x0000000745e00000, 0x0000000745e00000| Untracked 
|  18|0x0000000745e00000, 0x0000000746000000, 0x0000000746000000|100%| O|  |TAMS 0x0000000746000000, 0x0000000746000000| Untracked 
|  19|0x0000000746000000, 0x0000000746200000, 0x0000000746200000|100%| O|  |TAMS 0x0000000746200000, 0x0000000746200000| Untracked 
|  20|0x0000000746200000, 0x0000000746400000, 0x0000000746400000|100%| O|  |TAMS 0x0000000746400000, 0x0000000746400000| Untracked 
|  21|0x0000000746400000, 0x0000000746600000, 0x0000000746600000|100%| O|  |TAMS 0x0000000746600000, 0x0000000746600000| Untracked 
|  22|0x0000000746600000, 0x0000000746800000, 0x0000000746800000|100%| O|  |TAMS 0x0000000746800000, 0x0000000746800000| Untracked 
|  23|0x0000000746800000, 0x0000000746a00000, 0x0000000746a00000|100%| O|  |TAMS 0x0000000746a00000, 0x0000000746a00000| Untracked 
|  24|0x0000000746a00000, 0x0000000746c00000, 0x0000000746c00000|100%| O|  |TAMS 0x0000000746c00000, 0x0000000746c00000| Untracked 
|  25|0x0000000746c00000, 0x0000000746e00000, 0x0000000746e00000|100%| O|  |TAMS 0x0000000746e00000, 0x0000000746e00000| Untracked 
|  26|0x0000000746e00000, 0x0000000747000000, 0x0000000747000000|100%| O|  |TAMS 0x0000000747000000, 0x0000000747000000| Untracked 
|  27|0x0000000747000000, 0x0000000747200000, 0x0000000747200000|100%| O|  |TAMS 0x0000000747200000, 0x0000000747200000| Untracked 
|  28|0x0000000747200000, 0x0000000747400000, 0x0000000747400000|100%| O|  |TAMS 0x0000000747400000, 0x0000000747400000| Untracked 
|  29|0x0000000747400000, 0x0000000747600000, 0x0000000747600000|100%| O|  |TAMS 0x0000000747600000, 0x0000000747600000| Untracked 
|  30|0x0000000747600000, 0x0000000747800000, 0x0000000747800000|100%| O|  |TAMS 0x0000000747800000, 0x0000000747800000| Untracked 
|  31|0x0000000747800000, 0x0000000747a00000, 0x0000000747a00000|100%| O|  |TAMS 0x0000000747a00000, 0x0000000747a00000| Untracked 
|  32|0x0000000747a00000, 0x0000000747c00000, 0x0000000747c00000|100%| O|  |TAMS 0x0000000747c00000, 0x0000000747c00000| Untracked 
|  33|0x0000000747c00000, 0x0000000747e00000, 0x0000000747e00000|100%| O|  |TAMS 0x0000000747e00000, 0x0000000747e00000| Untracked 
|  34|0x0000000747e00000, 0x0000000748000000, 0x0000000748000000|100%| O|  |TAMS 0x0000000748000000, 0x0000000748000000| Untracked 
|  35|0x0000000748000000, 0x0000000748200000, 0x0000000748200000|100%| O|  |TAMS 0x0000000748200000, 0x0000000748200000| Untracked 
|  36|0x0000000748200000, 0x0000000748400000, 0x0000000748400000|100%| O|  |TAMS 0x000000074836d600, 0x0000000748400000| Untracked 
|  37|0x0000000748400000, 0x0000000748600000, 0x0000000748600000|100%| O|  |TAMS 0x0000000748400000, 0x0000000748600000| Untracked 
|  38|0x0000000748600000, 0x0000000748800000, 0x0000000748800000|100%| O|  |TAMS 0x0000000748600000, 0x0000000748800000| Untracked 
|  39|0x0000000748800000, 0x0000000748a00000, 0x0000000748a00000|100%| O|  |TAMS 0x0000000748800000, 0x0000000748a00000| Untracked 
|  40|0x0000000748a00000, 0x0000000748c00000, 0x0000000748c00000|100%| O|  |TAMS 0x0000000748a00000, 0x0000000748c00000| Untracked 
|  41|0x0000000748c00000, 0x0000000748e00000, 0x0000000748e00000|100%| O|  |TAMS 0x0000000748c00000, 0x0000000748e00000| Untracked 
|  42|0x0000000748e00000, 0x0000000749000000, 0x0000000749000000|100%| O|  |TAMS 0x0000000748e00000, 0x0000000749000000| Untracked 
|  43|0x0000000749000000, 0x0000000749200000, 0x0000000749200000|100%|HS|  |TAMS 0x0000000749000000, 0x0000000749200000| Complete 
|  44|0x0000000749200000, 0x0000000749400000, 0x0000000749400000|100%| O|  |TAMS 0x0000000749200000, 0x0000000749400000| Untracked 
|  45|0x0000000749400000, 0x0000000749600000, 0x0000000749600000|100%| O|  |TAMS 0x0000000749400000, 0x0000000749600000| Untracked 
|  46|0x0000000749600000, 0x0000000749800000, 0x0000000749800000|100%| O|  |TAMS 0x0000000749600000, 0x0000000749800000| Untracked 
|  47|0x0000000749800000, 0x0000000749a00000, 0x0000000749a00000|100%| O|  |TAMS 0x0000000749800000, 0x0000000749a00000| Untracked 
|  48|0x0000000749a00000, 0x0000000749c00000, 0x0000000749c00000|100%| O|  |TAMS 0x0000000749a00000, 0x0000000749c00000| Untracked 
|  49|0x0000000749c00000, 0x0000000749e00000, 0x0000000749e00000|100%| O|  |TAMS 0x0000000749c00000, 0x0000000749e00000| Untracked 
|  50|0x0000000749e00000, 0x000000074a000000, 0x000000074a000000|100%| O|  |TAMS 0x0000000749e00000, 0x000000074a000000| Untracked 
|  51|0x000000074a000000, 0x000000074a200000, 0x000000074a200000|100%| O|  |TAMS 0x000000074a000000, 0x000000074a200000| Untracked 
|  52|0x000000074a200000, 0x000000074a400000, 0x000000074a400000|100%| O|  |TAMS 0x000000074a200000, 0x000000074a400000| Untracked 
|  53|0x000000074a400000, 0x000000074a600000, 0x000000074a600000|100%| O|  |TAMS 0x000000074a400000, 0x000000074a600000| Untracked 
|  54|0x000000074a600000, 0x000000074a800000, 0x000000074a800000|100%| O|  |TAMS 0x000000074a600000, 0x000000074a800000| Untracked 
|  55|0x000000074a800000, 0x000000074aa00000, 0x000000074aa00000|100%| O|  |TAMS 0x000000074a800000, 0x000000074aa00000| Untracked 
|  56|0x000000074aa00000, 0x000000074ac00000, 0x000000074ac00000|100%| O|  |TAMS 0x000000074aa00000, 0x000000074ac00000| Untracked 
|  57|0x000000074ac00000, 0x000000074ae00000, 0x000000074ae00000|100%| O|  |TAMS 0x000000074ac00000, 0x000000074acb2a00| Untracked 
|  58|0x000000074ae00000, 0x000000074b000000, 0x000000074b000000|100%| O|  |TAMS 0x000000074ae00000, 0x000000074ae00000| Untracked 
|  59|0x000000074b000000, 0x000000074b000000, 0x000000074b200000|  0%| F|  |TAMS 0x000000074b000000, 0x000000074b000000| Untracked 
|  60|0x000000074b200000, 0x000000074b200000, 0x000000074b400000|  0%| F|  |TAMS 0x000000074b200000, 0x000000074b200000| Untracked 
|  61|0x000000074b400000, 0x000000074b400000, 0x000000074b600000|  0%| F|  |TAMS 0x000000074b400000, 0x000000074b400000| Untracked 
|  62|0x000000074b600000, 0x000000074b600000, 0x000000074b800000|  0%| F|  |TAMS 0x000000074b600000, 0x000000074b600000| Untracked 
|  63|0x000000074b800000, 0x000000074b800000, 0x000000074ba00000|  0%| F|  |TAMS 0x000000074b800000, 0x000000074b800000| Untracked 
|  64|0x000000074ba00000, 0x000000074ba00000, 0x000000074bc00000|  0%| F|  |TAMS 0x000000074ba00000, 0x000000074ba00000| Untracked 
|  65|0x000000074bc00000, 0x000000074bc00000, 0x000000074be00000|  0%| F|  |TAMS 0x000000074bc00000, 0x000000074bc00000| Untracked 
|  66|0x000000074be00000, 0x000000074be00000, 0x000000074c000000|  0%| F|  |TAMS 0x000000074be00000, 0x000000074be00000| Untracked 
|  67|0x000000074c000000, 0x000000074c000000, 0x000000074c200000|  0%| F|  |TAMS 0x000000074c000000, 0x000000074c000000| Untracked 
|  68|0x000000074c200000, 0x000000074c200000, 0x000000074c400000|  0%| F|  |TAMS 0x000000074c200000, 0x000000074c200000| Untracked 
|  69|0x000000074c400000, 0x000000074c400000, 0x000000074c600000|  0%| F|  |TAMS 0x000000074c400000, 0x000000074c400000| Untracked 
|  70|0x000000074c600000, 0x000000074c600000, 0x000000074c800000|  0%| F|  |TAMS 0x000000074c600000, 0x000000074c600000| Untracked 
|  71|0x000000074c800000, 0x000000074c800000, 0x000000074ca00000|  0%| F|  |TAMS 0x000000074c800000, 0x000000074c800000| Untracked 
|  72|0x000000074ca00000, 0x000000074ca00000, 0x000000074cc00000|  0%| F|  |TAMS 0x000000074ca00000, 0x000000074ca00000| Untracked 
|  73|0x000000074cc00000, 0x000000074cc00000, 0x000000074ce00000|  0%| F|  |TAMS 0x000000074cc00000, 0x000000074cc00000| Untracked 
|  74|0x000000074ce00000, 0x000000074ce00000, 0x000000074d000000|  0%| F|  |TAMS 0x000000074ce00000, 0x000000074ce00000| Untracked 
|  75|0x000000074d000000, 0x000000074d000000, 0x000000074d200000|  0%| F|  |TAMS 0x000000074d000000, 0x000000074d000000| Untracked 
|  76|0x000000074d200000, 0x000000074d200000, 0x000000074d400000|  0%| F|  |TAMS 0x000000074d200000, 0x000000074d200000| Untracked 
|  77|0x000000074d400000, 0x000000074d400000, 0x000000074d600000|  0%| F|  |TAMS 0x000000074d400000, 0x000000074d400000| Untracked 
|  78|0x000000074d600000, 0x000000074d800000, 0x000000074d800000|100%| S|CS|TAMS 0x000000074d600000, 0x000000074d600000| Complete 
|  79|0x000000074d800000, 0x000000074da00000, 0x000000074da00000|100%| S|CS|TAMS 0x000000074d800000, 0x000000074d800000| Complete 
|  80|0x000000074da00000, 0x000000074da00000, 0x000000074dc00000|  0%| F|  |TAMS 0x000000074da00000, 0x000000074da00000| Untracked 
|  81|0x000000074dc00000, 0x000000074dc00000, 0x000000074de00000|  0%| F|  |TAMS 0x000000074dc00000, 0x000000074dc00000| Untracked 
|  82|0x000000074de00000, 0x000000074de00000, 0x000000074e000000|  0%| F|  |TAMS 0x000000074de00000, 0x000000074de00000| Untracked 
|  83|0x000000074e000000, 0x000000074e000000, 0x000000074e200000|  0%| F|  |TAMS 0x000000074e000000, 0x000000074e000000| Untracked 
|  84|0x000000074e200000, 0x000000074e200000, 0x000000074e400000|  0%| F|  |TAMS 0x000000074e200000, 0x000000074e200000| Untracked 
|  85|0x000000074e400000, 0x000000074e400000, 0x000000074e600000|  0%| F|  |TAMS 0x000000074e400000, 0x000000074e400000| Untracked 
|  86|0x000000074e600000, 0x000000074e600000, 0x000000074e800000|  0%| F|  |TAMS 0x000000074e600000, 0x000000074e600000| Untracked 
|  87|0x000000074e800000, 0x000000074e800000, 0x000000074ea00000|  0%| F|  |TAMS 0x000000074e800000, 0x000000074e800000| Untracked 
|  88|0x000000074ea00000, 0x000000074ea00000, 0x000000074ec00000|  0%| F|  |TAMS 0x000000074ea00000, 0x000000074ea00000| Untracked 
|  89|0x000000074ec00000, 0x000000074ec00000, 0x000000074ee00000|  0%| F|  |TAMS 0x000000074ec00000, 0x000000074ec00000| Untracked 
|  90|0x000000074ee00000, 0x000000074ee00000, 0x000000074f000000|  0%| F|  |TAMS 0x000000074ee00000, 0x000000074ee00000| Untracked 
|  91|0x000000074f000000, 0x000000074f000000, 0x000000074f200000|  0%| F|  |TAMS 0x000000074f000000, 0x000000074f000000| Untracked 
|  92|0x000000074f200000, 0x000000074f200000, 0x000000074f400000|  0%| F|  |TAMS 0x000000074f200000, 0x000000074f200000| Untracked 
|  93|0x000000074f400000, 0x000000074f400000, 0x000000074f600000|  0%| F|  |TAMS 0x000000074f400000, 0x000000074f400000| Untracked 
|  94|0x000000074f600000, 0x000000074f600000, 0x000000074f800000|  0%| F|  |TAMS 0x000000074f600000, 0x000000074f600000| Untracked 

Card table byte_map: [0x0000020417c00000,0x00000204181f0000] _byte_map_base: 0x00000204141e3000

Marking Bits (Prev, Next): (CMBitMap*) 0x000002047f8529e0, (CMBitMap*) 0x000002047f8529a0
 Prev Bits: [0x000002041b700000, 0x000002041e618000)
 Next Bits: [0x00000204187e0000, 0x000002041b6f8000)

Polling page: 0x000002047eab0000

Metaspace:

Usage:
  Non-class:     77.56 MB used.
      Class:     12.16 MB used.
       Both:     89.73 MB used.

Virtual space:
  Non-class space:      128.00 MB reserved,      77.88 MB ( 61%) committed,  2 nodes.
      Class space:        1.00 GB reserved,      12.44 MB (  1%) committed,  1 nodes.
             Both:        1.12 GB reserved,      90.31 MB (  8%) committed. 

Chunk freelists:
   Non-Class:  1.90 MB
       Class:  3.47 MB
        Both:  5.37 MB

MaxMetaspaceSize: unlimited
CompressedClassSpaceSize: 1.00 GB
Initial GC threshold: 21.00 MB
Current GC threshold: 150.56 MB
CDS: on
MetaspaceReclaimPolicy: balanced
 - commit_granule_bytes: 65536.
 - commit_granule_words: 8192.
 - virtual_space_node_default_size: 8388608.
 - enlarge_chunks_in_place: 1.
 - new_chunks_are_fully_committed: 0.
 - uncommit_free_chunks: 1.
 - use_allocation_guard: 0.
 - handle_deallocations: 1.


Internal statistics:

num_allocs_failed_limit: 6.
num_arena_births: 876.
num_arena_deaths: 4.
num_vsnodes_births: 3.
num_vsnodes_deaths: 0.
num_space_committed: 1445.
num_space_uncommitted: 0.
num_chunks_returned_to_freelist: 12.
num_chunks_taken_from_freelist: 4133.
num_chunk_merges: 8.
num_chunk_splits: 3012.
num_chunks_enlarged: 2363.
num_inconsistent_stats: 0.

CodeHeap 'non-profiled nmethods': size=120000Kb used=6189Kb max_used=6189Kb free=113810Kb
 bounds [0x00000204106d0000, 0x0000020410ce0000, 0x0000020417c00000]
CodeHeap 'profiled nmethods': size=120000Kb used=17310Kb max_used=17310Kb free=102689Kb
 bounds [0x0000020408c00000, 0x0000020409cf0000, 0x0000020410130000]
CodeHeap 'non-nmethods': size=5760Kb used=1409Kb max_used=1482Kb free=4351Kb
 bounds [0x0000020410130000, 0x00000204103a0000, 0x00000204106d0000]
 total_blobs=9460 nmethods=8719 adapters=652
 compilation: enabled
              stopped_count=0, restarted_count=0
 full_count=0

Compilation events (20 events):
Event: 24.033 Thread 0x000002046a5a1d80 nmethod 10089 0x0000020410ccbc10 code [0x0000020410ccbda0, 0x0000020410ccbf18]
Event: 24.033 Thread 0x000002046a5a1d80 10129   !   4       org.antlr.v4.runtime.atn.ATNSimulator::getCachedContext (43 bytes)
Event: 24.182 Thread 0x0000020420a012d0 nmethod 10072 0x0000020410ccc110 code [0x0000020410ccc700, 0x0000020410cd3b20]
Event: 24.183 Thread 0x0000020420a012d0 10052       4       org.antlr.v4.runtime.atn.ATNConfigSet$AbstractConfigHashSet::createBucket (6 bytes)
Event: 24.184 Thread 0x0000020420a012d0 nmethod 10052 0x0000020410cd7810 code [0x0000020410cd79a0, 0x0000020410cd7b38]
Event: 24.184 Thread 0x0000020420a012d0 10149       4       org.antlr.v4.runtime.atn.ATNConfig::equals (86 bytes)
Event: 24.187 Thread 0x0000020420a012d0 nmethod 10149 0x0000020410cd7c10 code [0x0000020410cd7da0, 0x0000020410cd7fd8]
Event: 24.187 Thread 0x0000020420a012d0 10027       4       java.lang.invoke.LambdaForm$MH/0x0000020422038000::invoke (25 bytes)
Event: 24.188 Thread 0x0000020420a012d0 nmethod 10027 0x0000020410cd8190 code [0x0000020410cd8320, 0x0000020410cd8418]
Event: 24.188 Thread 0x0000020420a012d0 10155       4       org.antlr.v4.runtime.atn.SetTransition::matches (9 bytes)
Event: 24.192 Thread 0x0000020420a012d0 nmethod 10155 0x0000020410cd8590 code [0x0000020410cd8720, 0x0000020410cd8938]
Event: 24.192 Thread 0x0000020420a012d0 10040       4       java.util.BitSet::get (69 bytes)
Event: 24.193 Thread 0x0000020420a012d0 nmethod 10040 0x0000020410cd8c10 code [0x0000020410cd8d80, 0x0000020410cd8e78]
Event: 24.193 Thread 0x0000020420a012d0 10016       4       java.util.regex.Pattern$BmpCharProperty::match (55 bytes)
Event: 24.198 Thread 0x0000020420a012d0 nmethod 10016 0x0000020410cd8f90 code [0x0000020410cd9140, 0x0000020410cd9498]
Event: 24.198 Thread 0x0000020420a012d0 10017       4       java.util.regex.Pattern$$Lambda$19/0x800000025::is (9 bytes)
Event: 24.199 Thread 0x0000020420a012d0 nmethod 10017 0x0000020410cd9810 code [0x0000020410cd9980, 0x0000020410cd9a18]
Event: 24.200 Thread 0x0000020420a012d0 10156 %     4       org.antlr.v4.runtime.misc.FlexibleHashMap::values @ 50 (95 bytes)
Event: 24.236 Thread 0x0000020420a012d0 nmethod 10156% 0x0000020410cd9b10 code [0x0000020410cd9ce0, 0x0000020410cdad98]
Event: 24.236 Thread 0x0000020420a012d0 10160       4       org.antlr.v4.runtime.atn.PredictionContext::getCachedContext (261 bytes)

GC Heap History (20 events):
Event: 21.740 GC heap after
{Heap after GC invocations=34 (full 0):
 garbage-first heap   total 108544K, used 51590K [0x0000000743a00000, 0x0000000800000000)
  region size 2048K, 2 young (4096K), 2 survivors (4096K)
 Metaspace       used 89930K, committed 90496K, reserved 1179648K
  class space    used 12208K, committed 12480K, reserved 1048576K
}
Event: 21.943 GC heap before
{Heap before GC invocations=34 (full 0):
 garbage-first heap   total 108544K, used 86406K [0x0000000743a00000, 0x0000000800000000)
  region size 2048K, 19 young (38912K), 2 survivors (4096K)
 Metaspace       used 89952K, committed 90496K, reserved 1179648K
  class space    used 12208K, committed 12480K, reserved 1048576K
}
Event: 21.948 GC heap after
{Heap after GC invocations=35 (full 0):
 garbage-first heap   total 108544K, used 51808K [0x0000000743a00000, 0x0000000800000000)
  region size 2048K, 2 young (4096K), 2 survivors (4096K)
 Metaspace       used 89952K, committed 90496K, reserved 1179648K
  class space    used 12208K, committed 12480K, reserved 1048576K
}
Event: 22.665 GC heap before
{Heap before GC invocations=36 (full 0):
 garbage-first heap   total 108544K, used 86624K [0x0000000743a00000, 0x0000000800000000)
  region size 2048K, 19 young (38912K), 2 survivors (4096K)
 Metaspace       used 91840K, committed 92480K, reserved 1179648K
  class space    used 12453K, committed 12736K, reserved 1048576K
}
Event: 22.674 GC heap after
{Heap after GC invocations=37 (full 0):
 garbage-first heap   total 108544K, used 56558K [0x0000000743a00000, 0x0000000800000000)
  region size 2048K, 3 young (6144K), 3 survivors (6144K)
 Metaspace       used 91840K, committed 92480K, reserved 1179648K
  class space    used 12453K, committed 12736K, reserved 1048576K
}
Event: 22.779 GC heap before
{Heap before GC invocations=37 (full 0):
 garbage-first heap   total 108544K, used 85230K [0x0000000743a00000, 0x0000000800000000)
  region size 2048K, 17 young (34816K), 3 survivors (6144K)
 Metaspace       used 91843K, committed 92480K, reserved 1179648K
  class space    used 12453K, committed 12736K, reserved 1048576K
}
Event: 22.794 GC heap after
{Heap after GC invocations=38 (full 0):
 garbage-first heap   total 108544K, used 66845K [0x0000000743a00000, 0x0000000800000000)
  region size 2048K, 3 young (6144K), 3 survivors (6144K)
 Metaspace       used 91843K, committed 92480K, reserved 1179648K
  class space    used 12453K, committed 12736K, reserved 1048576K
}
Event: 22.892 GC heap before
{Heap before GC invocations=38 (full 0):
 garbage-first heap   total 108544K, used 83229K [0x0000000743a00000, 0x0000000800000000)
  region size 2048K, 11 young (22528K), 3 survivors (6144K)
 Metaspace       used 91843K, committed 92480K, reserved 1179648K
  class space    used 12453K, committed 12736K, reserved 1048576K
}
Event: 22.905 GC heap after
{Heap after GC invocations=39 (full 0):
 garbage-first heap   total 155648K, used 73096K [0x0000000743a00000, 0x0000000800000000)
  region size 2048K, 2 young (4096K), 2 survivors (4096K)
 Metaspace       used 91843K, committed 92480K, reserved 1179648K
  class space    used 12453K, committed 12736K, reserved 1048576K
}
Event: 23.114 GC heap before
{Heap before GC invocations=40 (full 0):
 garbage-first heap   total 155648K, used 112008K [0x0000000743a00000, 0x0000000800000000)
  region size 2048K, 21 young (43008K), 2 survivors (4096K)
 Metaspace       used 91874K, committed 92480K, reserved 1179648K
  class space    used 12456K, committed 12736K, reserved 1048576K
}
Event: 23.124 GC heap after
{Heap after GC invocations=41 (full 0):
 garbage-first heap   total 155648K, used 78824K [0x0000000743a00000, 0x0000000800000000)
  region size 2048K, 3 young (6144K), 3 survivors (6144K)
 Metaspace       used 91874K, committed 92480K, reserved 1179648K
  class space    used 12456K, committed 12736K, reserved 1048576K
}
Event: 23.326 GC heap before
{Heap before GC invocations=41 (full 0):
 garbage-first heap   total 155648K, used 115688K [0x0000000743a00000, 0x0000000800000000)
  region size 2048K, 21 young (43008K), 3 survivors (6144K)
 Metaspace       used 91884K, committed 92480K, reserved 1179648K
  class space    used 12456K, committed 12736K, reserved 1048576K
}
Event: 23.331 GC heap after
{Heap after GC invocations=42 (full 0):
 garbage-first heap   total 155648K, used 77998K [0x0000000743a00000, 0x0000000800000000)
  region size 2048K, 2 young (4096K), 2 survivors (4096K)
 Metaspace       used 91884K, committed 92480K, reserved 1179648K
  class space    used 12456K, committed 12736K, reserved 1048576K
}
Event: 23.577 GC heap before
{Heap before GC invocations=42 (full 0):
 garbage-first heap   total 194560K, used 116910K [0x0000000743a00000, 0x0000000800000000)
  region size 2048K, 21 young (43008K), 2 survivors (4096K)
 Metaspace       used 91878K, committed 92480K, reserved 1179648K
  class space    used 12455K, committed 12736K, reserved 1048576K
}
Event: 23.593 GC heap after
{Heap after GC invocations=43 (full 0):
 garbage-first heap   total 194560K, used 93063K [0x0000000743a00000, 0x0000000800000000)
  region size 2048K, 3 young (6144K), 3 survivors (6144K)
 Metaspace       used 91878K, committed 92480K, reserved 1179648K
  class space    used 12455K, committed 12736K, reserved 1048576K
}
Event: 23.848 GC heap before
{Heap before GC invocations=44 (full 0):
 garbage-first heap   total 194560K, used 144263K [0x0000000743a00000, 0x0000000800000000)
  region size 2048K, 27 young (55296K), 3 survivors (6144K)
 Metaspace       used 91878K, committed 92480K, reserved 1179648K
  class space    used 12455K, committed 12736K, reserved 1048576K
}
Event: 23.872 GC heap after
{Heap after GC invocations=45 (full 0):
 garbage-first heap   total 194560K, used 114012K [0x0000000743a00000, 0x0000000800000000)
  region size 2048K, 4 young (8192K), 4 survivors (8192K)
 Metaspace       used 91878K, committed 92480K, reserved 1179648K
  class space    used 12455K, committed 12736K, reserved 1048576K
}
Event: 23.878 GC heap before
{Heap before GC invocations=45 (full 0):
 garbage-first heap   total 194560K, used 116060K [0x0000000743a00000, 0x0000000800000000)
  region size 2048K, 5 young (10240K), 4 survivors (8192K)
 Metaspace       used 91878K, committed 92480K, reserved 1179648K
  class space    used 12455K, committed 12736K, reserved 1048576K
}
Event: 23.904 GC heap after
{Heap after GC invocations=46 (full 0):
 garbage-first heap   total 194560K, used 117249K [0x0000000743a00000, 0x0000000800000000)
  region size 2048K, 1 young (2048K), 1 survivors (2048K)
 Metaspace       used 91878K, committed 92480K, reserved 1179648K
  class space    used 12455K, committed 12736K, reserved 1048576K
}
Event: 24.242 GC heap before
{Heap before GC invocations=46 (full 0):
 garbage-first heap   total 194560K, used 145921K [0x0000000743a00000, 0x0000000800000000)
  region size 2048K, 15 young (30720K), 1 survivors (2048K)
 Metaspace       used 91880K, committed 92480K, reserved 1179648K
  class space    used 12455K, committed 12736K, reserved 1048576K
}

Deoptimization events (20 events):
Event: 23.685 Thread 0x0000020466b09830 DEOPT PACKING pc=0x0000020410c9e660 sp=0x0000008d7a7f8490
Event: 23.685 Thread 0x0000020466b09830 DEOPT UNPACKING pc=0x0000020410185ba3 sp=0x0000008d7a7f83f0 mode 2
Event: 24.114 Thread 0x0000020466b09830 DEOPT PACKING pc=0x0000020409cccbfd sp=0x0000008d7a7fa490
Event: 24.121 Thread 0x0000020466b09830 DEOPT UNPACKING pc=0x00000204101866e3 sp=0x0000008d7a7f9988 mode 0
Event: 24.213 Thread 0x0000020466b09830 Uncommon trap: trap_request=0xffffffbe fr.pc=0x0000020410cd240c relative=0x0000000000005d0c
Event: 24.213 Thread 0x0000020466b09830 Uncommon trap: reason=profile_predicate action=maybe_recompile pc=0x0000020410cd240c method=org.antlr.v4.runtime.atn.PredictionContext.getCachedContext(Lorg/antlr/v4/runtime/atn/PredictionContext;Lorg/antlr/v4/runtime/atn/PredictionContextCache;Ljava/util
Event: 24.213 Thread 0x0000020466b09830 DEOPT PACKING pc=0x0000020410cd240c sp=0x0000008d7a7fa1a0
Event: 24.213 Thread 0x0000020466b09830 DEOPT UNPACKING pc=0x0000020410185ba3 sp=0x0000008d7a7fa110 mode 2
Event: 24.213 Thread 0x0000020466b09830 Uncommon trap: trap_request=0xffffffbe fr.pc=0x0000020410cd240c relative=0x0000000000005d0c
Event: 24.213 Thread 0x0000020466b09830 Uncommon trap: reason=profile_predicate action=maybe_recompile pc=0x0000020410cd240c method=org.antlr.v4.runtime.atn.PredictionContext.getCachedContext(Lorg/antlr/v4/runtime/atn/PredictionContext;Lorg/antlr/v4/runtime/atn/PredictionContextCache;Ljava/util
Event: 24.213 Thread 0x0000020466b09830 DEOPT PACKING pc=0x0000020410cd240c sp=0x0000008d7a7fa1a0
Event: 24.213 Thread 0x0000020466b09830 DEOPT UNPACKING pc=0x0000020410185ba3 sp=0x0000008d7a7fa110 mode 2
Event: 24.213 Thread 0x0000020466b09830 Uncommon trap: trap_request=0xffffffbe fr.pc=0x0000020410cd240c relative=0x0000000000005d0c
Event: 24.213 Thread 0x0000020466b09830 Uncommon trap: reason=profile_predicate action=maybe_recompile pc=0x0000020410cd240c method=org.antlr.v4.runtime.atn.PredictionContext.getCachedContext(Lorg/antlr/v4/runtime/atn/PredictionContext;Lorg/antlr/v4/runtime/atn/PredictionContextCache;Ljava/util
Event: 24.213 Thread 0x0000020466b09830 DEOPT PACKING pc=0x0000020410cd240c sp=0x0000008d7a7fa1a0
Event: 24.213 Thread 0x0000020466b09830 DEOPT UNPACKING pc=0x0000020410185ba3 sp=0x0000008d7a7fa110 mode 2
Event: 24.213 Thread 0x0000020466b09830 Uncommon trap: trap_request=0xffffffbe fr.pc=0x0000020410cd240c relative=0x0000000000005d0c
Event: 24.213 Thread 0x0000020466b09830 Uncommon trap: reason=profile_predicate action=maybe_recompile pc=0x0000020410cd240c method=org.antlr.v4.runtime.atn.PredictionContext.getCachedContext(Lorg/antlr/v4/runtime/atn/PredictionContext;Lorg/antlr/v4/runtime/atn/PredictionContextCache;Ljava/util
Event: 24.213 Thread 0x0000020466b09830 DEOPT PACKING pc=0x0000020410cd240c sp=0x0000008d7a7fa1a0
Event: 24.213 Thread 0x0000020466b09830 DEOPT UNPACKING pc=0x0000020410185ba3 sp=0x0000008d7a7fa110 mode 2

Classes unloaded (2 events):
Event: 23.496 Thread 0x00000204209e6c40 Unloading class 0x0000020422c84c00 'jdk/internal/reflect/GeneratedSerializationConstructorAccessor2'
Event: 23.496 Thread 0x00000204209e6c40 Unloading class 0x0000020422c84800 'jdk/internal/reflect/GeneratedSerializationConstructorAccessor1'

Classes redefined (0 events):
No events

Internal exceptions (20 events):
Event: 18.605 Thread 0x0000020466b09830 Exception <a 'java/lang/IncompatibleClassChangeError'{0x0000000748353a90}: Found class java.lang.Object, but interface was expected> (0x0000000748353a90) 
thrown [s\open\src\hotspot\share\interpreter\linkResolver.cpp, line 826]
Event: 18.689 Thread 0x0000020466b09830 Exception <a 'java/lang/reflect/InvocationTargetException'{0x0000000748185360}> (0x0000000748185360) 
thrown [s\open\src\hotspot\share\runtime\reflection.cpp, line 1121]
Event: 18.719 Thread 0x0000020466b09830 Exception <a 'java/lang/IncompatibleClassChangeError'{0x000000074f6092f8}: Found class java.lang.Object, but interface was expected> (0x000000074f6092f8) 
thrown [s\open\src\hotspot\share\interpreter\linkResolver.cpp, line 826]
Event: 18.720 Thread 0x0000020466b09830 Exception <a 'java/lang/IncompatibleClassChangeError'{0x000000074f60fc78}: Found class java.lang.Object, but interface was expected> (0x000000074f60fc78) 
thrown [s\open\src\hotspot\share\interpreter\linkResolver.cpp, line 826]
Event: 18.806 Thread 0x0000020466b09830 Exception <a 'java/lang/reflect/InvocationTargetException'{0x000000074f7eff20}> (0x000000074f7eff20) 
thrown [s\open\src\hotspot\share\runtime\reflection.cpp, line 1121]
Event: 19.470 Thread 0x0000020466b09830 Exception <a 'java/lang/NoSuchMethodError'{0x000000074a858908}: 'void java.lang.invoke.DirectMethodHandle$Holder.invokeVirtual(java.lang.Object, java.lang.Object, java.lang.Object, java.lang.Object)'> (0x000000074a858908) 
thrown [s\open\src\hotspot\share\interpreter\linkResolver.cpp, line 759]
Event: 19.587 Thread 0x0000020466b09830 Exception <a 'sun/nio/fs/WindowsException'{0x000000074a41fce8}> (0x000000074a41fce8) 
thrown [s\open\src\hotspot\share\prims\jni.cpp, line 516]
Event: 20.119 Thread 0x0000020466b09830 Exception <a 'java/lang/NoSuchMethodError'{0x000000074881f780}: 'long java.lang.invoke.DirectMethodHandle$Holder.invokeVirtual(java.lang.Object, java.lang.Object)'> (0x000000074881f780) 
thrown [s\open\src\hotspot\share\interpreter\linkResolver.cpp, line 759]
Event: 20.128 Thread 0x0000020466b09830 Exception <a 'java/io/FileNotFoundException'{0x000000074884ac70}> (0x000000074884ac70) 
thrown [s\open\src\hotspot\share\prims\jni.cpp, line 516]
Event: 20.639 Thread 0x0000020466b09830 Exception <a 'java/lang/reflect/InvocationTargetException'{0x000000074a8b42c8}> (0x000000074a8b42c8) 
thrown [s\open\src\hotspot\share\runtime\reflection.cpp, line 1121]
Event: 20.654 Thread 0x0000020466b09830 Exception <a 'java/lang/reflect/InvocationTargetException'{0x000000074a907d08}> (0x000000074a907d08) 
thrown [s\open\src\hotspot\share\runtime\reflection.cpp, line 1121]
Event: 20.656 Thread 0x0000020466b09830 Exception <a 'java/lang/reflect/InvocationTargetException'{0x000000074a912268}> (0x000000074a912268) 
thrown [s\open\src\hotspot\share\runtime\reflection.cpp, line 1121]
Event: 20.666 Thread 0x0000020466b09830 Exception <a 'java/lang/reflect/InvocationTargetException'{0x000000074a9498c0}> (0x000000074a9498c0) 
thrown [s\open\src\hotspot\share\runtime\reflection.cpp, line 1121]
Event: 22.380 Thread 0x0000020466b09830 Exception <a 'java/lang/reflect/InvocationTargetException'{0x000000074a3005f0}> (0x000000074a3005f0) 
thrown [s\open\src\hotspot\share\runtime\reflection.cpp, line 1121]
Event: 22.389 Thread 0x0000020466b09830 Exception <a 'java/lang/reflect/InvocationTargetException'{0x000000074a329bb8}> (0x000000074a329bb8) 
thrown [s\open\src\hotspot\share\runtime\reflection.cpp, line 1121]
Event: 22.421 Thread 0x0000020466b09830 Exception <a 'java/lang/reflect/InvocationTargetException'{0x0000000749694a78}> (0x0000000749694a78) 
thrown [s\open\src\hotspot\share\runtime\reflection.cpp, line 1121]
Event: 22.472 Thread 0x0000020466b09830 Exception <a 'java/io/FileNotFoundException'{0x0000000749229f40}> (0x0000000749229f40) 
thrown [s\open\src\hotspot\share\prims\jni.cpp, line 516]
Event: 22.473 Thread 0x0000020466b09830 Exception <a 'java/io/FileNotFoundException'{0x0000000749234ee8}> (0x0000000749234ee8) 
thrown [s\open\src\hotspot\share\prims\jni.cpp, line 516]
Event: 22.512 Thread 0x0000020466b09830 Exception <a 'java/lang/NoSuchMethodError'{0x00000007493d54a0}: 'int java.lang.invoke.DirectMethodHandle$Holder.invokeStaticInit(java.lang.Object, int, java.lang.Object, java.lang.Object, java.lang.Object, java.lang.Object)'> (0x00000007493d54a0) 
thrown [s\open\src\hotspot\share\interpreter\linkResolver.cpp, line 759]
Event: 22.611 Thread 0x0000020466b09830 Exception <a 'java/lang/reflect/InvocationTargetException'{0x0000000748c84e40}> (0x0000000748c84e40) 
thrown [s\open\src\hotspot\share\runtime\reflection.cpp, line 1121]

VM Operations (20 events):
Event: 22.905 Executing VM operation: G1CollectForAllocation done
Event: 22.930 Executing VM operation: G1Concurrent
Event: 22.938 Executing VM operation: G1Concurrent done
Event: 23.006 Executing VM operation: G1Concurrent
Event: 23.006 Executing VM operation: G1Concurrent done
Event: 23.114 Executing VM operation: G1CollectForAllocation
Event: 23.124 Executing VM operation: G1CollectForAllocation done
Event: 23.326 Executing VM operation: G1CollectForAllocation
Event: 23.331 Executing VM operation: G1CollectForAllocation done
Event: 23.495 Executing VM operation: G1Concurrent
Event: 23.514 Executing VM operation: G1Concurrent done
Event: 23.566 Executing VM operation: G1CollectForAllocation
Event: 23.597 Executing VM operation: G1CollectForAllocation done
Event: 23.630 Executing VM operation: G1Concurrent
Event: 23.656 Executing VM operation: G1Concurrent done
Event: 23.848 Executing VM operation: G1CollectForAllocation
Event: 23.872 Executing VM operation: G1CollectForAllocation done
Event: 23.878 Executing VM operation: G1CollectForAllocation
Event: 23.904 Executing VM operation: G1CollectForAllocation done
Event: 24.242 Executing VM operation: G1CollectForAllocation

Events (20 events):
Event: 20.565 loading class java/util/WeakHashMap$KeyIterator
Event: 20.565 loading class java/util/WeakHashMap$HashIterator
Event: 20.565 loading class java/util/WeakHashMap$HashIterator done
Event: 20.565 loading class java/util/WeakHashMap$KeyIterator done
Event: 20.565 loading class java/util/WeakHashMap$EntrySet
Event: 20.566 loading class java/util/WeakHashMap$EntrySet done
Event: 20.566 loading class java/util/WeakHashMap$EntryIterator
Event: 20.566 loading class java/util/WeakHashMap$EntryIterator done
Event: 20.704 loading class java/util/EmptyStackException
Event: 20.704 loading class java/util/EmptyStackException done
Event: 20.966 loading class java/io/InvalidClassException
Event: 20.966 loading class java/io/InvalidClassException done
Event: 22.544 loading class sun/reflect/ReflectionFactory
Event: 22.545 loading class sun/reflect/ReflectionFactory done
Event: 22.545 loading class sun/reflect/ReflectionFactory$1
Event: 22.545 loading class sun/reflect/ReflectionFactory$1 done
Event: 22.545 loading class java/io/OptionalDataException
Event: 22.545 loading class java/io/OptionalDataException done
Event: 22.547 loading class jdk/internal/reflect/SerializationConstructorAccessorImpl
Event: 22.547 loading class jdk/internal/reflect/SerializationConstructorAccessorImpl done


Dynamic libraries:
0x00007ff7b7500000 - 0x00007ff7b7510000 	C:\Program Files\Java\jdk-17\bin\java.exe
0x00007ffea7aa0000 - 0x00007ffea7d03000 	C:\WINDOWS\SYSTEM32\ntdll.dll
0x00007ffea6070000 - 0x00007ffea6137000 	C:\WINDOWS\System32\KERNEL32.DLL
0x00007ffea52b0000 - 0x00007ffea5679000 	C:\WINDOWS\System32\KERNELBASE.dll
0x00007ffea5680000 - 0x00007ffea57cc000 	C:\WINDOWS\System32\ucrtbase.dll
0x00007ffe92200000 - 0x00007ffe9221b000 	C:\Program Files\Java\jdk-17\bin\VCRUNTIME140.dll
0x00007ffea1940000 - 0x00007ffea1959000 	C:\Program Files\Java\jdk-17\bin\jli.dll
0x00007ffea73c0000 - 0x00007ffea7472000 	C:\WINDOWS\System32\ADVAPI32.dll
0x00007ffea6930000 - 0x00007ffea69d9000 	C:\WINDOWS\System32\msvcrt.dll
0x00007ffea74e0000 - 0x00007ffea7586000 	C:\WINDOWS\System32\sechost.dll
0x00007ffea69e0000 - 0x00007ffea6af6000 	C:\WINDOWS\System32\RPCRT4.dll
0x00007ffea6150000 - 0x00007ffea631a000 	C:\WINDOWS\System32\USER32.dll
0x00007ffe87600000 - 0x00007ffe87890000 	C:\WINDOWS\WinSxS\amd64_microsoft.windows.common-controls_6595b64144ccf1df_6.0.26100.3323_none_3e088096e3344490\COMCTL32.dll
0x00007ffea57d0000 - 0x00007ffea57f7000 	C:\WINDOWS\System32\win32u.dll
0x00007ffea7980000 - 0x00007ffea79aa000 	C:\WINDOWS\System32\GDI32.dll
0x00007ffea4eb0000 - 0x00007ffea4fe1000 	C:\WINDOWS\System32\gdi32full.dll
0x00007ffea5080000 - 0x00007ffea5123000 	C:\WINDOWS\System32\msvcp_win.dll
0x00007ffe9bce0000 - 0x00007ffe9bceb000 	C:\WINDOWS\SYSTEM32\VERSION.dll
0x00007ffea59b0000 - 0x00007ffea59df000 	C:\WINDOWS\System32\IMM32.DLL
0x00007ffe9f840000 - 0x00007ffe9f84c000 	C:\Program Files\Java\jdk-17\bin\vcruntime140_1.dll
0x00007ffe6c8d0000 - 0x00007ffe6c95e000 	C:\Program Files\Java\jdk-17\bin\msvcp140.dll
0x00007ffe46e40000 - 0x00007ffe47a20000 	C:\Program Files\Java\jdk-17\bin\server\jvm.dll
0x00007ffea75a0000 - 0x00007ffea75a8000 	C:\WINDOWS\System32\PSAPI.DLL
0x00007ffe8ef50000 - 0x00007ffe8ef86000 	C:\WINDOWS\SYSTEM32\WINMM.dll
0x00007ffe83410000 - 0x00007ffe8341a000 	C:\WINDOWS\SYSTEM32\WSOCK32.dll
0x00007ffea5b50000 - 0x00007ffea5bc4000 	C:\WINDOWS\System32\WS2_32.dll
0x00007ffea3aa0000 - 0x00007ffea3aba000 	C:\WINDOWS\SYSTEM32\kernel.appcore.dll
0x00007ffe9f810000 - 0x00007ffe9f81a000 	C:\Program Files\Java\jdk-17\bin\jimage.dll
0x00007ffea23e0000 - 0x00007ffea2621000 	C:\WINDOWS\SYSTEM32\DBGHELP.DLL
0x00007ffea5c50000 - 0x00007ffea5fd2000 	C:\WINDOWS\System32\combase.dll
0x00007ffea6850000 - 0x00007ffea6926000 	C:\WINDOWS\System32\OLEAUT32.dll
0x00007ffe88ea0000 - 0x00007ffe88ed9000 	C:\WINDOWS\SYSTEM32\dbgcore.DLL
0x00007ffea4ca0000 - 0x00007ffea4d39000 	C:\WINDOWS\System32\bcryptPrimitives.dll
0x00007ffe9f410000 - 0x00007ffe9f41e000 	C:\Program Files\Java\jdk-17\bin\instrument.dll
0x00007ffe7d2b0000 - 0x00007ffe7d2d5000 	C:\Program Files\Java\jdk-17\bin\java.dll
0x00007ffe67e60000 - 0x00007ffe67f37000 	C:\Program Files\Java\jdk-17\bin\jsvml.dll
0x00007ffea6ca0000 - 0x00007ffea73b5000 	C:\WINDOWS\System32\SHELL32.dll
0x00007ffea4d40000 - 0x00007ffea4ea8000 	C:\WINDOWS\System32\wintypes.dll
0x00007ffea2960000 - 0x00007ffea31a5000 	C:\WINDOWS\SYSTEM32\windows.storage.dll
0x00007ffea58c0000 - 0x00007ffea59ab000 	C:\WINDOWS\System32\SHCORE.dll
0x00007ffea7480000 - 0x00007ffea74dd000 	C:\WINDOWS\System32\shlwapi.dll
0x00007ffea4bb0000 - 0x00007ffea4bdf000 	C:\WINDOWS\SYSTEM32\profapi.dll
0x00007ffe87a20000 - 0x00007ffe87a38000 	C:\Program Files\Java\jdk-17\bin\zip.dll
0x00007ffe87fe0000 - 0x00007ffe87ff9000 	C:\Program Files\Java\jdk-17\bin\net.dll
0x00007ffe98790000 - 0x00007ffe988ae000 	C:\WINDOWS\SYSTEM32\WINHTTP.dll
0x00007ffea3fe0000 - 0x00007ffea404a000 	C:\WINDOWS\system32\mswsock.dll
0x00007ffe87a60000 - 0x00007ffe87a76000 	C:\Program Files\Java\jdk-17\bin\nio.dll
0x00007ffe7d270000 - 0x00007ffe7d28a000 	C:\Program Files\JetBrains\IntelliJ IDEA Community Edition 2024.2.2\bin\breakgen64.dll
0x00007ffe9ee80000 - 0x00007ffe9ee8a000 	C:\Program Files\Java\jdk-17\bin\management.dll
0x00007ffe921f0000 - 0x00007ffe921fb000 	C:\Program Files\Java\jdk-17\bin\management_ext.dll
0x00007ffe7d260000 - 0x00007ffe7d26e000 	C:\Program Files\Java\jdk-17\bin\sunmscapi.dll
0x00007ffea5130000 - 0x00007ffea52a7000 	C:\WINDOWS\System32\CRYPT32.dll
0x00007ffea4480000 - 0x00007ffea44b0000 	C:\WINDOWS\SYSTEM32\ncrypt.dll
0x00007ffea4430000 - 0x00007ffea446f000 	C:\WINDOWS\SYSTEM32\NTASN1.dll
0x00007ffea4280000 - 0x00007ffea429c000 	C:\WINDOWS\SYSTEM32\CRYPTSP.dll
0x00007ffea3a00000 - 0x00007ffea3a3a000 	C:\WINDOWS\system32\rsaenh.dll
0x00007ffea4080000 - 0x00007ffea40ab000 	C:\WINDOWS\SYSTEM32\USERENV.dll
0x00007ffea44c0000 - 0x00007ffea44e6000 	C:\WINDOWS\SYSTEM32\bcrypt.dll
0x00007ffea42a0000 - 0x00007ffea42ac000 	C:\WINDOWS\SYSTEM32\CRYPTBASE.dll
0x00007ffea3500000 - 0x00007ffea3533000 	C:\WINDOWS\SYSTEM32\IPHLPAPI.DLL
0x00007ffea6140000 - 0x00007ffea614a000 	C:\WINDOWS\System32\NSI.dll
0x00007ffe984d0000 - 0x00007ffe984ef000 	C:\WINDOWS\SYSTEM32\dhcpcsvc6.DLL
0x00007ffe98430000 - 0x00007ffe98455000 	C:\WINDOWS\SYSTEM32\dhcpcsvc.DLL
0x00007ffea35a0000 - 0x00007ffea36c5000 	C:\WINDOWS\SYSTEM32\DNSAPI.dll
0x00007ffe92640000 - 0x00007ffe9264b000 	C:\Windows\System32\rasadhlp.dll
0x00007ffe96ef0000 - 0x00007ffe96f75000 	C:\WINDOWS\System32\fwpuclnt.dll
0x00007ffe85aa0000 - 0x00007ffe85ab8000 	C:\WINDOWS\system32\napinsp.dll
0x00007ffe83500000 - 0x00007ffe83512000 	C:\WINDOWS\System32\winrnr.dll
0x00007ffe834d0000 - 0x00007ffe834f2000 	C:\WINDOWS\system32\nlansp_c.dll
0x00007ffe83470000 - 0x00007ffe83486000 	C:\WINDOWS\system32\wshbth.dll
0x00007ffe7ce80000 - 0x00007ffe7ce90000 	C:\Program Files\Java\jdk-17\bin\verify.dll

dbghelp: loaded successfully - version: 4.0.5 - missing functions: none
symbol engine: initialized successfully - sym options: 0x614 - pdb path: .;C:\Program Files\Java\jdk-17\bin;C:\WINDOWS\SYSTEM32;C:\WINDOWS\WinSxS\amd64_microsoft.windows.common-controls_6595b64144ccf1df_6.0.26100.3323_none_3e088096e3344490;C:\Program Files\Java\jdk-17\bin\server;C:\Program Files\JetBrains\IntelliJ IDEA Community Edition 2024.2.2\bin

VM Arguments:
jvm_args: -javaagent:C:\Program Files\JetBrains\IntelliJ IDEA Community Edition 2024.2.2\lib\idea_rt.jar=52997:C:\Program Files\JetBrains\IntelliJ IDEA Community Edition 2024.2.2\bin -Dfile.encoding=UTF-8 
java_command: com.ems.ElectionManagementSystemApplication
java_class_path (initial): E:\testing ems\election-management-system\server\target\classes;C:\Users\DELL 10I3 256\.m2\repository\org\springframework\boot\spring-boot-starter-data-jpa\3.4.2\spring-boot-starter-data-jpa-3.4.2.jar;C:\Users\DELL 10I3 256\.m2\repository\org\springframework\boot\spring-boot-starter-jdbc\3.4.2\spring-boot-starter-jdbc-3.4.2.jar;C:\Users\DELL 10I3 256\.m2\repository\com\zaxxer\HikariCP\5.1.0\HikariCP-5.1.0.jar;C:\Users\DELL 10I3 256\.m2\repository\org\springframework\spring-jdbc\6.2.2\spring-jdbc-6.2.2.jar;C:\Users\DELL 10I3 256\.m2\repository\org\hibernate\orm\hibernate-core\6.6.5.Final\hibernate-core-6.6.5.Final.jar;C:\Users\DELL 10I3 256\.m2\repository\jakarta\persistence\jakarta.persistence-api\3.1.0\jakarta.persistence-api-3.1.0.jar;C:\Users\DELL 10I3 256\.m2\repository\jakarta\transaction\jakarta.transaction-api\2.0.1\jakarta.transaction-api-2.0.1.jar;C:\Users\DELL 10I3 256\.m2\repository\com\fasterxml\classmate\1.7.0\classmate-1.7.0.jar;C:\Users\DELL 10I3 256\.m2\repository\net\bytebuddy\byte-buddy\1.15.11\byte-buddy-1.15.11.jar;C:\Users\DELL 10I3 256\.m2\repository\jakarta\inject\jakarta.inject-api\2.0.1\jakarta.inject-api-2.0.1.jar;C:\Users\DELL 10I3 256\.m2\repository\org\antlr\antlr4-runtime\4.13.0\antlr4-runtime-4.13.0.jar;C:\Users\DELL 10I3 256\.m2\repository\org\springframework\data\spring-data-jpa\3.4.2\spring-data-jpa-3.4.2.jar;C:\Users\DELL 10I3 256\.m2\repository\org\springframework\data\spring-data-commons\3.4.2\spring-data-commons-3.4.2.jar;C:\Users\DELL 10I3 256\.m2\repository\org\springframework\spring-orm\6.2.2\spring-orm-6.2.2.jar;C:\Users\DELL 10I3 256\.m2\repository\org\springframework\spring-beans\6.2.2\spring-beans-6.2.2.jar;C:\Users\DELL 10I3 256\.m2\repository\org\slf4j\slf4j-api\2.0.16\slf4j-api-2.0.16.jar;C:\Users\DELL 10I3 256\.m2\repository\org\springframework\spring-aspects\6.2.2\spring-aspects-6.2.2.jar;C:\Users\DELL 10I3 256\.m2\repository\org\aspectj\aspectjweaver\1.9.22.1\aspectjweaver-1.9.22.1.jar;C
Launcher Type: SUN_STANDARD

[Global flags]
     intx CICompilerCount                          = 3                                         {product} {ergonomic}
     uint ConcGCThreads                            = 1                                         {product} {ergonomic}
     uint G1ConcRefinementThreads                  = 4                                         {product} {ergonomic}
   size_t G1HeapRegionSize                         = 2097152                                   {product} {ergonomic}
    uintx GCDrainStackTargetSize                   = 64                                        {product} {ergonomic}
   size_t InitialHeapSize                          = 199229440                                 {product} {ergonomic}
   size_t MarkStackSize                            = 4194304                                   {product} {ergonomic}
   size_t MaxHeapSize                              = 3160408064                                {product} {ergonomic}
   size_t MaxNewSize                               = 1895825408                                {product} {ergonomic}
   size_t MinHeapDeltaBytes                        = 2097152                                   {product} {ergonomic}
   size_t MinHeapSize                              = 8388608                                   {product} {ergonomic}
    uintx NonNMethodCodeHeapSize                   = 5832780                                {pd product} {ergonomic}
    uintx NonProfiledCodeHeapSize                  = 122912730                              {pd product} {ergonomic}
    uintx ProfiledCodeHeapSize                     = 122912730                              {pd product} {ergonomic}
    uintx ReservedCodeCacheSize                    = 251658240                              {pd product} {ergonomic}
     bool SegmentedCodeCache                       = true                                      {product} {ergonomic}
   size_t SoftMaxHeapSize                          = 3160408064                             {manageable} {ergonomic}
     bool UseCompressedClassPointers               = true                           {product lp64_product} {ergonomic}
     bool UseCompressedOops                        = true                           {product lp64_product} {ergonomic}
     bool UseG1GC                                  = true                                      {product} {ergonomic}
     bool UseLargePagesIndividualAllocation        = false                                  {pd product} {ergonomic}

Logging:
Log output configuration:
 #0: stdout all=warning uptime,level,tags
 #1: stderr all=off uptime,level,tags

Environment Variables:
JAVA_HOME=C:\Program Files\Java\jdk-17
CLASSPATH=C:\apache-tomcat-6.0.14\lib\servlet-api.jar
PATH=C:\Program Files\Common Files\Oracle\Java\javapath;C:\Program Files (x86)\VMware\VMware Player\bin\;C:\oraclexe\app\oracle\product\11.2.0\server\bin;C:\WINDOWS;C:\WINDOWS\System32\Wbem;C:\WINDOWS\System32\WindowsPowerShell\v1.0\;C:\WINDOWS\System32\OpenSSH\;C:\MinGW\bin;C:\Program Files\Git\cmd;C:\Program Files\dotnet\;C:\ProgramData\ComposerSetup\bin;C:\Program Files\Java\jdk-17\bin;C:\apache-maven-3.9.6\bin;C:\gradle-8.6\bin;C:\Program Files\PostgreSQL\16\bin;C:\Program Files\Microsoft SQL Server\150\Tools\Binn\;C:\Program Files\Microsoft SQL Server\Client SDK\ODBC\170\Tools\Binn\;C:\Program Files (x86)\Microsoft SQL Server\160\Tools\Binn\;C:\Program Files\Microsoft SQL Server\160\Tools\Binn\;C:\Program Files\Microsoft SQL Server\160\DTS\Binn\;C:\Program Files\Microsoft SQL Server\130\Tools\Binn\;C:\Program Files (x86)\Microsoft SQL Server\160\DTS\Binn\;C:\WINDOWS\system32;C:\Program Files\MySQL\MySQL Server 8.0\bin;C:\Program Files\Docker\Docker\resources\bin;C:\Program Files\nodejs\;C:\ProgramData\chocolatey\bin;C:\Users\DELL 10I3 256\AppData\Local\Programs\Python\Python310\Scripts\;C:\xampp\php;C:\Users\DELL 10I3 256\AppData\Local\Programs\Microsoft VS Code\bin;C:\Users\DELL 10I3 256\AppData\Local\Microsoft\WindowsApps;C:\Users\DELL 10I3 256\AppData\Roaming\Composer\vendor\bin;C:\Program Files\MongoDB\Server\5.0\bin;C:\Users\DELL 10I3 256\AppData\Local\GitHubDesktop\bin;C:\Users\DELL 10I3 256\AppData\Local\Programs\Python\Python310;C:\Program Files\JetBrains\IntelliJ IDEA Community Edition 2024.2.2\bin;;C:\apache-maven-3.9.6\bin;C:\Users\DELL 10I3 256\AppData\Roaming\npm;
USERNAME=DELL 10I3 256
OS=Windows_NT
PROCESSOR_IDENTIFIER=Intel64 Family 6 Model 126 Stepping 5, GenuineIntel



---------------  S Y S T E M  ---------------

OS:
 Windows 11 , 64 bit Build 26100 (10.0.26100.3323)
OS uptime: 0 days 4:42 hours
Hyper-V role detected

CPU: total 4 (initial active 4) (2 cores per cpu, 2 threads per core) family 6 model 126 stepping 5 microcode 0xc2, cx8, cmov, fxsr, ht, mmx, 3dnowpref, sse, sse2, sse3, ssse3, sse4.1, sse4.2, popcnt, lzcnt, tsc, tscinvbit, avx, avx2, aes, erms, clmul, bmi1, bmi2, adx, avx512f, avx512dq, avx512cd, avx512bw, avx512vl, sha, fma, vzeroupper, avx512_vpopcntdq, avx512_vpclmulqdq, avx512_vaes, avx512_vnni, clflush, clflushopt, avx512_vbmi2, avx512_vbmi, hv

Memory: 4k page, system-wide physical 12055M (1345M free)
TotalPageFile size 16151M (AvailPageFile size 220M)
current process WorkingSet (physical memory assigned to process): 444M, peak: 448M
current process commit charge ("private bytes"): 472M, peak: 856M

vm_info: Java HotSpot(TM) 64-Bit Server VM (17.0.12+8-LTS-286) for windows-amd64 JRE (17.0.12+8-LTS-286), built on Jun  5 2024 06:46:59 by "mach5one" with MS VC++ 17.6 (VS2022)

END.
