#
# There is insufficient memory for the Java Runtime Environment to continue.
# Native memory allocation (mmap) failed to map 180355072 bytes. Error detail: G1 virtual space
# Possible reasons:
#   The system is out of physical RAM or swap space
#   This process is running with CompressedOops enabled, and the Java Heap may be blocking the growth of the native heap
# Possible solutions:
#   Reduce memory load on the system
#   Increase physical memory or swap space
#   Check if swap backing store is full
#   Decrease Java heap size (-Xmx/-Xms)
#   Decrease number of Java threads
#   Decrease Java thread stack sizes (-Xss)
#   Set larger code cache with -XX:ReservedCodeCacheSize=
#   JVM is running with Zero Based Compressed Oops mode in which the Java heap is
#     placed in the first 32GB address space. The Java Heap base address is the
#     maximum limit for the native heap growth. Please use -XX:HeapBaseMinAddress
#     to set the Java Heap base and to place the Java Heap above 32GB virtual address.
# This output file may be truncated or incomplete.
#
#  Out of Memory Error (os_windows.cpp:3707), pid=1996, tid=17900
#
# JRE version: Java(TM) SE Runtime Environment (23.0.2+7) (build 23.0.2+7-58)
# Java VM: Java HotSpot(TM) 64-Bit Server VM (23.0.2+7-58, mixed mode, sharing, tiered, compressed oops, compressed class ptrs, g1 gc, windows-amd64)
# No core dump will be written. Minidumps are not enabled by default on client versions of Windows
#

---------------  S U M M A R Y ------------

Command Line: -javaagent:C:\Program Files\JetBrains\IntelliJ IDEA Community Edition 2024.2.2\lib\idea_rt.jar=51967:C:\Program Files\JetBrains\IntelliJ IDEA Community Edition 2024.2.2\bin -Dfile.encoding=UTF-8 -Dsun.stdout.encoding=UTF-8 -Dsun.stderr.encoding=UTF-8 com.ems.ElectionManagementSystemApplication

Host: Intel(R) Core(TM) i3-1005G1 CPU @ 1.20GHz, 4 cores, 11G,  Windows 11 , 64 bit Build 26100 (10.0.26100.3323)
Time: Mon Mar 10 18:36:03 2025 India Standard Time elapsed time: 21.338405 seconds (0d 0h 0m 21s)

---------------  T H R E A D  ---------------

Current thread (0x000001f9f9dd3de0):  VMThread "VM Thread"          [id=17900, stack(0x000000bfda700000,0x000000bfda800000) (1024K)]

Stack: [0x000000bfda700000,0x000000bfda800000]
Native frames: (J=compiled Java code, j=interpreted, Vv=VM code, C=native code)
V  [jvm.dll+0x6e0b99]  (no source info available)
V  [jvm.dll+0x87e2b3]  (no source info available)
V  [jvm.dll+0x88073e]  (no source info available)
V  [jvm.dll+0x880e13]  (no source info available)
V  [jvm.dll+0x27b006]  (no source info available)
V  [jvm.dll+0x6dd485]  (no source info available)
V  [jvm.dll+0x6d127a]  (no source info available)
V  [jvm.dll+0x35b50a]  (no source info available)
V  [jvm.dll+0x363916]  (no source info available)
V  [jvm.dll+0x34fe7e]  (no source info available)
V  [jvm.dll+0x350118]  (no source info available)
V  [jvm.dll+0x328aec]  (no source info available)
V  [jvm.dll+0x328b7a]  (no source info available)
V  [jvm.dll+0x374db2]  (no source info available)
V  [jvm.dll+0x3734b2]  (no source info available)
V  [jvm.dll+0x3282c7]  (no source info available)
V  [jvm.dll+0x372c64]  (no source info available)
V  [jvm.dll+0x886d50]  (no source info available)
V  [jvm.dll+0x888077]  (no source info available)
V  [jvm.dll+0x8885a8]  (no source info available)
V  [jvm.dll+0x888843]  (no source info available)
V  [jvm.dll+0x8254cb]  (no source info available)
V  [jvm.dll+0x6df345]  (no source info available)
C  [ucrtbase.dll+0x37b0]  (no source info available)
C  [KERNEL32.DLL+0x2e8d7]  (no source info available)
C  [ntdll.dll+0xbbf6c]  (no source info available)

VM_Operation (0x000000bfdb8f9020): G1CollectForAllocation, mode: safepoint, requested by thread 0x000001f9d515f400


---------------  P R O C E S S  ---------------

Threads class SMR info:
_java_thread_list=0x000001f9d426bd50, length=20, elements={
0x000001f9e9249470, 0x000001f9f9deb5e0, 0x000001f9f9deef70, 0x000001f9f9df2cf0,
0x000001f9f9df3aa0, 0x000001f9f9df6230, 0x000001f9f9dffaf0, 0x000001f9f9e2dac0,
0x000001f9f9e2f290, 0x000001f9d41f6710, 0x000001f9d4647c20, 0x000001f9d4648290,
0x000001f9d4dcfe70, 0x000001f9d515f400, 0x000001f9d8784680, 0x000001f9d87860c0,
0x000001f9d5f907e0, 0x000001f9d509c800, 0x000001f9d8786750, 0x000001f9d87853a0
}

Java Threads: ( => current thread )
  0x000001f9e9249470 JavaThread "main"                              [_thread_blocked, id=11396, stack(0x000000bfda000000,0x000000bfda100000) (1024K)]
  0x000001f9f9deb5e0 JavaThread "Reference Handler"          daemon [_thread_blocked, id=19696, stack(0x000000bfda800000,0x000000bfda900000) (1024K)]
  0x000001f9f9deef70 JavaThread "Finalizer"                  daemon [_thread_blocked, id=18520, stack(0x000000bfda900000,0x000000bfdaa00000) (1024K)]
  0x000001f9f9df2cf0 JavaThread "Signal Dispatcher"          daemon [_thread_blocked, id=13160, stack(0x000000bfdaa00000,0x000000bfdab00000) (1024K)]
  0x000001f9f9df3aa0 JavaThread "Attach Listener"            daemon [_thread_blocked, id=15536, stack(0x000000bfdab00000,0x000000bfdac00000) (1024K)]
  0x000001f9f9df6230 JavaThread "Service Thread"             daemon [_thread_blocked, id=17044, stack(0x000000bfdac00000,0x000000bfdad00000) (1024K)]
  0x000001f9f9dffaf0 JavaThread "Monitor Deflation Thread"   daemon [_thread_blocked, id=6756, stack(0x000000bfdad00000,0x000000bfdae00000) (1024K)]
  0x000001f9f9e2dac0 JavaThread "C2 CompilerThread0"         daemon [_thread_blocked, id=17440, stack(0x000000bfdae00000,0x000000bfdaf00000) (1024K)]
  0x000001f9f9e2f290 JavaThread "C1 CompilerThread0"         daemon [_thread_blocked, id=7324, stack(0x000000bfdaf00000,0x000000bfdb000000) (1024K)]
  0x000001f9d41f6710 JavaThread "Common-Cleaner"             daemon [_thread_blocked, id=17740, stack(0x000000bfdb000000,0x000000bfdb100000) (1024K)]
  0x000001f9d4647c20 JavaThread "Monitor Ctrl-Break"         daemon [_thread_in_native, id=12440, stack(0x000000bfdb100000,0x000000bfdb200000) (1024K)]
  0x000001f9d4648290 JavaThread "Notification Thread"        daemon [_thread_blocked, id=1676, stack(0x000000bfdb200000,0x000000bfdb300000) (1024K)]
  0x000001f9d4dcfe70 JavaThread "Thread-0"                          [_thread_blocked, id=21352, stack(0x000000bfdb700000,0x000000bfdb800000) (1024K)]
  0x000001f9d515f400 JavaThread "restartedMain"                     [_thread_blocked, id=18016, stack(0x000000bfdb800000,0x000000bfdb900000) (1024K)]
  0x000001f9d8784680 JavaThread "mysql-cj-abandoned-connection-cleanup" daemon [_thread_blocked, id=2344, stack(0x000000bfdb900000,0x000000bfdba00000) (1024K)]
  0x000001f9d87860c0 JavaThread "HikariPool-1 housekeeper"   daemon [_thread_blocked, id=18540, stack(0x000000bfdbb00000,0x000000bfdbc00000) (1024K)]
  0x000001f9d5f907e0 JavaThread "C2 CompilerThread1"         daemon [_thread_blocked, id=10616, stack(0x000000bfdb600000,0x000000bfdb700000) (1024K)]
  0x000001f9d509c800 JavaThread "Catalina-utility-1"                [_thread_blocked, id=20912, stack(0x000000bfdbc00000,0x000000bfdbd00000) (1024K)]
  0x000001f9d8786750 JavaThread "Catalina-utility-2"                [_thread_blocked, id=16668, stack(0x000000bfdbd00000,0x000000bfdbe00000) (1024K)]
  0x000001f9d87853a0 JavaThread "container-0"                       [_thread_blocked, id=19596, stack(0x000000bfdbe00000,0x000000bfdbf00000) (1024K)]
Total: 20

Other Threads:
=>0x000001f9f9dd3de0 VMThread "VM Thread"                           [id=17900, stack(0x000000bfda700000,0x000000bfda800000) (1024K)]
  0x000001f9f9dbec90 WatcherThread "VM Periodic Task Thread"        [id=20304, stack(0x000000bfda600000,0x000000bfda700000) (1024K)]
  0x000001f9eb6477b0 WorkerThread "GC Thread#0"                     [id=18460, stack(0x000000bfda100000,0x000000bfda200000) (1024K)]
  0x000001f9d4843cd0 WorkerThread "GC Thread#1"                     [id=20456, stack(0x000000bfdb300000,0x000000bfdb400000) (1024K)]
  0x000001f9d4844080 WorkerThread "GC Thread#2"                     [id=6980, stack(0x000000bfdb400000,0x000000bfdb500000) (1024K)]
  0x000001f9d4848440 WorkerThread "GC Thread#3"                     [id=18980, stack(0x000000bfdb500000,0x000000bfdb600000) (1024K)]
  0x000001f9eb657270 ConcurrentGCThread "G1 Main Marker"            [id=18628, stack(0x000000bfda200000,0x000000bfda300000) (1024K)]
  0x000001f9eb659ad0 WorkerThread "G1 Conc#0"                       [id=11664, stack(0x000000bfda300000,0x000000bfda400000) (1024K)]
  0x000001f9f9c928e0 ConcurrentGCThread "G1 Refine#0"               [id=12240, stack(0x000000bfda400000,0x000000bfda500000) (1024K)]
  0x000001f9f9c93110 ConcurrentGCThread "G1 Service"                [id=15964, stack(0x000000bfda500000,0x000000bfda600000) (1024K)]
Total: 10

Threads with active compile tasks:
Total: 0

VM state: at safepoint (normal execution)

VM Mutex/Monitor currently owned by a thread:  ([mutex/lock_event])
[0x00007ff8a0c64888] Threads_lock - owner thread: 0x000001f9f9dd3de0
[0x00007ff8a0c64988] Heap_lock - owner thread: 0x000001f9d515f400

Heap address: 0x0000000743a00000, size: 3014 MB, Compressed Oops mode: Zero based, Oop shift amount: 3

CDS archive(s) mapped at: [0x000001f98f000000-0x000001f98fd70000-0x000001f98fd70000), size 14090240, SharedBaseAddress: 0x000001f98f000000, ArchiveRelocationMode: 1.
Compressed class space mapped at: 0x000001f990000000-0x000001f9d0000000, reserved size: 1073741824
Narrow klass base: 0x000001f98f000000, Narrow klass shift: 0, Narrow klass range: 0x41000000

GC Precious Log:
 CardTable entry size: 512
 Card Set container configuration: InlinePtr #cards 4 size 8 Array Of Cards #cards 16 size 48 Howl #buckets 8 coarsen threshold 3686 Howl Bitmap #cards 512 size 80 coarsen threshold 460 Card regions per heap region 1 cards per card region 4096
 CPUs: 4 total, 4 available
 Memory: 12055M
 Large Page Support: Disabled
 NUMA Support: Disabled
 Compressed Oops: Enabled (Zero based)
 Heap Region Size: 2M
 Heap Min Capacity: 8M
 Heap Initial Capacity: 190M
 Heap Max Capacity: 3014M
 Pre-touch: Disabled
 Parallel Workers: 4
 Concurrent Workers: 1
 Concurrent Refinement Workers: 4
 Periodic GC: Disabled

Heap:
 garbage-first heap   total reserved 3086336K, committed 188416K, used 132920K [0x0000000743a00000, 0x0000000800000000)
  region size 2048K, 2 young (4096K), 2 survivors (4096K)
 Metaspace       used 86054K, committed 86720K, reserved 1179648K
  class space    used 11927K, committed 12224K, reserved 1048576K

Heap Regions: E=young(eden), S=young(survivor), O=old, HS=humongous(starts), HC=humongous(continues), CS=collection set, F=free, TAMS=top-at-mark-start, PB=parsable bottom
|   0|0x0000000743a00000, 0x0000000743c00000, 0x0000000743c00000|100%| O|  |TAMS 0x0000000743c00000| PB 0x0000000743a00000| Untracked |  0
|   1|0x0000000743c00000, 0x0000000743e00000, 0x0000000743e00000|100%| O|  |TAMS 0x0000000743e00000| PB 0x0000000743c00000| Untracked |  0
|   2|0x0000000743e00000, 0x0000000744000000, 0x0000000744000000|100%| O|  |TAMS 0x0000000744000000| PB 0x0000000743e00000| Untracked |  0
|   3|0x0000000744000000, 0x0000000744200000, 0x0000000744200000|100%| O|  |TAMS 0x0000000744200000| PB 0x0000000744000000| Untracked |  0
|   4|0x0000000744200000, 0x0000000744400000, 0x0000000744400000|100%| O|  |TAMS 0x0000000744400000| PB 0x0000000744200000| Untracked |  0
|   5|0x0000000744400000, 0x0000000744600000, 0x0000000744600000|100%| O|  |TAMS 0x0000000744600000| PB 0x0000000744400000| Untracked |  0
|   6|0x0000000744600000, 0x0000000744800000, 0x0000000744800000|100%| O|  |TAMS 0x0000000744800000| PB 0x0000000744600000| Untracked |  0
|   7|0x0000000744800000, 0x0000000744a00000, 0x0000000744a00000|100%| O|  |TAMS 0x0000000744a00000| PB 0x0000000744800000| Untracked |  0
|   8|0x0000000744a00000, 0x0000000744c00000, 0x0000000744c00000|100%| O|  |TAMS 0x0000000744c00000| PB 0x0000000744a00000| Untracked |  0
|   9|0x0000000744c00000, 0x0000000744e00000, 0x0000000744e00000|100%| O|  |TAMS 0x0000000744e00000| PB 0x0000000744c00000| Untracked |  0
|  10|0x0000000744e00000, 0x0000000745000000, 0x0000000745000000|100%| O|  |TAMS 0x0000000745000000| PB 0x0000000744e00000| Untracked |  0
|  11|0x0000000745000000, 0x0000000745200000, 0x0000000745200000|100%| O|  |TAMS 0x0000000745200000| PB 0x0000000745000000| Untracked |  0
|  12|0x0000000745200000, 0x0000000745400000, 0x0000000745400000|100%| O|  |TAMS 0x0000000745400000| PB 0x0000000745200000| Untracked |  0
|  13|0x0000000745400000, 0x0000000745600000, 0x0000000745600000|100%| O|  |TAMS 0x0000000745600000| PB 0x0000000745400000| Untracked |  0
|  14|0x0000000745600000, 0x0000000745800000, 0x0000000745800000|100%| O|  |TAMS 0x0000000745800000| PB 0x0000000745600000| Untracked |  0
|  15|0x0000000745800000, 0x0000000745a00000, 0x0000000745a00000|100%| O|  |TAMS 0x0000000745a00000| PB 0x0000000745800000| Untracked |  0
|  16|0x0000000745a00000, 0x0000000745c00000, 0x0000000745c00000|100%| O|  |TAMS 0x0000000745c00000| PB 0x0000000745a00000| Untracked |  0
|  17|0x0000000745c00000, 0x0000000745e00000, 0x0000000745e00000|100%| O|  |TAMS 0x0000000745e00000| PB 0x0000000745c00000| Untracked |  0
|  18|0x0000000745e00000, 0x0000000746000000, 0x0000000746000000|100%| O|  |TAMS 0x0000000746000000| PB 0x0000000745e00000| Untracked |  0
|  19|0x0000000746000000, 0x0000000746200000, 0x0000000746200000|100%| O|  |TAMS 0x0000000746200000| PB 0x0000000746000000| Untracked |  0
|  20|0x0000000746200000, 0x0000000746400000, 0x0000000746400000|100%| O|  |TAMS 0x0000000746400000| PB 0x0000000746200000| Untracked |  0
|  21|0x0000000746400000, 0x0000000746600000, 0x0000000746600000|100%| O|  |TAMS 0x0000000746600000| PB 0x0000000746400000| Untracked |  0
|  22|0x0000000746600000, 0x0000000746800000, 0x0000000746800000|100%| O|  |TAMS 0x0000000746800000| PB 0x0000000746600000| Untracked |  0
|  23|0x0000000746800000, 0x0000000746a00000, 0x0000000746a00000|100%| O|  |TAMS 0x0000000746a00000| PB 0x0000000746800000| Untracked |  0
|  24|0x0000000746a00000, 0x0000000746c00000, 0x0000000746c00000|100%| O|  |TAMS 0x0000000746c00000| PB 0x0000000746a00000| Untracked |  0
|  25|0x0000000746c00000, 0x0000000746e00000, 0x0000000746e00000|100%| O|  |TAMS 0x0000000746e00000| PB 0x0000000746c00000| Untracked |  0
|  26|0x0000000746e00000, 0x0000000747000000, 0x0000000747000000|100%| O|  |TAMS 0x0000000746e00000| PB 0x0000000746e00000| Untracked |  0
|  27|0x0000000747000000, 0x0000000747200000, 0x0000000747200000|100%| O|  |TAMS 0x0000000747200000| PB 0x0000000747000000| Untracked |  0
|  28|0x0000000747200000, 0x0000000747400000, 0x0000000747400000|100%| O|  |TAMS 0x0000000747400000| PB 0x0000000747200000| Untracked |  0
|  29|0x0000000747400000, 0x0000000747600000, 0x0000000747600000|100%| O|  |TAMS 0x0000000747600000| PB 0x0000000747400000| Untracked |  0
|  30|0x0000000747600000, 0x0000000747800000, 0x0000000747800000|100%| O|  |TAMS 0x0000000747800000| PB 0x0000000747600000| Untracked |  0
|  31|0x0000000747800000, 0x0000000747a00000, 0x0000000747a00000|100%| O|  |TAMS 0x0000000747a00000| PB 0x0000000747800000| Untracked |  0
|  32|0x0000000747a00000, 0x0000000747c00000, 0x0000000747c00000|100%| O|  |TAMS 0x0000000747c00000| PB 0x0000000747a00000| Untracked |  0
|  33|0x0000000747c00000, 0x0000000747e00000, 0x0000000747e00000|100%| O|  |TAMS 0x0000000747e00000| PB 0x0000000747c00000| Untracked |  0
|  34|0x0000000747e00000, 0x0000000748000000, 0x0000000748000000|100%| O|  |TAMS 0x0000000748000000| PB 0x0000000747e00000| Untracked |  0
|  35|0x0000000748000000, 0x0000000748200000, 0x0000000748200000|100%| O|  |TAMS 0x0000000748200000| PB 0x0000000748000000| Untracked |  0
|  36|0x0000000748200000, 0x0000000748400000, 0x0000000748400000|100%| O|  |TAMS 0x0000000748400000| PB 0x0000000748200000| Untracked |  0
|  37|0x0000000748400000, 0x0000000748600000, 0x0000000748600000|100%| O|  |TAMS 0x0000000748400000| PB 0x0000000748400000| Untracked |  0
|  38|0x0000000748600000, 0x0000000748800000, 0x0000000748800000|100%| O|  |TAMS 0x0000000748600000| PB 0x0000000748600000| Untracked |  0
|  39|0x0000000748800000, 0x0000000748a00000, 0x0000000748a00000|100%| O|  |TAMS 0x0000000748800000| PB 0x0000000748800000| Untracked |  0
|  40|0x0000000748a00000, 0x0000000748c00000, 0x0000000748c00000|100%| O|  |TAMS 0x0000000748a00000| PB 0x0000000748a00000| Untracked |  0
|  41|0x0000000748c00000, 0x0000000748e00000, 0x0000000748e00000|100%| O|  |TAMS 0x0000000748c00000| PB 0x0000000748c00000| Untracked |  0
|  42|0x0000000748e00000, 0x0000000749000000, 0x0000000749000000|100%| O|  |TAMS 0x0000000749000000| PB 0x0000000748e00000| Untracked |  0
|  43|0x0000000749000000, 0x0000000749200000, 0x0000000749200000|100%| O|  |TAMS 0x0000000749200000| PB 0x0000000749000000| Untracked |  0
|  44|0x0000000749200000, 0x0000000749400000, 0x0000000749400000|100%| O|  |TAMS 0x0000000749400000| PB 0x0000000749200000| Untracked |  0
|  45|0x0000000749400000, 0x0000000749600000, 0x0000000749600000|100%| O|  |TAMS 0x0000000749600000| PB 0x0000000749400000| Untracked |  0
|  46|0x0000000749600000, 0x0000000749800000, 0x0000000749800000|100%| O|  |TAMS 0x0000000749800000| PB 0x0000000749600000| Untracked |  0
|  47|0x0000000749800000, 0x0000000749a00000, 0x0000000749a00000|100%| O|  |TAMS 0x0000000749a00000| PB 0x0000000749800000| Untracked |  0
|  48|0x0000000749a00000, 0x0000000749c00000, 0x0000000749c00000|100%| O|  |TAMS 0x0000000749bb44c8| PB 0x0000000749a00000| Untracked |  0
|  49|0x0000000749c00000, 0x0000000749e00000, 0x0000000749e00000|100%| O|  |TAMS 0x0000000749c00000| PB 0x0000000749c00000| Untracked |  0
|  50|0x0000000749e00000, 0x000000074a000000, 0x000000074a000000|100%| O|  |TAMS 0x0000000749e00000| PB 0x0000000749e00000| Untracked |  0
|  51|0x000000074a000000, 0x000000074a200000, 0x000000074a200000|100%| O|  |TAMS 0x000000074a000000| PB 0x000000074a000000| Untracked |  0
|  52|0x000000074a200000, 0x000000074a400000, 0x000000074a400000|100%| O|  |TAMS 0x000000074a200000| PB 0x000000074a200000| Untracked |  0
|  53|0x000000074a400000, 0x000000074a600000, 0x000000074a600000|100%| O|  |TAMS 0x000000074a400000| PB 0x000000074a400000| Untracked |  0
|  54|0x000000074a600000, 0x000000074a800000, 0x000000074a800000|100%| O|  |TAMS 0x000000074a600000| PB 0x000000074a600000| Untracked |  0
|  55|0x000000074a800000, 0x000000074aa00000, 0x000000074aa00000|100%| O|  |TAMS 0x000000074a800000| PB 0x000000074a800000| Untracked |  0
|  56|0x000000074aa00000, 0x000000074ac00000, 0x000000074ac00000|100%|HS|  |TAMS 0x000000074aa00000| PB 0x000000074aa00000| Complete |  0
|  57|0x000000074ac00000, 0x000000074ae00000, 0x000000074ae00000|100%| O|  |TAMS 0x000000074ac00000| PB 0x000000074ac00000| Untracked |  0
|  58|0x000000074ae00000, 0x000000074b000000, 0x000000074b000000|100%| O|  |TAMS 0x000000074ae00000| PB 0x000000074ae00000| Untracked |  0
|  59|0x000000074b000000, 0x000000074b200000, 0x000000074b200000|100%| O|  |TAMS 0x000000074b000000| PB 0x000000074b000000| Untracked |  0
|  60|0x000000074b200000, 0x000000074b400000, 0x000000074b400000|100%| O|  |TAMS 0x000000074b200000| PB 0x000000074b200000| Untracked |  0
|  61|0x000000074b400000, 0x000000074b5ce2e8, 0x000000074b600000| 90%| O|  |TAMS 0x000000074b400000| PB 0x000000074b400000| Untracked |  0
|  62|0x000000074b600000, 0x000000074b600000, 0x000000074b800000|  0%| F|  |TAMS 0x000000074b600000| PB 0x000000074b600000| Untracked |  0
|  63|0x000000074b800000, 0x000000074b800000, 0x000000074ba00000|  0%| F|  |TAMS 0x000000074b800000| PB 0x000000074b800000| Untracked |  0
|  64|0x000000074ba00000, 0x000000074ba00000, 0x000000074bc00000|  0%| F|  |TAMS 0x000000074ba00000| PB 0x000000074ba00000| Untracked |  0
|  65|0x000000074bc00000, 0x000000074be00000, 0x000000074be00000|100%| S|CS|TAMS 0x000000074bc00000| PB 0x000000074bc00000| Complete |  0
|  66|0x000000074be00000, 0x000000074c000000, 0x000000074c000000|100%| S|CS|TAMS 0x000000074be00000| PB 0x000000074be00000| Complete |  0
|  67|0x000000074c000000, 0x000000074c000000, 0x000000074c200000|  0%| F|  |TAMS 0x000000074c000000| PB 0x000000074c000000| Untracked |  0
|  68|0x000000074c200000, 0x000000074c200000, 0x000000074c400000|  0%| F|  |TAMS 0x000000074c200000| PB 0x000000074c200000| Untracked |  0
|  69|0x000000074c400000, 0x000000074c400000, 0x000000074c600000|  0%| F|  |TAMS 0x000000074c400000| PB 0x000000074c400000| Untracked |  0
|  70|0x000000074c600000, 0x000000074c600000, 0x000000074c800000|  0%| F|  |TAMS 0x000000074c600000| PB 0x000000074c600000| Untracked |  0
|  71|0x000000074c800000, 0x000000074c800000, 0x000000074ca00000|  0%| F|  |TAMS 0x000000074c800000| PB 0x000000074c800000| Untracked |  0
|  72|0x000000074ca00000, 0x000000074ca00000, 0x000000074cc00000|  0%| F|  |TAMS 0x000000074ca00000| PB 0x000000074ca00000| Untracked |  0
|  73|0x000000074cc00000, 0x000000074cc00000, 0x000000074ce00000|  0%| F|  |TAMS 0x000000074cc00000| PB 0x000000074cc00000| Untracked |  0
|  74|0x000000074ce00000, 0x000000074ce00000, 0x000000074d000000|  0%| F|  |TAMS 0x000000074ce00000| PB 0x000000074ce00000| Untracked |  0
|  75|0x000000074d000000, 0x000000074d000000, 0x000000074d200000|  0%| F|  |TAMS 0x000000074d000000| PB 0x000000074d000000| Untracked |  0
|  76|0x000000074d200000, 0x000000074d200000, 0x000000074d400000|  0%| F|  |TAMS 0x000000074d200000| PB 0x000000074d200000| Untracked |  0
|  77|0x000000074d400000, 0x000000074d400000, 0x000000074d600000|  0%| F|  |TAMS 0x000000074d400000| PB 0x000000074d400000| Untracked |  0
|  78|0x000000074d600000, 0x000000074d600000, 0x000000074d800000|  0%| F|  |TAMS 0x000000074d600000| PB 0x000000074d600000| Untracked |  0
|  79|0x000000074d800000, 0x000000074d800000, 0x000000074da00000|  0%| F|  |TAMS 0x000000074d800000| PB 0x000000074d800000| Untracked |  0
|  80|0x000000074da00000, 0x000000074da00000, 0x000000074dc00000|  0%| F|  |TAMS 0x000000074da00000| PB 0x000000074da00000| Untracked |  0
|  81|0x000000074dc00000, 0x000000074dc00000, 0x000000074de00000|  0%| F|  |TAMS 0x000000074dc00000| PB 0x000000074dc00000| Untracked |  0
|  82|0x000000074de00000, 0x000000074de00000, 0x000000074e000000|  0%| F|  |TAMS 0x000000074de00000| PB 0x000000074de00000| Untracked |  0
|  83|0x000000074e000000, 0x000000074e000000, 0x000000074e200000|  0%| F|  |TAMS 0x000000074e000000| PB 0x000000074e000000| Untracked |  0
|  84|0x000000074e200000, 0x000000074e200000, 0x000000074e400000|  0%| F|  |TAMS 0x000000074e200000| PB 0x000000074e200000| Untracked |  0
|  85|0x000000074e400000, 0x000000074e400000, 0x000000074e600000|  0%| F|  |TAMS 0x000000074e400000| PB 0x000000074e400000| Untracked |  0
|  86|0x000000074e600000, 0x000000074e600000, 0x000000074e800000|  0%| F|  |TAMS 0x000000074e600000| PB 0x000000074e600000| Untracked |  0
|  87|0x000000074e800000, 0x000000074e800000, 0x000000074ea00000|  0%| F|  |TAMS 0x000000074e800000| PB 0x000000074e800000| Untracked |  0
|  88|0x000000074ea00000, 0x000000074ea00000, 0x000000074ec00000|  0%| F|  |TAMS 0x000000074ea00000| PB 0x000000074ea00000| Untracked |  0
|  89|0x000000074ec00000, 0x000000074ec00000, 0x000000074ee00000|  0%| F|  |TAMS 0x000000074ec00000| PB 0x000000074ec00000| Untracked |  0
|  90|0x000000074ee00000, 0x000000074ee00000, 0x000000074f000000|  0%| F|  |TAMS 0x000000074ee00000| PB 0x000000074ee00000| Untracked |  0
|1506|0x00000007ffe00000, 0x0000000800000000, 0x0000000800000000|100%| O|  |TAMS 0x0000000800000000| PB 0x00000007ffe00000| Untracked |  0

Card table byte_map: [0x000001f9f4310000,0x000001f9f4900000] _byte_map_base: 0x000001f9f08f3000

Marking Bits: (CMBitMap*) 0x000001f9eb647dd0
 Bits: [0x000001f9f4900000, 0x000001f9f7818000)

Polling page: 0x000001f9e91f0000

Metaspace:

Usage:
  Non-class:     72.39 MB used.
      Class:     11.65 MB used.
       Both:     84.04 MB used.

Virtual space:
  Non-class space:      128.00 MB reserved,      72.75 MB ( 57%) committed,  2 nodes.
      Class space:        1.00 GB reserved,      11.94 MB (  1%) committed,  1 nodes.
             Both:        1.12 GB reserved,      84.69 MB (  7%) committed. 

Chunk freelists:
   Non-Class:  6.94 MB
       Class:  4.06 MB
        Both:  11.00 MB

MaxMetaspaceSize: unlimited
CompressedClassSpaceSize: 1.00 GB
Initial GC threshold: 21.00 MB
Current GC threshold: 141.19 MB
CDS: on
 - commit_granule_bytes: 65536.
 - commit_granule_words: 8192.
 - virtual_space_node_default_size: 8388608.
 - enlarge_chunks_in_place: 1.
 - use_allocation_guard: 0.


Internal statistics:

num_allocs_failed_limit: 6.
num_arena_births: 952.
num_arena_deaths: 0.
num_vsnodes_births: 3.
num_vsnodes_deaths: 0.
num_space_committed: 1355.
num_space_uncommitted: 0.
num_chunks_returned_to_freelist: 6.
num_chunks_taken_from_freelist: 3837.
num_chunk_merges: 3.
num_chunk_splits: 2811.
num_chunks_enlarged: 2222.
num_inconsistent_stats: 0.

CodeHeap 'non-profiled nmethods': size=120064Kb used=4170Kb max_used=4303Kb free=115893Kb
 bounds [0x000001f987ac0000, 0x000001f987f00000, 0x000001f98f000000]
CodeHeap 'profiled nmethods': size=120000Kb used=11929Kb max_used=12451Kb free=108070Kb
 bounds [0x000001f980000000, 0x000001f980c30000, 0x000001f987530000]
CodeHeap 'non-nmethods': size=5696Kb used=1953Kb max_used=2004Kb free=3742Kb
 bounds [0x000001f987530000, 0x000001f9877a0000, 0x000001f987ac0000]
CodeCache: size=245760Kb, used=18052Kb, max_used=18758Kb, free=227705Kb
 total_blobs=8782, nmethods=7987, adapters=699, full_count=0
Compilation: enabled, stopped_count=0, restarted_count=0

Compilation events (20 events):
Event: 20.560 Thread 0x000001f9f9e2f290 9557       3       org.antlr.v4.runtime.Lexer::getCharIndex (10 bytes)
Event: 20.560 Thread 0x000001f9f9e2f290 nmethod 9557 0x000001f980470908 code [0x000001f980470a20, 0x000001f980470c10]
Event: 20.560 Thread 0x000001f9f9e2f290 9558       3       org.antlr.v4.runtime.atn.LexerATNSimulator$SimState::reset (21 bytes)
Event: 20.560 Thread 0x000001f9f9e2f290 nmethod 9558 0x000001f98031e508 code [0x000001f98031e620, 0x000001f98031e770]
Event: 20.560 Thread 0x000001f9f9e2f290 9559       3       org.antlr.v4.runtime.atn.LexerATNSimulator::execATN (131 bytes)
Event: 20.561 Thread 0x000001f9f9e2f290 nmethod 9559 0x000001f980a52388 code [0x000001f980a52560, 0x000001f980a52fb8]
Event: 20.562 Thread 0x000001f9f9e2f290 9560       3       org.antlr.v4.runtime.atn.LexerATNSimulator::accept (42 bytes)
Event: 20.562 Thread 0x000001f9f9e2f290 nmethod 9560 0x000001f980276708 code [0x000001f980276840, 0x000001f980276af8]
Event: 20.562 Thread 0x000001f9f9e2f290 9561       1       org.antlr.v4.runtime.atn.LexerSkipAction::isPositionDependent (2 bytes)
Event: 20.562 Thread 0x000001f9f9e2f290 nmethod 9561 0x000001f987e86b88 code [0x000001f987e86ca0, 0x000001f987e86d68]
Event: 20.562 Thread 0x000001f9f9e2f290 9562       3       org.antlr.v4.runtime.BufferedTokenStream::fetch (89 bytes)
Event: 20.563 Thread 0x000001f9f9e2f290 nmethod 9562 0x000001f980a20988 code [0x000001f980a20b20, 0x000001f980a21328]
Event: 20.581 Thread 0x000001f9f9e2dac0 nmethod 9548 0x000001f987c04788 code [0x000001f987c04920, 0x000001f987c055b0]
Event: 20.581 Thread 0x000001f9f9e2dac0 9550       4       org.antlr.v4.runtime.atn.LexerATNSimulator::getEpsilonTarget (288 bytes)
Event: 20.598 Thread 0x000001f9f9e2dac0 nmethod 9550 0x000001f987ea0b88 code [0x000001f987ea0d60, 0x000001f987ea19c0]
Event: 20.603 Thread 0x000001f9f9e2f290 9563       3       org.antlr.v4.runtime.misc.FlexibleHashMap::<init> (60 bytes)
Event: 20.603 Thread 0x000001f9f9e2f290 nmethod 9563 0x000001f980bdf788 code [0x000001f980bdf900, 0x000001f980bdfd28]
Event: 20.604 Thread 0x000001f9f9e2dac0 9564       4       org.antlr.v4.runtime.atn.PredictionContextCache::add (45 bytes)
Event: 20.653 Thread 0x000001f9f9e2dac0 nmethod 9564 0x000001f987e9c508 code [0x000001f987e9c6e0, 0x000001f987e9d388]
Event: 20.706 Thread 0x000001f9d5f907e0 nmethod 9549 0x000001f987dc2408 code [0x000001f987dc2820, 0x000001f987dc58e8]

GC Heap History (20 events):
Event: 18.529 GC heap after
{Heap after GC invocations=28 (full 0):
 garbage-first heap   total reserved 3086336K, committed 83968K, used 43488K [0x0000000743a00000, 0x0000000800000000)
  region size 2048K, 2 young (4096K), 2 survivors (4096K)
 Metaspace       used 82465K, committed 83136K, reserved 1179648K
  class space    used 11298K, committed 11584K, reserved 1048576K
}
Event: 19.043 GC heap before
{Heap before GC invocations=28 (full 0):
 garbage-first heap   total reserved 3086336K, committed 83968K, used 72160K [0x0000000743a00000, 0x0000000800000000)
  region size 2048K, 16 young (32768K), 2 survivors (4096K)
 Metaspace       used 84244K, committed 84928K, reserved 1179648K
  class space    used 11675K, committed 11968K, reserved 1048576K
}
Event: 19.050 GC heap after
{Heap after GC invocations=29 (full 0):
 garbage-first heap   total reserved 3086336K, committed 83968K, used 44253K [0x0000000743a00000, 0x0000000800000000)
  region size 2048K, 1 young (2048K), 1 survivors (2048K)
 Metaspace       used 84244K, committed 84928K, reserved 1179648K
  class space    used 11675K, committed 11968K, reserved 1048576K
}
Event: 19.244 GC heap before
{Heap before GC invocations=30 (full 0):
 garbage-first heap   total reserved 3086336K, committed 83968K, used 74973K [0x0000000743a00000, 0x0000000800000000)
  region size 2048K, 16 young (32768K), 1 survivors (2048K)
 Metaspace       used 84261K, committed 84992K, reserved 1179648K
  class space    used 11675K, committed 11968K, reserved 1048576K
}
Event: 19.252 GC heap after
{Heap after GC invocations=31 (full 0):
 garbage-first heap   total reserved 3086336K, committed 83968K, used 48271K [0x0000000743a00000, 0x0000000800000000)
  region size 2048K, 2 young (4096K), 2 survivors (4096K)
 Metaspace       used 84261K, committed 84992K, reserved 1179648K
  class space    used 11675K, committed 11968K, reserved 1048576K
}
Event: 19.907 GC heap before
{Heap before GC invocations=31 (full 0):
 garbage-first heap   total reserved 3086336K, committed 83968K, used 72847K [0x0000000743a00000, 0x0000000800000000)
  region size 2048K, 14 young (28672K), 2 survivors (4096K)
 Metaspace       used 86002K, committed 86720K, reserved 1179648K
  class space    used 11924K, committed 12224K, reserved 1048576K
}
Event: 19.915 GC heap after
{Heap after GC invocations=32 (full 0):
 garbage-first heap   total reserved 3086336K, committed 83968K, used 49564K [0x0000000743a00000, 0x0000000800000000)
  region size 2048K, 1 young (2048K), 1 survivors (2048K)
 Metaspace       used 86002K, committed 86720K, reserved 1179648K
  class space    used 11924K, committed 12224K, reserved 1048576K
}
Event: 20.043 GC heap before
{Heap before GC invocations=32 (full 0):
 garbage-first heap   total reserved 3086336K, committed 83968K, used 74140K [0x0000000743a00000, 0x0000000800000000)
  region size 2048K, 13 young (26624K), 1 survivors (2048K)
 Metaspace       used 86010K, committed 86720K, reserved 1179648K
  class space    used 11924K, committed 12224K, reserved 1048576K
}
Event: 20.058 GC heap after
{Heap after GC invocations=33 (full 0):
 garbage-first heap   total reserved 3086336K, committed 86016K, used 58978K [0x0000000743a00000, 0x0000000800000000)
  region size 2048K, 2 young (4096K), 2 survivors (4096K)
 Metaspace       used 86010K, committed 86720K, reserved 1179648K
  class space    used 11924K, committed 12224K, reserved 1048576K
}
Event: 20.195 GC heap before
{Heap before GC invocations=34 (full 0):
 garbage-first heap   total reserved 3086336K, committed 100352K, used 75362K [0x0000000743a00000, 0x0000000800000000)
  region size 2048K, 10 young (20480K), 2 survivors (4096K)
 Metaspace       used 86012K, committed 86720K, reserved 1179648K
  class space    used 11924K, committed 12224K, reserved 1048576K
}
Event: 20.207 GC heap after
{Heap after GC invocations=35 (full 0):
 garbage-first heap   total reserved 3086336K, committed 155648K, used 64933K [0x0000000743a00000, 0x0000000800000000)
  region size 2048K, 2 young (4096K), 2 survivors (4096K)
 Metaspace       used 86012K, committed 86720K, reserved 1179648K
  class space    used 11924K, committed 12224K, reserved 1048576K
}
Event: 20.472 GC heap before
{Heap before GC invocations=35 (full 0):
 garbage-first heap   total reserved 3086336K, committed 155648K, used 126373K [0x0000000743a00000, 0x0000000800000000)
  region size 2048K, 33 young (67584K), 2 survivors (4096K)
 Metaspace       used 86040K, committed 86720K, reserved 1179648K
  class space    used 11927K, committed 12224K, reserved 1048576K
}
Event: 20.491 GC heap after
{Heap after GC invocations=36 (full 0):
 garbage-first heap   total reserved 3086336K, committed 155648K, used 79237K [0x0000000743a00000, 0x0000000800000000)
  region size 2048K, 5 young (10240K), 5 survivors (10240K)
 Metaspace       used 86040K, committed 86720K, reserved 1179648K
  class space    used 11927K, committed 12224K, reserved 1048576K
}
Event: 20.620 GC heap before
{Heap before GC invocations=36 (full 0):
 garbage-first heap   total reserved 3086336K, committed 155648K, used 124293K [0x0000000743a00000, 0x0000000800000000)
  region size 2048K, 27 young (55296K), 5 survivors (10240K)
 Metaspace       used 86054K, committed 86720K, reserved 1179648K
  class space    used 11927K, committed 12224K, reserved 1048576K
}
Event: 20.649 GC heap after
{Heap after GC invocations=37 (full 0):
 garbage-first heap   total reserved 3086336K, committed 155648K, used 98001K [0x0000000743a00000, 0x0000000800000000)
  region size 2048K, 4 young (8192K), 4 survivors (8192K)
 Metaspace       used 86054K, committed 86720K, reserved 1179648K
  class space    used 11927K, committed 12224K, reserved 1048576K
}
Event: 20.726 GC heap before
{Heap before GC invocations=37 (full 0):
 garbage-first heap   total reserved 3086336K, committed 155648K, used 130769K [0x0000000743a00000, 0x0000000800000000)
  region size 2048K, 20 young (40960K), 4 survivors (8192K)
 Metaspace       used 86054K, committed 86720K, reserved 1179648K
  class space    used 11927K, committed 12224K, reserved 1048576K
}
Event: 20.747 GC heap after
{Heap after GC invocations=38 (full 0):
 garbage-first heap   total reserved 3086336K, committed 155648K, used 112271K [0x0000000743a00000, 0x0000000800000000)
  region size 2048K, 3 young (6144K), 3 survivors (6144K)
 Metaspace       used 86054K, committed 86720K, reserved 1179648K
  class space    used 11927K, committed 12224K, reserved 1048576K
}
Event: 20.802 GC heap before
{Heap before GC invocations=38 (full 0):
 garbage-first heap   total reserved 3086336K, committed 155648K, used 134799K [0x0000000743a00000, 0x0000000800000000)
  region size 2048K, 14 young (28672K), 3 survivors (6144K)
 Metaspace       used 86054K, committed 86720K, reserved 1179648K
  class space    used 11927K, committed 12224K, reserved 1048576K
}
Event: 20.819 GC heap after
{Heap after GC invocations=39 (full 0):
 garbage-first heap   total reserved 3086336K, committed 155648K, used 122880K [0x0000000743a00000, 0x0000000800000000)
  region size 2048K, 2 young (4096K), 2 survivors (4096K)
 Metaspace       used 86054K, committed 86720K, reserved 1179648K
  class space    used 11927K, committed 12224K, reserved 1048576K
}
Event: 20.869 GC heap before
{Heap before GC invocations=39 (full 0):
 garbage-first heap   total reserved 3086336K, committed 155648K, used 141312K [0x0000000743a00000, 0x0000000800000000)
  region size 2048K, 10 young (20480K), 2 survivors (4096K)
 Metaspace       used 86054K, committed 86720K, reserved 1179648K
  class space    used 11927K, committed 12224K, reserved 1048576K
}

Dll operation events (14 events):
Event: 0.031 Loaded shared library C:\Program Files\Java\jdk-23\bin\java.dll
Event: 0.078 Loaded shared library C:\Program Files\Java\jdk-23\bin\jsvml.dll
Event: 0.386 Loaded shared library C:\Program Files\Java\jdk-23\bin\zip.dll
Event: 0.392 Loaded shared library C:\Program Files\Java\jdk-23\bin\instrument.dll
Event: 0.402 Loaded shared library C:\Program Files\Java\jdk-23\bin\net.dll
Event: 0.406 Loaded shared library C:\Program Files\Java\jdk-23\bin\nio.dll
Event: 0.412 Loaded shared library C:\Program Files\Java\jdk-23\bin\zip.dll
Event: 0.844 Loaded shared library C:\Program Files\JetBrains\IntelliJ IDEA Community Edition 2024.2.2\bin\breakgen64.dll
Event: 0.861 Loaded shared library C:\Program Files\Java\jdk-23\bin\extnet.dll
Event: 1.020 Loaded shared library C:\Program Files\Java\jdk-23\bin\jimage.dll
Event: 1.646 Loaded shared library C:\Program Files\Java\jdk-23\bin\management.dll
Event: 1.651 Loaded shared library C:\Program Files\Java\jdk-23\bin\management_ext.dll
Event: 4.297 Loaded shared library C:\Program Files\Java\jdk-23\bin\sunmscapi.dll
Event: 13.466 Loaded shared library C:\Program Files\Java\jdk-23\bin\verify.dll

Deoptimization events (20 events):
Event: 20.302 Thread 0x000001f9d515f400 Uncommon trap: trap_request=0xffffff45 fr.pc=0x000001f987eb9028 relative=0x0000000000001dc8
Event: 20.302 Thread 0x000001f9d515f400 Uncommon trap: reason=unstable_if action=reinterpret pc=0x000001f987eb9028 method=org.antlr.v4.runtime.atn.PredictionContext.mergeSingletons(Lorg/antlr/v4/runtime/atn/SingletonPredictionContext;Lorg/antlr/v4/runtime/atn/SingletonPredictionContext;ZLorg/an
Event: 20.302 Thread 0x000001f9d515f400 DEOPT PACKING pc=0x000001f987eb9028 sp=0x000000bfdb8f99f0
Event: 20.302 Thread 0x000001f9d515f400 DEOPT UNPACKING pc=0x000001f987587982 sp=0x000000bfdb8f99b0 mode 2
Event: 20.302 Thread 0x000001f9d515f400 Uncommon trap: trap_request=0xffffffde fr.pc=0x000001f987eb4420 relative=0x00000000000008c0
Event: 20.302 Thread 0x000001f9d515f400 Uncommon trap: reason=class_check action=maybe_recompile pc=0x000001f987eb4420 method=org.antlr.v4.runtime.atn.SingletonPredictionContext.equals(Ljava/lang/Object;)Z @ 8 c2
Event: 20.302 Thread 0x000001f9d515f400 DEOPT PACKING pc=0x000001f987eb4420 sp=0x000000bfdb8f96a0
Event: 20.302 Thread 0x000001f9d515f400 DEOPT UNPACKING pc=0x000001f987587982 sp=0x000000bfdb8f9630 mode 2
Event: 20.364 Thread 0x000001f9d515f400 Uncommon trap: trap_request=0xffffffde fr.pc=0x000001f987eeefc4 relative=0x0000000000001784
Event: 20.364 Thread 0x000001f9d515f400 Uncommon trap: reason=class_check action=maybe_recompile pc=0x000001f987eeefc4 method=org.antlr.v4.runtime.atn.SingletonPredictionContext.equals(Ljava/lang/Object;)Z @ 8 c2
Event: 20.364 Thread 0x000001f9d515f400 DEOPT PACKING pc=0x000001f987eeefc4 sp=0x000000bfdb8f9f20
Event: 20.364 Thread 0x000001f9d515f400 DEOPT UNPACKING pc=0x000001f987587982 sp=0x000000bfdb8f9d68 mode 2
Event: 20.500 Thread 0x000001f9d515f400 DEOPT PACKING pc=0x000001f980c0a5bb sp=0x000000bfdb8fb340
Event: 20.500 Thread 0x000001f9d515f400 DEOPT UNPACKING pc=0x000001f9875884c2 sp=0x000000bfdb8fa828 mode 0
Event: 20.551 Thread 0x000001f9d515f400 DEOPT PACKING pc=0x000001f980c2cf6a sp=0x000000bfdb8fb330
Event: 20.551 Thread 0x000001f9d515f400 DEOPT UNPACKING pc=0x000001f9875884c2 sp=0x000000bfdb8fa868 mode 0
Event: 20.551 Thread 0x000001f9d515f400 DEOPT PACKING pc=0x000001f980c13897 sp=0x000000bfdb8fb3f0
Event: 20.551 Thread 0x000001f9d515f400 DEOPT UNPACKING pc=0x000001f9875884c2 sp=0x000000bfdb8fa988 mode 0
Event: 20.605 Thread 0x000001f9d515f400 DEOPT PACKING pc=0x000001f980c13897 sp=0x000000bfdb8fb130
Event: 20.605 Thread 0x000001f9d515f400 DEOPT UNPACKING pc=0x000001f9875884c2 sp=0x000000bfdb8fa6c8 mode 0

Classes loaded (20 events):
Event: 17.734 Loading class java/lang/invoke/SerializedLambda
Event: 17.735 Loading class java/lang/invoke/SerializedLambda done
Event: 17.767 Loading class java/util/WeakHashMap$KeyIterator
Event: 17.767 Loading class java/util/WeakHashMap$HashIterator
Event: 17.767 Loading class java/util/WeakHashMap$HashIterator done
Event: 17.767 Loading class java/util/WeakHashMap$KeyIterator done
Event: 17.768 Loading class java/util/WeakHashMap$EntrySet
Event: 17.768 Loading class java/util/WeakHashMap$EntrySet done
Event: 17.768 Loading class java/util/WeakHashMap$EntryIterator
Event: 17.768 Loading class java/util/WeakHashMap$EntryIterator done
Event: 17.905 Loading class java/util/EmptyStackException
Event: 17.905 Loading class java/util/EmptyStackException done
Event: 18.103 Loading class java/io/InvalidClassException
Event: 18.103 Loading class java/io/InvalidClassException done
Event: 19.834 Loading class sun/reflect/ReflectionFactory
Event: 19.834 Loading class sun/reflect/ReflectionFactory done
Event: 19.834 Loading class sun/reflect/ReflectionFactory$1
Event: 19.835 Loading class sun/reflect/ReflectionFactory$1 done
Event: 19.835 Loading class java/io/OptionalDataException
Event: 19.835 Loading class java/io/OptionalDataException done

Classes unloaded (0 events):
No events

Classes redefined (0 events):
No events

Internal exceptions (20 events):
Event: 16.669 Thread 0x000001f9d515f400 Exception <a 'java/lang/NoSuchMethodError'{0x00000007475e8e80}: 'java.lang.Object java.lang.invoke.DirectMethodHandle$Holder.newInvokeSpecial(java.lang.Object, java.lang.Object, java.lang.Object, java.lang.Object, java.lang.Object, java.lang.Object, java.lang.Object, int)'> (0x00000007475e8e80) 
thrown [s\open\src\hotspot\share\interpreter\linkResolver.cpp, line 796]
Event: 16.669 Thread 0x000001f9d515f400 Exception <a 'java/lang/NoSuchMethodError'{0x00000007475edc00}: 'java.lang.Object java.lang.invoke.DirectMethodHandle$Holder.invokeSpecial(java.lang.Object, java.lang.Object, java.lang.Object, java.lang.Object, java.lang.Object, java.lang.Object, java.lang.Object, java.lang.Object, int)'> (0x00000007475edc00) 
thrown [s\open\src\hotspot\share\interpreter\linkResolver.cpp, line 796]
Event: 16.669 Thread 0x000001f9d515f400 Exception <a 'java/lang/NoSuchMethodError'{0x00000007475f23f8}: 'java.lang.Object java.lang.invoke.Invokers$Holder.linkToTargetMethod(java.lang.Object, java.lang.Object, java.lang.Object, java.lang.Object, java.lang.Object, java.lang.Object, int, java.lang.Object)'> (0x00000007475f23f8) 
thrown [s\open\src\hotspot\share\interpreter\linkResolver.cpp, line 796]
Event: 16.707 Thread 0x000001f9d515f400 Exception <a 'java/lang/NoSuchMethodError'{0x00000007472f8da8}: 'java.lang.Object java.lang.invoke.DirectMethodHandle$Holder.newInvokeSpecial(java.lang.Object, java.lang.Object, int, java.lang.Object, int, java.lang.Object, java.lang.Object)'> (0x00000007472f8da8) 
thrown [s\open\src\hotspot\share\interpreter\linkResolver.cpp, line 796]
Event: 16.729 Thread 0x000001f9d515f400 Exception <a 'java/lang/NoSuchMethodError'{0x000000074738d360}: 'void java.lang.invoke.DirectMethodHandle$Holder.invokeInterface(java.lang.Object, java.lang.Object)'> (0x000000074738d360) 
thrown [s\open\src\hotspot\share\interpreter\linkResolver.cpp, line 796]
Event: 16.904 Thread 0x000001f9d515f400 Exception <a 'java/lang/NoSuchMethodError'{0x0000000746a11710}: 'java.lang.Object java.lang.invoke.DirectMethodHandle$Holder.invokeSpecial(java.lang.Object, java.lang.Object, int, java.lang.Object, int)'> (0x0000000746a11710) 
thrown [s\open\src\hotspot\share\interpreter\linkResolver.cpp, line 796]
Event: 17.086 Thread 0x000001f9d515f400 Implicit null exception at 0x000001f987ca166c to 0x000001f987ca34d0
Event: 17.095 Thread 0x000001f9d515f400 Exception <a 'java/lang/IncompatibleClassChangeError'{0x000000074eef4880}: Found class java.lang.Object, but interface was expected> (0x000000074eef4880) 
thrown [s\open\src\hotspot\share\interpreter\linkResolver.cpp, line 863]
Event: 17.130 Thread 0x000001f9d515f400 Implicit null exception at 0x000001f987bd2ff3 to 0x000001f987bd325c
Event: 17.155 Thread 0x000001f9d515f400 Exception <a 'java/lang/IncompatibleClassChangeError'{0x000000074ecf3180}: Found class java.lang.Object, but interface was expected> (0x000000074ecf3180) 
thrown [s\open\src\hotspot\share\interpreter\linkResolver.cpp, line 863]
Event: 17.380 Thread 0x000001f9d515f400 Exception <a 'java/lang/IncompatibleClassChangeError'{0x00000007482b2110}: Found class java.lang.Object, but interface was expected> (0x00000007482b2110) 
thrown [s\open\src\hotspot\share\interpreter\linkResolver.cpp, line 863]
Event: 17.484 Thread 0x000001f9d515f400 Exception <a 'java/lang/IncompatibleClassChangeError'{0x000000074814c290}: Found class java.lang.Object, but interface was expected> (0x000000074814c290) 
thrown [s\open\src\hotspot\share\interpreter\linkResolver.cpp, line 863]
Event: 17.484 Thread 0x000001f9d515f400 Exception <a 'java/lang/IncompatibleClassChangeError'{0x0000000748151b50}: Found class java.lang.Object, but interface was expected> (0x0000000748151b50) 
thrown [s\open\src\hotspot\share\interpreter\linkResolver.cpp, line 863]
Event: 17.545 Thread 0x000001f9d515f400 Exception <a 'java/lang/NoSuchMethodError'{0x0000000747ee7030}: 'java.lang.Object java.lang.invoke.DirectMethodHandle$Holder.invokeStatic(java.lang.Object, int, java.lang.Object)'> (0x0000000747ee7030) 
thrown [s\open\src\hotspot\share\interpreter\linkResolver.cpp, line 796]
Event: 17.587 Thread 0x000001f9d515f400 Exception <a 'java/lang/NoSuchMethodError'{0x0000000747df1b68}: 'void java.lang.invoke.Invokers$Holder.invokeExact_MT(java.lang.Object, java.lang.Object, java.lang.Object, java.lang.Object)'> (0x0000000747df1b68) 
thrown [s\open\src\hotspot\share\interpreter\linkResolver.cpp, line 796]
Event: 17.661 Thread 0x000001f9d515f400 Exception <a 'java/lang/NoSuchMethodError'{0x00000007478bf5e0}: 'long java.lang.invoke.DirectMethodHandle$Holder.invokeVirtual(java.lang.Object, java.lang.Object)'> (0x00000007478bf5e0) 
thrown [s\open\src\hotspot\share\interpreter\linkResolver.cpp, line 796]
Event: 17.668 Thread 0x000001f9d515f400 Exception <a 'java/io/FileNotFoundException'{0x00000007478e7310}> (0x00000007478e7310) 
thrown [s\open\src\hotspot\share\prims\jni.cpp, line 520]
Event: 19.748 Thread 0x000001f9d515f400 Exception <a 'java/io/FileNotFoundException'{0x000000074797cc58}> (0x000000074797cc58) 
thrown [s\open\src\hotspot\share\prims\jni.cpp, line 520]
Event: 19.749 Thread 0x000001f9d515f400 Exception <a 'java/io/FileNotFoundException'{0x0000000747987460}> (0x0000000747987460) 
thrown [s\open\src\hotspot\share\prims\jni.cpp, line 520]
Event: 19.802 Thread 0x000001f9d515f400 Exception <a 'java/lang/NoSuchMethodError'{0x00000007476c4d40}: 'int java.lang.invoke.DirectMethodHandle$Holder.invokeStaticInit(java.lang.Object, int, java.lang.Object, java.lang.Object, java.lang.Object, java.lang.Object)'> (0x00000007476c4d40) 
thrown [s\open\src\hotspot\share\interpreter\linkResolver.cpp, line 796]

VM Operations (20 events):
Event: 19.797 Executing VM operation: HandshakeAllThreads (Deoptimize) done
Event: 19.907 Executing VM operation: G1CollectForAllocation (G1 Evacuation Pause)
Event: 19.915 Executing VM operation: G1CollectForAllocation (G1 Evacuation Pause) done
Event: 20.043 Executing VM operation: G1CollectForAllocation (G1 Evacuation Pause)
Event: 20.058 Executing VM operation: G1CollectForAllocation (G1 Evacuation Pause) done
Event: 20.179 Executing VM operation: G1PauseRemark
Event: 20.187 Executing VM operation: G1PauseRemark done
Event: 20.195 Executing VM operation: G1CollectForAllocation (G1 Evacuation Pause)
Event: 20.207 Executing VM operation: G1CollectForAllocation (G1 Evacuation Pause) done
Event: 20.239 Executing VM operation: G1PauseCleanup
Event: 20.239 Executing VM operation: G1PauseCleanup done
Event: 20.472 Executing VM operation: G1CollectForAllocation (G1 Evacuation Pause)
Event: 20.491 Executing VM operation: G1CollectForAllocation (G1 Evacuation Pause) done
Event: 20.620 Executing VM operation: G1CollectForAllocation (G1 Evacuation Pause)
Event: 20.649 Executing VM operation: G1CollectForAllocation (G1 Evacuation Pause) done
Event: 20.726 Executing VM operation: G1CollectForAllocation (G1 Evacuation Pause)
Event: 20.747 Executing VM operation: G1CollectForAllocation (G1 Evacuation Pause) done
Event: 20.802 Executing VM operation: G1CollectForAllocation (G1 Evacuation Pause)
Event: 20.819 Executing VM operation: G1CollectForAllocation (G1 Evacuation Pause) done
Event: 20.869 Executing VM operation: G1CollectForAllocation (G1 Evacuation Pause)

Memory protections (0 events):
No events

Nmethod flushes (20 events):
Event: 20.186 Thread 0x000001f9f9dd3de0 flushing  nmethod 0x000001f980bba188
Event: 20.186 Thread 0x000001f9f9dd3de0 flushing  nmethod 0x000001f980bbe208
Event: 20.186 Thread 0x000001f9f9dd3de0 flushing  nmethod 0x000001f980bbe508
Event: 20.186 Thread 0x000001f9f9dd3de0 flushing  nmethod 0x000001f980bd4d08
Event: 20.186 Thread 0x000001f9f9dd3de0 flushing  nmethod 0x000001f980bd5088
Event: 20.186 Thread 0x000001f9f9dd3de0 flushing  nmethod 0x000001f980bd5508
Event: 20.186 Thread 0x000001f9f9dd3de0 flushing  nmethod 0x000001f980bd6788
Event: 20.186 Thread 0x000001f9f9dd3de0 flushing  nmethod 0x000001f980bda808
Event: 20.186 Thread 0x000001f9f9dd3de0 flushing  nmethod 0x000001f980bdbb08
Event: 20.186 Thread 0x000001f9f9dd3de0 flushing  nmethod 0x000001f980bdbe08
Event: 20.186 Thread 0x000001f9f9dd3de0 flushing  nmethod 0x000001f980bdcd88
Event: 20.186 Thread 0x000001f9f9dd3de0 flushing  nmethod 0x000001f980bdee08
Event: 20.186 Thread 0x000001f9f9dd3de0 flushing  nmethod 0x000001f980be2d88
Event: 20.186 Thread 0x000001f9f9dd3de0 flushing  nmethod 0x000001f980be3208
Event: 20.186 Thread 0x000001f9f9dd3de0 flushing  nmethod 0x000001f980be3f88
Event: 20.186 Thread 0x000001f9f9dd3de0 flushing  nmethod 0x000001f980be4288
Event: 20.186 Thread 0x000001f9f9dd3de0 flushing  nmethod 0x000001f980be4608
Event: 20.186 Thread 0x000001f9f9dd3de0 flushing  nmethod 0x000001f980be4a88
Event: 20.186 Thread 0x000001f9f9dd3de0 flushing  nmethod 0x000001f980be5108
Event: 20.186 Thread 0x000001f9f9dd3de0 flushing  nmethod 0x000001f980be7788

Events (20 events):
Event: 0.845 Thread 0x000001f9e9249470 Thread added: 0x000001f9d4647c20
Event: 0.845 Thread 0x000001f9e9249470 Thread added: 0x000001f9d4648290
Event: 1.097 Thread 0x000001f9f9e2dac0 Thread added: 0x000001f9d48ccd60
Event: 1.828 Thread 0x000001f9e9249470 Thread added: 0x000001f9d4dcfe70
Event: 1.838 Thread 0x000001f9d4dcfe70 Thread added: 0x000001f9d515f400
Event: 2.688 Thread 0x000001f9d515f400 Thread added: 0x000001f9d50c9f10
Event: 4.305 Thread 0x000001f9d50c9f10 Thread exited: 0x000001f9d50c9f10
Event: 4.468 Thread 0x000001f9d48ccd60 Thread exited: 0x000001f9d48ccd60
Event: 4.497 Thread 0x000001f9f9e2f290 Thread added: 0x000001f9d48cbfc0
Event: 4.876 Thread 0x000001f9d515f400 Thread added: 0x000001f9d596edb0
Event: 5.027 Thread 0x000001f9d596edb0 Thread exited: 0x000001f9d596edb0
Event: 10.014 Thread 0x000001f9d515f400 Thread added: 0x000001f9d8784680
Event: 10.873 Thread 0x000001f9d515f400 Thread added: 0x000001f9d87860c0
Event: 10.993 Thread 0x000001f9d87860c0 Thread added: 0x000001f9d8786750
Event: 15.357 Thread 0x000001f9d48cbfc0 Thread exited: 0x000001f9d48cbfc0
Event: 15.774 Thread 0x000001f9f9e2dac0 Thread added: 0x000001f9d5f907e0
Event: 16.641 Thread 0x000001f9d8786750 Thread exited: 0x000001f9d8786750
Event: 17.680 Thread 0x000001f9d515f400 Thread added: 0x000001f9d509c800
Event: 17.681 Thread 0x000001f9d509c800 Thread added: 0x000001f9d8786750
Event: 17.689 Thread 0x000001f9d515f400 Thread added: 0x000001f9d87853a0


Dynamic libraries:
0x00007ff736dc0000 - 0x00007ff736dd0000 	C:\Program Files\Java\jdk-23\bin\java.exe
0x00007ff8f7a80000 - 0x00007ff8f7ce3000 	C:\WINDOWS\SYSTEM32\ntdll.dll
0x00007ff8f6840000 - 0x00007ff8f6907000 	C:\WINDOWS\System32\KERNEL32.DLL
0x00007ff8f5030000 - 0x00007ff8f53f9000 	C:\WINDOWS\System32\KERNELBASE.dll
0x00007ff8f5750000 - 0x00007ff8f589c000 	C:\WINDOWS\System32\ucrtbase.dll
0x00007ff8ef6e0000 - 0x00007ff8ef6f7000 	C:\Program Files\Java\jdk-23\bin\jli.dll
0x00007ff8f7140000 - 0x00007ff8f730a000 	C:\WINDOWS\System32\USER32.dll
0x00007ff8f5000000 - 0x00007ff8f5027000 	C:\WINDOWS\System32\win32u.dll
0x00007ff8f7610000 - 0x00007ff8f763a000 	C:\WINDOWS\System32\GDI32.dll
0x00007ff8f5610000 - 0x00007ff8f5741000 	C:\WINDOWS\System32\gdi32full.dll
0x00007ff8f4eb0000 - 0x00007ff8f4f53000 	C:\WINDOWS\System32\msvcp_win.dll
0x00007ff8ef700000 - 0x00007ff8ef71b000 	C:\Program Files\Java\jdk-23\bin\VCRUNTIME140.dll
0x00007ff8dd750000 - 0x00007ff8dd9e0000 	C:\WINDOWS\WinSxS\amd64_microsoft.windows.common-controls_6595b64144ccf1df_6.0.26100.3323_none_3e088096e3344490\COMCTL32.dll
0x00007ff8f6ef0000 - 0x00007ff8f6f99000 	C:\WINDOWS\System32\msvcrt.dll
0x00007ff8f7390000 - 0x00007ff8f73bf000 	C:\WINDOWS\System32\IMM32.DLL
0x00007ff8efda0000 - 0x00007ff8efdac000 	C:\Program Files\Java\jdk-23\bin\vcruntime140_1.dll
0x00007ff8c5370000 - 0x00007ff8c53fe000 	C:\Program Files\Java\jdk-23\bin\msvcp140.dll
0x00007ff89fff0000 - 0x00007ff8a0d40000 	C:\Program Files\Java\jdk-23\bin\server\jvm.dll
0x00007ff8f6dc0000 - 0x00007ff8f6e72000 	C:\WINDOWS\System32\ADVAPI32.dll
0x00007ff8f73d0000 - 0x00007ff8f7476000 	C:\WINDOWS\System32\sechost.dll
0x00007ff8f6ca0000 - 0x00007ff8f6db6000 	C:\WINDOWS\System32\RPCRT4.dll
0x00007ff8f6bf0000 - 0x00007ff8f6c64000 	C:\WINDOWS\System32\WS2_32.dll
0x00007ff8f4b30000 - 0x00007ff8f4b7e000 	C:\WINDOWS\SYSTEM32\POWRPROF.dll
0x00007ff8d5200000 - 0x00007ff8d5236000 	C:\WINDOWS\SYSTEM32\WINMM.dll
0x00007ff8ed270000 - 0x00007ff8ed27b000 	C:\WINDOWS\SYSTEM32\VERSION.dll
0x00007ff8f4af0000 - 0x00007ff8f4b04000 	C:\WINDOWS\SYSTEM32\UMPDC.dll
0x00007ff8f3a80000 - 0x00007ff8f3a9a000 	C:\WINDOWS\SYSTEM32\kernel.appcore.dll
0x00007ff8ef820000 - 0x00007ff8ef82a000 	C:\Program Files\Java\jdk-23\bin\jimage.dll
0x00007ff8f23e0000 - 0x00007ff8f2621000 	C:\WINDOWS\SYSTEM32\DBGHELP.DLL
0x00007ff8f64b0000 - 0x00007ff8f6832000 	C:\WINDOWS\System32\combase.dll
0x00007ff8f7480000 - 0x00007ff8f7556000 	C:\WINDOWS\System32\OLEAUT32.dll
0x00007ff8d5100000 - 0x00007ff8d5139000 	C:\WINDOWS\SYSTEM32\dbgcore.DLL
0x00007ff8f4f60000 - 0x00007ff8f4ff9000 	C:\WINDOWS\System32\bcryptPrimitives.dll
0x00007ff8ef790000 - 0x00007ff8ef79f000 	C:\Program Files\Java\jdk-23\bin\instrument.dll
0x00007ff8eeb80000 - 0x00007ff8eeb9e000 	C:\Program Files\Java\jdk-23\bin\java.dll
0x00007ff8f6fa0000 - 0x00007ff8f7135000 	C:\WINDOWS\System32\ole32.dll
0x00007ff8f5d90000 - 0x00007ff8f64a5000 	C:\WINDOWS\System32\SHELL32.dll
0x00007ff8f4c80000 - 0x00007ff8f4de8000 	C:\WINDOWS\System32\wintypes.dll
0x00007ff8f2940000 - 0x00007ff8f3185000 	C:\WINDOWS\SYSTEM32\windows.storage.dll
0x00007ff8f6b00000 - 0x00007ff8f6beb000 	C:\WINDOWS\System32\SHCORE.dll
0x00007ff8f79e0000 - 0x00007ff8f7a3d000 	C:\WINDOWS\System32\shlwapi.dll
0x00007ff8f4b90000 - 0x00007ff8f4bbf000 	C:\WINDOWS\SYSTEM32\profapi.dll
0x00007ff8beab0000 - 0x00007ff8beb87000 	C:\Program Files\Java\jdk-23\bin\jsvml.dll
0x00007ff8dd420000 - 0x00007ff8dd437000 	C:\Program Files\Java\jdk-23\bin\zip.dll
0x00007ff8eeb70000 - 0x00007ff8eeb80000 	C:\Program Files\Java\jdk-23\bin\net.dll
0x00007ff8f3fc0000 - 0x00007ff8f402a000 	C:\WINDOWS\system32\mswsock.dll
0x00007ff8e04f0000 - 0x00007ff8e0506000 	C:\Program Files\Java\jdk-23\bin\nio.dll
0x00007ff8ef770000 - 0x00007ff8ef78a000 	C:\Program Files\JetBrains\IntelliJ IDEA Community Edition 2024.2.2\bin\breakgen64.dll
0x00007ff8e04e0000 - 0x00007ff8e04e9000 	C:\Program Files\Java\jdk-23\bin\extnet.dll
0x00007ff8ef720000 - 0x00007ff8ef72a000 	C:\Program Files\Java\jdk-23\bin\management.dll
0x00007ff8dd3d0000 - 0x00007ff8dd3db000 	C:\Program Files\Java\jdk-23\bin\management_ext.dll
0x00007ff8f79d0000 - 0x00007ff8f79d8000 	C:\WINDOWS\System32\PSAPI.DLL
0x00007ff8dbb40000 - 0x00007ff8dbb4e000 	C:\Program Files\Java\jdk-23\bin\sunmscapi.dll
0x00007ff8f5490000 - 0x00007ff8f5607000 	C:\WINDOWS\System32\CRYPT32.dll
0x00007ff8f4460000 - 0x00007ff8f4490000 	C:\WINDOWS\SYSTEM32\ncrypt.dll
0x00007ff8f4410000 - 0x00007ff8f444f000 	C:\WINDOWS\SYSTEM32\NTASN1.dll
0x00007ff8f4260000 - 0x00007ff8f427c000 	C:\WINDOWS\SYSTEM32\CRYPTSP.dll
0x00007ff8f39e0000 - 0x00007ff8f3a1a000 	C:\WINDOWS\system32\rsaenh.dll
0x00007ff8f4060000 - 0x00007ff8f408b000 	C:\WINDOWS\SYSTEM32\USERENV.dll
0x00007ff8f44a0000 - 0x00007ff8f44c6000 	C:\WINDOWS\SYSTEM32\bcrypt.dll
0x00007ff8f4280000 - 0x00007ff8f428c000 	C:\WINDOWS\SYSTEM32\CRYPTBASE.dll
0x00007ff8f3490000 - 0x00007ff8f34c3000 	C:\WINDOWS\SYSTEM32\IPHLPAPI.DLL
0x00007ff8f77e0000 - 0x00007ff8f77ea000 	C:\WINDOWS\System32\NSI.dll
0x00007ff8f3580000 - 0x00007ff8f36a5000 	C:\WINDOWS\SYSTEM32\DNSAPI.dll
0x00007ff8e4f50000 - 0x00007ff8e4f5b000 	C:\Windows\System32\rasadhlp.dll
0x00007ff8e74a0000 - 0x00007ff8e7525000 	C:\WINDOWS\System32\fwpuclnt.dll
0x00007ff8d2290000 - 0x00007ff8d22a8000 	C:\WINDOWS\system32\napinsp.dll
0x00007ff8d1a70000 - 0x00007ff8d1a82000 	C:\WINDOWS\System32\winrnr.dll
0x00007ff8d1a40000 - 0x00007ff8d1a62000 	C:\WINDOWS\system32\nlansp_c.dll
0x00007ff8d19b0000 - 0x00007ff8d19c6000 	C:\WINDOWS\system32\wshbth.dll
0x00007ff8dc9c0000 - 0x00007ff8dc9d0000 	C:\Program Files\Java\jdk-23\bin\verify.dll

dbghelp: loaded successfully - version: 4.0.5 - missing functions: none
symbol engine: initialized successfully - sym options: 0x614 - pdb path: .;C:\Program Files\Java\jdk-23\bin;C:\WINDOWS\SYSTEM32;C:\WINDOWS\WinSxS\amd64_microsoft.windows.common-controls_6595b64144ccf1df_6.0.26100.3323_none_3e088096e3344490;C:\Program Files\Java\jdk-23\bin\server;C:\Program Files\JetBrains\IntelliJ IDEA Community Edition 2024.2.2\bin

VM Arguments:
jvm_args: -javaagent:C:\Program Files\JetBrains\IntelliJ IDEA Community Edition 2024.2.2\lib\idea_rt.jar=51967:C:\Program Files\JetBrains\IntelliJ IDEA Community Edition 2024.2.2\bin -Dfile.encoding=UTF-8 -Dsun.stdout.encoding=UTF-8 -Dsun.stderr.encoding=UTF-8 
java_command: com.ems.ElectionManagementSystemApplication
java_class_path (initial): E:\testing ems\election-management-system-196f8d4142ecf5a95e38ca86f330160421f79fd4\server\target\classes;C:\Users\DELL 10I3 256\.m2\repository\org\springframework\boot\spring-boot-starter-data-jpa\3.4.2\spring-boot-starter-data-jpa-3.4.2.jar;C:\Users\DELL 10I3 256\.m2\repository\org\springframework\boot\spring-boot-starter\3.4.2\spring-boot-starter-3.4.2.jar;C:\Users\DELL 10I3 256\.m2\repository\org\springframework\boot\spring-boot-starter-logging\3.4.2\spring-boot-starter-logging-3.4.2.jar;C:\Users\DELL 10I3 256\.m2\repository\org\apache\logging\log4j\log4j-to-slf4j\2.24.3\log4j-to-slf4j-2.24.3.jar;C:\Users\DELL 10I3 256\.m2\repository\org\apache\logging\log4j\log4j-api\2.24.3\log4j-api-2.24.3.jar;C:\Users\DELL 10I3 256\.m2\repository\org\slf4j\jul-to-slf4j\2.0.16\jul-to-slf4j-2.0.16.jar;C:\Users\DELL 10I3 256\.m2\repository\jakarta\annotation\jakarta.annotation-api\2.1.1\jakarta.annotation-api-2.1.1.jar;C:\Users\DELL 10I3 256\.m2\repository\org\springframework\boot\spring-boot-starter-jdbc\3.4.2\spring-boot-starter-jdbc-3.4.2.jar;C:\Users\DELL 10I3 256\.m2\repository\com\zaxxer\HikariCP\5.1.0\HikariCP-5.1.0.jar;C:\Users\DELL 10I3 256\.m2\repository\org\springframework\spring-jdbc\6.2.2\spring-jdbc-6.2.2.jar;C:\Users\DELL 10I3 256\.m2\repository\org\hibernate\orm\hibernate-core\6.6.5.Final\hibernate-core-6.6.5.Final.jar;C:\Users\DELL 10I3 256\.m2\repository\jakarta\persistence\jakarta.persistence-api\3.1.0\jakarta.persistence-api-3.1.0.jar;C:\Users\DELL 10I3 256\.m2\repository\jakarta\transaction\jakarta.transaction-api\2.0.1\jakarta.transaction-api-2.0.1.jar;C:\Users\DELL 10I3 256\.m2\repository\com\fasterxml\classmate\1.7.0\classmate-1.7.0.jar;C:\Users\DELL 10I3 256\.m2\repository\net\bytebuddy\byte-buddy\1.15.11\byte-buddy-1.15.11.jar;C:\Users\DELL 10I3 256\.m2\repository\jakarta\inject\jakarta.inject-api\2.0.1\jakarta.inject-api-2.0.1.jar;C:\Users\DELL 10I3 256\.m2\repository\org\antlr\antlr4-runtime\4.13.0\antlr4-runtime-4.13.0.jar;C:\Users\DELL 10I3 256\.m2\repository\org\springframework\data\spring-data-jpa\3.4.2\spring-data-jpa-3.4.2.jar;C:\Users\DELL 10I3 256\.m2\repository\org\springframework\data\spring-data-commons\3.4.2\spring-data-commons-3.4.2.jar;C:\Users\DELL 10I3 256\.m2\repository\org\springframework\spring-orm\6.2.2\spring-orm-6.2.2.jar;C:\Users\DELL 10I3 256\.m2\repository\org\springframework\spring-beans\6.2.2\spring-beans-6.2.2.jar;C:\Users\DELL 10I3 256\.m2\repository\org\slf4j\slf4j-api\2.0.16\slf4j-api-2.0.16.jar;C:\Users\DELL 10I3 256\.m2\repository\org\springframework\spring-aspects\6.2.2\spring-aspects-6.2.2.jar;C:\Users\DELL 10I3 256\.m2\repository\org\aspectj\aspectjweaver\1.9.22.1\aspectjweaver-1.9.22.1.jar;C:\Users\DELL 10I3 256\.m2\repository\org\springframework\boot\spring-boot-starter-web\3.4.2\spring-boot-starter-web-3.4.2.jar;C:\Users\DELL 10I3 256\.m2\repository\org\springframework\boot\spring-boot-starter-json\3.4.2\spring-boot-starter-json-3.4.2.jar;C:\Users\DELL 10I3 256\.m2\repository\com\fasterxml\jackson\datatype\jackson-datatype-jdk8\2.18.2\jackson-datatype-jdk8-2.18.2.jar;C:\Users\DELL 10I3 256\.m2\repository\com\fasterxml\jackson\datatype\jackson-datatype-jsr310\2.18.2\jackson-datatype-jsr310-2.18.2.jar;C:\Users\DELL 10I3 256\.m2\repository\com\fasterxml\jackson\module\jackson-module-parameter-names\2.18.2\jackson-module-parameter-names-2.18.2.jar;C:\Users\DELL 10I3 256\.m2\repository\org\springframework\boot\spring-boot-starter-tomcat\3.4.2\spring-boot-starter-tomcat-3.4.2.jar;C:\Users\DELL 10I3 256\.m2\repository\org\apache\tomcat\embed\tomcat-embed-core\10.1.34\tomcat-embed-core-10.1.34.jar;C:\Users\DELL 10I3 256\.m2\repository\org\apache\tomcat\embed\tomcat-embed-websocket\10.1.34\tomcat-embed-websocket-10.1.34.jar;C:\Users\DELL 10I3 256\.m2\repository\org\springframework\spring-web\6.2.2\spring-web-6.2.2.jar;C:\Users\DELL 10I3 256\.m2\repository\org\springframework\spring-webmvc\6.2.2\spring-webmvc-6.2.2.jar;C:\Users\DELL 10I3 256\.m2\repository\org\springframework\spring-expression\6.2.2\spring-expression-6.2.2.jar;C:\Users\DELL 10I3 256\.m2\repository\org\springframework\boot\spring-boot-devtools\3.4.2\spring-boot-devtools-3.4.2.jar;C:\Users\DELL 10I3 256\.m2\repository\org\springframework\boot\spring-boot\3.4.2\spring-boot-3.4.2.jar;C:\Users\DELL 10I3 256\.m2\repository\org\springframework\boot\spring-boot-autoconfigure\3.4.2\spring-boot-autoconfigure-3.4.2.jar;C:\Users\DELL 10I3 256\.m2\repository\io\jsonwebtoken\jjwt-api\0.11.5\jjwt-api-0.11.5.jar;C:\Users\DELL 10I3 256\.m2\repository\io\jsonwebtoken\jjwt-impl\0.11.5\jjwt-impl-0.11.5.jar;C:\Users\DELL 10I3 256\.m2\repository\io\jsonwebtoken\jjwt-jackson\0.11.5\jjwt-jackson-0.11.5.jar;C:\Users\DELL 10I3 256\.m2\repository\com\fasterxml\jackson\core\jackson-databind\2.18.2\jackson-databind-2.18.2.jar;C:\Users\DELL 10I3 256\.m2\repository\org\springframework\boot\spring-boot-starter-validation\3.4.2\spring-boot-starter-validation-3.4.2.jar;C:\Users\DELL 10I3 256\.m2\repository\org\apache\tomcat\embed\tomcat-embed-el\10.1.34\tomcat-embed-el-10.1.34.jar;C:\Users\DELL 10I3 256\.m2\repository\org\hibernate\validator\hibernate-validator\8.0.2.Final\hibernate-validator-8.0.2.Final.jar;C:\Users\DELL 10I3 256\.m2\repository\jakarta\validation\jakarta.validation-api\3.0.2\jakarta.validation-api-3.0.2.jar;C:\Users\DELL 10I3 256\.m2\repository\org\springframework\boot\spring-boot-starter-security\3.4.2\spring-boot-starter-security-3.4.2.jar;C:\Users\DELL 10I3 256\.m2\repository\org\springframework\spring-aop\6.2.2\spring-aop-6.2.2.jar;C:\Users\DELL 10I3 256\.m2\repository\org\springframework\security\spring-security-config\6.4.2\spring-security-config-6.4.2.jar;C:\Users\DELL 10I3 256\.m2\repository\org\springframework\security\spring-security-core\6.4.2\spring-security-core-6.4.2.jar;C:\Users\DELL 10I3 256\.m2\repository\org\springframework\security\spring-security-crypto\6.4.2\spring-security-crypto-6.4.2.jar;C:\Users\DELL 10I3 256\.m2\repository\org\springframework\security\spring-security-web\6.4.2\spring-security-web-6.4.2.jar;C:\Users\DELL 10I3 256\.m2\repository\com\mysql\mysql-connector-j\9.1.0\mysql-connector-j-9.1.0.jar;C:\Users\DELL 10I3 256\.m2\repository\org\projectlombok\lombok\1.18.36\lombok-1.18.36.jar;C:\Users\DELL 10I3 256\.m2\repository\jakarta\xml\bind\jakarta.xml.bind-api\4.0.2\jakarta.xml.bind-api-4.0.2.jar;C:\Users\DELL 10I3 256\.m2\repository\jakarta\activation\jakarta.activation-api\2.1.3\jakarta.activation-api-2.1.3.jar;C:\Users\DELL 10I3 256\.m2\repository\org\springframework\spring-core\6.2.2\spring-core-6.2.2.jar;C:\Users\DELL 10I3 256\.m2\repository\org\springframework\spring-jcl\6.2.2\spring-jcl-6.2.2.jar;C:\Users\DELL 10I3 256\.m2\repository\org\mapstruct\mapstruct\1.6.2\mapstruct-1.6.2.jar;C:\Users\DELL 10I3 256\.m2\repository\org\mapstruct\mapstruct-processor\1.6.2\mapstruct-processor-1.6.2.jar;C:\Users\DELL 10I3 256\.m2\repository\org\projectlombok\lombok-mapstruct-binding\0.2.0\lombok-mapstruct-binding-0.2.0.jar;C:\Users\DELL 10I3 256\.m2\repository\com\fasterxml\jackson\dataformat\jackson-dataformat-yaml\2.18.2\jackson-dataformat-yaml-2.18.2.jar;C:\Users\DELL 10I3 256\.m2\repository\org\springframework\boot\spring-boot-starter-mail\3.4.2\spring-boot-starter-mail-3.4.2.jar;C:\Users\DELL 10I3 256\.m2\repository\org\springframework\spring-context-support\6.2.2\spring-context-support-6.2.2.jar;C:\Users\DELL 10I3 256\.m2\repository\org\eclipse\angus\jakarta.mail\2.0.3\jakarta.mail-2.0.3.jar;C:\Users\DELL 10I3 256\.m2\repository\org\eclipse\angus\angus-activation\2.0.2\angus-activation-2.0.2.jar;C:\Users\DELL 10I3 256\.m2\repository\net\sf\jasperreports\jasperreports\6.21.2\jasperreports-6.21.2.jar;C:\Users\DELL 10I3 256\.m2\repository\commons-digester\commons-digester\2.1\commons-digester-2.1.jar;C:\Users\DELL 10I3 256\.m2\repository\commons-logging\commons-logging\1.1.1\commons-logging-1.1.1.jar;C:\Users\DELL 10I3 256\.m2\repository\org\apache\commons\commons-collections4\4.2\commons-collections4-4.2.jar;C:\Users\DELL 10I3 256\.m2\repository\com\github\librepdf\openpdf\1.3.32\openpdf-1.3.32.jar;C:\Users\DELL 10I3 256\.m2\repository\org\jfree\jcommon\1.0.23\jcommon-1.0.23.jar;C:\Users\DELL 10I3 256\.m2\repository\org\jfree\jfreechart\1.0.19\jfreechart-1.0.19.jar;C:\Users\DELL 10I3 256\.m2\repository\org\eclipse\jdt\ecj\3.21.0\ecj-3.21.0.jar;C:\Users\DELL 10I3 256\.m2\repository\com\fasterxml\jackson\core\jackson-core\2.18.2\jackson-core-2.18.2.jar;C:\Users\DELL 10I3 256\.m2\repository\com\fasterxml\jackson\core\jackson-annotations\2.18.2\jackson-annotations-2.18.2.jar;C:\Users\DELL 10I3 256\.m2\repository\com\fasterxml\jackson\dataformat\jackson-dataformat-xml\2.18.2\jackson-dataformat-xml-2.18.2.jar;C:\Users\DELL 10I3 256\.m2\repository\org\codehaus\woodstox\stax2-api\4.2.2\stax2-api-4.2.2.jar;C:\Users\DELL 10I3 256\.m2\repository\com\fasterxml\woodstox\woodstox-core\7.0.0\woodstox-core-7.0.0.jar;C:\Users\DELL 10I3 256\.m2\repository\com\lowagie\itext\2.1.7\itext-2.1.7.jar;C:\Users\DELL 10I3 256\.m2\repository\bouncycastle\bcmail-jdk14\138\bcmail-jdk14-138.jar;C:\Users\DELL 10I3 256\.m2\repository\bouncycastle\bcprov-jdk14\138\bcprov-jdk14-138.jar;C:\Users\DELL 10I3 256\.m2\repository\org\bouncycastle\bctsp-jdk14\1.38\bctsp-jdk14-1.38.jar;C:\Users\DELL 10I3 256\.m2\repository\org\bouncycastle\bcprov-jdk14\1.38\bcprov-jdk14-1.38.jar;C:\Users\DELL 10I3 256\.m2\repository\org\bouncycastle\bcmail-jdk14\1.38\bcmail-jdk14-1.38.jar;C:\Users\DELL 10I3 256\.m2\repository\commons-beanutils\commons-beanutils\1.9.4\commons-beanutils-1.9.4.jar;C:\Users\DELL 10I3 256\.m2\repository\commons-collections\commons-collections\3.2.2\commons-collections-3.2.2.jar;C:\Users\DELL 10I3 256\.m2\repository\org\springdoc\springdoc-openapi-starter-webmvc-ui\2.7.0\springdoc-openapi-starter-webmvc-ui-2.7.0.jar;C:\Users\DELL 10I3 256\.m2\repository\org\springdoc\springdoc-openapi-starter-webmvc-api\2.7.0\springdoc-openapi-starter-webmvc-api-2.7.0.jar;C:\Users\DELL 10I3 256\.m2\repository\org\springdoc\springdoc-openapi-starter-common\2.7.0\springdoc-openapi-starter-common-2.7.0.jar;C:\Users\DELL 10I3 256\.m2\repository\io\swagger\core\v3\swagger-core-jakarta\2.2.25\swagger-core-jakarta-2.2.25.jar;C:\Users\DELL 10I3 256\.m2\repository\io\swagger\core\v3\swagger-annotations-jakarta\2.2.25\swagger-annotations-jakarta-2.2.25.jar;C:\Users\DELL 10I3 256\.m2\repository\io\swagger\core\v3\swagger-models-jakarta\2.2.25\swagger-models-jakarta-2.2.25.jar;C:\Users\DELL 10I3 256\.m2\repository\org\webjars\swagger-ui\5.18.2\swagger-ui-5.18.2.jar;C:\Users\DELL 10I3 256\.m2\repository\org\webjars\webjars-locator-lite\1.0.1\webjars-locator-lite-1.0.1.jar;C:\Users\DELL 10I3 256\.m2\repository\org\jspecify\jspecify\1.0.0\jspecify-1.0.0.jar;C:\Users\DELL 10I3 256\.m2\repository\org\hibernate\orm\hibernate-envers\6.5.2.Final\hibernate-envers-6.5.2.Final.jar;C:\Users\DELL 10I3 256\.m2\repository\org\jboss\logging\jboss-logging\3.6.1.Final\jboss-logging-3.6.1.Final.jar;C:\Users\DELL 10I3 256\.m2\repository\org\glassfish\jaxb\jaxb-runtime\4.0.5\jaxb-runtime-4.0.5.jar;C:\Users\DELL 10I3 256\.m2\repository\org\glassfish\jaxb\jaxb-core\4.0.5\jaxb-core-4.0.5.jar;C:\Users\DELL 10I3 256\.m2\repository\org\glassfish\jaxb\txw2\4.0.5\txw2-4.0.5.jar;C:\Users\DELL 10I3 256\.m2\repository\com\sun\istack\istack-commons-runtime\4.1.2\istack-commons-runtime-4.1.2.jar;C:\Users\DELL 10I3 256\.m2\repository\org\hibernate\common\hibernate-commons-annotations\6.0.6.Final\hibernate-commons-annotations-6.0.6.Final.jar;C:\Users\DELL 10I3 256\.m2\repository\io\smallrye\jandex\3.1.2\jandex-3.1.2.jar;C:\Users\DELL 10I3 256\.m2\repository\org\springframework\boot\spring-boot-starter-data-mongodb\3.4.2\spring-boot-starter-data-mongodb-3.4.2.jar;C:\Users\DELL 10I3 256\.m2\repository\org\mongodb\mongodb-driver-sync\5.2.1\mongodb-driver-sync-5.2.1.jar;C:\Users\DELL 10I3 256\.m2\repository\org\mongodb\bson\5.2.1\bson-5.2.1.jar;C:\Users\DELL 10I3 256\.m2\repository\org\mongodb\mongodb-driver-core\5.2.1\mongodb-driver-core-5.2.1.jar;C:\Users\DELL 10I3 256\.m2\repository\org\mongodb\bson-record-codec\5.2.1\bson-record-codec-5.2.1.jar;C:\Users\DELL 10I3 256\.m2\repository\org\springframework\data\spring-data-mongodb\4.4.2\spring-data-mongodb-4.4.2.jar;C:\Users\DELL 10I3 256\.m2\repository\org\liquibase\liquibase-core\4.23.1\liquibase-core-4.23.1.jar;C:\Users\DELL 10I3 256\.m2\repository\com\opencsv\opencsv\5.7.1\opencsv-5.7.1.jar;C:\Users\DELL 10I3 256\.m2\repository\org\apache\commons\commons-lang3\3.17.0\commons-lang3-3.17.0.jar;C:\Users\DELL 10I3 256\.m2\repository\org\apache\commons\commons-text\1.10.0\commons-text-1.10.0.jar;C:\Users\DELL 10I3 256\.m2\repository\org\yaml\snakeyaml\2.3\snakeyaml-2.3.jar;C:\Users\DELL 10I3 256\.m2\repository\javax\xml\bind\jaxb-api\2.3.1\jaxb-api-2.3.1.jar;C:\Users\DELL 10I3 256\.m2\repository\javax\activation\javax.activation-api\1.2.0\javax.activation-api-1.2.0.jar;C:\Users\DELL 10I3 256\.m2\repository\com\google\code\gson\gson\2.11.0\gson-2.11.0.jar;C:\Users\DELL 10I3 256\.m2\repository\com\google\errorprone\error_prone_annotations\2.27.0\error_prone_annotations-2.27.0.jar;C:\Users\DELL 10I3 256\.m2\repository\org\springframework\kafka\spring-kafka\3.3.1\spring-kafka-3.3.1.jar;C:\Users\DELL 10I3 256\.m2\repository\org\springframework\spring-context\6.2.2\spring-context-6.2.2.jar;C:\Users\DELL 10I3 256\.m2\repository\org\springframework\spring-messaging\6.2.2\spring-messaging-6.2.2.jar;C:\Users\DELL 10I3 256\.m2\repository\org\springframework\spring-tx\6.2.2\spring-tx-6.2.2.jar;C:\Users\DELL 10I3 256\.m2\repository\org\springframework\retry\spring-retry\2.0.11\spring-retry-2.0.11.jar;C:\Users\DELL 10I3 256\.m2\repository\org\apache\kafka\kafka-clients\3.8.1\kafka-clients-3.8.1.jar;C:\Users\DELL 10I3 256\.m2\repository\com\github\luben\zstd-jni\1.5.6-4\zstd-jni-1.5.6-4.jar;C:\Users\DELL 10I3 256\.m2\repository\org\lz4\lz4-java\1.8.0\lz4-java-1.8.0.jar;C:\Users\DELL 10I3 256\.m2\repository\org\xerial\snappy\snappy-java\1.1.10.5\snappy-java-1.1.10.5.jar;C:\Users\DELL 10I3 256\.m2\repository\io\micrometer\micrometer-observation\1.14.3\micrometer-observation-1.14.3.jar;C:\Users\DELL 10I3 256\.m2\repository\io\micrometer\micrometer-commons\1.14.3\micrometer-commons-1.14.3.jar;C:\Users\DELL 10I3 256\.m2\repository\ch\qos\logback\logback-core\1.5.16\logback-core-1.5.16.jar;C:\Users\DELL 10I3 256\.m2\repository\ch\qos\logback\logback-classic\1.5.16\logback-classic-1.5.16.jar;C:\Users\DELL 10I3 256\.m2\repository\org\openapitools\jackson-databind-nullable\0.2.6\jackson-databind-nullable-0.2.6.jar
Launcher Type: SUN_STANDARD

[Global flags]
     intx CICompilerCount                          = 3                                         {product} {ergonomic}
     uint ConcGCThreads                            = 1                                         {product} {ergonomic}
     uint G1ConcRefinementThreads                  = 4                                         {product} {ergonomic}
   size_t G1HeapRegionSize                         = 2097152                                   {product} {ergonomic}
   size_t InitialHeapSize                          = 199229440                                 {product} {ergonomic}
   size_t MarkStackSize                            = 4194304                                   {product} {ergonomic}
   size_t MarkStackSizeMax                         = 536870912                                 {product} {ergonomic}
   size_t MaxHeapSize                              = 3160408064                                {product} {ergonomic}
   size_t MaxNewSize                               = 1895825408                                {product} {ergonomic}
   size_t MinHeapDeltaBytes                        = 2097152                                   {product} {ergonomic}
   size_t MinHeapSize                              = 8388608                                   {product} {ergonomic}
    uintx NonNMethodCodeHeapSize                   = 5832704                                {pd product} {ergonomic}
    uintx NonProfiledCodeHeapSize                  = 122945536                              {pd product} {ergonomic}
    uintx ProfiledCodeHeapSize                     = 122880000                              {pd product} {ergonomic}
    uintx ReservedCodeCacheSize                    = 251658240                              {pd product} {ergonomic}
     bool SegmentedCodeCache                       = true                                      {product} {ergonomic}
   size_t SoftMaxHeapSize                          = 3160408064                             {manageable} {ergonomic}
     bool UseCompressedOops                        = true                           {product lp64_product} {ergonomic}
     bool UseG1GC                                  = true                                      {product} {ergonomic}
     bool UseLargePagesIndividualAllocation        = false                                  {pd product} {ergonomic}

Logging:
Log output configuration:
 #0: stdout all=warning uptime,level,tags foldmultilines=false
 #1: stderr all=off uptime,level,tags foldmultilines=false

Environment Variables:
JAVA_HOME=C:\Program Files\Java\jdk-23
CLASSPATH=C:\apache-tomcat-6.0.14\lib\servlet-api.jar
PATH=C:\Program Files\Common Files\Oracle\Java\javapath;C:\Program Files (x86)\VMware\VMware Player\bin\;C:\oraclexe\app\oracle\product\11.2.0\server\bin;C:\WINDOWS;C:\WINDOWS\System32\Wbem;C:\WINDOWS\System32\WindowsPowerShell\v1.0\;C:\WINDOWS\System32\OpenSSH\;C:\MinGW\bin;C:\Program Files\Git\cmd;C:\Program Files\dotnet\;C:\ProgramData\ComposerSetup\bin;C:\Program Files\Java\jdk-23\bin;C:\apache-maven-3.9.6\bin;C:\gradle-8.6\bin;C:\Program Files\PostgreSQL\16\bin;C:\Program Files\Microsoft SQL Server\150\Tools\Binn\;C:\Program Files\Microsoft SQL Server\Client SDK\ODBC\170\Tools\Binn\;C:\Program Files (x86)\Microsoft SQL Server\160\Tools\Binn\;C:\Program Files\Microsoft SQL Server\160\Tools\Binn\;C:\Program Files\Microsoft SQL Server\160\DTS\Binn\;C:\Program Files\Microsoft SQL Server\130\Tools\Binn\;C:\Program Files (x86)\Microsoft SQL Server\160\DTS\Binn\;C:\WINDOWS\system32;C:\Program Files\MySQL\MySQL Server 8.0\bin;C:\Program Files\Docker\Docker\resources\bin;C:\Program Files\nodejs\;C:\ProgramData\chocolatey\bin;C:\Users\DELL 10I3 256\AppData\Local\Programs\Python\Python310\Scripts\;C:\xampp\php;C:\Users\DELL 10I3 256\AppData\Local\Programs\Microsoft VS Code\bin;C:\Users\DELL 10I3 256\AppData\Local\Microsoft\WindowsApps;C:\Users\DELL 10I3 256\AppData\Roaming\Composer\vendor\bin;C:\Program Files\MongoDB\Server\5.0\bin;C:\Users\DELL 10I3 256\AppData\Local\GitHubDesktop\bin;C:\Users\DELL 10I3 256\AppData\Local\Programs\Python\Python310;C:\Program Files\JetBrains\IntelliJ IDEA Community Edition 2024.2.2\bin;;C:\apache-maven-3.9.6\bin;C:\Users\DELL 10I3 256\AppData\Roaming\npm;
USERNAME=DELL 10I3 256
OS=Windows_NT
PROCESSOR_IDENTIFIER=Intel64 Family 6 Model 126 Stepping 5, GenuineIntel
TMP=C:\Users\DELL 10I3 256\AppData\Local\Temp
TEMP=C:\Users\DELL 10I3 256\AppData\Local\Temp




Periodic native trim disabled

---------------  S Y S T E M  ---------------

OS:
 Windows 11 , 64 bit Build 26100 (10.0.26100.3323)
OS uptime: 0 days 1:35 hours
Hyper-V role detected

CPU: total 4 (initial active 4) (2 cores per cpu, 2 threads per core) family 6 model 126 stepping 5 microcode 0xc2, cx8, cmov, fxsr, ht, mmx, 3dnowpref, sse, sse2, sse3, ssse3, sse4.1, sse4.2, popcnt, lzcnt, tsc, tscinvbit, avx, avx2, aes, erms, clmul, bmi1, bmi2, adx, avx512f, avx512dq, avx512cd, avx512bw, avx512vl, sha, fma, vzeroupper, avx512_vpopcntdq, avx512_vpclmulqdq, avx512_vaes, avx512_vnni, clflush, clflushopt, avx512_vbmi2, avx512_vbmi, hv, rdtscp, rdpid, fsrm, gfni, avx512_bitalg, f16c, avx512_ifma
Processor Information for the first 4 processors :
  Max Mhz: 1190, Current Mhz: 1190, Mhz Limit: 1190

Memory: 4k page, system-wide physical 12055M (1739M free)
TotalPageFile size 16151M (AvailPageFile size 62M)
current process WorkingSet (physical memory assigned to process): 362M, peak: 389M
current process commit charge ("private bytes"): 424M, peak: 620M

vm_info: Java HotSpot(TM) 64-Bit Server VM (23.0.2+7-58) for windows-amd64 JRE (23.0.2+7-58), built on 2024-11-29T09:34:55Z with MS VC++ 17.6 (VS2022)

END.
