#
# There is insufficient memory for the Java Runtime Environment to continue.
# Native memory allocation (malloc) failed to allocate 2032464 bytes. Error detail: Chunk::new
# Possible reasons:
#   The system is out of physical RAM or swap space
#   This process is running with CompressedOops enabled, and the Java Heap may be blocking the growth of the native heap
# Possible solutions:
#   Reduce memory load on the system
#   Increase physical memory or swap space
#   Check if swap backing store is full
#   Decrease Java heap size (-Xmx/-Xms)
#   Decrease number of Java threads
#   Decrease Java thread stack sizes (-Xss)
#   Set larger code cache with -XX:ReservedCodeCacheSize=
#   JVM is running with Zero Based Compressed Oops mode in which the Java heap is
#     placed in the first 32GB address space. The Java Heap base address is the
#     maximum limit for the native heap growth. Please use -XX:HeapBaseMinAddress
#     to set the Java Heap base and to place the Java Heap above 32GB virtual address.
# This output file may be truncated or incomplete.
#
#  Out of Memory Error (arena.cpp:149), pid=9568, tid=14440
#
# JRE version: Java(TM) SE Runtime Environment (23.0.2+7) (build 23.0.2+7-58)
# Java VM: Java HotSpot(TM) 64-Bit Server VM (23.0.2+7-58, mixed mode, sharing, tiered, compressed oops, compressed class ptrs, g1 gc, windows-amd64)
# No core dump will be written. Minidumps are not enabled by default on client versions of Windows
#

---------------  S U M M A R Y ------------

Command Line: -javaagent:C:\Program Files\JetBrains\IntelliJ IDEA Community Edition 2024.2.2\lib\idea_rt.jar=49891:C:\Program Files\JetBrains\IntelliJ IDEA Community Edition 2024.2.2\bin -Dfile.encoding=UTF-8 -Dsun.stdout.encoding=UTF-8 -Dsun.stderr.encoding=UTF-8 com.ems.ElectionManagementSystemApplication

Host: Intel(R) Core(TM) i3-1005G1 CPU @ 1.20GHz, 4 cores, 11G,  Windows 11 , 64 bit Build 26100 (10.0.26100.3037)
Time: Fri Feb 21 18:42:59 2025 India Standard Time elapsed time: 9347.092407 seconds (0d 2h 35m 47s)

---------------  T H R E A D  ---------------

Current thread (0x0000027553c6c8a0):  JavaThread "C2 CompilerThread0" daemon [_thread_in_native, id=14440, stack(0x000000a3e2000000,0x000000a3e2100000) (1024K)]


Current CompileTask:
C2:9347092 18819       4       jdk.internal.loader.BuiltinClassLoader::loadClassOrNull (7 bytes)

Stack: [0x000000a3e2000000,0x000000a3e2100000]
Native frames: (J=compiled Java code, j=interpreted, Vv=VM code, C=native code)
V  [jvm.dll+0x6e0b99]  (no source info available)
V  [jvm.dll+0x87e2b3]  (no source info available)
V  [jvm.dll+0x88073e]  (no source info available)
V  [jvm.dll+0x880e13]  (no source info available)
V  [jvm.dll+0x27b006]  (no source info available)
V  [jvm.dll+0xbc06f]  (no source info available)
V  [jvm.dll+0xbc2cb]  (no source info available)
V  [jvm.dll+0x3b3c5c]  (no source info available)
V  [jvm.dll+0x1dc4ae]  (no source info available)
V  [jvm.dll+0x244ce5]  (no source info available)
V  [jvm.dll+0x243eff]  (no source info available)
V  [jvm.dll+0x1c34b0]  (no source info available)
V  [jvm.dll+0x253df1]  (no source info available)
V  [jvm.dll+0x2520aa]  (no source info available)
V  [jvm.dll+0x3ee226]  (no source info available)
V  [jvm.dll+0x8254cb]  (no source info available)
V  [jvm.dll+0x6df345]  (no source info available)
C  [ucrtbase.dll+0x37b0]  (no source info available)
C  [KERNEL32.DLL+0x2e8d7]  (no source info available)
C  [ntdll.dll+0xbbf2c]  (no source info available)

Lock stack of current Java thread (top to bottom):


---------------  P R O C E S S  ---------------

Threads class SMR info:
_java_thread_list=0x000002759dcbe1e0, length=22, elements={
0x0000027553c44e60, 0x0000027553c47bc0, 0x0000027553c4b090, 0x0000027553c4bbe0,
0x0000027553c4f750, 0x0000027553c53a00, 0x0000027553c6c8a0, 0x0000027553c6d6a0,
0x00000275990d25a0, 0x00000275992659f0, 0x0000027599669cb0, 0x000002759aabbc50,
0x000002759aab94f0, 0x000002759aab9b80, 0x000002759aabdd20, 0x000002759aabe3b0,
0x000002759d5f0220, 0x000002759d5f0f40, 0x000002759eb0da50, 0x000002759aabaf30,
0x000002759aab87d0, 0x000002759af2df50
}

Java Threads: ( => current thread )
  0x0000027553c44e60 JavaThread "Reference Handler"          daemon [_thread_blocked, id=6492, stack(0x000000a3e1a00000,0x000000a3e1b00000) (1024K)]
  0x0000027553c47bc0 JavaThread "Finalizer"                  daemon [_thread_blocked, id=10632, stack(0x000000a3e1b00000,0x000000a3e1c00000) (1024K)]
  0x0000027553c4b090 JavaThread "Signal Dispatcher"          daemon [_thread_blocked, id=12944, stack(0x000000a3e1c00000,0x000000a3e1d00000) (1024K)]
  0x0000027553c4bbe0 JavaThread "Attach Listener"            daemon [_thread_blocked, id=9668, stack(0x000000a3e1d00000,0x000000a3e1e00000) (1024K)]
  0x0000027553c4f750 JavaThread "Service Thread"             daemon [_thread_blocked, id=14344, stack(0x000000a3e1e00000,0x000000a3e1f00000) (1024K)]
  0x0000027553c53a00 JavaThread "Monitor Deflation Thread"   daemon [_thread_blocked, id=4312, stack(0x000000a3e1f00000,0x000000a3e2000000) (1024K)]
=>0x0000027553c6c8a0 JavaThread "C2 CompilerThread0"         daemon [_thread_in_native, id=14440, stack(0x000000a3e2000000,0x000000a3e2100000) (1024K)]
  0x0000027553c6d6a0 JavaThread "C1 CompilerThread0"         daemon [_thread_blocked, id=11376, stack(0x000000a3e2100000,0x000000a3e2200000) (1024K)]
  0x00000275990d25a0 JavaThread "Common-Cleaner"             daemon [_thread_blocked, id=8680, stack(0x000000a3e2200000,0x000000a3e2300000) (1024K)]
  0x00000275992659f0 JavaThread "Monitor Ctrl-Break"         daemon [_thread_in_native, id=6008, stack(0x000000a3e2300000,0x000000a3e2400000) (1024K)]
  0x0000027599669cb0 JavaThread "Notification Thread"        daemon [_thread_blocked, id=11456, stack(0x000000a3e2400000,0x000000a3e2500000) (1024K)]
  0x000002759aabbc50 JavaThread "mysql-cj-abandoned-connection-cleanup" daemon [_thread_blocked, id=3980, stack(0x000000a3e2b00000,0x000000a3e2c00000) (1024K)]
  0x000002759aab94f0 JavaThread "HikariPool-1 housekeeper"   daemon [_thread_blocked, id=15252, stack(0x000000a3e2d00000,0x000000a3e2e00000) (1024K)]
  0x000002759aab9b80 JavaThread "Catalina-utility-1"                [_thread_blocked, id=7464, stack(0x000000a3e2e00000,0x000000a3e2f00000) (1024K)]
  0x000002759aabdd20 JavaThread "Catalina-utility-2"                [_thread_blocked, id=9876, stack(0x000000a3e2f00000,0x000000a3e3000000) (1024K)]
  0x000002759aabe3b0 JavaThread "container-0"                       [_thread_blocked, id=16696, stack(0x000000a3e3000000,0x000000a3e3100000) (1024K)]
  0x000002759d5f0220 JavaThread "BufferPoolPruner-1-thread-1" daemon [_thread_blocked, id=6088, stack(0x000000a3e3100000,0x000000a3e3200000) (1024K)]
  0x000002759d5f0f40 JavaThread "Live Reload Server"         daemon [_thread_in_native, id=7128, stack(0x000000a3e3600000,0x000000a3e3700000) (1024K)]
  0x000002759eb0da50 JavaThread "DestroyJavaVM"                     [_thread_blocked, id=14292, stack(0x000000a3e1200000,0x000000a3e1300000) (1024K)]
  0x000002759aabaf30 JavaThread "SIGINT handler"             daemon [_thread_blocked, id=7072, stack(0x000000a3e0f00000,0x000000a3e1000000) (1024K)]
  0x000002759aab87d0 JavaThread "SpringApplicationShutdownHook"        [_thread_in_vm, id=19484, stack(0x000000a3e1100000,0x000000a3e1200000) (1024K)]
  0x000002759af2df50 JavaThread "C2 CompilerThread1"         daemon [_thread_in_native, id=19552, stack(0x000000a3e1000000,0x000000a3e1100000) (1024K)]
Total: 22

Other Threads:
  0x0000027553c2f6e0 VMThread "VM Thread"                           [id=2896, stack(0x000000a3e1900000,0x000000a3e1a00000) (1024K)]
  0x0000027553c1c5d0 WatcherThread "VM Periodic Task Thread"        [id=15100, stack(0x000000a3e1800000,0x000000a3e1900000) (1024K)]
  0x0000027536471cd0 WorkerThread "GC Thread#0"                     [id=14192, stack(0x000000a3e1300000,0x000000a3e1400000) (1024K)]
  0x00000275998eba20 WorkerThread "GC Thread#1"                     [id=8008, stack(0x000000a3e2600000,0x000000a3e2700000) (1024K)]
  0x0000027599bbe240 WorkerThread "GC Thread#2"                     [id=2316, stack(0x000000a3e2700000,0x000000a3e2800000) (1024K)]
  0x0000027599bbe5f0 WorkerThread "GC Thread#3"                     [id=9504, stack(0x000000a3e2800000,0x000000a3e2900000) (1024K)]
  0x000002753649f890 ConcurrentGCThread "G1 Main Marker"            [id=10908, stack(0x000000a3e1400000,0x000000a3e1500000) (1024K)]
  0x00000275364a2a00 WorkerThread "G1 Conc#0"                       [id=2828, stack(0x000000a3e1500000,0x000000a3e1600000) (1024K)]
  0x0000027553aeb590 ConcurrentGCThread "G1 Refine#0"               [id=5276, stack(0x000000a3e1600000,0x000000a3e1700000) (1024K)]
  0x0000027553aebfb0 ConcurrentGCThread "G1 Service"                [id=15088, stack(0x000000a3e1700000,0x000000a3e1800000) (1024K)]
Total: 10

Threads with active compile tasks:
C2 CompilerThread0  9347383 18819       4       jdk.internal.loader.BuiltinClassLoader::loadClassOrNull (7 bytes)
C2 CompilerThread1  9347383 18798       4       org.springframework.beans.factory.support.AbstractBeanFactory::isTypeMatch (745 bytes)
Total: 2

VM state: not at safepoint (normal execution)

VM Mutex/Monitor currently owned by a thread: None

Heap address: 0x0000000743a00000, size: 3014 MB, Compressed Oops mode: Zero based, Oop shift amount: 3

CDS archive(s) mapped at: [0x0000027554000000-0x0000027554d70000-0x0000027554d70000), size 14090240, SharedBaseAddress: 0x0000027554000000, ArchiveRelocationMode: 1.
Compressed class space mapped at: 0x0000027555000000-0x0000027595000000, reserved size: 1073741824
Narrow klass base: 0x0000027554000000, Narrow klass shift: 0, Narrow klass range: 0x41000000

GC Precious Log:
 CardTable entry size: 512
 Card Set container configuration: InlinePtr #cards 4 size 8 Array Of Cards #cards 16 size 48 Howl #buckets 8 coarsen threshold 3686 Howl Bitmap #cards 512 size 80 coarsen threshold 460 Card regions per heap region 1 cards per card region 4096
 CPUs: 4 total, 4 available
 Memory: 12055M
 Large Page Support: Disabled
 NUMA Support: Disabled
 Compressed Oops: Enabled (Zero based)
 Heap Region Size: 2M
 Heap Min Capacity: 8M
 Heap Initial Capacity: 190M
 Heap Max Capacity: 3014M
 Pre-touch: Disabled
 Parallel Workers: 4
 Concurrent Workers: 1
 Concurrent Refinement Workers: 4
 Periodic GC: Disabled

Heap:
 garbage-first heap   total reserved 3086336K, committed 92160K, used 63460K [0x0000000743a00000, 0x0000000800000000)
  region size 2048K, 12 young (24576K), 1 survivors (2048K)
 Metaspace       used 104105K, committed 105088K, reserved 1179648K
  class space    used 13739K, committed 14272K, reserved 1048576K

Heap Regions: E=young(eden), S=young(survivor), O=old, HS=humongous(starts), HC=humongous(continues), CS=collection set, F=free, TAMS=top-at-mark-start, PB=parsable bottom
|   0|0x0000000743a00000, 0x0000000743c00000, 0x0000000743c00000|100%| O|  |TAMS 0x0000000743a00000| PB 0x0000000743a00000| Untracked |  0
|   1|0x0000000743c00000, 0x0000000743e00000, 0x0000000743e00000|100%| O|  |TAMS 0x0000000743c00000| PB 0x0000000743c00000| Untracked |  0
|   2|0x0000000743e00000, 0x0000000744000000, 0x0000000744000000|100%| O|  |TAMS 0x0000000743e00000| PB 0x0000000743e00000| Untracked |  0
|   3|0x0000000744000000, 0x0000000744200000, 0x0000000744200000|100%| O|  |TAMS 0x0000000744000000| PB 0x0000000744000000| Untracked |  0
|   4|0x0000000744200000, 0x0000000744400000, 0x0000000744400000|100%| O|  |TAMS 0x0000000744200000| PB 0x0000000744200000| Untracked |  0
|   5|0x0000000744400000, 0x0000000744600000, 0x0000000744600000|100%| O|  |TAMS 0x0000000744400000| PB 0x0000000744400000| Untracked |  0
|   6|0x0000000744600000, 0x0000000744600000, 0x0000000744800000|  0%| F|  |TAMS 0x0000000744600000| PB 0x0000000744600000| Untracked |  0
|   7|0x0000000744800000, 0x0000000744a00000, 0x0000000744a00000|100%| O|  |TAMS 0x0000000744800000| PB 0x0000000744800000| Untracked |  0
|   8|0x0000000744a00000, 0x0000000744c00000, 0x0000000744c00000|100%| O|  |TAMS 0x0000000744a00000| PB 0x0000000744a00000| Untracked |  0
|   9|0x0000000744c00000, 0x0000000744e00000, 0x0000000744e00000|100%| O|  |TAMS 0x0000000744c00000| PB 0x0000000744c00000| Untracked |  0
|  10|0x0000000744e00000, 0x0000000745000000, 0x0000000745000000|100%| O|  |TAMS 0x0000000744e00000| PB 0x0000000744e00000| Untracked |  0
|  11|0x0000000745000000, 0x0000000745200000, 0x0000000745200000|100%| O|  |TAMS 0x0000000745000000| PB 0x0000000745000000| Untracked |  0
|  12|0x0000000745200000, 0x000000074524ec90, 0x0000000745400000| 15%| O|  |TAMS 0x0000000745200000| PB 0x0000000745200000| Untracked |  0
|  13|0x0000000745400000, 0x0000000745600000, 0x0000000745600000|100%| O|  |TAMS 0x0000000745400000| PB 0x0000000745400000| Untracked |  0
|  14|0x0000000745600000, 0x0000000745800000, 0x0000000745800000|100%| O|  |TAMS 0x0000000745600000| PB 0x0000000745600000| Untracked |  0
|  15|0x0000000745800000, 0x0000000745a00000, 0x0000000745a00000|100%| O|  |TAMS 0x0000000745800000| PB 0x0000000745800000| Untracked |  0
|  16|0x0000000745a00000, 0x0000000745c00000, 0x0000000745c00000|100%| O|  |TAMS 0x0000000745a00000| PB 0x0000000745a00000| Untracked |  0
|  17|0x0000000745c00000, 0x0000000745c00000, 0x0000000745e00000|  0%| F|  |TAMS 0x0000000745c00000| PB 0x0000000745c00000| Untracked |  0
|  18|0x0000000745e00000, 0x0000000746000000, 0x0000000746000000|100%| O|  |TAMS 0x0000000745e00000| PB 0x0000000745e00000| Untracked |  0
|  19|0x0000000746000000, 0x0000000746200000, 0x0000000746200000|100%| O|  |TAMS 0x0000000746000000| PB 0x0000000746000000| Untracked |  0
|  20|0x0000000746200000, 0x0000000746400000, 0x0000000746400000|100%| O|  |TAMS 0x0000000746200000| PB 0x0000000746200000| Untracked |  0
|  21|0x0000000746400000, 0x0000000746400000, 0x0000000746600000|  0%| F|  |TAMS 0x0000000746400000| PB 0x0000000746400000| Untracked |  0
|  22|0x0000000746600000, 0x0000000746600000, 0x0000000746800000|  0%| F|  |TAMS 0x0000000746600000| PB 0x0000000746600000| Untracked |  0
|  23|0x0000000746800000, 0x00000007469aa5c0, 0x0000000746a00000| 83%| S|CS|TAMS 0x0000000746800000| PB 0x0000000746800000| Complete |  0
|  24|0x0000000746a00000, 0x0000000746c00000, 0x0000000746c00000|100%| O|  |TAMS 0x0000000746a00000| PB 0x0000000746a00000| Untracked |  0
|  25|0x0000000746c00000, 0x0000000746c00000, 0x0000000746e00000|  0%| F|  |TAMS 0x0000000746c00000| PB 0x0000000746c00000| Untracked |  0
|  26|0x0000000746e00000, 0x0000000747000000, 0x0000000747000000|100%| O|  |TAMS 0x0000000746e00000| PB 0x0000000746e00000| Untracked |  0
|  27|0x0000000747000000, 0x0000000747000000, 0x0000000747200000|  0%| F|  |TAMS 0x0000000747000000| PB 0x0000000747000000| Untracked |  0
|  28|0x0000000747200000, 0x0000000747200000, 0x0000000747400000|  0%| F|  |TAMS 0x0000000747200000| PB 0x0000000747200000| Untracked |  0
|  29|0x0000000747400000, 0x0000000747400000, 0x0000000747600000|  0%| F|  |TAMS 0x0000000747400000| PB 0x0000000747400000| Untracked |  0
|  30|0x0000000747600000, 0x0000000747600000, 0x0000000747800000|  0%| F|  |TAMS 0x0000000747600000| PB 0x0000000747600000| Untracked |  0
|  31|0x0000000747800000, 0x0000000747800000, 0x0000000747a00000|  0%| F|  |TAMS 0x0000000747800000| PB 0x0000000747800000| Untracked |  0
|  32|0x0000000747a00000, 0x0000000747a00000, 0x0000000747c00000|  0%| F|  |TAMS 0x0000000747a00000| PB 0x0000000747a00000| Untracked |  0
|  33|0x0000000747c00000, 0x0000000747c00000, 0x0000000747e00000|  0%| F|  |TAMS 0x0000000747c00000| PB 0x0000000747c00000| Untracked |  0
|  34|0x0000000747e00000, 0x0000000747e89580, 0x0000000748000000| 26%| E|  |TAMS 0x0000000747e00000| PB 0x0000000747e00000| Complete |  0
|  35|0x0000000748000000, 0x0000000748200000, 0x0000000748200000|100%| E|CS|TAMS 0x0000000748000000| PB 0x0000000748000000| Complete |  0
|  36|0x0000000748200000, 0x0000000748400000, 0x0000000748400000|100%| E|CS|TAMS 0x0000000748200000| PB 0x0000000748200000| Complete |  0
|  37|0x0000000748400000, 0x0000000748600000, 0x0000000748600000|100%| E|CS|TAMS 0x0000000748400000| PB 0x0000000748400000| Complete |  0
|  38|0x0000000748600000, 0x0000000748800000, 0x0000000748800000|100%| E|CS|TAMS 0x0000000748600000| PB 0x0000000748600000| Complete |  0
|  39|0x0000000748800000, 0x0000000748a00000, 0x0000000748a00000|100%| E|CS|TAMS 0x0000000748800000| PB 0x0000000748800000| Complete |  0
|  78|0x000000074d600000, 0x000000074d800000, 0x000000074d800000|100%| E|CS|TAMS 0x000000074d600000| PB 0x000000074d600000| Complete |  0
|  79|0x000000074d800000, 0x000000074da00000, 0x000000074da00000|100%| E|CS|TAMS 0x000000074d800000| PB 0x000000074d800000| Complete |  0
|  80|0x000000074da00000, 0x000000074dc00000, 0x000000074dc00000|100%| E|CS|TAMS 0x000000074da00000| PB 0x000000074da00000| Complete |  0
|  94|0x000000074f600000, 0x000000074f800000, 0x000000074f800000|100%| E|CS|TAMS 0x000000074f600000| PB 0x000000074f600000| Complete |  0
|1506|0x00000007ffe00000, 0x0000000800000000, 0x0000000800000000|100%| E|CS|TAMS 0x00000007ffe00000| PB 0x00000007ffe00000| Complete |  0

Card table byte_map: [0x000002754e140000,0x000002754e730000] _byte_map_base: 0x000002754a723000

Marking Bits: (CMBitMap*) 0x00000275364723e0
 Bits: [0x000002754e730000, 0x0000027551648000)

Polling page: 0x0000027534220000

Metaspace:

Usage:
  Non-class:     88.25 MB used.
      Class:     13.42 MB used.
       Both:    101.67 MB used.

Virtual space:
  Non-class space:      128.00 MB reserved,      88.69 MB ( 69%) committed,  2 nodes.
      Class space:        1.00 GB reserved,      13.94 MB (  1%) committed,  1 nodes.
             Both:        1.12 GB reserved,     102.62 MB (  9%) committed. 

Chunk freelists:
   Non-Class:  7.17 MB
       Class:  2.18 MB
        Both:  9.35 MB

MaxMetaspaceSize: unlimited
CompressedClassSpaceSize: 1.00 GB
Initial GC threshold: 21.00 MB
Current GC threshold: 170.75 MB
CDS: on
 - commit_granule_bytes: 65536.
 - commit_granule_words: 8192.
 - virtual_space_node_default_size: 8388608.
 - enlarge_chunks_in_place: 1.
 - use_allocation_guard: 0.


Internal statistics:

num_allocs_failed_limit: 6.
num_arena_births: 1682.
num_arena_deaths: 496.
num_vsnodes_births: 3.
num_vsnodes_deaths: 0.
num_space_committed: 1642.
num_space_uncommitted: 0.
num_chunks_returned_to_freelist: 580.
num_chunks_taken_from_freelist: 5675.
num_chunk_merges: 147.
num_chunk_splits: 3795.
num_chunks_enlarged: 2886.
num_inconsistent_stats: 0.

CodeHeap 'non-profiled nmethods': size=120064Kb used=4050Kb max_used=5765Kb free=116013Kb
 bounds [0x0000027546610000, 0x0000027546bc0000, 0x000002754db50000]
CodeHeap 'profiled nmethods': size=120000Kb used=9838Kb max_used=18878Kb free=110161Kb
 bounds [0x000002753eb50000, 0x000002753fdc0000, 0x0000027546080000]
CodeHeap 'non-nmethods': size=5696Kb used=2027Kb max_used=2086Kb free=3668Kb
 bounds [0x0000027546080000, 0x00000275462f0000, 0x0000027546610000]
CodeCache: size=245760Kb, used=15915Kb, max_used=26729Kb, free=229842Kb
 total_blobs=7601, nmethods=6755, adapters=750, full_count=0
Compilation: enabled, stopped_count=0, restarted_count=0

Compilation events (20 events):
Event: 9346.500 Thread 0x0000027553c6c8a0 nmethod 18806 0x0000027546ab5888 code [0x0000027546ab5980, 0x0000027546ab5a00]
Event: 9346.500 Thread 0x0000027553c6c8a0 18816       4       java.lang.invoke.MemberName::isResolved (13 bytes)
Event: 9346.500 Thread 0x0000027553c6c8a0 nmethod 18816 0x0000027546b09f88 code [0x0000027546b0a080, 0x0000027546b0a118]
Event: 9346.500 Thread 0x0000027553c6c8a0 18804   !   4       org.springframework.beans.factory.support.FactoryBeanRegistrySupport::getTypeForFactoryBean (22 bytes)
Event: 9346.501 Thread 0x0000027553c6c8a0 nmethod 18804 0x0000027546b09c88 code [0x0000027546b09d80, 0x0000027546b09e30]
Event: 9346.503 Thread 0x0000027553c6d6a0 18817       3       java.lang.invoke.MethodHandles$Lookup::findBoundCallerLookup (30 bytes)
Event: 9346.505 Thread 0x0000027553c6d6a0 nmethod 18817 0x000002753eff5508 code [0x000002753eff5680, 0x000002753eff5c98]
Event: 9346.508 Thread 0x0000027553c6c8a0 18819       4       jdk.internal.loader.BuiltinClassLoader::loadClassOrNull (7 bytes)
Event: 9346.517 Thread 0x0000027553c6d6a0 18820   !   3       jdk.internal.loader.URLClassPath$FileLoader::getResource (153 bytes)
Event: 9346.519 Thread 0x0000027553c6d6a0 nmethod 18820 0x000002753f1d8308 code [0x000002753f1d85c0, 0x000002753f1d9740]
Event: 9346.555 Thread 0x0000027553c6d6a0 18821       3       java.util.WeakHashMap::remove (131 bytes)
Event: 9346.557 Thread 0x0000027553c6d6a0 nmethod 18821 0x000002753eff4788 code [0x000002753eff4960, 0x000002753eff5458]
Event: 9346.595 Thread 0x0000027553c6d6a0 18824       3       jdk.internal.org.objectweb.asm.MethodVisitor::visitInsn (16 bytes)
Event: 9346.595 Thread 0x0000027553c6d6a0 nmethod 18824 0x000002753fa18488 code [0x000002753fa185c0, 0x000002753fa187c8]
Event: 9346.601 Thread 0x0000027553c6d6a0 18825       1       java.lang.invoke.MemberName::getDeclaringClass (5 bytes)
Event: 9346.602 Thread 0x0000027553c6d6a0 nmethod 18825 0x0000027546854e08 code [0x0000027546854f20, 0x0000027546854ff0]
Event: 9346.649 Thread 0x0000027553c6d6a0 18826       3       java.lang.invoke.MethodHandles$Lookup::resolveOrFail (44 bytes)
Event: 9346.651 Thread 0x0000027553c6d6a0 nmethod 18826 0x000002753f751408 code [0x000002753f751640, 0x000002753f7521e0]
Event: 9346.659 Thread 0x0000027553c6d6a0 18827       2       java.lang.invoke.LambdaForm::uncustomize (57 bytes)
Event: 9346.660 Thread 0x0000027553c6d6a0 nmethod 18827 0x000002753eff4408 code [0x000002753eff4540, 0x000002753eff4708]

GC Heap History (20 events):
Event: 6754.696 GC heap before
{Heap before GC invocations=78 (full 0):
 garbage-first heap   total reserved 3086336K, committed 92160K, used 82202K [0x0000000743a00000, 0x0000000800000000)
  region size 2048K, 20 young (40960K), 1 survivors (2048K)
 Metaspace       used 103350K, committed 104448K, reserved 1179648K
  class space    used 13667K, committed 14272K, reserved 1048576K
}
Event: 6754.712 GC heap after
{Heap after GC invocations=79 (full 0):
 garbage-first heap   total reserved 3086336K, committed 92160K, used 42274K [0x0000000743a00000, 0x0000000800000000)
  region size 2048K, 1 young (2048K), 1 survivors (2048K)
 Metaspace       used 103350K, committed 104448K, reserved 1179648K
  class space    used 13667K, committed 14272K, reserved 1048576K
}
Event: 7040.413 GC heap before
{Heap before GC invocations=79 (full 0):
 garbage-first heap   total reserved 3086336K, committed 92160K, used 81186K [0x0000000743a00000, 0x0000000800000000)
  region size 2048K, 20 young (40960K), 1 survivors (2048K)
 Metaspace       used 103381K, committed 104448K, reserved 1179648K
  class space    used 13667K, committed 14272K, reserved 1048576K
}
Event: 7040.418 GC heap after
{Heap after GC invocations=80 (full 0):
 garbage-first heap   total reserved 3086336K, committed 92160K, used 42572K [0x0000000743a00000, 0x0000000800000000)
  region size 2048K, 1 young (2048K), 1 survivors (2048K)
 Metaspace       used 103381K, committed 104448K, reserved 1179648K
  class space    used 13667K, committed 14272K, reserved 1048576K
}
Event: 7307.881 GC heap before
{Heap before GC invocations=81 (full 0):
 garbage-first heap   total reserved 3086336K, committed 92160K, used 81484K [0x0000000743a00000, 0x0000000800000000)
  region size 2048K, 20 young (40960K), 1 survivors (2048K)
 Metaspace       used 103417K, committed 104512K, reserved 1179648K
  class space    used 13667K, committed 14272K, reserved 1048576K
}
Event: 7307.884 GC heap after
{Heap after GC invocations=82 (full 0):
 garbage-first heap   total reserved 3086336K, committed 92160K, used 42996K [0x0000000743a00000, 0x0000000800000000)
  region size 2048K, 1 young (2048K), 1 survivors (2048K)
 Metaspace       used 103417K, committed 104512K, reserved 1179648K
  class space    used 13667K, committed 14272K, reserved 1048576K
}
Event: 7570.473 GC heap before
{Heap before GC invocations=82 (full 0):
 garbage-first heap   total reserved 3086336K, committed 92160K, used 81908K [0x0000000743a00000, 0x0000000800000000)
  region size 2048K, 20 young (40960K), 1 survivors (2048K)
 Metaspace       used 103488K, committed 104576K, reserved 1179648K
  class space    used 13667K, committed 14272K, reserved 1048576K
}
Event: 7570.480 GC heap after
{Heap after GC invocations=83 (full 0):
 garbage-first heap   total reserved 3086336K, committed 92160K, used 42374K [0x0000000743a00000, 0x0000000800000000)
  region size 2048K, 1 young (2048K), 1 survivors (2048K)
 Metaspace       used 103488K, committed 104576K, reserved 1179648K
  class space    used 13667K, committed 14272K, reserved 1048576K
}
Event: 7845.848 GC heap before
{Heap before GC invocations=83 (full 0):
 garbage-first heap   total reserved 3086336K, committed 92160K, used 81286K [0x0000000743a00000, 0x0000000800000000)
  region size 2048K, 20 young (40960K), 1 survivors (2048K)
 Metaspace       used 103573K, committed 104640K, reserved 1179648K
  class space    used 13667K, committed 14272K, reserved 1048576K
}
Event: 7845.851 GC heap after
{Heap after GC invocations=84 (full 0):
 garbage-first heap   total reserved 3086336K, committed 92160K, used 42486K [0x0000000743a00000, 0x0000000800000000)
  region size 2048K, 1 young (2048K), 1 survivors (2048K)
 Metaspace       used 103573K, committed 104640K, reserved 1179648K
  class space    used 13667K, committed 14272K, reserved 1048576K
}
Event: 8116.080 GC heap before
{Heap before GC invocations=85 (full 0):
 garbage-first heap   total reserved 3086336K, committed 92160K, used 81398K [0x0000000743a00000, 0x0000000800000000)
  region size 2048K, 20 young (40960K), 1 survivors (2048K)
 Metaspace       used 103630K, committed 104704K, reserved 1179648K
  class space    used 13668K, committed 14272K, reserved 1048576K
}
Event: 8116.085 GC heap after
{Heap after GC invocations=86 (full 0):
 garbage-first heap   total reserved 3086336K, committed 92160K, used 42605K [0x0000000743a00000, 0x0000000800000000)
  region size 2048K, 1 young (2048K), 1 survivors (2048K)
 Metaspace       used 103630K, committed 104704K, reserved 1179648K
  class space    used 13668K, committed 14272K, reserved 1048576K
}
Event: 8396.237 GC heap before
{Heap before GC invocations=86 (full 0):
 garbage-first heap   total reserved 3086336K, committed 92160K, used 81517K [0x0000000743a00000, 0x0000000800000000)
  region size 2048K, 20 young (40960K), 1 survivors (2048K)
 Metaspace       used 103833K, committed 104768K, reserved 1179648K
  class space    used 13701K, committed 14272K, reserved 1048576K
}
Event: 8396.244 GC heap after
{Heap after GC invocations=87 (full 0):
 garbage-first heap   total reserved 3086336K, committed 92160K, used 42228K [0x0000000743a00000, 0x0000000800000000)
  region size 2048K, 1 young (2048K), 1 survivors (2048K)
 Metaspace       used 103833K, committed 104768K, reserved 1179648K
  class space    used 13701K, committed 14272K, reserved 1048576K
}
Event: 8676.619 GC heap before
{Heap before GC invocations=87 (full 0):
 garbage-first heap   total reserved 3086336K, committed 92160K, used 81140K [0x0000000743a00000, 0x0000000800000000)
  region size 2048K, 20 young (40960K), 1 survivors (2048K)
 Metaspace       used 103925K, committed 104896K, reserved 1179648K
  class space    used 13713K, committed 14272K, reserved 1048576K
}
Event: 8676.622 GC heap after
{Heap after GC invocations=88 (full 0):
 garbage-first heap   total reserved 3086336K, committed 92160K, used 42534K [0x0000000743a00000, 0x0000000800000000)
  region size 2048K, 1 young (2048K), 1 survivors (2048K)
 Metaspace       used 103925K, committed 104896K, reserved 1179648K
  class space    used 13713K, committed 14272K, reserved 1048576K
}
Event: 8908.153 GC heap before
{Heap before GC invocations=89 (full 0):
 garbage-first heap   total reserved 3086336K, committed 92160K, used 79398K [0x0000000743a00000, 0x0000000800000000)
  region size 2048K, 20 young (40960K), 1 survivors (2048K)
 Metaspace       used 103995K, committed 104896K, reserved 1179648K
  class space    used 13717K, committed 14272K, reserved 1048576K
}
Event: 8908.158 GC heap after
{Heap after GC invocations=90 (full 0):
 garbage-first heap   total reserved 3086336K, committed 92160K, used 43696K [0x0000000743a00000, 0x0000000800000000)
  region size 2048K, 1 young (2048K), 1 survivors (2048K)
 Metaspace       used 103995K, committed 104896K, reserved 1179648K
  class space    used 13717K, committed 14272K, reserved 1048576K
}
Event: 9198.172 GC heap before
{Heap before GC invocations=90 (full 0):
 garbage-first heap   total reserved 3086336K, committed 92160K, used 82608K [0x0000000743a00000, 0x0000000800000000)
  region size 2048K, 20 young (40960K), 1 survivors (2048K)
 Metaspace       used 104027K, committed 105024K, reserved 1179648K
  class space    used 13717K, committed 14272K, reserved 1048576K
}
Event: 9198.188 GC heap after
{Heap after GC invocations=91 (full 0):
 garbage-first heap   total reserved 3086336K, committed 92160K, used 42980K [0x0000000743a00000, 0x0000000800000000)
  region size 2048K, 1 young (2048K), 1 survivors (2048K)
 Metaspace       used 104027K, committed 105024K, reserved 1179648K
  class space    used 13717K, committed 14272K, reserved 1048576K
}

Dll operation events (14 events):
Event: 0.027 Loaded shared library C:\Program Files\Java\jdk-23\bin\java.dll
Event: 0.071 Loaded shared library C:\Program Files\Java\jdk-23\bin\jsvml.dll
Event: 0.312 Loaded shared library C:\Program Files\Java\jdk-23\bin\zip.dll
Event: 0.319 Loaded shared library C:\Program Files\Java\jdk-23\bin\instrument.dll
Event: 0.328 Loaded shared library C:\Program Files\Java\jdk-23\bin\net.dll
Event: 0.331 Loaded shared library C:\Program Files\Java\jdk-23\bin\nio.dll
Event: 0.337 Loaded shared library C:\Program Files\Java\jdk-23\bin\zip.dll
Event: 0.728 Loaded shared library C:\Program Files\JetBrains\IntelliJ IDEA Community Edition 2024.2.2\bin\breakgen64.dll
Event: 0.746 Loaded shared library C:\Program Files\Java\jdk-23\bin\extnet.dll
Event: 0.805 Loaded shared library C:\Program Files\Java\jdk-23\bin\jimage.dll
Event: 1.407 Loaded shared library C:\Program Files\Java\jdk-23\bin\management.dll
Event: 1.411 Loaded shared library C:\Program Files\Java\jdk-23\bin\management_ext.dll
Event: 3.701 Loaded shared library C:\Program Files\Java\jdk-23\bin\sunmscapi.dll
Event: 12.252 Loaded shared library C:\Program Files\Java\jdk-23\bin\verify.dll

Deoptimization events (20 events):
Event: 8864.565 Thread 0x000002759aab87d0 Uncommon trap: trap_request=0xffffffbe fr.pc=0x00000275469edbac relative=0x00000000000000ac
Event: 8864.565 Thread 0x000002759aab87d0 Uncommon trap: reason=profile_predicate action=maybe_recompile pc=0x00000275469edbac method=java.math.BigInteger.longValue()J @ 5 c2
Event: 8864.565 Thread 0x000002759aab87d0 DEOPT PACKING pc=0x00000275469edbac sp=0x000000a3e10fd810
Event: 8864.565 Thread 0x000002759aab87d0 DEOPT UNPACKING pc=0x00000275460d7982 sp=0x000000a3e10fd780 mode 2
Event: 8971.608 Thread 0x000002759d5f43c0 Uncommon trap: trap_request=0xffffffc6 fr.pc=0x000002754699d650 relative=0x0000000000000170
Event: 8971.608 Thread 0x000002759d5f43c0 Uncommon trap: reason=bimorphic_or_optimized_type_check action=maybe_recompile pc=0x000002754699d650 method=java.util.HashMap.removeNode(ILjava/lang/Object;Ljava/lang/Object;ZZ)Ljava/util/HashMap$Node; @ 283 c2
Event: 8971.608 Thread 0x000002759d5f43c0 DEOPT PACKING pc=0x000002754699d650 sp=0x000000a3e38fb2f0
Event: 8971.608 Thread 0x000002759d5f43c0 DEOPT UNPACKING pc=0x00000275460d7982 sp=0x000000a3e38fb288 mode 2
Event: 9346.230 Thread 0x000002759aab87d0 Uncommon trap: trap_request=0xfffffff4 fr.pc=0x00000275467c3fe0 relative=0x0000000000004d80
Event: 9346.230 Thread 0x000002759aab87d0 Uncommon trap: reason=null_check action=make_not_entrant pc=0x00000275467c3fe0 method=java.lang.Class.reflectionData()Ljava/lang/Class$ReflectionData; @ 18 c2
Event: 9346.230 Thread 0x000002759aab87d0 DEOPT PACKING pc=0x00000275467c3fe0 sp=0x000000a3e11feef0
Event: 9346.230 Thread 0x000002759aab87d0 DEOPT UNPACKING pc=0x00000275460d7982 sp=0x000000a3e11fece8 mode 2
Event: 9346.257 Thread 0x000002759aab87d0 Uncommon trap: trap_request=0xfffffff4 fr.pc=0x0000027546abb5f0 relative=0x0000000000004290
Event: 9346.257 Thread 0x000002759aab87d0 Uncommon trap: reason=null_check action=make_not_entrant pc=0x0000027546abb5f0 method=java.lang.Class.reflectionData()Ljava/lang/Class$ReflectionData; @ 18 c2
Event: 9346.257 Thread 0x000002759aab87d0 DEOPT PACKING pc=0x0000027546abb5f0 sp=0x000000a3e11fea30
Event: 9346.257 Thread 0x000002759aab87d0 DEOPT UNPACKING pc=0x00000275460d7982 sp=0x000000a3e11fe520 mode 2
Event: 9346.616 Thread 0x000002759aab87d0 Uncommon trap: trap_request=0xffffff45 fr.pc=0x0000027546871988 relative=0x0000000000000c08
Event: 9346.616 Thread 0x000002759aab87d0 Uncommon trap: reason=unstable_if action=reinterpret pc=0x0000027546871988 method=java.util.concurrent.locks.AbstractQueuedSynchronizer.acquire(Ljava/util/concurrent/locks/AbstractQueuedSynchronizer$Node;IZZZJ)I @ 103 c2
Event: 9346.616 Thread 0x000002759aab87d0 DEOPT PACKING pc=0x0000027546871988 sp=0x000000a3e11feef0
Event: 9346.616 Thread 0x000002759aab87d0 DEOPT UNPACKING pc=0x00000275460d7982 sp=0x000000a3e11feea8 mode 2

Classes loaded (20 events):
Event: 795.037 Loading class java/util/function/IntBinaryOperator
Event: 795.037 Loading class java/util/function/IntBinaryOperator done
Event: 795.038 Loading class java/util/stream/ReduceOps$7
Event: 795.038 Loading class java/util/stream/ReduceOps$7 done
Event: 795.038 Loading class java/util/stream/ReduceOps$6ReducingSink
Event: 795.038 Loading class java/util/stream/ReduceOps$6ReducingSink done
Event: 795.038 Loading class java/util/stream/ReferencePipeline$4$1
Event: 795.038 Loading class java/util/stream/ReferencePipeline$4$1 done
Event: 1767.955 Loading class sun/security/ssl/Alert
Event: 1767.958 Loading class sun/security/ssl/Alert done
Event: 1767.958 Loading class sun/security/ssl/Alert$AlertConsumer
Event: 1767.959 Loading class sun/security/ssl/Alert$AlertConsumer done
Event: 1767.959 Loading class sun/security/ssl/Alert$Level
Event: 1767.959 Loading class sun/security/ssl/Alert$Level done
Event: 1767.960 Loading class sun/net/ConnectionResetException
Event: 1767.961 Loading class sun/net/ConnectionResetException done
Event: 9346.185 Loading class jdk/internal/misc/Signal$1
Event: 9346.186 Loading class jdk/internal/misc/Signal$1 done
Event: 9346.616 Loading class java/util/concurrent/locks/AbstractQueuedSynchronizer$SharedNode
Event: 9346.626 Loading class java/util/concurrent/locks/AbstractQueuedSynchronizer$SharedNode done

Classes unloaded (20 events):
Event: 3575.965 Thread 0x0000027553c2f6e0 Unloading class 0x000002755503c000 'java/lang/invoke/LambdaForm$MH+0x000002755503c000'
Event: 3575.965 Thread 0x0000027553c2f6e0 Unloading class 0x0000027555019400 'java/lang/invoke/LambdaForm$MH+0x0000027555019400'
Event: 3575.965 Thread 0x0000027553c2f6e0 Unloading class 0x0000027555018800 'java/lang/invoke/LambdaForm$MH+0x0000027555018800'
Event: 3575.965 Thread 0x0000027553c2f6e0 Unloading class 0x0000027555018400 'java/lang/invoke/LambdaForm$MH+0x0000027555018400'
Event: 3575.965 Thread 0x0000027553c2f6e0 Unloading class 0x0000027555017c00 'java/lang/invoke/LambdaForm$MH+0x0000027555017c00'
Event: 3575.965 Thread 0x0000027553c2f6e0 Unloading class 0x0000027555017800 'java/lang/invoke/LambdaForm$MH+0x0000027555017800'
Event: 3575.965 Thread 0x0000027553c2f6e0 Unloading class 0x0000027555017400 'java/lang/invoke/LambdaForm$MH+0x0000027555017400'
Event: 3575.965 Thread 0x0000027553c2f6e0 Unloading class 0x0000027555016400 'java/lang/invoke/LambdaForm$MH+0x0000027555016400'
Event: 3575.965 Thread 0x0000027553c2f6e0 Unloading class 0x0000027555015400 'java/lang/invoke/LambdaForm$MH+0x0000027555015400'
Event: 3575.965 Thread 0x0000027553c2f6e0 Unloading class 0x0000027555014c00 'java/lang/invoke/LambdaForm$MH+0x0000027555014c00'
Event: 3575.965 Thread 0x0000027553c2f6e0 Unloading class 0x0000027555014400 'java/lang/invoke/LambdaForm$MH+0x0000027555014400'
Event: 3575.965 Thread 0x0000027553c2f6e0 Unloading class 0x0000027555014000 'java/lang/invoke/LambdaForm$MH+0x0000027555014000'
Event: 3575.965 Thread 0x0000027553c2f6e0 Unloading class 0x0000027555002000 'java/lang/invoke/LambdaForm$MH+0x0000027555002000'
Event: 3575.965 Thread 0x0000027553c2f6e0 Unloading class 0x0000027555001c00 'java/lang/invoke/LambdaForm$MH+0x0000027555001c00'
Event: 3575.965 Thread 0x0000027553c2f6e0 Unloading class 0x0000027555001800 'java/lang/invoke/LambdaForm$MH+0x0000027555001800'
Event: 3575.965 Thread 0x0000027553c2f6e0 Unloading class 0x0000027555001000 'java/lang/invoke/LambdaForm$MH+0x0000027555001000'
Event: 4539.634 Thread 0x0000027553c2f6e0 Unloading class 0x000002755501b800 'java/lang/invoke/LambdaForm$MH+0x000002755501b800'
Event: 4539.634 Thread 0x0000027553c2f6e0 Unloading class 0x000002755501b000 'java/lang/invoke/LambdaForm$MH+0x000002755501b000'
Event: 4539.634 Thread 0x0000027553c2f6e0 Unloading class 0x000002755501a800 'java/lang/invoke/LambdaForm$MH+0x000002755501a800'
Event: 4539.634 Thread 0x0000027553c2f6e0 Unloading class 0x000002755501a400 'java/lang/invoke/LambdaForm$MH+0x000002755501a400'

Classes redefined (0 events):
No events

Internal exceptions (20 events):
Event: 5398.905 Thread 0x000002759aabdd20 Implicit null exception at 0x00000275467a98a4 to 0x00000275467a9b70
Event: 5399.893 Thread 0x000002759aab9b80 Implicit null exception at 0x00000275467a98a4 to 0x00000275467a9b70
Event: 5400.880 Thread 0x000002759aab9b80 Implicit null exception at 0x00000275467a98a4 to 0x00000275467a9b70
Event: 5401.892 Thread 0x000002759aabdd20 Implicit null exception at 0x0000027546a80b21 to 0x0000027546a80ddc
Event: 7080.998 Thread 0x000002759aaba210 Exception <a 'java/io/IOException'{0x000000074db79208}> (0x000000074db79208) 
thrown [s\open\src\hotspot\share\prims\jni.cpp, line 520]
Event: 7098.268 Thread 0x000002759aab87d0 Exception <a 'java/io/IOException'{0x000000074d601e50}> (0x000000074d601e50) 
thrown [s\open\src\hotspot\share\prims\jni.cpp, line 520]
Event: 7125.268 Thread 0x000002759aaba210 Exception <a 'java/io/IOException'{0x000000074879d9e0}> (0x000000074879d9e0) 
thrown [s\open\src\hotspot\share\prims\jni.cpp, line 520]
Event: 7125.269 Thread 0x000002759aaba210 Exception <a 'java/io/IOException'{0x000000074879e790}> (0x000000074879e790) 
thrown [s\open\src\hotspot\share\prims\jni.cpp, line 520]
Event: 8176.522 Thread 0x000002759eb0c6a0 Implicit null exception at 0x0000027546abc4cd to 0x0000027546abd74c
Event: 8678.125 Thread 0x000002759eb0c6a0 Implicit null exception at 0x0000027546a7d41d to 0x0000027546a7fe40
Event: 8853.366 Thread 0x000002759aab7ab0 Exception <a 'java/io/IOException'{0x0000000747601e18}> (0x0000000747601e18) 
thrown [s\open\src\hotspot\share\prims\jni.cpp, line 520]
Event: 8853.367 Thread 0x000002759aab7ab0 Exception <a 'java/io/IOException'{0x0000000747602d20}> (0x0000000747602d20) 
thrown [s\open\src\hotspot\share\prims\jni.cpp, line 520]
Event: 8885.516 Thread 0x000002759aab7ab0 Exception <a 'java/io/IOException'{0x00000007473662f8}> (0x00000007473662f8) 
thrown [s\open\src\hotspot\share\prims\jni.cpp, line 520]
Event: 8893.150 Thread 0x000002759aab87d0 Exception <a 'java/io/IOException'{0x00000007470b3360}> (0x00000007470b3360) 
thrown [s\open\src\hotspot\share\prims\jni.cpp, line 520]
Event: 8893.150 Thread 0x000002759aab87d0 Exception <a 'java/io/IOException'{0x00000007470b3fc8}> (0x00000007470b3fc8) 
thrown [s\open\src\hotspot\share\prims\jni.cpp, line 520]
Event: 8906.642 Thread 0x000002759aab87d0 Exception <a 'java/io/IOException'{0x0000000746ce8780}> (0x0000000746ce8780) 
thrown [s\open\src\hotspot\share\prims\jni.cpp, line 520]
Event: 8906.642 Thread 0x000002759aab87d0 Exception <a 'java/io/IOException'{0x0000000746ce93e8}> (0x0000000746ce93e8) 
thrown [s\open\src\hotspot\share\prims\jni.cpp, line 520]
Event: 8927.457 Thread 0x000002759aab7ab0 Exception <a 'java/io/IOException'{0x000000074f7a5d60}> (0x000000074f7a5d60) 
thrown [s\open\src\hotspot\share\prims\jni.cpp, line 520]
Event: 9346.230 Thread 0x000002759aab87d0 Implicit null exception at 0x00000275467bf33d to 0x00000275467c3fbc
Event: 9346.257 Thread 0x000002759aab87d0 Implicit null exception at 0x0000027546ab7a69 to 0x0000027546abb5b0

VM Operations (20 events):
Event: 8719.427 Executing VM operation: HandshakeAllThreads (HandshakeForDeflation)
Event: 8719.427 Executing VM operation: HandshakeAllThreads (HandshakeForDeflation) done
Event: 8719.427 Executing VM operation: RendezvousGCThreads
Event: 8719.427 Executing VM operation: RendezvousGCThreads done
Event: 8779.660 Executing VM operation: HandshakeAllThreads (HandshakeForDeflation)
Event: 8779.660 Executing VM operation: HandshakeAllThreads (HandshakeForDeflation) done
Event: 8779.660 Executing VM operation: RendezvousGCThreads
Event: 8779.660 Executing VM operation: RendezvousGCThreads done
Event: 8839.699 Executing VM operation: HandshakeAllThreads (HandshakeForDeflation)
Event: 8839.699 Executing VM operation: HandshakeAllThreads (HandshakeForDeflation) done
Event: 8839.699 Executing VM operation: RendezvousGCThreads
Event: 8839.699 Executing VM operation: RendezvousGCThreads done
Event: 8908.153 Executing VM operation: G1CollectForAllocation (G1 Evacuation Pause)
Event: 8908.158 Executing VM operation: G1CollectForAllocation (G1 Evacuation Pause) done
Event: 9019.889 Executing VM operation: HandshakeAllThreads (HandshakeForDeflation)
Event: 9019.889 Executing VM operation: HandshakeAllThreads (HandshakeForDeflation) done
Event: 9019.889 Executing VM operation: RendezvousGCThreads
Event: 9019.889 Executing VM operation: RendezvousGCThreads done
Event: 9198.172 Executing VM operation: G1CollectForAllocation (G1 Evacuation Pause)
Event: 9198.188 Executing VM operation: G1CollectForAllocation (G1 Evacuation Pause) done

Memory protections (0 events):
No events

Nmethod flushes (20 events):
Event: 8676.729 Thread 0x0000027553c2f6e0 flushing  nmethod 0x000002753f582f08
Event: 8676.729 Thread 0x0000027553c2f6e0 flushing  nmethod 0x000002753f605e08
Event: 8676.729 Thread 0x0000027553c2f6e0 flushing  nmethod 0x000002753f607688
Event: 8676.729 Thread 0x0000027553c2f6e0 flushing  nmethod 0x000002753f60b008
Event: 8676.729 Thread 0x0000027553c2f6e0 flushing  nmethod 0x000002753f61b908
Event: 8676.729 Thread 0x0000027553c2f6e0 flushing  nmethod 0x000002753f781d88
Event: 8676.729 Thread 0x0000027553c2f6e0 flushing  nmethod 0x000002753f7d2c08
Event: 8676.729 Thread 0x0000027553c2f6e0 flushing  nmethod 0x000002753f831188
Event: 8676.729 Thread 0x0000027553c2f6e0 flushing  nmethod 0x000002753f832e88
Event: 8676.729 Thread 0x0000027553c2f6e0 flushing  nmethod 0x000002753f925e08
Event: 8676.729 Thread 0x0000027553c2f6e0 flushing  nmethod 0x000002753f941208
Event: 8676.729 Thread 0x0000027553c2f6e0 flushing  nmethod 0x000002753faa1988
Event: 8676.729 Thread 0x0000027553c2f6e0 flushing  nmethod 0x000002753faa5088
Event: 8676.729 Thread 0x0000027553c2f6e0 flushing  nmethod 0x000002753fb6d188
Event: 8676.729 Thread 0x0000027553c2f6e0 flushing  nmethod 0x000002753fb98a88
Event: 8676.729 Thread 0x0000027553c2f6e0 flushing  nmethod 0x000002753fb99708
Event: 8676.729 Thread 0x0000027553c2f6e0 flushing  nmethod 0x000002753fc76188
Event: 8676.729 Thread 0x0000027553c2f6e0 flushing  nmethod 0x000002753fca2e08
Event: 8676.729 Thread 0x0000027553c2f6e0 flushing  nmethod 0x000002753fce8408
Event: 8676.729 Thread 0x0000027553c2f6e0 flushing  nmethod 0x000002753fd62408

Events (20 events):
Event: 8898.166 Thread 0x000002759aab87d0 Thread exited: 0x000002759aab87d0
Event: 8898.213 Thread 0x000002759aab7ab0 Thread exited: 0x000002759aab7ab0
Event: 8899.928 Thread 0x000002759aab94f0 Thread added: 0x000002759aab87d0
Event: 8899.929 Thread 0x000002759aab87d0 Thread added: 0x000002759aab7ab0
Event: 8904.942 Thread 0x000002759aab87d0 Thread exited: 0x000002759aab87d0
Event: 8905.005 Thread 0x000002759aab7ab0 Thread exited: 0x000002759aab7ab0
Event: 8906.641 Thread 0x000002759aab94f0 Thread added: 0x000002759aab87d0
Event: 8906.643 Thread 0x000002759aab87d0 Thread added: 0x000002759aab7ab0
Event: 8913.142 Thread 0x000002759aab87d0 Thread exited: 0x000002759aab87d0
Event: 8913.204 Thread 0x000002759aab7ab0 Thread exited: 0x000002759aab7ab0
Event: 8927.456 Thread 0x000002759aab94f0 Thread added: 0x000002759aab7ab0
Event: 8927.457 Thread 0x000002759aab7ab0 Thread added: 0x000002759aab87d0
Event: 8932.472 Thread 0x000002759aab7ab0 Thread exited: 0x000002759aab7ab0
Event: 8932.503 Thread 0x000002759aab87d0 Thread exited: 0x000002759aab87d0
Event: 9346.187 Thread 0x0000027553c4b090 Thread added: 0x000002759aabaf30
Event: 9346.212 Thread 0x000002759aabaf30 Thread added: 0x000002759aab7ab0
Event: 9346.212 Thread 0x000002759aabaf30 Thread added: 0x000002759aab87d0
Event: 9346.214 Thread 0x000002759aab7ab0 Thread exited: 0x000002759aab7ab0
Event: 9346.280 Thread 0x0000027553c6c8a0 Thread added: 0x000002759af2df50
Event: 9346.616 Thread 0x000002759aab87d0 Thread added: 0x000002759aab7ab0


Dynamic libraries:
0x00007ff7601c0000 - 0x00007ff7601d0000 	C:\Program Files\Java\jdk-23\bin\java.exe
0x00007ffd59040000 - 0x00007ffd592a3000 	C:\WINDOWS\SYSTEM32\ntdll.dll
0x00007ffd57b60000 - 0x00007ffd57c27000 	C:\WINDOWS\System32\KERNEL32.DLL
0x00007ffd56ab0000 - 0x00007ffd56e77000 	C:\WINDOWS\System32\KERNELBASE.dll
0x00007ffd56830000 - 0x00007ffd5697c000 	C:\WINDOWS\System32\ucrtbase.dll
0x00007ffd23960000 - 0x00007ffd23977000 	C:\Program Files\Java\jdk-23\bin\jli.dll
0x00007ffd57c30000 - 0x00007ffd57df9000 	C:\WINDOWS\System32\USER32.dll
0x00007ffd38de0000 - 0x00007ffd38dfb000 	C:\Program Files\Java\jdk-23\bin\VCRUNTIME140.dll
0x00007ffd563e0000 - 0x00007ffd56407000 	C:\WINDOWS\System32\win32u.dll
0x00007ffd58fd0000 - 0x00007ffd58ffa000 	C:\WINDOWS\System32\GDI32.dll
0x00007ffd38920000 - 0x00007ffd38bb0000 	C:\WINDOWS\WinSxS\amd64_microsoft.windows.common-controls_6595b64144ccf1df_6.0.26100.3037_none_3e09262ce333c378\COMCTL32.dll
0x00007ffd56410000 - 0x00007ffd5653b000 	C:\WINDOWS\System32\gdi32full.dll
0x00007ffd56540000 - 0x00007ffd565e3000 	C:\WINDOWS\System32\msvcp_win.dll
0x00007ffd58160000 - 0x00007ffd58209000 	C:\WINDOWS\System32\msvcrt.dll
0x00007ffd57f00000 - 0x00007ffd57f2f000 	C:\WINDOWS\System32\IMM32.DLL
0x00007ffd1fc40000 - 0x00007ffd1fc4c000 	C:\Program Files\Java\jdk-23\bin\vcruntime140_1.dll
0x00007ffd0eb00000 - 0x00007ffd0eb8e000 	C:\Program Files\Java\jdk-23\bin\msvcp140.dll
0x00007ffce8730000 - 0x00007ffce9480000 	C:\Program Files\Java\jdk-23\bin\server\jvm.dll
0x00007ffd58590000 - 0x00007ffd58644000 	C:\WINDOWS\System32\ADVAPI32.dll
0x00007ffd57630000 - 0x00007ffd576d6000 	C:\WINDOWS\System32\sechost.dll
0x00007ffd58eb0000 - 0x00007ffd58fc6000 	C:\WINDOWS\System32\RPCRT4.dll
0x00007ffd57e00000 - 0x00007ffd57e74000 	C:\WINDOWS\System32\WS2_32.dll
0x00007ffd56270000 - 0x00007ffd562be000 	C:\WINDOWS\SYSTEM32\POWRPROF.dll
0x00007ffd49890000 - 0x00007ffd4989b000 	C:\WINDOWS\SYSTEM32\VERSION.dll
0x00007ffd38060000 - 0x00007ffd38096000 	C:\WINDOWS\SYSTEM32\WINMM.dll
0x00007ffd56250000 - 0x00007ffd56264000 	C:\WINDOWS\SYSTEM32\UMPDC.dll
0x00007ffd551f0000 - 0x00007ffd5520a000 	C:\WINDOWS\SYSTEM32\kernel.appcore.dll
0x00007ffd1ea30000 - 0x00007ffd1ea3a000 	C:\Program Files\Java\jdk-23\bin\jimage.dll
0x00007ffd53b40000 - 0x00007ffd53d81000 	C:\WINDOWS\SYSTEM32\DBGHELP.DLL
0x00007ffd577c0000 - 0x00007ffd57b3e000 	C:\WINDOWS\System32\combase.dll
0x00007ffd576e0000 - 0x00007ffd577b6000 	C:\WINDOWS\System32\OLEAUT32.dll
0x00007ffd37e60000 - 0x00007ffd37e99000 	C:\WINDOWS\SYSTEM32\dbgcore.DLL
0x00007ffd56980000 - 0x00007ffd56a19000 	C:\WINDOWS\System32\bcryptPrimitives.dll
0x00007ffd1e830000 - 0x00007ffd1e83f000 	C:\Program Files\Java\jdk-23\bin\instrument.dll
0x00007ffd1e840000 - 0x00007ffd1e85e000 	C:\Program Files\Java\jdk-23\bin\java.dll
0x00007ffd583f0000 - 0x00007ffd58585000 	C:\WINDOWS\System32\ole32.dll
0x00007ffd587a0000 - 0x00007ffd58ea4000 	C:\WINDOWS\System32\SHELL32.dll
0x00007ffd540c0000 - 0x00007ffd548f7000 	C:\WINDOWS\SYSTEM32\windows.storage.dll
0x00007ffd58650000 - 0x00007ffd58739000 	C:\WINDOWS\System32\SHCORE.dll
0x00007ffd575b0000 - 0x00007ffd5760d000 	C:\WINDOWS\System32\shlwapi.dll
0x00007ffd562f0000 - 0x00007ffd5631e000 	C:\WINDOWS\SYSTEM32\profapi.dll
0x00007ffcfd650000 - 0x00007ffcfd727000 	C:\Program Files\Java\jdk-23\bin\jsvml.dll
0x00007ffd09760000 - 0x00007ffd09777000 	C:\Program Files\Java\jdk-23\bin\zip.dll
0x00007ffd09670000 - 0x00007ffd09680000 	C:\Program Files\Java\jdk-23\bin\net.dll
0x00007ffd55720000 - 0x00007ffd5578a000 	C:\WINDOWS\system32\mswsock.dll
0x00007ffd00f90000 - 0x00007ffd00fa6000 	C:\Program Files\Java\jdk-23\bin\nio.dll
0x00007ffcfae60000 - 0x00007ffcfae7a000 	C:\Program Files\JetBrains\IntelliJ IDEA Community Edition 2024.2.2\bin\breakgen64.dll
0x00007ffd09660000 - 0x00007ffd09669000 	C:\Program Files\Java\jdk-23\bin\extnet.dll
0x00007ffd396e0000 - 0x00007ffd396ea000 	C:\Program Files\Java\jdk-23\bin\management.dll
0x00007ffd396d0000 - 0x00007ffd396db000 	C:\Program Files\Java\jdk-23\bin\management_ext.dll
0x00007ffd583e0000 - 0x00007ffd583e8000 	C:\WINDOWS\System32\PSAPI.DLL
0x00007ffd1b160000 - 0x00007ffd1b16e000 	C:\Program Files\Java\jdk-23\bin\sunmscapi.dll
0x00007ffd565f0000 - 0x00007ffd56766000 	C:\WINDOWS\System32\CRYPT32.dll
0x00007ffd55bc0000 - 0x00007ffd55bf0000 	C:\WINDOWS\SYSTEM32\ncrypt.dll
0x00007ffd55b70000 - 0x00007ffd55baf000 	C:\WINDOWS\SYSTEM32\NTASN1.dll
0x00007ffd559c0000 - 0x00007ffd559dc000 	C:\WINDOWS\SYSTEM32\CRYPTSP.dll
0x00007ffd55140000 - 0x00007ffd55178000 	C:\WINDOWS\system32\rsaenh.dll
0x00007ffd557c0000 - 0x00007ffd557eb000 	C:\WINDOWS\SYSTEM32\USERENV.dll
0x00007ffd55c00000 - 0x00007ffd55c26000 	C:\WINDOWS\SYSTEM32\bcrypt.dll
0x00007ffd559e0000 - 0x00007ffd559ec000 	C:\WINDOWS\SYSTEM32\CRYPTBASE.dll
0x00007ffd54c50000 - 0x00007ffd54c82000 	C:\WINDOWS\SYSTEM32\IPHLPAPI.DLL
0x00007ffd56e80000 - 0x00007ffd56e8a000 	C:\WINDOWS\System32\NSI.dll
0x00007ffd54cf0000 - 0x00007ffd54e15000 	C:\WINDOWS\SYSTEM32\DNSAPI.dll
0x00007ffd47ed0000 - 0x00007ffd47edb000 	C:\Windows\System32\rasadhlp.dll
0x00007ffd47740000 - 0x00007ffd477c5000 	C:\WINDOWS\System32\fwpuclnt.dll
0x00007ffd34c40000 - 0x00007ffd34c58000 	C:\WINDOWS\system32\napinsp.dll
0x00007ffd34ba0000 - 0x00007ffd34bb2000 	C:\WINDOWS\System32\winrnr.dll
0x00007ffd34b70000 - 0x00007ffd34b92000 	C:\WINDOWS\system32\nlansp_c.dll
0x00007ffd48480000 - 0x00007ffd48496000 	C:\WINDOWS\system32\wshbth.dll
0x00007ffd47c90000 - 0x00007ffd47ca0000 	C:\Program Files\Java\jdk-23\bin\verify.dll
0x00007ffd0a7f0000 - 0x00007ffd0a7f8000 	C:\WINDOWS\system32\wshunix.dll

dbghelp: loaded successfully - version: 4.0.5 - missing functions: none
symbol engine: initialized successfully - sym options: 0x614 - pdb path: .;C:\Program Files\Java\jdk-23\bin;C:\WINDOWS\SYSTEM32;C:\WINDOWS\WinSxS\amd64_microsoft.windows.common-controls_6595b64144ccf1df_6.0.26100.3037_none_3e09262ce333c378;C:\Program Files\Java\jdk-23\bin\server;C:\Program Files\JetBrains\IntelliJ IDEA Community Edition 2024.2.2\bin

VM Arguments:
jvm_args: -javaagent:C:\Program Files\JetBrains\IntelliJ IDEA Community Edition 2024.2.2\lib\idea_rt.jar=49891:C:\Program Files\JetBrains\IntelliJ IDEA Community Edition 2024.2.2\bin -Dfile.encoding=UTF-8 -Dsun.stdout.encoding=UTF-8 -Dsun.stderr.encoding=UTF-8 
java_command: com.ems.ElectionManagementSystemApplication
java_class_path (initial): E:\bright_peers\projects\new\election-management-system\server\target\classes;C:\Users\DELL 10I3 256\.m2\repository\org\springframework\boot\spring-boot-starter-data-jpa\3.4.2\spring-boot-starter-data-jpa-3.4.2.jar;C:\Users\DELL 10I3 256\.m2\repository\org\springframework\boot\spring-boot-starter\3.4.2\spring-boot-starter-3.4.2.jar;C:\Users\DELL 10I3 256\.m2\repository\org\springframework\boot\spring-boot-starter-logging\3.4.2\spring-boot-starter-logging-3.4.2.jar;C:\Users\DELL 10I3 256\.m2\repository\ch\qos\logback\logback-classic\1.5.16\logback-classic-1.5.16.jar;C:\Users\DELL 10I3 256\.m2\repository\ch\qos\logback\logback-core\1.5.16\logback-core-1.5.16.jar;C:\Users\DELL 10I3 256\.m2\repository\org\apache\logging\log4j\log4j-to-slf4j\2.24.3\log4j-to-slf4j-2.24.3.jar;C:\Users\DELL 10I3 256\.m2\repository\org\apache\logging\log4j\log4j-api\2.24.3\log4j-api-2.24.3.jar;C:\Users\DELL 10I3 256\.m2\repository\org\slf4j\jul-to-slf4j\2.0.16\jul-to-slf4j-2.0.16.jar;C:\Users\DELL 10I3 256\.m2\repository\jakarta\annotation\jakarta.annotation-api\2.1.1\jakarta.annotation-api-2.1.1.jar;C:\Users\DELL 10I3 256\.m2\repository\org\springframework\boot\spring-boot-starter-jdbc\3.4.2\spring-boot-starter-jdbc-3.4.2.jar;C:\Users\DELL 10I3 256\.m2\repository\com\zaxxer\HikariCP\5.1.0\HikariCP-5.1.0.jar;C:\Users\DELL 10I3 256\.m2\repository\org\springframework\spring-jdbc\6.2.2\spring-jdbc-6.2.2.jar;C:\Users\DELL 10I3 256\.m2\repository\org\hibernate\orm\hibernate-core\6.6.5.Final\hibernate-core-6.6.5.Final.jar;C:\Users\DELL 10I3 256\.m2\repository\jakarta\persistence\jakarta.persistence-api\3.1.0\jakarta.persistence-api-3.1.0.jar;C:\Users\DELL 10I3 256\.m2\repository\jakarta\transaction\jakarta.transaction-api\2.0.1\jakarta.transaction-api-2.0.1.jar;C:\Users\DELL 10I3 256\.m2\repository\com\fasterxml\classmate\1.7.0\classmate-1.7.0.jar;C:\Users\DELL 10I3 256\.m2\repository\net\bytebuddy\byte-buddy\1.15.11\byte-buddy-1.15.11.jar;C:\Users\DELL 10I3 256\.m2\repository\jakarta\inject\jakarta.inject-api\2.0.1\jakarta.inject-api-2.0.1.jar;C:\Users\DELL 10I3 256\.m2\repository\org\antlr\antlr4-runtime\4.13.0\antlr4-runtime-4.13.0.jar;C:\Users\DELL 10I3 256\.m2\repository\org\springframework\data\spring-data-jpa\3.4.2\spring-data-jpa-3.4.2.jar;C:\Users\DELL 10I3 256\.m2\repository\org\springframework\data\spring-data-commons\3.4.2\spring-data-commons-3.4.2.jar;C:\Users\DELL 10I3 256\.m2\repository\org\springframework\spring-orm\6.2.2\spring-orm-6.2.2.jar;C:\Users\DELL 10I3 256\.m2\repository\org\springframework\spring-context\6.2.2\spring-context-6.2.2.jar;C:\Users\DELL 10I3 256\.m2\repository\org\springframework\spring-tx\6.2.2\spring-tx-6.2.2.jar;C:\Users\DELL 10I3 256\.m2\repository\org\springframework\spring-beans\6.2.2\spring-beans-6.2.2.jar;C:\Users\DELL 10I3 256\.m2\repository\org\slf4j\slf4j-api\2.0.16\slf4j-api-2.0.16.jar;C:\Users\DELL 10I3 256\.m2\repository\org\springframework\spring-aspects\6.2.2\spring-aspects-6.2.2.jar;C:\Users\DELL 10I3 256\.m2\repository\org\aspectj\aspectjweaver\1.9.22.1\aspectjweaver-1.9.22.1.jar;C:\Users\DELL 10I3 256\.m2\repository\org\springframework\boot\spring-boot-starter-web\3.4.2\spring-boot-starter-web-3.4.2.jar;C:\Users\DELL 10I3 256\.m2\repository\org\springframework\boot\spring-boot-starter-json\3.4.2\spring-boot-starter-json-3.4.2.jar;C:\Users\DELL 10I3 256\.m2\repository\com\fasterxml\jackson\datatype\jackson-datatype-jdk8\2.18.2\jackson-datatype-jdk8-2.18.2.jar;C:\Users\DELL 10I3 256\.m2\repository\com\fasterxml\jackson\datatype\jackson-datatype-jsr310\2.18.2\jackson-datatype-jsr310-2.18.2.jar;C:\Users\DELL 10I3 256\.m2\repository\com\fasterxml\jackson\module\jackson-module-parameter-names\2.18.2\jackson-module-parameter-names-2.18.2.jar;C:\Users\DELL 10I3 256\.m2\repository\org\springframework\boot\spring-boot-starter-tomcat\3.4.2\spring-boot-starter-tomcat-3.4.2.jar;C:\Users\DELL 10I3 256\.m2\repository\org\apache\tomcat\embed\tomcat-embed-core\10.1.34\tomcat-embed-core-10.1.34.jar;C:\Users\DELL 10I3 256\.m2\repository\org\apache\tomcat\embed\tomcat-embed-websocket\10.1.34\tomcat-embed-websocket-10.1.34.jar;C:\Users\DELL 10I3 256\.m2\repository\org\springframework\spring-web\6.2.2\spring-web-6.2.2.jar;C:\Users\DELL 10I3 256\.m2\repository\io\micrometer\micrometer-observation\1.14.3\micrometer-observation-1.14.3.jar;C:\Users\DELL 10I3 256\.m2\repository\io\micrometer\micrometer-commons\1.14.3\micrometer-commons-1.14.3.jar;C:\Users\DELL 10I3 256\.m2\repository\org\springframework\spring-webmvc\6.2.2\spring-webmvc-6.2.2.jar;C:\Users\DELL 10I3 256\.m2\repository\org\springframework\spring-expression\6.2.2\spring-expression-6.2.2.jar;C:\Users\DELL 10I3 256\.m2\repository\org\springframework\boot\spring-boot-devtools\3.4.2\spring-boot-devtools-3.4.2.jar;C:\Users\DELL 10I3 256\.m2\repository\org\springframework\boot\spring-boot\3.4.2\spring-boot-3.4.2.jar;C:\Users\DELL 10I3 256\.m2\repository\org\springframework\boot\spring-boot-autoconfigure\3.4.2\spring-boot-autoconfigure-3.4.2.jar;C:\Users\DELL 10I3 256\.m2\repository\org\springframework\boot\spring-boot-starter-validation\3.4.2\spring-boot-starter-validation-3.4.2.jar;C:\Users\DELL 10I3 256\.m2\repository\org\apache\tomcat\embed\tomcat-embed-el\10.1.34\tomcat-embed-el-10.1.34.jar;C:\Users\DELL 10I3 256\.m2\repository\org\hibernate\validator\hibernate-validator\8.0.2.Final\hibernate-validator-8.0.2.Final.jar;C:\Users\DELL 10I3 256\.m2\repository\jakarta\validation\jakarta.validation-api\3.0.2\jakarta.validation-api-3.0.2.jar;C:\Users\DELL 10I3 256\.m2\repository\io\jsonwebtoken\jjwt-api\0.11.5\jjwt-api-0.11.5.jar;C:\Users\DELL 10I3 256\.m2\repository\io\jsonwebtoken\jjwt-impl\0.11.5\jjwt-impl-0.11.5.jar;C:\Users\DELL 10I3 256\.m2\repository\io\jsonwebtoken\jjwt-jackson\0.11.5\jjwt-jackson-0.11.5.jar;C:\Users\DELL 10I3 256\.m2\repository\org\springframework\boot\spring-boot-starter-security\3.4.2\spring-boot-starter-security-3.4.2.jar;C:\Users\DELL 10I3 256\.m2\repository\org\springframework\spring-aop\6.2.2\spring-aop-6.2.2.jar;C:\Users\DELL 10I3 256\.m2\repository\org\springframework\security\spring-security-config\6.4.2\spring-security-config-6.4.2.jar;C:\Users\DELL 10I3 256\.m2\repository\org\springframework\security\spring-security-core\6.4.2\spring-security-core-6.4.2.jar;C:\Users\DELL 10I3 256\.m2\repository\org\springframework\security\spring-security-crypto\6.4.2\spring-security-crypto-6.4.2.jar;C:\Users\DELL 10I3 256\.m2\repository\org\springframework\security\spring-security-web\6.4.2\spring-security-web-6.4.2.jar;C:\Users\DELL 10I3 256\.m2\repository\com\mysql\mysql-connector-j\9.1.0\mysql-connector-j-9.1.0.jar;C:\Users\DELL 10I3 256\.m2\repository\org\projectlombok\lombok\1.18.36\lombok-1.18.36.jar;C:\Users\DELL 10I3 256\.m2\repository\jakarta\xml\bind\jakarta.xml.bind-api\4.0.2\jakarta.xml.bind-api-4.0.2.jar;C:\Users\DELL 10I3 256\.m2\repository\jakarta\activation\jakarta.activation-api\2.1.3\jakarta.activation-api-2.1.3.jar;C:\Users\DELL 10I3 256\.m2\repository\org\springframework\spring-core\6.2.2\spring-core-6.2.2.jar;C:\Users\DELL 10I3 256\.m2\repository\org\springframework\spring-jcl\6.2.2\spring-jcl-6.2.2.jar;C:\Users\DELL 10I3 256\.m2\repository\org\mapstruct\mapstruct\1.6.2\mapstruct-1.6.2.jar;C:\Users\DELL 10I3 256\.m2\repository\org\mapstruct\mapstruct-processor\1.6.2\mapstruct-processor-1.6.2.jar;C:\Users\DELL 10I3 256\.m2\repository\org\projectlombok\lombok-mapstruct-binding\0.2.0\lombok-mapstruct-binding-0.2.0.jar;C:\Users\DELL 10I3 256\.m2\repository\org\springframework\boot\spring-boot-starter-mail\3.4.2\spring-boot-starter-mail-3.4.2.jar;C:\Users\DELL 10I3 256\.m2\repository\org\springframework\spring-context-support\6.2.2\spring-context-support-6.2.2.jar;C:\Users\DELL 10I3 256\.m2\repository\org\eclipse\angus\jakarta.mail\2.0.3\jakarta.mail-2.0.3.jar;C:\Users\DELL 10I3 256\.m2\repository\org\eclipse\angus\angus-activation\2.0.2\angus-activation-2.0.2.jar;C:\Users\DELL 10I3 256\.m2\repository\org\springdoc\springdoc-openapi-starter-webmvc-ui\2.7.0\springdoc-openapi-starter-webmvc-ui-2.7.0.jar;C:\Users\DELL 10I3 256\.m2\repository\org\springdoc\springdoc-openapi-starter-webmvc-api\2.7.0\springdoc-openapi-starter-webmvc-api-2.7.0.jar;C:\Users\DELL 10I3 256\.m2\repository\org\springdoc\springdoc-openapi-starter-common\2.7.0\springdoc-openapi-starter-common-2.7.0.jar;C:\Users\DELL 10I3 256\.m2\repository\io\swagger\core\v3\swagger-core-jakarta\2.2.25\swagger-core-jakarta-2.2.25.jar;C:\Users\DELL 10I3 256\.m2\repository\io\swagger\core\v3\swagger-annotations-jakarta\2.2.25\swagger-annotations-jakarta-2.2.25.jar;C:\Users\DELL 10I3 256\.m2\repository\io\swagger\core\v3\swagger-models-jakarta\2.2.25\swagger-models-jakarta-2.2.25.jar;C:\Users\DELL 10I3 256\.m2\repository\com\fasterxml\jackson\dataformat\jackson-dataformat-yaml\2.18.2\jackson-dataformat-yaml-2.18.2.jar;C:\Users\DELL 10I3 256\.m2\repository\org\webjars\swagger-ui\5.18.2\swagger-ui-5.18.2.jar;C:\Users\DELL 10I3 256\.m2\repository\org\webjars\webjars-locator-lite\1.0.1\webjars-locator-lite-1.0.1.jar;C:\Users\DELL 10I3 256\.m2\repository\org\jspecify\jspecify\1.0.0\jspecify-1.0.0.jar;C:\Users\DELL 10I3 256\.m2\repository\org\hibernate\orm\hibernate-envers\6.5.2.Final\hibernate-envers-6.5.2.Final.jar;C:\Users\DELL 10I3 256\.m2\repository\org\jboss\logging\jboss-logging\3.6.1.Final\jboss-logging-3.6.1.Final.jar;C:\Users\DELL 10I3 256\.m2\repository\org\glassfish\jaxb\jaxb-runtime\4.0.5\jaxb-runtime-4.0.5.jar;C:\Users\DELL 10I3 256\.m2\repository\org\glassfish\jaxb\jaxb-core\4.0.5\jaxb-core-4.0.5.jar;C:\Users\DELL 10I3 256\.m2\repository\org\glassfish\jaxb\txw2\4.0.5\txw2-4.0.5.jar;C:\Users\DELL 10I3 256\.m2\repository\com\sun\istack\istack-commons-runtime\4.1.2\istack-commons-runtime-4.1.2.jar;C:\Users\DELL 10I3 256\.m2\repository\org\hibernate\common\hibernate-commons-annotations\6.0.6.Final\hibernate-commons-annotations-6.0.6.Final.jar;C:\Users\DELL 10I3 256\.m2\repository\io\smallrye\jandex\3.1.2\jandex-3.1.2.jar;C:\Users\DELL 10I3 256\.m2\repository\com\fasterxml\jackson\core\jackson-databind\2.15.0\jackson-databind-2.15.0.jar;C:\Users\DELL 10I3 256\.m2\repository\com\fasterxml\jackson\core\jackson-annotations\2.18.2\jackson-annotations-2.18.2.jar;C:\Users\DELL 10I3 256\.m2\repository\com\fasterxml\jackson\core\jackson-core\2.18.2\jackson-core-2.18.2.jar;C:\Users\DELL 10I3 256\.m2\repository\org\springframework\boot\spring-boot-starter-data-mongodb\3.4.2\spring-boot-starter-data-mongodb-3.4.2.jar;C:\Users\DELL 10I3 256\.m2\repository\org\mongodb\mongodb-driver-sync\5.2.1\mongodb-driver-sync-5.2.1.jar;C:\Users\DELL 10I3 256\.m2\repository\org\mongodb\bson\5.2.1\bson-5.2.1.jar;C:\Users\DELL 10I3 256\.m2\repository\org\mongodb\mongodb-driver-core\5.2.1\mongodb-driver-core-5.2.1.jar;C:\Users\DELL 10I3 256\.m2\repository\org\mongodb\bson-record-codec\5.2.1\bson-record-codec-5.2.1.jar;C:\Users\DELL 10I3 256\.m2\repository\org\springframework\data\spring-data-mongodb\4.4.2\spring-data-mongodb-4.4.2.jar;C:\Users\DELL 10I3 256\.m2\repository\org\liquibase\liquibase-core\4.23.1\liquibase-core-4.23.1.jar;C:\Users\DELL 10I3 256\.m2\repository\com\opencsv\opencsv\5.7.1\opencsv-5.7.1.jar;C:\Users\DELL 10I3 256\.m2\repository\org\apache\commons\commons-lang3\3.17.0\commons-lang3-3.17.0.jar;C:\Users\DELL 10I3 256\.m2\repository\org\apache\commons\commons-text\1.10.0\commons-text-1.10.0.jar;C:\Users\DELL 10I3 256\.m2\repository\org\apache\commons\commons-collections4\4.4\commons-collections4-4.4.jar;C:\Users\DELL 10I3 256\.m2\repository\org\yaml\snakeyaml\2.3\snakeyaml-2.3.jar;C:\Users\DELL 10I3 256\.m2\repository\javax\xml\bind\jaxb-api\2.3.1\jaxb-api-2.3.1.jar;C:\Users\DELL 10I3 256\.m2\repository\javax\activation\javax.activation-api\1.2.0\javax.activation-api-1.2.0.jar
Launcher Type: SUN_STANDARD

[Global flags]
     intx CICompilerCount                          = 3                                         {product} {ergonomic}
     uint ConcGCThreads                            = 1                                         {product} {ergonomic}
     uint G1ConcRefinementThreads                  = 4                                         {product} {ergonomic}
   size_t G1HeapRegionSize                         = 2097152                                   {product} {ergonomic}
   size_t InitialHeapSize                          = 199229440                                 {product} {ergonomic}
   size_t MarkStackSize                            = 4194304                                   {product} {ergonomic}
   size_t MarkStackSizeMax                         = 536870912                                 {product} {ergonomic}
   size_t MaxHeapSize                              = 3160408064                                {product} {ergonomic}
   size_t MaxNewSize                               = 1895825408                                {product} {ergonomic}
   size_t MinHeapDeltaBytes                        = 2097152                                   {product} {ergonomic}
   size_t MinHeapSize                              = 8388608                                   {product} {ergonomic}
    uintx NonNMethodCodeHeapSize                   = 5832704                                {pd product} {ergonomic}
    uintx NonProfiledCodeHeapSize                  = 122945536                              {pd product} {ergonomic}
    uintx ProfiledCodeHeapSize                     = 122880000                              {pd product} {ergonomic}
    uintx ReservedCodeCacheSize                    = 251658240                              {pd product} {ergonomic}
     bool SegmentedCodeCache                       = true                                      {product} {ergonomic}
   size_t SoftMaxHeapSize                          = 3160408064                             {manageable} {ergonomic}
     bool UseCompressedOops                        = true                           {product lp64_product} {ergonomic}
     bool UseG1GC                                  = true                                      {product} {ergonomic}
     bool UseLargePagesIndividualAllocation        = false                                  {pd product} {ergonomic}

Logging:
Log output configuration:
 #0: stdout all=warning uptime,level,tags foldmultilines=false
 #1: stderr all=off uptime,level,tags foldmultilines=false

Environment Variables:
JAVA_HOME=C:\Program Files\Java\jdk-23
CLASSPATH=C:\apache-tomcat-6.0.14\lib\servlet-api.jar
PATH=C:\Program Files\Common Files\Oracle\Java\javapath;C:\Program Files (x86)\VMware\VMware Player\bin\;C:\oraclexe\app\oracle\product\11.2.0\server\bin;C:\WINDOWS;C:\WINDOWS\System32\Wbem;C:\WINDOWS\System32\WindowsPowerShell\v1.0\;C:\WINDOWS\System32\OpenSSH\;C:\MinGW\bin;C:\Program Files\Git\cmd;C:\Program Files\dotnet\;C:\ProgramData\ComposerSetup\bin;C:\Program Files\Java\jdk-23\bin;C:\apache-maven-3.9.6\bin;C:\gradle-8.6\bin;C:\Program Files\PostgreSQL\16\bin;C:\Program Files\Microsoft SQL Server\150\Tools\Binn\;C:\Program Files\Microsoft SQL Server\Client SDK\ODBC\170\Tools\Binn\;C:\Program Files (x86)\Microsoft SQL Server\160\Tools\Binn\;C:\Program Files\Microsoft SQL Server\160\Tools\Binn\;C:\Program Files\Microsoft SQL Server\160\DTS\Binn\;C:\Program Files\Microsoft SQL Server\130\Tools\Binn\;C:\Program Files (x86)\Microsoft SQL Server\160\DTS\Binn\;C:\WINDOWS\system32;C:\Program Files\MySQL\MySQL Server 8.0\bin;C:\Program Files\Docker\Docker\resources\bin;C:\Program Files\nodejs\;C:\ProgramData\chocolatey\bin;C:\Users\DELL 10I3 256\AppData\Local\Programs\Python\Python310\Scripts\;C:\xampp\php;C:\Users\DELL 10I3 256\AppData\Local\Programs\Microsoft VS Code\bin;C:\Users\DELL 10I3 256\AppData\Local\Microsoft\WindowsApps;C:\Users\DELL 10I3 256\AppData\Roaming\Composer\vendor\bin;C:\Program Files\MongoDB\Server\5.0\bin;C:\Users\DELL 10I3 256\AppData\Local\GitHubDesktop\bin;C:\Users\DELL 10I3 256\AppData\Local\Programs\Python\Python310;C:\Program Files\JetBrains\IntelliJ IDEA Community Edition 2024.2.2\bin;;C:\apache-maven-3.9.6\bin;C:\Users\DELL 10I3 256\AppData\Roaming\npm;
USERNAME=DELL 10I3 256
OS=Windows_NT
PROCESSOR_IDENTIFIER=Intel64 Family 6 Model 126 Stepping 5, GenuineIntel
TMP=C:\Users\DELL 10I3 256\AppData\Local\Temp
TEMP=C:\Users\DELL 10I3 256\AppData\Local\Temp




Periodic native trim disabled

---------------  S Y S T E M  ---------------

OS:
 Windows 11 , 64 bit Build 26100 (10.0.26100.3037)
OS uptime: 0 days 2:41 hours
Hyper-V role detected

CPU: total 4 (initial active 4) (2 cores per cpu, 2 threads per core) family 6 model 126 stepping 5 microcode 0xc2, cx8, cmov, fxsr, ht, mmx, 3dnowpref, sse, sse2, sse3, ssse3, sse4.1, sse4.2, popcnt, lzcnt, tsc, tscinvbit, avx, avx2, aes, erms, clmul, bmi1, bmi2, adx, avx512f, avx512dq, avx512cd, avx512bw, avx512vl, sha, fma, vzeroupper, avx512_vpopcntdq, avx512_vpclmulqdq, avx512_vaes, avx512_vnni, clflush, clflushopt, avx512_vbmi2, avx512_vbmi, hv, rdtscp, rdpid, fsrm, gfni, avx512_bitalg, f16c, avx512_ifma
Processor Information for processor 0
  Max Mhz: 1190, Current Mhz: 991, Mhz Limit: 1190
Processor Information for processor 1
  Max Mhz: 1190, Current Mhz: 1190, Mhz Limit: 1190
Processor Information for processor 2
  Max Mhz: 1190, Current Mhz: 991, Mhz Limit: 1190
Processor Information for processor 3
  Max Mhz: 1190, Current Mhz: 1190, Mhz Limit: 1190

Memory: 4k page, system-wide physical 12055M (1790M free)
TotalPageFile size 16151M (AvailPageFile size 5M)
current process WorkingSet (physical memory assigned to process): 261M, peak: 368M
current process commit charge ("private bytes"): 397M, peak: 402M

vm_info: Java HotSpot(TM) 64-Bit Server VM (23.0.2+7-58) for windows-amd64 JRE (23.0.2+7-58), built on 2024-11-29T09:34:55Z with MS VC++ 17.6 (VS2022)

END.
