#
# There is insufficient memory for the Java Runtime Environment to continue.
# Native memory allocation (malloc) failed to allocate 32744 bytes. Error detail: Chunk::new
# Possible reasons:
#   The system is out of physical RAM or swap space
#   This process is running with CompressedOops enabled, and the Java Heap may be blocking the growth of the native heap
# Possible solutions:
#   Reduce memory load on the system
#   Increase physical memory or swap space
#   Check if swap backing store is full
#   Decrease Java heap size (-Xmx/-Xms)
#   Decrease number of Java threads
#   Decrease Java thread stack sizes (-Xss)
#   Set larger code cache with -XX:ReservedCodeCacheSize=
#   JVM is running with Zero Based Compressed Oops mode in which the Java heap is
#     placed in the first 32GB address space. The Java Heap base address is the
#     maximum limit for the native heap growth. Please use -XX:HeapBaseMinAddress
#     to set the Java Heap base and to place the Java Heap above 32GB virtual address.
# This output file may be truncated or incomplete.
#
#  Out of Memory Error (arena.cpp:149), pid=13248, tid=20456
#
# JRE version: Java(TM) SE Runtime Environment (23.0.2+7) (build 23.0.2+7-58)
# Java VM: Java HotSpot(TM) 64-Bit Server VM (23.0.2+7-58, mixed mode, sharing, tiered, compressed oops, compressed class ptrs, g1 gc, windows-amd64)
# No core dump will be written. Minidumps are not enabled by default on client versions of Windows
#

---------------  S U M M A R Y ------------

Command Line: -javaagent:C:\Program Files\JetBrains\IntelliJ IDEA Community Edition 2024.2.2\lib\idea_rt.jar=53866:C:\Program Files\JetBrains\IntelliJ IDEA Community Edition 2024.2.2\bin -Dfile.encoding=UTF-8 -Dsun.stdout.encoding=UTF-8 -Dsun.stderr.encoding=UTF-8 com.ems.ElectionManagementSystemApplication

Host: Intel(R) Core(TM) i3-1005G1 CPU @ 1.20GHz, 4 cores, 11G,  Windows 11 , 64 bit Build 26100 (10.0.26100.3037)
Time: Thu Feb 20 13:02:56 2025 India Standard Time elapsed time: 2.576473 seconds (0d 0h 0m 2s)

---------------  T H R E A D  ---------------

Current thread (0x000001f8ffa699f0):  JavaThread "C1 CompilerThread0" daemon [_thread_in_native, id=20456, stack(0x000000830ef00000,0x000000830f000000) (1024K)]


Current CompileTask:
C1:2576 2452       3       java.lang.invoke.InnerClassLambdaMetafactory$ForwardingMethodGenerator::generate (272 bytes)

Stack: [0x000000830ef00000,0x000000830f000000]
Native frames: (J=compiled Java code, j=interpreted, Vv=VM code, C=native code)
V  [jvm.dll+0x6e0b99]  (no source info available)
V  [jvm.dll+0x87e2b3]  (no source info available)
V  [jvm.dll+0x88073e]  (no source info available)
V  [jvm.dll+0x880e13]  (no source info available)
V  [jvm.dll+0x27b006]  (no source info available)
V  [jvm.dll+0xbc06f]  (no source info available)
V  [jvm.dll+0xbc2cb]  (no source info available)
V  [jvm.dll+0x190d57]  (no source info available)
V  [jvm.dll+0x1919c2]  (no source info available)
V  [jvm.dll+0x191a7d]  (no source info available)
V  [jvm.dll+0x194069]  (no source info available)
V  [jvm.dll+0x195684]  (no source info available)
V  [jvm.dll+0x150a72]  (no source info available)
V  [jvm.dll+0x15022f]  (no source info available)
V  [jvm.dll+0x1504db]  (no source info available)
V  [jvm.dll+0x14f8a8]  (no source info available)
V  [jvm.dll+0x1516ed]  (no source info available)
V  [jvm.dll+0x253df1]  (no source info available)
V  [jvm.dll+0x2520aa]  (no source info available)
V  [jvm.dll+0x3ee226]  (no source info available)
V  [jvm.dll+0x8254cb]  (no source info available)
V  [jvm.dll+0x6df345]  (no source info available)
C  [ucrtbase.dll+0x37b0]  (no source info available)
C  [KERNEL32.DLL+0x2e8d7]  (no source info available)
C  [ntdll.dll+0xbbf2c]  (no source info available)

Lock stack of current Java thread (top to bottom):


---------------  P R O C E S S  ---------------

Threads class SMR info:
_java_thread_list=0x000001f8d7f0cff0, length=16, elements={
0x000001f8f416b7e0, 0x000001f8ffa4f940, 0x000001f8ffa525b0, 0x000001f8ffa578a0,
0x000001f8ffa58300, 0x000001f8ffa59d70, 0x000001f8ffa5a900, 0x000001f8ffa68e10,
0x000001f8ffa699f0, 0x000001f8ffa293b0, 0x000001f8d7397610, 0x000001f8d7397c80,
0x000001f8d774df30, 0x000001f8d7d2f120, 0x000001f8d7d32350, 0x000001f8d7f28e20
}

Java Threads: ( => current thread )
  0x000001f8f416b7e0 JavaThread "main"                              [_thread_blocked, id=4392, stack(0x000000830e000000,0x000000830e100000) (1024K)]
  0x000001f8ffa4f940 JavaThread "Reference Handler"          daemon [_thread_blocked, id=6796, stack(0x000000830e800000,0x000000830e900000) (1024K)]
  0x000001f8ffa525b0 JavaThread "Finalizer"                  daemon [_thread_blocked, id=14260, stack(0x000000830e900000,0x000000830ea00000) (1024K)]
  0x000001f8ffa578a0 JavaThread "Signal Dispatcher"          daemon [_thread_blocked, id=19936, stack(0x000000830ea00000,0x000000830eb00000) (1024K)]
  0x000001f8ffa58300 JavaThread "Attach Listener"            daemon [_thread_blocked, id=19492, stack(0x000000830eb00000,0x000000830ec00000) (1024K)]
  0x000001f8ffa59d70 JavaThread "Service Thread"             daemon [_thread_blocked, id=16608, stack(0x000000830ec00000,0x000000830ed00000) (1024K)]
  0x000001f8ffa5a900 JavaThread "Monitor Deflation Thread"   daemon [_thread_blocked, id=2976, stack(0x000000830ed00000,0x000000830ee00000) (1024K)]
  0x000001f8ffa68e10 JavaThread "C2 CompilerThread0"         daemon [_thread_in_native, id=11824, stack(0x000000830ee00000,0x000000830ef00000) (1024K)]
=>0x000001f8ffa699f0 JavaThread "C1 CompilerThread0"         daemon [_thread_in_native, id=20456, stack(0x000000830ef00000,0x000000830f000000) (1024K)]
  0x000001f8ffa293b0 JavaThread "Common-Cleaner"             daemon [_thread_blocked, id=8580, stack(0x000000830f000000,0x000000830f100000) (1024K)]
  0x000001f8d7397610 JavaThread "Monitor Ctrl-Break"         daemon [_thread_in_native, id=18212, stack(0x000000830f200000,0x000000830f300000) (1024K)]
  0x000001f8d7397c80 JavaThread "Notification Thread"        daemon [_thread_blocked, id=14484, stack(0x000000830f300000,0x000000830f400000) (1024K)]
  0x000001f8d774df30 JavaThread "C2 CompilerThread1"         daemon [_thread_in_native, id=7552, stack(0x000000830f100000,0x000000830f200000) (1024K)]
  0x000001f8d7d2f120 JavaThread "Thread-0"                          [_thread_blocked, id=19300, stack(0x000000830f700000,0x000000830f800000) (1024K)]
  0x000001f8d7d32350 JavaThread "restartedMain"                     [_thread_in_native, id=17272, stack(0x000000830f800000,0x000000830f900000) (1024K)]
  0x000001f8d7f28e20 JavaThread "background-preinit"                [_thread_in_native, id=20312, stack(0x000000830f900000,0x000000830fa00000) (1024K)]
Total: 16

Other Threads:
  0x000001f8ffa3b570 VMThread "VM Thread"                           [id=5092, stack(0x000000830e700000,0x000000830e800000) (1024K)]
  0x000001f8ffa28650 WatcherThread "VM Periodic Task Thread"        [id=18596, stack(0x000000830e600000,0x000000830e700000) (1024K)]
  0x000001f8f41c0670 WorkerThread "GC Thread#0"                     [id=10540, stack(0x000000830e100000,0x000000830e200000) (1024K)]
  0x000001f8d7951f90 WorkerThread "GC Thread#1"                     [id=4736, stack(0x000000830f400000,0x000000830f500000) (1024K)]
  0x000001f8d7952340 WorkerThread "GC Thread#2"                     [id=18936, stack(0x000000830f500000,0x000000830f600000) (1024K)]
  0x000001f8d79526f0 WorkerThread "GC Thread#3"                     [id=21384, stack(0x000000830f600000,0x000000830f700000) (1024K)]
  0x000001f8f41d0130 ConcurrentGCThread "G1 Main Marker"            [id=20736, stack(0x000000830e200000,0x000000830e300000) (1024K)]
  0x000001f8f41d0b50 WorkerThread "G1 Conc#0"                       [id=12992, stack(0x000000830e300000,0x000000830e400000) (1024K)]
  0x000001f8f421e840 ConcurrentGCThread "G1 Refine#0"               [id=11680, stack(0x000000830e400000,0x000000830e500000) (1024K)]
  0x000001f8ff8e84e0 ConcurrentGCThread "G1 Service"                [id=2948, stack(0x000000830e500000,0x000000830e600000) (1024K)]
Total: 10

Threads with active compile tasks:
C2 CompilerThread0  2785 2433       4       java.lang.invoke.MethodType::makeImpl (109 bytes)
C1 CompilerThread0  2785 2452       3       java.lang.invoke.InnerClassLambdaMetafactory$ForwardingMethodGenerator::generate (272 bytes)
C2 CompilerThread1  2785 2429   !   4       java.net.URL::<init> (543 bytes)
Total: 3

VM state: not at safepoint (normal execution)

VM Mutex/Monitor currently owned by a thread: None

Heap address: 0x0000000743a00000, size: 3014 MB, Compressed Oops mode: Zero based, Oop shift amount: 3

CDS archive(s) mapped at: [0x000001f892000000-0x000001f892d70000-0x000001f892d70000), size 14090240, SharedBaseAddress: 0x000001f892000000, ArchiveRelocationMode: 1.
Compressed class space mapped at: 0x000001f893000000-0x000001f8d3000000, reserved size: 1073741824
Narrow klass base: 0x000001f892000000, Narrow klass shift: 0, Narrow klass range: 0x41000000

GC Precious Log:
 CardTable entry size: 512
 Card Set container configuration: InlinePtr #cards 4 size 8 Array Of Cards #cards 16 size 48 Howl #buckets 8 coarsen threshold 3686 Howl Bitmap #cards 512 size 80 coarsen threshold 460 Card regions per heap region 1 cards per card region 4096
 CPUs: 4 total, 4 available
 Memory: 12055M
 Large Page Support: Disabled
 NUMA Support: Disabled
 Compressed Oops: Enabled (Zero based)
 Heap Region Size: 2M
 Heap Min Capacity: 8M
 Heap Initial Capacity: 190M
 Heap Max Capacity: 3014M
 Pre-touch: Disabled
 Parallel Workers: 4
 Concurrent Workers: 1
 Concurrent Refinement Workers: 4
 Periodic GC: Disabled

Heap:
 garbage-first heap   total reserved 3086336K, committed 194560K, used 21148K [0x0000000743a00000, 0x0000000800000000)
  region size 2048K, 9 young (18432K), 2 survivors (4096K)
 Metaspace       used 17947K, committed 18304K, reserved 1114112K
  class space    used 2338K, committed 2496K, reserved 1048576K

Heap Regions: E=young(eden), S=young(survivor), O=old, HS=humongous(starts), HC=humongous(continues), CS=collection set, F=free, TAMS=top-at-mark-start, PB=parsable bottom
|   0|0x0000000743a00000, 0x0000000743c00000, 0x0000000743c00000|100%| O|  |TAMS 0x0000000743a00000| PB 0x0000000743a00000| Untracked |  0
|   1|0x0000000743c00000, 0x0000000743e00000, 0x0000000743e00000|100%| O|  |TAMS 0x0000000743c00000| PB 0x0000000743c00000| Untracked |  0
|   2|0x0000000743e00000, 0x0000000744000000, 0x0000000744000000|100%| O|  |TAMS 0x0000000743e00000| PB 0x0000000743e00000| Untracked |  0
|   3|0x0000000744000000, 0x0000000744168588, 0x0000000744200000| 70%| O|  |TAMS 0x0000000744000000| PB 0x0000000744000000| Untracked |  0
|   4|0x0000000744200000, 0x0000000744200000, 0x0000000744400000|  0%| F|  |TAMS 0x0000000744200000| PB 0x0000000744200000| Untracked |  0
|   5|0x0000000744400000, 0x0000000744400000, 0x0000000744600000|  0%| F|  |TAMS 0x0000000744400000| PB 0x0000000744400000| Untracked |  0
|   6|0x0000000744600000, 0x0000000744600000, 0x0000000744800000|  0%| F|  |TAMS 0x0000000744600000| PB 0x0000000744600000| Untracked |  0
|   7|0x0000000744800000, 0x0000000744800000, 0x0000000744a00000|  0%| F|  |TAMS 0x0000000744800000| PB 0x0000000744800000| Untracked |  0
|   8|0x0000000744a00000, 0x0000000744a00000, 0x0000000744c00000|  0%| F|  |TAMS 0x0000000744a00000| PB 0x0000000744a00000| Untracked |  0
|   9|0x0000000744c00000, 0x0000000744c00000, 0x0000000744e00000|  0%| F|  |TAMS 0x0000000744c00000| PB 0x0000000744c00000| Untracked |  0
|  10|0x0000000744e00000, 0x0000000744e00000, 0x0000000745000000|  0%| F|  |TAMS 0x0000000744e00000| PB 0x0000000744e00000| Untracked |  0
|  11|0x0000000745000000, 0x0000000745000000, 0x0000000745200000|  0%| F|  |TAMS 0x0000000745000000| PB 0x0000000745000000| Untracked |  0
|  12|0x0000000745200000, 0x0000000745200000, 0x0000000745400000|  0%| F|  |TAMS 0x0000000745200000| PB 0x0000000745200000| Untracked |  0
|  13|0x0000000745400000, 0x0000000745400000, 0x0000000745600000|  0%| F|  |TAMS 0x0000000745400000| PB 0x0000000745400000| Untracked |  0
|  14|0x0000000745600000, 0x0000000745600000, 0x0000000745800000|  0%| F|  |TAMS 0x0000000745600000| PB 0x0000000745600000| Untracked |  0
|  15|0x0000000745800000, 0x0000000745800000, 0x0000000745a00000|  0%| F|  |TAMS 0x0000000745800000| PB 0x0000000745800000| Untracked |  0
|  16|0x0000000745a00000, 0x0000000745a00000, 0x0000000745c00000|  0%| F|  |TAMS 0x0000000745a00000| PB 0x0000000745a00000| Untracked |  0
|  17|0x0000000745c00000, 0x0000000745c00000, 0x0000000745e00000|  0%| F|  |TAMS 0x0000000745c00000| PB 0x0000000745c00000| Untracked |  0
|  18|0x0000000745e00000, 0x0000000745e00000, 0x0000000746000000|  0%| F|  |TAMS 0x0000000745e00000| PB 0x0000000745e00000| Untracked |  0
|  19|0x0000000746000000, 0x0000000746000000, 0x0000000746200000|  0%| F|  |TAMS 0x0000000746000000| PB 0x0000000746000000| Untracked |  0
|  20|0x0000000746200000, 0x0000000746200000, 0x0000000746400000|  0%| F|  |TAMS 0x0000000746200000| PB 0x0000000746200000| Untracked |  0
|  21|0x0000000746400000, 0x0000000746400000, 0x0000000746600000|  0%| F|  |TAMS 0x0000000746400000| PB 0x0000000746400000| Untracked |  0
|  22|0x0000000746600000, 0x0000000746600000, 0x0000000746800000|  0%| F|  |TAMS 0x0000000746600000| PB 0x0000000746600000| Untracked |  0
|  23|0x0000000746800000, 0x0000000746800000, 0x0000000746a00000|  0%| F|  |TAMS 0x0000000746800000| PB 0x0000000746800000| Untracked |  0
|  24|0x0000000746a00000, 0x0000000746a00000, 0x0000000746c00000|  0%| F|  |TAMS 0x0000000746a00000| PB 0x0000000746a00000| Untracked |  0
|  25|0x0000000746c00000, 0x0000000746c00000, 0x0000000746e00000|  0%| F|  |TAMS 0x0000000746c00000| PB 0x0000000746c00000| Untracked |  0
|  26|0x0000000746e00000, 0x0000000746e00000, 0x0000000747000000|  0%| F|  |TAMS 0x0000000746e00000| PB 0x0000000746e00000| Untracked |  0
|  27|0x0000000747000000, 0x0000000747000000, 0x0000000747200000|  0%| F|  |TAMS 0x0000000747000000| PB 0x0000000747000000| Untracked |  0
|  28|0x0000000747200000, 0x0000000747200000, 0x0000000747400000|  0%| F|  |TAMS 0x0000000747200000| PB 0x0000000747200000| Untracked |  0
|  29|0x0000000747400000, 0x0000000747400000, 0x0000000747600000|  0%| F|  |TAMS 0x0000000747400000| PB 0x0000000747400000| Untracked |  0
|  30|0x0000000747600000, 0x0000000747600000, 0x0000000747800000|  0%| F|  |TAMS 0x0000000747600000| PB 0x0000000747600000| Untracked |  0
|  31|0x0000000747800000, 0x0000000747800000, 0x0000000747a00000|  0%| F|  |TAMS 0x0000000747800000| PB 0x0000000747800000| Untracked |  0
|  32|0x0000000747a00000, 0x0000000747a00000, 0x0000000747c00000|  0%| F|  |TAMS 0x0000000747a00000| PB 0x0000000747a00000| Untracked |  0
|  33|0x0000000747c00000, 0x0000000747c00000, 0x0000000747e00000|  0%| F|  |TAMS 0x0000000747c00000| PB 0x0000000747c00000| Untracked |  0
|  34|0x0000000747e00000, 0x0000000747e00000, 0x0000000748000000|  0%| F|  |TAMS 0x0000000747e00000| PB 0x0000000747e00000| Untracked |  0
|  35|0x0000000748000000, 0x0000000748000000, 0x0000000748200000|  0%| F|  |TAMS 0x0000000748000000| PB 0x0000000748000000| Untracked |  0
|  36|0x0000000748200000, 0x0000000748200000, 0x0000000748400000|  0%| F|  |TAMS 0x0000000748200000| PB 0x0000000748200000| Untracked |  0
|  37|0x0000000748400000, 0x0000000748400000, 0x0000000748600000|  0%| F|  |TAMS 0x0000000748400000| PB 0x0000000748400000| Untracked |  0
|  38|0x0000000748600000, 0x0000000748600000, 0x0000000748800000|  0%| F|  |TAMS 0x0000000748600000| PB 0x0000000748600000| Untracked |  0
|  39|0x0000000748800000, 0x0000000748800000, 0x0000000748a00000|  0%| F|  |TAMS 0x0000000748800000| PB 0x0000000748800000| Untracked |  0
|  40|0x0000000748a00000, 0x0000000748a00000, 0x0000000748c00000|  0%| F|  |TAMS 0x0000000748a00000| PB 0x0000000748a00000| Untracked |  0
|  41|0x0000000748c00000, 0x0000000748c00000, 0x0000000748e00000|  0%| F|  |TAMS 0x0000000748c00000| PB 0x0000000748c00000| Untracked |  0
|  42|0x0000000748e00000, 0x0000000748e00000, 0x0000000749000000|  0%| F|  |TAMS 0x0000000748e00000| PB 0x0000000748e00000| Untracked |  0
|  43|0x0000000749000000, 0x0000000749000000, 0x0000000749200000|  0%| F|  |TAMS 0x0000000749000000| PB 0x0000000749000000| Untracked |  0
|  44|0x0000000749200000, 0x0000000749200000, 0x0000000749400000|  0%| F|  |TAMS 0x0000000749200000| PB 0x0000000749200000| Untracked |  0
|  45|0x0000000749400000, 0x0000000749400000, 0x0000000749600000|  0%| F|  |TAMS 0x0000000749400000| PB 0x0000000749400000| Untracked |  0
|  46|0x0000000749600000, 0x0000000749600000, 0x0000000749800000|  0%| F|  |TAMS 0x0000000749600000| PB 0x0000000749600000| Untracked |  0
|  47|0x0000000749800000, 0x0000000749800000, 0x0000000749a00000|  0%| F|  |TAMS 0x0000000749800000| PB 0x0000000749800000| Untracked |  0
|  48|0x0000000749a00000, 0x0000000749a00000, 0x0000000749c00000|  0%| F|  |TAMS 0x0000000749a00000| PB 0x0000000749a00000| Untracked |  0
|  49|0x0000000749c00000, 0x0000000749c00000, 0x0000000749e00000|  0%| F|  |TAMS 0x0000000749c00000| PB 0x0000000749c00000| Untracked |  0
|  50|0x0000000749e00000, 0x0000000749e00000, 0x000000074a000000|  0%| F|  |TAMS 0x0000000749e00000| PB 0x0000000749e00000| Untracked |  0
|  51|0x000000074a000000, 0x000000074a000000, 0x000000074a200000|  0%| F|  |TAMS 0x000000074a000000| PB 0x000000074a000000| Untracked |  0
|  52|0x000000074a200000, 0x000000074a200000, 0x000000074a400000|  0%| F|  |TAMS 0x000000074a200000| PB 0x000000074a200000| Untracked |  0
|  53|0x000000074a400000, 0x000000074a400000, 0x000000074a600000|  0%| F|  |TAMS 0x000000074a400000| PB 0x000000074a400000| Untracked |  0
|  54|0x000000074a600000, 0x000000074a600000, 0x000000074a800000|  0%| F|  |TAMS 0x000000074a600000| PB 0x000000074a600000| Untracked |  0
|  55|0x000000074a800000, 0x000000074a800000, 0x000000074aa00000|  0%| F|  |TAMS 0x000000074a800000| PB 0x000000074a800000| Untracked |  0
|  56|0x000000074aa00000, 0x000000074aa00000, 0x000000074ac00000|  0%| F|  |TAMS 0x000000074aa00000| PB 0x000000074aa00000| Untracked |  0
|  57|0x000000074ac00000, 0x000000074ac00000, 0x000000074ae00000|  0%| F|  |TAMS 0x000000074ac00000| PB 0x000000074ac00000| Untracked |  0
|  58|0x000000074ae00000, 0x000000074ae00000, 0x000000074b000000|  0%| F|  |TAMS 0x000000074ae00000| PB 0x000000074ae00000| Untracked |  0
|  59|0x000000074b000000, 0x000000074b000000, 0x000000074b200000|  0%| F|  |TAMS 0x000000074b000000| PB 0x000000074b000000| Untracked |  0
|  60|0x000000074b200000, 0x000000074b200000, 0x000000074b400000|  0%| F|  |TAMS 0x000000074b200000| PB 0x000000074b200000| Untracked |  0
|  61|0x000000074b400000, 0x000000074b400000, 0x000000074b600000|  0%| F|  |TAMS 0x000000074b400000| PB 0x000000074b400000| Untracked |  0
|  62|0x000000074b600000, 0x000000074b600000, 0x000000074b800000|  0%| F|  |TAMS 0x000000074b600000| PB 0x000000074b600000| Untracked |  0
|  63|0x000000074b800000, 0x000000074b800000, 0x000000074ba00000|  0%| F|  |TAMS 0x000000074b800000| PB 0x000000074b800000| Untracked |  0
|  64|0x000000074ba00000, 0x000000074ba00000, 0x000000074bc00000|  0%| F|  |TAMS 0x000000074ba00000| PB 0x000000074ba00000| Untracked |  0
|  65|0x000000074bc00000, 0x000000074bc00000, 0x000000074be00000|  0%| F|  |TAMS 0x000000074bc00000| PB 0x000000074bc00000| Untracked |  0
|  66|0x000000074be00000, 0x000000074be00000, 0x000000074c000000|  0%| F|  |TAMS 0x000000074be00000| PB 0x000000074be00000| Untracked |  0
|  67|0x000000074c000000, 0x000000074c000000, 0x000000074c200000|  0%| F|  |TAMS 0x000000074c000000| PB 0x000000074c000000| Untracked |  0
|  68|0x000000074c200000, 0x000000074c200000, 0x000000074c400000|  0%| F|  |TAMS 0x000000074c200000| PB 0x000000074c200000| Untracked |  0
|  69|0x000000074c400000, 0x000000074c400000, 0x000000074c600000|  0%| F|  |TAMS 0x000000074c400000| PB 0x000000074c400000| Untracked |  0
|  70|0x000000074c600000, 0x000000074c600000, 0x000000074c800000|  0%| F|  |TAMS 0x000000074c600000| PB 0x000000074c600000| Untracked |  0
|  71|0x000000074c800000, 0x000000074c800000, 0x000000074ca00000|  0%| F|  |TAMS 0x000000074c800000| PB 0x000000074c800000| Untracked |  0
|  72|0x000000074ca00000, 0x000000074ca00000, 0x000000074cc00000|  0%| F|  |TAMS 0x000000074ca00000| PB 0x000000074ca00000| Untracked |  0
|  73|0x000000074cc00000, 0x000000074cc00000, 0x000000074ce00000|  0%| F|  |TAMS 0x000000074cc00000| PB 0x000000074cc00000| Untracked |  0
|  74|0x000000074ce00000, 0x000000074ce00000, 0x000000074d000000|  0%| F|  |TAMS 0x000000074ce00000| PB 0x000000074ce00000| Untracked |  0
|  75|0x000000074d000000, 0x000000074d000000, 0x000000074d200000|  0%| F|  |TAMS 0x000000074d000000| PB 0x000000074d000000| Untracked |  0
|  76|0x000000074d200000, 0x000000074d33eac0, 0x000000074d400000| 62%| S|CS|TAMS 0x000000074d200000| PB 0x000000074d200000| Complete |  0
|  77|0x000000074d400000, 0x000000074d600000, 0x000000074d600000|100%| S|CS|TAMS 0x000000074d400000| PB 0x000000074d400000| Complete |  0
|  78|0x000000074d600000, 0x000000074d600000, 0x000000074d800000|  0%| F|  |TAMS 0x000000074d600000| PB 0x000000074d600000| Untracked |  0
|  79|0x000000074d800000, 0x000000074d800000, 0x000000074da00000|  0%| F|  |TAMS 0x000000074d800000| PB 0x000000074d800000| Untracked |  0
|  80|0x000000074da00000, 0x000000074da00000, 0x000000074dc00000|  0%| F|  |TAMS 0x000000074da00000| PB 0x000000074da00000| Untracked |  0
|  81|0x000000074dc00000, 0x000000074dc00000, 0x000000074de00000|  0%| F|  |TAMS 0x000000074dc00000| PB 0x000000074dc00000| Untracked |  0
|  82|0x000000074de00000, 0x000000074de00000, 0x000000074e000000|  0%| F|  |TAMS 0x000000074de00000| PB 0x000000074de00000| Untracked |  0
|  83|0x000000074e000000, 0x000000074e000000, 0x000000074e200000|  0%| F|  |TAMS 0x000000074e000000| PB 0x000000074e000000| Untracked |  0
|  84|0x000000074e200000, 0x000000074e200000, 0x000000074e400000|  0%| F|  |TAMS 0x000000074e200000| PB 0x000000074e200000| Untracked |  0
|  85|0x000000074e400000, 0x000000074e400000, 0x000000074e600000|  0%| F|  |TAMS 0x000000074e400000| PB 0x000000074e400000| Untracked |  0
|  86|0x000000074e600000, 0x000000074e600000, 0x000000074e800000|  0%| F|  |TAMS 0x000000074e600000| PB 0x000000074e600000| Untracked |  0
|  87|0x000000074e800000, 0x000000074e800000, 0x000000074ea00000|  0%| F|  |TAMS 0x000000074e800000| PB 0x000000074e800000| Untracked |  0
|  88|0x000000074ea00000, 0x000000074eac2698, 0x000000074ec00000| 37%| E|  |TAMS 0x000000074ea00000| PB 0x000000074ea00000| Complete |  0
|  89|0x000000074ec00000, 0x000000074ee00000, 0x000000074ee00000|100%| E|CS|TAMS 0x000000074ec00000| PB 0x000000074ec00000| Complete |  0
|  90|0x000000074ee00000, 0x000000074f000000, 0x000000074f000000|100%| E|CS|TAMS 0x000000074ee00000| PB 0x000000074ee00000| Complete |  0
|  91|0x000000074f000000, 0x000000074f200000, 0x000000074f200000|100%| E|CS|TAMS 0x000000074f000000| PB 0x000000074f000000| Complete |  0
|  92|0x000000074f200000, 0x000000074f400000, 0x000000074f400000|100%| E|CS|TAMS 0x000000074f200000| PB 0x000000074f200000| Complete |  0
|  93|0x000000074f400000, 0x000000074f600000, 0x000000074f600000|100%| E|  |TAMS 0x000000074f400000| PB 0x000000074f400000| Complete |  0
|  94|0x000000074f600000, 0x000000074f800000, 0x000000074f800000|100%| E|CS|TAMS 0x000000074f600000| PB 0x000000074f600000| Complete |  0

Card table byte_map: [0x000001f8fce90000,0x000001f8fd480000] _byte_map_base: 0x000001f8f9473000

Marking Bits: (CMBitMap*) 0x000001f8f41c0c90
 Bits: [0x000001f88f000000, 0x000001f891f18000)

Polling page: 0x000001f8f1d90000

Metaspace:

Usage:
  Non-class:     15.27 MB used.
      Class:      2.29 MB used.
       Both:     17.55 MB used.

Virtual space:
  Non-class space:       64.00 MB reserved,      15.44 MB ( 24%) committed,  1 nodes.
      Class space:        1.00 GB reserved,       2.44 MB ( <1%) committed,  1 nodes.
             Both:        1.06 GB reserved,      17.88 MB (  2%) committed. 

Chunk freelists:
   Non-Class:  15.78 MB
       Class:  13.53 MB
        Both:  29.31 MB

MaxMetaspaceSize: unlimited
CompressedClassSpaceSize: 1.00 GB
Initial GC threshold: 21.00 MB
Current GC threshold: 21.00 MB
CDS: on
 - commit_granule_bytes: 65536.
 - commit_granule_words: 8192.
 - virtual_space_node_default_size: 8388608.
 - enlarge_chunks_in_place: 1.
 - use_allocation_guard: 0.


Internal statistics:

num_allocs_failed_limit: 0.
num_arena_births: 310.
num_arena_deaths: 0.
num_vsnodes_births: 2.
num_vsnodes_deaths: 0.
num_space_committed: 286.
num_space_uncommitted: 0.
num_chunks_returned_to_freelist: 0.
num_chunks_taken_from_freelist: 861.
num_chunk_merges: 0.
num_chunk_splits: 557.
num_chunks_enlarged: 378.
num_inconsistent_stats: 0.

CodeHeap 'non-profiled nmethods': size=120064Kb used=740Kb max_used=740Kb free=119324Kb
 bounds [0x000001f887ac0000, 0x000001f887d30000, 0x000001f88f000000]
CodeHeap 'profiled nmethods': size=120000Kb used=3472Kb max_used=3472Kb free=116527Kb
 bounds [0x000001f880000000, 0x000001f880370000, 0x000001f887530000]
CodeHeap 'non-nmethods': size=5696Kb used=1557Kb max_used=1559Kb free=4139Kb
 bounds [0x000001f887530000, 0x000001f8877a0000, 0x000001f887ac0000]
CodeCache: size=245760Kb, used=5769Kb, max_used=5771Kb, free=239990Kb
 total_blobs=2981, nmethods=2449, adapters=437, full_count=0
Compilation: enabled, stopped_count=0, restarted_count=0

Compilation events (20 events):
Event: 2.552 Thread 0x000001f8ffa699f0 nmethod 2438 0x000001f887b77688 code [0x000001f887b777a0, 0x000001f887b77870]
Event: 2.552 Thread 0x000001f8ffa699f0 2439       1       org.springframework.core.annotation.AnnotationTypeMapping::getRoot (5 bytes)
Event: 2.552 Thread 0x000001f8ffa699f0 nmethod 2439 0x000001f887b77988 code [0x000001f887b77aa0, 0x000001f887b77b70]
Event: 2.554 Thread 0x000001f8ffa699f0 2440       3       java.lang.StringBuilder::setLength (6 bytes)
Event: 2.554 Thread 0x000001f8ffa699f0 nmethod 2440 0x000001f880360688 code [0x000001f8803607a0, 0x000001f8803608e0]
Event: 2.558 Thread 0x000001f8ffa699f0 2441       3       sun.invoke.util.VerifyAccess::isModuleAccessible (97 bytes)
Event: 2.559 Thread 0x000001f8ffa699f0 nmethod 2441 0x000001f880360988 code [0x000001f880360bc0, 0x000001f880361800]
Event: 2.560 Thread 0x000001f8ffa699f0 2443   !   3       java.util.zip.ZipFile::getEntry (59 bytes)
Event: 2.561 Thread 0x000001f8ffa699f0 nmethod 2443 0x000001f880361888 code [0x000001f880361a00, 0x000001f880361f20]
Event: 2.561 Thread 0x000001f8ffa699f0 2444       3       java.util.zip.ZipFile$Source::getEntryPos (164 bytes)
Event: 2.562 Thread 0x000001f8ffa699f0 nmethod 2444 0x000001f880361f88 code [0x000001f880362140, 0x000001f880362a08]
Event: 2.562 Thread 0x000001f8ffa699f0 2446       3       java.util.zip.ZipCoder::hash (36 bytes)
Event: 2.562 Thread 0x000001f8ffa699f0 nmethod 2446 0x000001f880362a88 code [0x000001f880362c20, 0x000001f880363320]
Event: 2.564 Thread 0x000001f8ffa699f0 2447  s    3       java.lang.Throwable::fillInStackTrace (29 bytes)
Event: 2.564 Thread 0x000001f8ffa699f0 nmethod 2447 0x000001f880363408 code [0x000001f880363540, 0x000001f8803638d0]
Event: 2.568 Thread 0x000001f8ffa699f0 2449       3       jdk.internal.org.objectweb.asm.MethodVisitor::visitMethodInsn (80 bytes)
Event: 2.569 Thread 0x000001f8ffa699f0 nmethod 2449 0x000001f880363908 code [0x000001f880363a60, 0x000001f880363f10]
Event: 2.569 Thread 0x000001f8ffa699f0 2450       3       jdk.internal.org.objectweb.asm.MethodVisitor::visitMaxs (17 bytes)
Event: 2.569 Thread 0x000001f8ffa699f0 nmethod 2450 0x000001f880363f88 code [0x000001f8803640c0, 0x000001f8803642c8]
Event: 2.569 Thread 0x000001f8ffa699f0 2452       3       java.lang.invoke.InnerClassLambdaMetafactory$ForwardingMethodGenerator::generate (272 bytes)

GC Heap History (6 events):
Event: 0.797 GC heap before
{Heap before GC invocations=0 (full 0):
 garbage-first heap   total reserved 3086336K, committed 194560K, used 14336K [0x0000000743a00000, 0x0000000800000000)
  region size 2048K, 7 young (14336K), 0 survivors (0K)
 Metaspace       used 3043K, committed 3264K, reserved 1114112K
  class space    used 298K, committed 384K, reserved 1048576K
}
Event: 0.801 GC heap after
{Heap after GC invocations=1 (full 0):
 garbage-first heap   total reserved 3086336K, committed 194560K, used 7536K [0x0000000743a00000, 0x0000000800000000)
  region size 2048K, 1 young (2048K), 1 survivors (2048K)
 Metaspace       used 3043K, committed 3264K, reserved 1114112K
  class space    used 298K, committed 384K, reserved 1048576K
}
Event: 1.226 GC heap before
{Heap before GC invocations=1 (full 0):
 garbage-first heap   total reserved 3086336K, committed 194560K, used 17776K [0x0000000743a00000, 0x0000000800000000)
  region size 2048K, 6 young (12288K), 1 survivors (2048K)
 Metaspace       used 5385K, committed 5568K, reserved 1114112K
  class space    used 621K, committed 704K, reserved 1048576K
}
Event: 1.232 GC heap after
{Heap after GC invocations=2 (full 0):
 garbage-first heap   total reserved 3086336K, committed 194560K, used 8232K [0x0000000743a00000, 0x0000000800000000)
  region size 2048K, 1 young (2048K), 1 survivors (2048K)
 Metaspace       used 5385K, committed 5568K, reserved 1114112K
  class space    used 621K, committed 704K, reserved 1048576K
}
Event: 2.433 GC heap before
{Heap before GC invocations=2 (full 0):
 garbage-first heap   total reserved 3086336K, committed 194560K, used 38952K [0x0000000743a00000, 0x0000000800000000)
  region size 2048K, 17 young (34816K), 1 survivors (2048K)
 Metaspace       used 13692K, committed 14016K, reserved 1114112K
  class space    used 1862K, committed 1984K, reserved 1048576K
}
Event: 2.438 GC heap after
{Heap after GC invocations=3 (full 0):
 garbage-first heap   total reserved 3086336K, committed 194560K, used 10908K [0x0000000743a00000, 0x0000000800000000)
  region size 2048K, 2 young (4096K), 2 survivors (4096K)
 Metaspace       used 13692K, committed 14016K, reserved 1114112K
  class space    used 1862K, committed 1984K, reserved 1048576K
}

Dll operation events (12 events):
Event: 0.023 Loaded shared library C:\Program Files\Java\jdk-23\bin\java.dll
Event: 0.087 Loaded shared library C:\Program Files\Java\jdk-23\bin\jsvml.dll
Event: 0.233 Loaded shared library C:\Program Files\Java\jdk-23\bin\zip.dll
Event: 0.238 Loaded shared library C:\Program Files\Java\jdk-23\bin\instrument.dll
Event: 0.244 Loaded shared library C:\Program Files\Java\jdk-23\bin\net.dll
Event: 0.248 Loaded shared library C:\Program Files\Java\jdk-23\bin\nio.dll
Event: 0.252 Loaded shared library C:\Program Files\Java\jdk-23\bin\zip.dll
Event: 0.420 Loaded shared library C:\Program Files\JetBrains\IntelliJ IDEA Community Edition 2024.2.2\bin\breakgen64.dll
Event: 0.433 Loaded shared library C:\Program Files\Java\jdk-23\bin\extnet.dll
Event: 0.574 Loaded shared library C:\Program Files\Java\jdk-23\bin\jimage.dll
Event: 1.098 Loaded shared library C:\Program Files\Java\jdk-23\bin\management.dll
Event: 1.103 Loaded shared library C:\Program Files\Java\jdk-23\bin\management_ext.dll

Deoptimization events (20 events):
Event: 2.503 Thread 0x000001f8d7d32350 Uncommon trap: trap_request=0xffffffc6 fr.pc=0x000001f887b67e5c relative=0x000000000000037c
Event: 2.503 Thread 0x000001f8d7d32350 Uncommon trap: reason=bimorphic_or_optimized_type_check action=maybe_recompile pc=0x000001f887b67e5c method=java.util.HashMap.getNode(Ljava/lang/Object;)Ljava/util/HashMap$Node; @ 128 c2
Event: 2.503 Thread 0x000001f8d7d32350 DEOPT PACKING pc=0x000001f887b67e5c sp=0x000000830f8fe0e0
Event: 2.503 Thread 0x000001f8d7d32350 DEOPT UNPACKING pc=0x000001f887587982 sp=0x000000830f8fe008 mode 2
Event: 2.560 Thread 0x000001f8d7d32350 Uncommon trap: trap_request=0xffffff45 fr.pc=0x000001f887b04a20 relative=0x00000000000008a0
Event: 2.560 Thread 0x000001f8d7d32350 Uncommon trap: reason=unstable_if action=reinterpret pc=0x000001f887b04a20 method=java.util.zip.ZipCoder.hash(Ljava/lang/String;)I @ 23 c2
Event: 2.560 Thread 0x000001f8d7d32350 DEOPT PACKING pc=0x000001f887b04a20 sp=0x000000830f8fde70
Event: 2.560 Thread 0x000001f8d7d32350 DEOPT UNPACKING pc=0x000001f887587982 sp=0x000000830f8fdd20 mode 2
Event: 2.560 Thread 0x000001f8d7d32350 Uncommon trap: trap_request=0xffffff45 fr.pc=0x000001f887b0390c relative=0x000000000000064c
Event: 2.560 Thread 0x000001f8d7d32350 Uncommon trap: reason=unstable_if action=reinterpret pc=0x000001f887b0390c method=java.util.zip.ZipCoder.hash(Ljava/lang/String;)I @ 23 c2
Event: 2.560 Thread 0x000001f8d7d32350 DEOPT PACKING pc=0x000001f887b0390c sp=0x000000830f8fde00
Event: 2.560 Thread 0x000001f8d7d32350 DEOPT UNPACKING pc=0x000001f887587982 sp=0x000000830f8fdd20 mode 2
Event: 2.560 Thread 0x000001f8d7d32350 Uncommon trap: trap_request=0xffffff45 fr.pc=0x000001f887b02aa8 relative=0x0000000000000348
Event: 2.560 Thread 0x000001f8d7d32350 Uncommon trap: reason=unstable_if action=reinterpret pc=0x000001f887b02aa8 method=java.util.zip.ZipCoder.hash(Ljava/lang/String;)I @ 23 c2
Event: 2.560 Thread 0x000001f8d7d32350 DEOPT PACKING pc=0x000001f887b02aa8 sp=0x000000830f8fdd90
Event: 2.560 Thread 0x000001f8d7d32350 DEOPT UNPACKING pc=0x000001f887587982 sp=0x000000830f8fdd18 mode 2
Event: 2.563 Thread 0x000001f8d7d32350 Uncommon trap: trap_request=0xffffff45 fr.pc=0x000001f887ada54c relative=0x000000000000004c
Event: 2.563 Thread 0x000001f8d7d32350 Uncommon trap: reason=unstable_if action=reinterpret pc=0x000001f887ada54c method=sun.nio.fs.WindowsPathParser.isSlash(C)Z @ 9 c2
Event: 2.563 Thread 0x000001f8d7d32350 DEOPT PACKING pc=0x000001f887ada54c sp=0x000000830f8fdfa0
Event: 2.563 Thread 0x000001f8d7d32350 DEOPT UNPACKING pc=0x000001f887587982 sp=0x000000830f8fdf28 mode 2

Classes loaded (20 events):
Event: 2.566 Loading class java/nio/file/Files$AcceptAllFilter
Event: 2.566 Loading class java/nio/file/DirectoryStream$Filter
Event: 2.566 Loading class java/nio/file/DirectoryStream$Filter done
Event: 2.566 Loading class java/nio/file/Files$AcceptAllFilter done
Event: 2.566 Loading class sun/nio/fs/WindowsDirectoryStream
Event: 2.566 Loading class java/nio/file/DirectoryStream
Event: 2.566 Loading class java/nio/file/DirectoryStream done
Event: 2.566 Loading class sun/nio/fs/WindowsDirectoryStream done
Event: 2.567 Loading class java/nio/file/FileTreeWalker$DirectoryNode
Event: 2.567 Loading class java/nio/file/FileTreeWalker$DirectoryNode done
Event: 2.567 Loading class sun/nio/fs/WindowsDirectoryStream$WindowsDirectoryIterator
Event: 2.567 Loading class sun/nio/fs/WindowsDirectoryStream$WindowsDirectoryIterator done
Event: 2.567 Loading class java/nio/file/FileTreeWalker$Event
Event: 2.567 Loading class java/nio/file/FileTreeWalker$Event done
Event: 2.567 Loading class java/nio/file/FileTreeWalker$EventType
Event: 2.567 Loading class java/nio/file/FileTreeWalker$EventType done
Event: 2.570 Loading class sun/nio/fs/WindowsPath$WindowsPathWithAttributes
Event: 2.570 Loading class sun/nio/fs/BasicFileAttributesHolder
Event: 2.570 Loading class sun/nio/fs/BasicFileAttributesHolder done
Event: 2.571 Loading class sun/nio/fs/WindowsPath$WindowsPathWithAttributes done

Classes unloaded (0 events):
No events

Classes redefined (0 events):
No events

Internal exceptions (20 events):
Event: 1.586 Thread 0x000001f8d7d32350 Exception <a 'java/lang/NoSuchMethodError'{0x000000074ee098b0}: 'java.lang.Object java.lang.invoke.DirectMethodHandle$Holder.invokeSpecial(java.lang.Object, java.lang.Object, java.lang.Object, java.lang.Object, java.lang.Object, java.lang.Object, java.lang.Object, int)'> (0x000000074ee098b0) 
thrown [s\open\src\hotspot\share\interpreter\linkResolver.cpp, line 796]
Event: 1.640 Thread 0x000001f8d7d32350 Exception <a 'java/lang/NoSuchMethodError'{0x000000074ef2fc70}: 'int java.lang.invoke.DirectMethodHandle$Holder.invokeInterface(java.lang.Object, java.lang.Object)'> (0x000000074ef2fc70) 
thrown [s\open\src\hotspot\share\interpreter\linkResolver.cpp, line 796]
Event: 1.649 Thread 0x000001f8d7d32350 Exception <a 'java/lang/NoSuchMethodError'{0x000000074ef55298}: 'void java.lang.invoke.DirectMethodHandle$Holder.invokeSpecial(java.lang.Object, java.lang.Object, java.lang.Object, java.lang.Object, java.lang.Object)'> (0x000000074ef55298) 
thrown [s\open\src\hotspot\share\interpreter\linkResolver.cpp, line 796]
Event: 1.680 Thread 0x000001f8d7d32350 Exception <a 'java/lang/NoSuchMethodError'{0x000000074ef96ac8}: 'int java.lang.invoke.DirectMethodHandle$Holder.invokeVirtual(java.lang.Object, java.lang.Object)'> (0x000000074ef96ac8) 
thrown [s\open\src\hotspot\share\interpreter\linkResolver.cpp, line 796]
Event: 1.715 Thread 0x000001f8d7d32350 Exception <a 'java/lang/NoSuchMethodError'{0x000000074ea3e310}: 'java.lang.Object java.lang.invoke.DirectMethodHandle$Holder.invokeSpecial(java.lang.Object, java.lang.Object, java.lang.Object, int, java.lang.Object)'> (0x000000074ea3e310) 
thrown [s\open\src\hotspot\share\interpreter\linkResolver.cpp, line 796]
Event: 1.717 Thread 0x000001f8d7d32350 Exception <a 'java/lang/NoSuchMethodError'{0x000000074ea45e18}: 'java.lang.Object java.lang.invoke.DirectMethodHandle$Holder.newInvokeSpecial(java.lang.Object, java.lang.Object, java.lang.Object, int, java.lang.Object)'> (0x000000074ea45e18) 
thrown [s\open\src\hotspot\share\interpreter\linkResolver.cpp, line 796]
Event: 1.718 Thread 0x000001f8d7d32350 Exception <a 'java/lang/NoSuchMethodError'{0x000000074ea4d638}: 'java.lang.Object java.lang.invoke.Invokers$Holder.linkToTargetMethod(java.lang.Object, java.lang.Object, int, java.lang.Object, java.lang.Object)'> (0x000000074ea4d638) 
thrown [s\open\src\hotspot\share\interpreter\linkResolver.cpp, line 796]
Event: 1.720 Thread 0x000001f8d7d32350 Exception <a 'java/lang/NoSuchMethodError'{0x000000074ea54c10}: 'int java.lang.invoke.DirectMethodHandle$Holder.invokeStatic(java.lang.Object, int, java.lang.Object, java.lang.Object)'> (0x000000074ea54c10) 
thrown [s\open\src\hotspot\share\interpreter\linkResolver.cpp, line 796]
Event: 1.720 Thread 0x000001f8d7d32350 Exception <a 'java/lang/NoSuchMethodError'{0x000000074ea5bdd8}: 'java.lang.Object java.lang.invoke.DirectMethodHandle$Holder.newInvokeSpecial(java.lang.Object, int, java.lang.Object)'> (0x000000074ea5bdd8) 
thrown [s\open\src\hotspot\share\interpreter\linkResolver.cpp, line 796]
Event: 1.721 Thread 0x000001f8d7d32350 Exception <a 'java/lang/NoSuchMethodError'{0x000000074ea60d68}: 'int java.lang.invoke.DirectMethodHandle$Holder.invokeSpecialIFC(java.lang.Object, java.lang.Object, java.lang.Object, java.lang.Object)'> (0x000000074ea60d68) 
thrown [s\open\src\hotspot\share\interpreter\linkResolver.cpp, line 796]
Event: 1.754 Thread 0x000001f8d7d32350 Exception <a 'java/lang/NoSuchMethodError'{0x000000074eb34a18}: 'void java.lang.invoke.DirectMethodHandle$Holder.invokeInterface(java.lang.Object, java.lang.Object, java.lang.Object)'> (0x000000074eb34a18) 
thrown [s\open\src\hotspot\share\interpreter\linkResolver.cpp, line 796]
Event: 1.790 Thread 0x000001f8d7d32350 Exception <a 'java/lang/NoSuchMethodError'{0x000000074ebd70e0}: 'void java.lang.invoke.DirectMethodHandle$Holder.invokeStaticInit(java.lang.Object, java.lang.Object, java.lang.Object)'> (0x000000074ebd70e0) 
thrown [s\open\src\hotspot\share\interpreter\linkResolver.cpp, line 796]
Event: 1.799 Thread 0x000001f8d7d32350 Exception <a 'java/lang/NoSuchMethodError'{0x000000074e820e58}: 'java.lang.Object java.lang.invoke.DirectMethodHandle$Holder.invokeVirtual(java.lang.Object, java.lang.Object, java.lang.Object)'> (0x000000074e820e58) 
thrown [s\open\src\hotspot\share\interpreter\linkResolver.cpp, line 796]
Event: 1.831 Thread 0x000001f8d7d32350 Exception <a 'java/lang/NoSuchMethodError'{0x000000074e8ac648}: 'void java.lang.invoke.DirectMethodHandle$Holder.invokeVirtual(java.lang.Object, java.lang.Object, java.lang.Object, java.lang.Object)'> (0x000000074e8ac648) 
thrown [s\open\src\hotspot\share\interpreter\linkResolver.cpp, line 796]
Event: 1.952 Thread 0x000001f8d7d32350 Exception <a 'java/lang/NoSuchMethodError'{0x000000074e72cd00}: 'java.lang.reflect.Field[] java.lang.Class.getDeclaredFields(java.lang.Class)'> (0x000000074e72cd00) 
thrown [s\open\src\hotspot\share\interpreter\linkResolver.cpp, line 796]
Event: 1.954 Thread 0x000001f8d7d32350 Exception <a 'java/lang/NoSuchMethodError'{0x000000074e731710}: 'java.lang.Object java.lang.invoke.DirectMethodHandle$Holder.invokeStatic(java.lang.Object, java.lang.Object, int)'> (0x000000074e731710) 
thrown [s\open\src\hotspot\share\interpreter\linkResolver.cpp, line 796]
Event: 1.955 Thread 0x000001f8d7d32350 Exception <a 'java/lang/NoSuchMethodError'{0x000000074e73cdb8}: 'void java.lang.invoke.DelegatingMethodHandle$Holder.delegate(java.lang.Object, java.lang.Object, int, java.lang.Object)'> (0x000000074e73cdb8) 
thrown [s\open\src\hotspot\share\interpreter\linkResolver.cpp, line 796]
Event: 1.978 Thread 0x000001f8d7d32350 Exception <a 'java/lang/IncompatibleClassChangeError'{0x000000074e44c4d0}: Found class java.lang.Object, but interface was expected> (0x000000074e44c4d0) 
thrown [s\open\src\hotspot\share\interpreter\linkResolver.cpp, line 863]
Event: 2.564 Thread 0x000001f8d7d32350 Exception <a 'java/lang/NoSuchMethodError'{0x000000074f370ae8}: 'int java.lang.invoke.DirectMethodHandle$Holder.invokeSpecial(java.lang.Object, java.lang.Object, java.lang.Object, java.lang.Object, java.lang.Object)'> (0x000000074f370ae8) 
thrown [s\open\src\hotspot\share\interpreter\linkResolver.cpp, line 796]
Event: 2.568 Thread 0x000001f8d7d32350 Exception <a 'java/lang/NoSuchMethodError'{0x000000074f379018}: 'void java.lang.invoke.DirectMethodHandle$Holder.invokeVirtual(java.lang.Object, java.lang.Object)'> (0x000000074f379018) 
thrown [s\open\src\hotspot\share\interpreter\linkResolver.cpp, line 796]

VM Operations (20 events):
Event: 1.343 Executing VM operation: HandshakeAllThreads (Deoptimize)
Event: 1.343 Executing VM operation: HandshakeAllThreads (Deoptimize) done
Event: 1.658 Executing VM operation: HandshakeAllThreads (Deoptimize)
Event: 1.658 Executing VM operation: HandshakeAllThreads (Deoptimize) done
Event: 1.928 Executing VM operation: HandshakeAllThreads (Deoptimize)
Event: 1.928 Executing VM operation: HandshakeAllThreads (Deoptimize) done
Event: 1.933 Executing VM operation: HandshakeAllThreads (Deoptimize)
Event: 1.933 Executing VM operation: HandshakeAllThreads (Deoptimize) done
Event: 1.934 Executing VM operation: HandshakeAllThreads (Deoptimize)
Event: 1.934 Executing VM operation: HandshakeAllThreads (Deoptimize) done
Event: 1.953 Executing VM operation: HandshakeAllThreads (Deoptimize)
Event: 1.953 Executing VM operation: HandshakeAllThreads (Deoptimize) done
Event: 1.989 Executing VM operation: HandshakeAllThreads (Deoptimize)
Event: 1.989 Executing VM operation: HandshakeAllThreads (Deoptimize) done
Event: 2.418 Executing VM operation: HandshakeAllThreads (Deoptimize)
Event: 2.418 Executing VM operation: HandshakeAllThreads (Deoptimize) done
Event: 2.433 Executing VM operation: G1CollectForAllocation (G1 Evacuation Pause)
Event: 2.438 Executing VM operation: G1CollectForAllocation (G1 Evacuation Pause) done
Event: 2.527 Executing VM operation: HandshakeAllThreads (Deoptimize)
Event: 2.527 Executing VM operation: HandshakeAllThreads (Deoptimize) done

Memory protections (0 events):
No events

Nmethod flushes (0 events):
No events

Events (18 events):
Event: 0.056 Thread 0x000001f8f416b7e0 Thread added: 0x000001f8f416b7e0
Event: 0.083 Thread 0x000001f8f416b7e0 Thread added: 0x000001f8ffa4f940
Event: 0.083 Thread 0x000001f8f416b7e0 Thread added: 0x000001f8ffa525b0
Event: 0.083 Thread 0x000001f8f416b7e0 Thread added: 0x000001f8ffa578a0
Event: 0.083 Thread 0x000001f8f416b7e0 Thread added: 0x000001f8ffa58300
Event: 0.084 Thread 0x000001f8f416b7e0 Thread added: 0x000001f8ffa59d70
Event: 0.084 Thread 0x000001f8f416b7e0 Thread added: 0x000001f8ffa5a900
Event: 0.084 Thread 0x000001f8f416b7e0 Thread added: 0x000001f8ffa68e10
Event: 0.084 Thread 0x000001f8f416b7e0 Thread added: 0x000001f8ffa699f0
Event: 0.207 Thread 0x000001f8f416b7e0 Thread added: 0x000001f8ffa293b0
Event: 0.281 Thread 0x000001f8ffa68e10 Thread added: 0x000001f8d71f68e0
Event: 0.421 Thread 0x000001f8f416b7e0 Thread added: 0x000001f8d7397610
Event: 0.421 Thread 0x000001f8f416b7e0 Thread added: 0x000001f8d7397c80
Event: 0.517 Thread 0x000001f8d71f68e0 Thread exited: 0x000001f8d71f68e0
Event: 0.629 Thread 0x000001f8ffa699f0 Thread added: 0x000001f8d774df30
Event: 1.189 Thread 0x000001f8f416b7e0 Thread added: 0x000001f8d7d2f120
Event: 1.193 Thread 0x000001f8d7d2f120 Thread added: 0x000001f8d7d32350
Event: 1.945 Thread 0x000001f8d7d32350 Thread added: 0x000001f8d7f28e20


Dynamic libraries:
0x00007ff681320000 - 0x00007ff681330000 	C:\Program Files\Java\jdk-23\bin\java.exe
0x00007ff914e20000 - 0x00007ff915083000 	C:\WINDOWS\SYSTEM32\ntdll.dll
0x00007ff912e30000 - 0x00007ff912ef7000 	C:\WINDOWS\System32\KERNEL32.DLL
0x00007ff912760000 - 0x00007ff912b27000 	C:\WINDOWS\System32\KERNELBASE.dll
0x00007ff912310000 - 0x00007ff91245c000 	C:\WINDOWS\System32\ucrtbase.dll
0x00007ff90cd00000 - 0x00007ff90cd1b000 	C:\Program Files\Java\jdk-23\bin\VCRUNTIME140.dll
0x00007ff90b6d0000 - 0x00007ff90b6e7000 	C:\Program Files\Java\jdk-23\bin\jli.dll
0x00007ff9144d0000 - 0x00007ff914699000 	C:\WINDOWS\System32\USER32.dll
0x00007ff912730000 - 0x00007ff912757000 	C:\WINDOWS\System32\win32u.dll
0x00007ff914db0000 - 0x00007ff914dda000 	C:\WINDOWS\System32\GDI32.dll
0x00007ff8f2750000 - 0x00007ff8f29e0000 	C:\WINDOWS\WinSxS\amd64_microsoft.windows.common-controls_6595b64144ccf1df_6.0.26100.3037_none_3e09262ce333c378\COMCTL32.dll
0x00007ff912b30000 - 0x00007ff912c5b000 	C:\WINDOWS\System32\gdi32full.dll
0x00007ff914160000 - 0x00007ff914209000 	C:\WINDOWS\System32\msvcrt.dll
0x00007ff912460000 - 0x00007ff912503000 	C:\WINDOWS\System32\msvcp_win.dll
0x00007ff9146a0000 - 0x00007ff9146cf000 	C:\WINDOWS\System32\IMM32.DLL
0x00007ff90db20000 - 0x00007ff90db2c000 	C:\Program Files\Java\jdk-23\bin\vcruntime140_1.dll
0x00007ff8fe8b0000 - 0x00007ff8fe93e000 	C:\Program Files\Java\jdk-23\bin\msvcp140.dll
0x00007ff8df390000 - 0x00007ff8e00e0000 	C:\Program Files\Java\jdk-23\bin\server\jvm.dll
0x00007ff914a80000 - 0x00007ff914b34000 	C:\WINDOWS\System32\ADVAPI32.dll
0x00007ff913c20000 - 0x00007ff913cc6000 	C:\WINDOWS\System32\sechost.dll
0x00007ff9143b0000 - 0x00007ff9144c6000 	C:\WINDOWS\System32\RPCRT4.dll
0x00007ff914d30000 - 0x00007ff914da4000 	C:\WINDOWS\System32\WS2_32.dll
0x00007ff8f4d20000 - 0x00007ff8f4d56000 	C:\WINDOWS\SYSTEM32\WINMM.dll
0x00007ff905130000 - 0x00007ff90513b000 	C:\WINDOWS\SYSTEM32\VERSION.dll
0x00007ff912050000 - 0x00007ff91209e000 	C:\WINDOWS\SYSTEM32\POWRPROF.dll
0x00007ff912030000 - 0x00007ff912044000 	C:\WINDOWS\SYSTEM32\UMPDC.dll
0x00007ff910fd0000 - 0x00007ff910fea000 	C:\WINDOWS\SYSTEM32\kernel.appcore.dll
0x00007ff90cc80000 - 0x00007ff90cc8a000 	C:\Program Files\Java\jdk-23\bin\jimage.dll
0x00007ff90f8d0000 - 0x00007ff90fb11000 	C:\WINDOWS\SYSTEM32\DBGHELP.DLL
0x00007ff9146e0000 - 0x00007ff914a5e000 	C:\WINDOWS\System32\combase.dll
0x00007ff913430000 - 0x00007ff913506000 	C:\WINDOWS\System32\OLEAUT32.dll
0x00007ff8f4c20000 - 0x00007ff8f4c59000 	C:\WINDOWS\SYSTEM32\dbgcore.DLL
0x00007ff912690000 - 0x00007ff912729000 	C:\WINDOWS\System32\bcryptPrimitives.dll
0x00007ff8ff730000 - 0x00007ff8ff73f000 	C:\Program Files\Java\jdk-23\bin\instrument.dll
0x00007ff8fed40000 - 0x00007ff8fed5e000 	C:\Program Files\Java\jdk-23\bin\java.dll
0x00007ff914210000 - 0x00007ff9143a5000 	C:\WINDOWS\System32\ole32.dll
0x00007ff913510000 - 0x00007ff913c14000 	C:\WINDOWS\System32\SHELL32.dll
0x00007ff90fea0000 - 0x00007ff9106d7000 	C:\WINDOWS\SYSTEM32\windows.storage.dll
0x00007ff914c40000 - 0x00007ff914d29000 	C:\WINDOWS\System32\SHCORE.dll
0x00007ff913ec0000 - 0x00007ff913f1d000 	C:\WINDOWS\System32\shlwapi.dll
0x00007ff9120d0000 - 0x00007ff9120fe000 	C:\WINDOWS\SYSTEM32\profapi.dll
0x00007ff8e0ff0000 - 0x00007ff8e10c7000 	C:\Program Files\Java\jdk-23\bin\jsvml.dll
0x00007ff8fec80000 - 0x00007ff8fec97000 	C:\Program Files\Java\jdk-23\bin\zip.dll
0x00007ff8ff720000 - 0x00007ff8ff730000 	C:\Program Files\Java\jdk-23\bin\net.dll
0x00007ff911500000 - 0x00007ff91156a000 	C:\WINDOWS\system32\mswsock.dll
0x00007ff8fed20000 - 0x00007ff8fed36000 	C:\Program Files\Java\jdk-23\bin\nio.dll
0x00007ff8f5d50000 - 0x00007ff8f5d6a000 	C:\Program Files\JetBrains\IntelliJ IDEA Community Edition 2024.2.2\bin\breakgen64.dll
0x00007ff8ff600000 - 0x00007ff8ff609000 	C:\Program Files\Java\jdk-23\bin\extnet.dll
0x00007ff8fed10000 - 0x00007ff8fed1a000 	C:\Program Files\Java\jdk-23\bin\management.dll
0x00007ff8fece0000 - 0x00007ff8feceb000 	C:\Program Files\Java\jdk-23\bin\management_ext.dll
0x00007ff913eb0000 - 0x00007ff913eb8000 	C:\WINDOWS\System32\PSAPI.DLL

dbghelp: loaded successfully - version: 4.0.5 - missing functions: none
symbol engine: initialized successfully - sym options: 0x614 - pdb path: .;C:\Program Files\Java\jdk-23\bin;C:\WINDOWS\SYSTEM32;C:\WINDOWS\WinSxS\amd64_microsoft.windows.common-controls_6595b64144ccf1df_6.0.26100.3037_none_3e09262ce333c378;C:\Program Files\Java\jdk-23\bin\server;C:\Program Files\JetBrains\IntelliJ IDEA Community Edition 2024.2.2\bin

VM Arguments:
jvm_args: -javaagent:C:\Program Files\JetBrains\IntelliJ IDEA Community Edition 2024.2.2\lib\idea_rt.jar=53866:C:\Program Files\JetBrains\IntelliJ IDEA Community Edition 2024.2.2\bin -Dfile.encoding=UTF-8 -Dsun.stdout.encoding=UTF-8 -Dsun.stderr.encoding=UTF-8 
java_command: com.ems.ElectionManagementSystemApplication
java_class_path (initial): E:\bright_peers\projects\new\election-management-system\server\target\classes;C:\Users\DELL 10I3 256\.m2\repository\org\springframework\boot\spring-boot-starter-data-jpa\3.4.2\spring-boot-starter-data-jpa-3.4.2.jar;C:\Users\DELL 10I3 256\.m2\repository\org\springframework\boot\spring-boot-starter\3.4.2\spring-boot-starter-3.4.2.jar;C:\Users\DELL 10I3 256\.m2\repository\org\springframework\boot\spring-boot-starter-logging\3.4.2\spring-boot-starter-logging-3.4.2.jar;C:\Users\DELL 10I3 256\.m2\repository\ch\qos\logback\logback-classic\1.5.16\logback-classic-1.5.16.jar;C:\Users\DELL 10I3 256\.m2\repository\ch\qos\logback\logback-core\1.5.16\logback-core-1.5.16.jar;C:\Users\DELL 10I3 256\.m2\repository\org\apache\logging\log4j\log4j-to-slf4j\2.24.3\log4j-to-slf4j-2.24.3.jar;C:\Users\DELL 10I3 256\.m2\repository\org\apache\logging\log4j\log4j-api\2.24.3\log4j-api-2.24.3.jar;C:\Users\DELL 10I3 256\.m2\repository\org\slf4j\jul-to-slf4j\2.0.16\jul-to-slf4j-2.0.16.jar;C:\Users\DELL 10I3 256\.m2\repository\jakarta\annotation\jakarta.annotation-api\2.1.1\jakarta.annotation-api-2.1.1.jar;C:\Users\DELL 10I3 256\.m2\repository\org\yaml\snakeyaml\2.3\snakeyaml-2.3.jar;C:\Users\DELL 10I3 256\.m2\repository\org\springframework\boot\spring-boot-starter-jdbc\3.4.2\spring-boot-starter-jdbc-3.4.2.jar;C:\Users\DELL 10I3 256\.m2\repository\com\zaxxer\HikariCP\5.1.0\HikariCP-5.1.0.jar;C:\Users\DELL 10I3 256\.m2\repository\org\springframework\spring-jdbc\6.2.2\spring-jdbc-6.2.2.jar;C:\Users\DELL 10I3 256\.m2\repository\org\hibernate\orm\hibernate-core\6.6.5.Final\hibernate-core-6.6.5.Final.jar;C:\Users\DELL 10I3 256\.m2\repository\jakarta\persistence\jakarta.persistence-api\3.1.0\jakarta.persistence-api-3.1.0.jar;C:\Users\DELL 10I3 256\.m2\repository\jakarta\transaction\jakarta.transaction-api\2.0.1\jakarta.transaction-api-2.0.1.jar;C:\Users\DELL 10I3 256\.m2\repository\com\fasterxml\classmate\1.7.0\classmate-1.7.0.jar;C:\Users\DELL 10I3 256\.m2\repository\net\bytebuddy\byte-buddy\1.15.11\byte-buddy-1.15.11.jar;C:\Users\DELL 10I3 256\.m2\repository\jakarta\inject\jakarta.inject-api\2.0.1\jakarta.inject-api-2.0.1.jar;C:\Users\DELL 10I3 256\.m2\repository\org\antlr\antlr4-runtime\4.13.0\antlr4-runtime-4.13.0.jar;C:\Users\DELL 10I3 256\.m2\repository\org\springframework\data\spring-data-jpa\3.4.2\spring-data-jpa-3.4.2.jar;C:\Users\DELL 10I3 256\.m2\repository\org\springframework\data\spring-data-commons\3.4.2\spring-data-commons-3.4.2.jar;C:\Users\DELL 10I3 256\.m2\repository\org\springframework\spring-orm\6.2.2\spring-orm-6.2.2.jar;C:\Users\DELL 10I3 256\.m2\repository\org\springframework\spring-context\6.2.2\spring-context-6.2.2.jar;C:\Users\DELL 10I3 256\.m2\repository\org\springframework\spring-aop\6.2.2\spring-aop-6.2.2.jar;C:\Users\DELL 10I3 256\.m2\repository\org\springframework\spring-tx\6.2.2\spring-tx-6.2.2.jar;C:\Users\DELL 10I3 256\.m2\repository\org\springframework\spring-beans\6.2.2\spring-beans-6.2.2.jar;C:\Users\DELL 10I3 256\.m2\repository\org\slf4j\slf4j-api\2.0.16\slf4j-api-2.0.16.jar;C:\Users\DELL 10I3 256\.m2\repository\org\springframework\spring-aspects\6.2.2\spring-aspects-6.2.2.jar;C:\Users\DELL 10I3 256\.m2\repository\org\aspectj\aspectjweaver\1.9.22.1\aspectjweaver-1.9.22.1.jar;C:\Users\DELL 10I3 256\.m2\repository\org\springframework\boot\spring-boot-starter-web\3.4.2\spring-boot-starter-web-3.4.2.jar;C:\Users\DELL 10I3 256\.m2\repository\org\springframework\boot\spring-boot-starter-json\3.4.2\spring-boot-starter-json-3.4.2.jar;C:\Users\DELL 10I3 256\.m2\repository\com\fasterxml\jackson\datatype\jackson-datatype-jdk8\2.18.2\jackson-datatype-jdk8-2.18.2.jar;C:\Users\DELL 10I3 256\.m2\repository\com\fasterxml\jackson\datatype\jackson-datatype-jsr310\2.18.2\jackson-datatype-jsr310-2.18.2.jar;C:\Users\DELL 10I3 256\.m2\repository\com\fasterxml\jackson\module\jackson-module-parameter-names\2.18.2\jackson-module-parameter-names-2.18.2.jar;C:\Users\DELL 10I3 256\.m2\repository\org\springframework\boot\spring-boot-starter-tomcat\3.4.2\spring-boot-starter-tomcat-3.4.2.jar;C:\Users\DELL 10I3 256\.m2\repository\org\apache\tomcat\embed\tomcat-embed-core\10.1.34\tomcat-embed-core-10.1.34.jar;C:\Users\DELL 10I3 256\.m2\repository\org\apache\tomcat\embed\tomcat-embed-websocket\10.1.34\tomcat-embed-websocket-10.1.34.jar;C:\Users\DELL 10I3 256\.m2\repository\org\springframework\spring-web\6.2.2\spring-web-6.2.2.jar;C:\Users\DELL 10I3 256\.m2\repository\io\micrometer\micrometer-observation\1.14.3\micrometer-observation-1.14.3.jar;C:\Users\DELL 10I3 256\.m2\repository\io\micrometer\micrometer-commons\1.14.3\micrometer-commons-1.14.3.jar;C:\Users\DELL 10I3 256\.m2\repository\org\springframework\spring-webmvc\6.2.2\spring-webmvc-6.2.2.jar;C:\Users\DELL 10I3 256\.m2\repository\org\springframework\spring-expression\6.2.2\spring-expression-6.2.2.jar;C:\Users\DELL 10I3 256\.m2\repository\org\postgresql\postgresql\42.7.3\postgresql-42.7.3.jar;C:\Users\DELL 10I3 256\.m2\repository\org\checkerframework\checker-qual\3.42.0\checker-qual-3.42.0.jar;C:\Users\DELL 10I3 256\.m2\repository\org\springframework\boot\spring-boot-devtools\3.4.2\spring-boot-devtools-3.4.2.jar;C:\Users\DELL 10I3 256\.m2\repository\org\springframework\boot\spring-boot\3.4.2\spring-boot-3.4.2.jar;C:\Users\DELL 10I3 256\.m2\repository\org\springframework\boot\spring-boot-autoconfigure\3.4.2\spring-boot-autoconfigure-3.4.2.jar;C:\Users\DELL 10I3 256\.m2\repository\org\springframework\boot\spring-boot-starter-validation\3.4.2\spring-boot-starter-validation-3.4.2.jar;C:\Users\DELL 10I3 256\.m2\repository\org\apache\tomcat\embed\tomcat-embed-el\10.1.34\tomcat-embed-el-10.1.34.jar;C:\Users\DELL 10I3 256\.m2\repository\org\hibernate\validator\hibernate-validator\8.0.2.Final\hibernate-validator-8.0.2.Final.jar;C:\Users\DELL 10I3 256\.m2\repository\jakarta\validation\jakarta.validation-api\3.0.2\jakarta.validation-api-3.0.2.jar;C:\Users\DELL 10I3 256\.m2\repository\com\mysql\mysql-connector-j\9.1.0\mysql-connector-j-9.1.0.jar;C:\Users\DELL 10I3 256\.m2\repository\org\projectlombok\lombok\1.18.36\lombok-1.18.36.jar;C:\Users\DELL 10I3 256\.m2\repository\jakarta\xml\bind\jakarta.xml.bind-api\4.0.2\jakarta.xml.bind-api-4.0.2.jar;C:\Users\DELL 10I3 256\.m2\repository\jakarta\activation\jakarta.activation-api\2.1.3\jakarta.activation-api-2.1.3.jar;C:\Users\DELL 10I3 256\.m2\repository\org\springframework\spring-core\6.2.2\spring-core-6.2.2.jar;C:\Users\DELL 10I3 256\.m2\repository\org\springframework\spring-jcl\6.2.2\spring-jcl-6.2.2.jar;C:\Users\DELL 10I3 256\.m2\repository\org\mapstruct\mapstruct\1.6.2\mapstruct-1.6.2.jar;C:\Users\DELL 10I3 256\.m2\repository\org\mapstruct\mapstruct-processor\1.6.2\mapstruct-processor-1.6.2.jar;C:\Users\DELL 10I3 256\.m2\repository\org\projectlombok\lombok-mapstruct-binding\0.2.0\lombok-mapstruct-binding-0.2.0.jar;C:\Users\DELL 10I3 256\.m2\repository\com\fasterxml\jackson\core\jackson-databind\2.18.2\jackson-databind-2.18.2.jar;C:\Users\DELL 10I3 256\.m2\repository\com\fasterxml\jackson\core\jackson-annotations\2.18.2\jackson-annotations-2.18.2.jar;C:\Users\DELL 10I3 256\.m2\repository\com\fasterxml\jackson\core\jackson-core\2.18.2\jackson-core-2.18.2.jar;C:\Users\DELL 10I3 256\.m2\repository\org\springdoc\springdoc-openapi-starter-webmvc-ui\2.7.0\springdoc-openapi-starter-webmvc-ui-2.7.0.jar;C:\Users\DELL 10I3 256\.m2\repository\org\springdoc\springdoc-openapi-starter-webmvc-api\2.7.0\springdoc-openapi-starter-webmvc-api-2.7.0.jar;C:\Users\DELL 10I3 256\.m2\repository\org\springdoc\springdoc-openapi-starter-common\2.7.0\springdoc-openapi-starter-common-2.7.0.jar;C:\Users\DELL 10I3 256\.m2\repository\io\swagger\core\v3\swagger-core-jakarta\2.2.25\swagger-core-jakarta-2.2.25.jar;C:\Users\DELL 10I3 256\.m2\repository\org\apache\commons\commons-lang3\3.17.0\commons-lang3-3.17.0.jar;C:\Users\DELL 10I3 256\.m2\repository\io\swagger\core\v3\swagger-annotations-jakarta\2.2.25\swagger-annotations-jakarta-2.2.25.jar;C:\Users\DELL 10I3 256\.m2\repository\io\swagger\core\v3\swagger-models-jakarta\2.2.25\swagger-models-jakarta-2.2.25.jar;C:\Users\DELL 10I3 256\.m2\repository\com\fasterxml\jackson\dataformat\jackson-dataformat-yaml\2.18.2\jackson-dataformat-yaml-2.18.2.jar;C:\Users\DELL 10I3 256\.m2\repository\org\webjars\swagger-ui\5.18.2\swagger-ui-5.18.2.jar;C:\Users\DELL 10I3 256\.m2\repository\org\webjars\webjars-locator-lite\1.0.1\webjars-locator-lite-1.0.1.jar;C:\Users\DELL 10I3 256\.m2\repository\org\jspecify\jspecify\1.0.0\jspecify-1.0.0.jar;C:\Users\DELL 10I3 256\.m2\repository\org\hibernate\orm\hibernate-envers\6.5.2.Final\hibernate-envers-6.5.2.Final.jar;C:\Users\DELL 10I3 256\.m2\repository\org\jboss\logging\jboss-logging\3.6.1.Final\jboss-logging-3.6.1.Final.jar;C:\Users\DELL 10I3 256\.m2\repository\org\glassfish\jaxb\jaxb-runtime\4.0.5\jaxb-runtime-4.0.5.jar;C:\Users\DELL 10I3 256\.m2\repository\org\glassfish\jaxb\jaxb-core\4.0.5\jaxb-core-4.0.5.jar;C:\Users\DELL 10I3 256\.m2\repository\org\eclipse\angus\angus-activation\2.0.2\angus-activation-2.0.2.jar;C:\Users\DELL 10I3 256\.m2\repository\org\glassfish\jaxb\txw2\4.0.5\txw2-4.0.5.jar;C:\Users\DELL 10I3 256\.m2\repository\com\sun\istack\istack-commons-runtime\4.1.2\istack-commons-runtime-4.1.2.jar;C:\Users\DELL 10I3 256\.m2\repository\org\hibernate\common\hibernate-commons-annotations\6.0.6.Final\hibernate-commons-annotations-6.0.6.Final.jar;C:\Users\DELL 10I3 256\.m2\repository\io\smallrye\jandex\3.1.2\jandex-3.1.2.jar;C:\Users\DELL 10I3 256\.m2\repository\org\springframework\boot\spring-boot-starter-data-mongodb\3.4.2\spring-boot-starter-data-mongodb-3.4.2.jar;C:\Users\DELL 10I3 256\.m2\repository\org\mongodb\mongodb-driver-sync\5.2.1\mongodb-driver-sync-5.2.1.jar;C:\Users\DELL 10I3 256\.m2\repository\org\mongodb\bson\5.2.1\bson-5.2.1.jar;C:\Users\DELL 10I3 256\.m2\repository\org\mongodb\mongodb-driver-core\5.2.1\mongodb-driver-core-5.2.1.jar;C:\Users\DELL 10I3 256\.m2\repository\org\mongodb\bson-record-codec\5.2.1\bson-record-codec-5.2.1.jar;C:\Users\DELL 10I3 256\.m2\repository\org\springframework\data\spring-data-mongodb\4.4.2\spring-data-mongodb-4.4.2.jar
Launcher Type: SUN_STANDARD

[Global flags]
     intx CICompilerCount                          = 3                                         {product} {ergonomic}
     uint ConcGCThreads                            = 1                                         {product} {ergonomic}
     uint G1ConcRefinementThreads                  = 4                                         {product} {ergonomic}
   size_t G1HeapRegionSize                         = 2097152                                   {product} {ergonomic}
   size_t InitialHeapSize                          = 199229440                                 {product} {ergonomic}
   size_t MarkStackSize                            = 4194304                                   {product} {ergonomic}
   size_t MarkStackSizeMax                         = 536870912                                 {product} {ergonomic}
   size_t MaxHeapSize                              = 3160408064                                {product} {ergonomic}
   size_t MaxNewSize                               = 1895825408                                {product} {ergonomic}
   size_t MinHeapDeltaBytes                        = 2097152                                   {product} {ergonomic}
   size_t MinHeapSize                              = 8388608                                   {product} {ergonomic}
    uintx NonNMethodCodeHeapSize                   = 5832704                                {pd product} {ergonomic}
    uintx NonProfiledCodeHeapSize                  = 122945536                              {pd product} {ergonomic}
    uintx ProfiledCodeHeapSize                     = 122880000                              {pd product} {ergonomic}
    uintx ReservedCodeCacheSize                    = 251658240                              {pd product} {ergonomic}
     bool SegmentedCodeCache                       = true                                      {product} {ergonomic}
   size_t SoftMaxHeapSize                          = 3160408064                             {manageable} {ergonomic}
     bool UseCompressedOops                        = true                           {product lp64_product} {ergonomic}
     bool UseG1GC                                  = true                                      {product} {ergonomic}
     bool UseLargePagesIndividualAllocation        = false                                  {pd product} {ergonomic}

Logging:
Log output configuration:
 #0: stdout all=warning uptime,level,tags foldmultilines=false
 #1: stderr all=off uptime,level,tags foldmultilines=false

Environment Variables:
JAVA_HOME=C:\Program Files\Java\jdk-23
CLASSPATH=C:\apache-tomcat-6.0.14\lib\servlet-api.jar
PATH=C:\Program Files\Common Files\Oracle\Java\javapath;C:\Program Files (x86)\VMware\VMware Player\bin\;C:\oraclexe\app\oracle\product\11.2.0\server\bin;C:\WINDOWS;C:\WINDOWS\System32\Wbem;C:\WINDOWS\System32\WindowsPowerShell\v1.0\;C:\WINDOWS\System32\OpenSSH\;C:\MinGW\bin;C:\Program Files\Git\cmd;C:\Program Files\dotnet\;C:\ProgramData\ComposerSetup\bin;C:\Program Files\Java\jdk-23\bin;C:\apache-maven-3.9.6\bin;C:\gradle-8.6\bin;C:\Program Files\PostgreSQL\16\bin;C:\Program Files\Microsoft SQL Server\150\Tools\Binn\;C:\Program Files\Microsoft SQL Server\Client SDK\ODBC\170\Tools\Binn\;C:\Program Files (x86)\Microsoft SQL Server\160\Tools\Binn\;C:\Program Files\Microsoft SQL Server\160\Tools\Binn\;C:\Program Files\Microsoft SQL Server\160\DTS\Binn\;C:\Program Files\Microsoft SQL Server\130\Tools\Binn\;C:\Program Files (x86)\Microsoft SQL Server\160\DTS\Binn\;C:\WINDOWS\system32;C:\Program Files\MySQL\MySQL Server 8.0\bin;C:\Program Files\Docker\Docker\resources\bin;C:\Program Files\nodejs\;C:\ProgramData\chocolatey\bin;C:\Users\DELL 10I3 256\AppData\Local\Programs\Python\Python310\Scripts\;C:\xampp\php;C:\Users\DELL 10I3 256\AppData\Local\Programs\Microsoft VS Code\bin;C:\Users\DELL 10I3 256\AppData\Local\Microsoft\WindowsApps;C:\Users\DELL 10I3 256\AppData\Roaming\Composer\vendor\bin;C:\Program Files\MongoDB\Server\5.0\bin;C:\Users\DELL 10I3 256\AppData\Local\GitHubDesktop\bin;C:\Users\DELL 10I3 256\AppData\Local\Programs\Python\Python310;C:\Program Files\JetBrains\IntelliJ IDEA Community Edition 2024.2.2\bin;;C:\apache-maven-3.9.6\bin;C:\Users\DELL 10I3 256\AppData\Roaming\npm;
USERNAME=DELL 10I3 256
OS=Windows_NT
PROCESSOR_IDENTIFIER=Intel64 Family 6 Model 126 Stepping 5, GenuineIntel
TMP=C:\Users\DELL 10I3 256\AppData\Local\Temp
TEMP=C:\Users\DELL 10I3 256\AppData\Local\Temp




Periodic native trim disabled

---------------  S Y S T E M  ---------------

OS:
 Windows 11 , 64 bit Build 26100 (10.0.26100.3037)
OS uptime: 0 days 2:38 hours
Hyper-V role detected

CPU: total 4 (initial active 4) (2 cores per cpu, 2 threads per core) family 6 model 126 stepping 5 microcode 0xc2, cx8, cmov, fxsr, ht, mmx, 3dnowpref, sse, sse2, sse3, ssse3, sse4.1, sse4.2, popcnt, lzcnt, tsc, tscinvbit, avx, avx2, aes, erms, clmul, bmi1, bmi2, adx, avx512f, avx512dq, avx512cd, avx512bw, avx512vl, sha, fma, vzeroupper, avx512_vpopcntdq, avx512_vpclmulqdq, avx512_vaes, avx512_vnni, clflush, clflushopt, avx512_vbmi2, avx512_vbmi, hv, rdtscp, rdpid, fsrm, gfni, avx512_bitalg, f16c, avx512_ifma
Processor Information for the first 4 processors :
  Max Mhz: 1190, Current Mhz: 1190, Mhz Limit: 1190

Memory: 4k page, system-wide physical 12055M (1859M free)
TotalPageFile size 16151M (AvailPageFile size 8M)
current process WorkingSet (physical memory assigned to process): 132M, peak: 132M
current process commit charge ("private bytes"): 310M, peak: 310M

vm_info: Java HotSpot(TM) 64-Bit Server VM (23.0.2+7-58) for windows-amd64 JRE (23.0.2+7-58), built on 2024-11-29T09:34:55Z with MS VC++ 17.6 (VS2022)

END.
