#
# There is insufficient memory for the Java Runtime Environment to continue.
# Native memory allocation (malloc) failed to allocate 724656 bytes for Chunk::new
# Possible reasons:
#   The system is out of physical RAM or swap space
#   The process is running with CompressedOops enabled, and the Java Heap may be blocking the growth of the native heap
# Possible solutions:
#   Reduce memory load on the system
#   Increase physical memory or swap space
#   Check if swap backing store is full
#   Decrease Java heap size (-Xmx/-Xms)
#   Decrease number of Java threads
#   Decrease Java thread stack sizes (-Xss)
#   Set larger code cache with -XX:ReservedCodeCacheSize=
#   JVM is running with Zero Based Compressed Oops mode in which the Java heap is
#     placed in the first 32GB address space. The Java Heap base address is the
#     maximum limit for the native heap growth. Please use -XX:HeapBaseMinAddress
#     to set the Java Heap base and to place the Java Heap above 32GB virtual address.
# This output file may be truncated or incomplete.
#
#  Out of Memory Error (arena.cpp:189), pid=15096, tid=20028
#
# JRE version: Java(TM) SE Runtime Environment (17.0.12+8) (build 17.0.12+8-LTS-286)
# Java VM: Java HotSpot(TM) 64-Bit Server VM (17.0.12+8-LTS-286, mixed mode, sharing, tiered, compressed oops, compressed class ptrs, g1 gc, windows-amd64)
# No core dump will be written. Minidumps are not enabled by default on client versions of Windows
#

---------------  S U M M A R Y ------------

Command Line: -javaagent:C:\Program Files\JetBrains\IntelliJ IDEA Community Edition 2024.2.2\lib\idea_rt.jar=53028:C:\Program Files\JetBrains\IntelliJ IDEA Community Edition 2024.2.2\bin -Dfile.encoding=UTF-8 com.ems.ElectionManagementSystemApplication

Host: Intel(R) Core(TM) i3-1005G1 CPU @ 1.20GHz, 4 cores, 11G,  Windows 11 , 64 bit Build 26100 (10.0.26100.3323)
Time: Wed Mar 19 15:07:02 2025 India Standard Time elapsed time: 132.136693 seconds (0d 0h 2m 12s)

---------------  T H R E A D  ---------------

Current thread (0x0000020a6392a410):  JavaThread "C2 CompilerThread0" daemon [_thread_in_native, id=20028, stack(0x0000001040900000,0x0000001040a00000)]


Current CompileTask:
C2: 132136 11940       4       org.springframework.beans.factory.support.AbstractBeanFactory::isTypeMatch (745 bytes)

Stack: [0x0000001040900000,0x0000001040a00000]
Native frames: (J=compiled Java code, j=interpreted, Vv=VM code, C=native code)
V  [jvm.dll+0x67a04a]
V  [jvm.dll+0x7da4ed]
V  [jvm.dll+0x7dbe33]
V  [jvm.dll+0x7dc4a3]
V  [jvm.dll+0x24508f]
V  [jvm.dll+0xab773]
V  [jvm.dll+0xabd3c]
V  [jvm.dll+0x2aa52f]
V  [jvm.dll+0x581eb9]
V  [jvm.dll+0x21f422]
V  [jvm.dll+0x2184c2]
V  [jvm.dll+0x215b65]
V  [jvm.dll+0x1a2960]
V  [jvm.dll+0x22610b]
V  [jvm.dll+0x2242ab]
V  [jvm.dll+0x79075c]
V  [jvm.dll+0x78abea]
V  [jvm.dll+0x678f35]
C  [ucrtbase.dll+0x37b0]
C  [KERNEL32.DLL+0x2e8d7]
C  [ntdll.dll+0xbbf6c]


---------------  P R O C E S S  ---------------

Threads class SMR info:
_java_thread_list=0x0000020a68bbea10, length=40, elements={
0x0000020a6391a9e0, 0x0000020a6391c4c0, 0x0000020a63a450b0, 0x0000020a63a475a0,
0x0000020a63a47e70, 0x0000020a63a48740, 0x0000020a6392a410, 0x0000020a6392add0,
0x0000020a63ad0e70, 0x0000020a63c97c30, 0x0000020a6810a280, 0x0000020a6810a760,
0x0000020a6913d960, 0x0000020a6913f2b0, 0x0000020a6913fcd0, 0x0000020a6913d450,
0x0000020a68d61080, 0x0000020a68d60660, 0x0000020a68d60b70, 0x0000020a68d633f0,
0x0000020a68d63900, 0x0000020a68d61fb0, 0x0000020a68d62ee0, 0x0000020a68d64320,
0x0000020a68d64830, 0x0000020a68d64d40, 0x0000020a68d629d0, 0x0000020a68d63e10,
0x0000020a68d61590, 0x0000020a68d61aa0, 0x0000020a68d67fe0, 0x0000020a68d65250,
0x0000020a68d67ad0, 0x0000020a68d66690, 0x0000020a68d65760, 0x0000020a68d675c0,
0x0000020a6913ca30, 0x0000020a68bc0d30, 0x0000020a6b6d2010, 0x0000020a68bc1750
}

Java Threads: ( => current thread )
  0x0000020a6391a9e0 JavaThread "Reference Handler" daemon [_thread_blocked, id=20304, stack(0x0000001040300000,0x0000001040400000)]
  0x0000020a6391c4c0 JavaThread "Finalizer" daemon [_thread_blocked, id=5216, stack(0x0000001040400000,0x0000001040500000)]
  0x0000020a63a450b0 JavaThread "Signal Dispatcher" daemon [_thread_blocked, id=23344, stack(0x0000001040500000,0x0000001040600000)]
  0x0000020a63a475a0 JavaThread "Attach Listener" daemon [_thread_blocked, id=5212, stack(0x0000001040600000,0x0000001040700000)]
  0x0000020a63a47e70 JavaThread "Service Thread" daemon [_thread_blocked, id=17360, stack(0x0000001040700000,0x0000001040800000)]
  0x0000020a63a48740 JavaThread "Monitor Deflation Thread" daemon [_thread_blocked, id=22808, stack(0x0000001040800000,0x0000001040900000)]
=>0x0000020a6392a410 JavaThread "C2 CompilerThread0" daemon [_thread_in_native, id=20028, stack(0x0000001040900000,0x0000001040a00000)]
  0x0000020a6392add0 JavaThread "C1 CompilerThread0" daemon [_thread_blocked, id=4304, stack(0x0000001040a00000,0x0000001040b00000)]
  0x0000020a63ad0e70 JavaThread "Sweeper thread" daemon [_thread_blocked, id=11180, stack(0x0000001040b00000,0x0000001040c00000)]
  0x0000020a63c97c30 JavaThread "Common-Cleaner" daemon [_thread_blocked, id=12836, stack(0x0000001040c00000,0x0000001040d00000)]
  0x0000020a6810a280 JavaThread "Monitor Ctrl-Break" daemon [_thread_in_native, id=10656, stack(0x0000001041000000,0x0000001041100000)]
  0x0000020a6810a760 JavaThread "Notification Thread" daemon [_thread_blocked, id=5676, stack(0x0000001041100000,0x0000001041200000)]
  0x0000020a6913d960 JavaThread "mysql-cj-abandoned-connection-cleanup" daemon [_thread_blocked, id=19204, stack(0x0000001041700000,0x0000001041800000)]
  0x0000020a6913f2b0 JavaThread "HikariPool-1 housekeeper" daemon [_thread_blocked, id=21280, stack(0x0000001041900000,0x0000001041a00000)]
  0x0000020a6913fcd0 JavaThread "Catalina-utility-1" [_thread_blocked, id=21480, stack(0x0000001041a00000,0x0000001041b00000)]
  0x0000020a6913d450 JavaThread "Catalina-utility-2" [_thread_blocked, id=9600, stack(0x0000001041b00000,0x0000001041c00000)]
  0x0000020a68d61080 JavaThread "container-0" [_thread_blocked, id=21352, stack(0x0000001041c00000,0x0000001041d00000)]
  0x0000020a68d60660 JavaThread "BufferPoolPruner-1-thread-1" daemon [_thread_blocked, id=21812, stack(0x0000001041d00000,0x0000001041e00000)]
  0x0000020a68d60b70 JavaThread "cluster-ClusterId{value='67da8fd2a31aec68c2c99766', description='null'}-localhost:27017" daemon [_thread_in_native, id=21572, stack(0x0000001041e00000,0x0000001041f00000)]
  0x0000020a68d633f0 JavaThread "cluster-rtt-ClusterId{value='67da8fd2a31aec68c2c99766', description='null'}-localhost:27017" daemon [_thread_blocked, id=9696, stack(0x0000001041f00000,0x0000001042000000)]
  0x0000020a68d63900 JavaThread "MaintenanceTimer-2-thread-1" daemon [_thread_blocked, id=23248, stack(0x0000001042000000,0x0000001042100000)]
  0x0000020a68d61fb0 JavaThread "Live Reload Server" daemon [_thread_in_native, id=6656, stack(0x0000001042200000,0x0000001042300000)]
  0x0000020a68d62ee0 JavaThread "File Watcher" daemon [_thread_blocked, id=20600, stack(0x0000001042300000,0x0000001042400000)]
  0x0000020a68d64320 JavaThread "http-nio-0.0.0.0-8082-exec-1" daemon [_thread_blocked, id=22460, stack(0x0000001042400000,0x0000001042500000)]
  0x0000020a68d64830 JavaThread "http-nio-0.0.0.0-8082-exec-2" daemon [_thread_blocked, id=6900, stack(0x0000001042500000,0x0000001042600000)]
  0x0000020a68d64d40 JavaThread "http-nio-0.0.0.0-8082-exec-3" daemon [_thread_blocked, id=16468, stack(0x0000001042600000,0x0000001042700000)]
  0x0000020a68d629d0 JavaThread "http-nio-0.0.0.0-8082-exec-4" daemon [_thread_blocked, id=15764, stack(0x0000001042700000,0x0000001042800000)]
  0x0000020a68d63e10 JavaThread "http-nio-0.0.0.0-8082-exec-5" daemon [_thread_blocked, id=1792, stack(0x0000001042800000,0x0000001042900000)]
  0x0000020a68d61590 JavaThread "http-nio-0.0.0.0-8082-exec-6" daemon [_thread_blocked, id=10016, stack(0x0000001042900000,0x0000001042a00000)]
  0x0000020a68d61aa0 JavaThread "http-nio-0.0.0.0-8082-exec-7" daemon [_thread_blocked, id=22332, stack(0x0000001042a00000,0x0000001042b00000)]
  0x0000020a68d67fe0 JavaThread "http-nio-0.0.0.0-8082-exec-8" daemon [_thread_blocked, id=23136, stack(0x0000001042b00000,0x0000001042c00000)]
  0x0000020a68d65250 JavaThread "http-nio-0.0.0.0-8082-exec-9" daemon [_thread_blocked, id=20440, stack(0x0000001042c00000,0x0000001042d00000)]
  0x0000020a68d67ad0 JavaThread "http-nio-0.0.0.0-8082-exec-10" daemon [_thread_blocked, id=20744, stack(0x0000001042d00000,0x0000001042e00000)]
  0x0000020a68d66690 JavaThread "http-nio-0.0.0.0-8082-Poller" daemon [_thread_in_native, id=19556, stack(0x0000001042e00000,0x0000001042f00000)]
  0x0000020a68d65760 JavaThread "http-nio-0.0.0.0-8082-Acceptor" daemon [_thread_in_native, id=2652, stack(0x0000001042f00000,0x0000001043000000)]
  0x0000020a68d675c0 JavaThread "DestroyJavaVM" [_thread_blocked, id=19740, stack(0x000000103fc00000,0x000000103fd00000)]
  0x0000020a6913ca30 JavaThread "SIGINT handler" daemon [_thread_blocked, id=18488, stack(0x000000103f900000,0x000000103fa00000)]
  0x0000020a68bc0d30 JavaThread "SpringApplicationShutdownHook" [_thread_blocked, id=17464, stack(0x0000001041500000,0x0000001041600000)]
  0x0000020a6b6d2010 JavaThread "C2 CompilerThread1" daemon [_thread_in_native, id=21404, stack(0x000000103fa00000,0x000000103fb00000)]
  0x0000020a68bc1750 JavaThread "tomcat-shutdown" [_thread_in_native, id=7276, stack(0x000000103fb00000,0x000000103fc00000)]

Other Threads:
  0x0000020a63915020 VMThread "VM Thread" [stack: 0x0000001040200000,0x0000001040300000] [id=7816]
  0x0000020a682bfc90 WatcherThread [stack: 0x0000001041200000,0x0000001041300000] [id=5892]
  0x0000020a4338fdc0 GCTaskThread "GC Thread#0" [stack: 0x000000103fd00000,0x000000103fe00000] [id=22500]
  0x0000020a6811d350 GCTaskThread "GC Thread#1" [stack: 0x0000001040d00000,0x0000001040e00000] [id=20948]
  0x0000020a63d603a0 GCTaskThread "GC Thread#2" [stack: 0x0000001040e00000,0x0000001040f00000] [id=18052]
  0x0000020a63d60660 GCTaskThread "GC Thread#3" [stack: 0x0000001040f00000,0x0000001041000000] [id=16208]
  0x0000020a4339d880 ConcurrentGCThread "G1 Main Marker" [stack: 0x000000103fe00000,0x000000103ff00000] [id=22916]
  0x0000020a4339e1a0 ConcurrentGCThread "G1 Conc#0" [stack: 0x000000103ff00000,0x0000001040000000] [id=15440]
  0x0000020a433ed4f0 ConcurrentGCThread "G1 Refine#0" [stack: 0x0000001040000000,0x0000001040100000] [id=18180]
  0x0000020a68912860 ConcurrentGCThread "G1 Refine#1" [stack: 0x0000001041600000,0x0000001041700000] [id=22784]
  0x0000020a6dbfc1c0 ConcurrentGCThread "G1 Refine#2" [stack: 0x0000001042100000,0x0000001042200000] [id=15244]
  0x0000020a637930d0 ConcurrentGCThread "G1 Service" [stack: 0x0000001040100000,0x0000001040200000] [id=19224]

Threads with active compile tasks:
C2 CompilerThread0   132253 11940       4       org.springframework.beans.factory.support.AbstractBeanFactory::isTypeMatch (745 bytes)
C2 CompilerThread1   132253 11944       4       org.springframework.core.ResolvableType::forType (112 bytes)

VM state: not at safepoint (normal execution)

VM Mutex/Monitor currently owned by a thread: None

Heap address: 0x0000000743a00000, size: 3014 MB, Compressed Oops mode: Zero based, Oop shift amount: 3

CDS archive(s) mapped at: [0x0000020a00000000-0x0000020a00bd0000-0x0000020a00bd0000), size 12386304, SharedBaseAddress: 0x0000020a00000000, ArchiveRelocationMode: 1.
Compressed class space mapped at: 0x0000020a01000000-0x0000020a41000000, reserved size: 1073741824
Narrow klass base: 0x0000020a00000000, Narrow klass shift: 0, Narrow klass range: 0x100000000

GC Precious Log:
 CPUs: 4 total, 4 available
 Memory: 12055M
 Large Page Support: Disabled
 NUMA Support: Disabled
 Compressed Oops: Enabled (Zero based)
 Heap Region Size: 2M
 Heap Min Capacity: 8M
 Heap Initial Capacity: 190M
 Heap Max Capacity: 3014M
 Pre-touch: Disabled
 Parallel Workers: 4
 Concurrent Workers: 1
 Concurrent Refinement Workers: 4
 Periodic GC: Disabled

Heap:
 garbage-first heap   total 458752K, used 202389K [0x0000000743a00000, 0x0000000800000000)
  region size 2048K, 41 young (83968K), 4 survivors (8192K)
 Metaspace       used 114454K, committed 115200K, reserved 1179648K
  class space    used 15198K, committed 15552K, reserved 1048576K

Heap Regions: E=young(eden), S=young(survivor), O=old, HS=humongous(starts), HC=humongous(continues), CS=collection set, F=free, OA=open archive, CA=closed archive, TAMS=top-at-mark-start (previous, next)
|   0|0x0000000743a00000, 0x0000000743c00000, 0x0000000743c00000|100%| O|  |TAMS 0x0000000743c00000, 0x0000000743a00000| Untracked 
|   1|0x0000000743c00000, 0x0000000743e00000, 0x0000000743e00000|100%| O|  |TAMS 0x0000000743e00000, 0x0000000743c00000| Untracked 
|   2|0x0000000743e00000, 0x0000000744000000, 0x0000000744000000|100%| O|  |TAMS 0x0000000744000000, 0x0000000743e00000| Untracked 
|   3|0x0000000744000000, 0x0000000744200000, 0x0000000744200000|100%| O|  |TAMS 0x0000000744200000, 0x0000000744000000| Untracked 
|   4|0x0000000744200000, 0x00000007442a6a00, 0x0000000744400000| 32%| O|  |TAMS 0x00000007442a6a00, 0x0000000744200000| Untracked 
|   5|0x0000000744400000, 0x0000000744600000, 0x0000000744600000|100%| O|  |TAMS 0x0000000744600000, 0x0000000744400000| Untracked 
|   6|0x0000000744600000, 0x0000000744800000, 0x0000000744800000|100%| O|  |TAMS 0x0000000744800000, 0x0000000744600000| Untracked 
|   7|0x0000000744800000, 0x0000000744a00000, 0x0000000744a00000|100%| O|  |TAMS 0x0000000744a00000, 0x0000000744800000| Untracked 
|   8|0x0000000744a00000, 0x0000000744c00000, 0x0000000744c00000|100%| O|  |TAMS 0x0000000744c00000, 0x0000000744a00000| Untracked 
|   9|0x0000000744c00000, 0x0000000744e00000, 0x0000000744e00000|100%| O|  |TAMS 0x0000000744e00000, 0x0000000744c00000| Untracked 
|  10|0x0000000744e00000, 0x0000000745000000, 0x0000000745000000|100%| O|  |TAMS 0x0000000745000000, 0x0000000744e00000| Untracked 
|  11|0x0000000745000000, 0x0000000745200000, 0x0000000745200000|100%| O|  |TAMS 0x0000000745200000, 0x0000000745000000| Untracked 
|  12|0x0000000745200000, 0x0000000745400000, 0x0000000745400000|100%| O|  |TAMS 0x0000000745400000, 0x0000000745200000| Untracked 
|  13|0x0000000745400000, 0x0000000745600000, 0x0000000745600000|100%| O|  |TAMS 0x0000000745600000, 0x0000000745400000| Untracked 
|  14|0x0000000745600000, 0x0000000745800000, 0x0000000745800000|100%| O|  |TAMS 0x0000000745800000, 0x0000000745600000| Untracked 
|  15|0x0000000745800000, 0x0000000745a00000, 0x0000000745a00000|100%| O|  |TAMS 0x0000000745a00000, 0x0000000745800000| Untracked 
|  16|0x0000000745a00000, 0x0000000745c00000, 0x0000000745c00000|100%| O|  |TAMS 0x0000000745c00000, 0x0000000745a00000| Untracked 
|  17|0x0000000745c00000, 0x0000000745e00000, 0x0000000745e00000|100%| O|  |TAMS 0x0000000745e00000, 0x0000000745c00000| Untracked 
|  18|0x0000000745e00000, 0x0000000746000000, 0x0000000746000000|100%| O|  |TAMS 0x0000000746000000, 0x0000000745e00000| Untracked 
|  19|0x0000000746000000, 0x0000000746200000, 0x0000000746200000|100%| O|  |TAMS 0x0000000746200000, 0x0000000746000000| Untracked 
|  20|0x0000000746200000, 0x0000000746400000, 0x0000000746400000|100%| O|  |TAMS 0x0000000746400000, 0x0000000746200000| Untracked 
|  21|0x0000000746400000, 0x0000000746600000, 0x0000000746600000|100%| O|  |TAMS 0x0000000746600000, 0x0000000746400000| Untracked 
|  22|0x0000000746600000, 0x0000000746800000, 0x0000000746800000|100%| O|  |TAMS 0x0000000746800000, 0x0000000746600000| Untracked 
|  23|0x0000000746800000, 0x0000000746a00000, 0x0000000746a00000|100%| O|  |TAMS 0x0000000746a00000, 0x0000000746800000| Untracked 
|  24|0x0000000746a00000, 0x0000000746c00000, 0x0000000746c00000|100%| O|  |TAMS 0x0000000746c00000, 0x0000000746a00000| Untracked 
|  25|0x0000000746c00000, 0x0000000746e00000, 0x0000000746e00000|100%| O|  |TAMS 0x0000000746c00000, 0x0000000746c00000| Untracked 
|  26|0x0000000746e00000, 0x0000000747000000, 0x0000000747000000|100%| O|  |TAMS 0x0000000747000000, 0x0000000746e00000| Untracked 
|  27|0x0000000747000000, 0x0000000747000000, 0x0000000747200000|  0%| F|  |TAMS 0x0000000747000000, 0x0000000747000000| Untracked 
|  28|0x0000000747200000, 0x0000000747200000, 0x0000000747400000|  0%| F|  |TAMS 0x0000000747200000, 0x0000000747200000| Untracked 
|  29|0x0000000747400000, 0x0000000747400000, 0x0000000747600000|  0%| F|  |TAMS 0x0000000747400000, 0x0000000747400000| Untracked 
|  30|0x0000000747600000, 0x0000000747600000, 0x0000000747800000|  0%| F|  |TAMS 0x0000000747600000, 0x0000000747600000| Untracked 
|  31|0x0000000747800000, 0x0000000747a00000, 0x0000000747a00000|100%| O|  |TAMS 0x0000000747a00000, 0x0000000747800000| Untracked 
|  32|0x0000000747a00000, 0x0000000747c00000, 0x0000000747c00000|100%| O|  |TAMS 0x0000000747c00000, 0x0000000747a00000| Untracked 
|  33|0x0000000747c00000, 0x0000000747e00000, 0x0000000747e00000|100%| O|  |TAMS 0x0000000747e00000, 0x0000000747c00000| Untracked 
|  34|0x0000000747e00000, 0x0000000747e00000, 0x0000000748000000|  0%| F|  |TAMS 0x0000000747e00000, 0x0000000747e00000| Untracked 
|  35|0x0000000748000000, 0x0000000748000000, 0x0000000748200000|  0%| F|  |TAMS 0x0000000748000000, 0x0000000748000000| Untracked 
|  36|0x0000000748200000, 0x0000000748200000, 0x0000000748400000|  0%| F|  |TAMS 0x0000000748200000, 0x0000000748200000| Untracked 
|  37|0x0000000748400000, 0x0000000748600000, 0x0000000748600000|100%| O|  |TAMS 0x0000000748600000, 0x0000000748400000| Untracked 
|  38|0x0000000748600000, 0x0000000748800000, 0x0000000748800000|100%| O|  |TAMS 0x0000000748800000, 0x0000000748600000| Untracked 
|  39|0x0000000748800000, 0x0000000748a00000, 0x0000000748a00000|100%| O|  |TAMS 0x0000000748a00000, 0x0000000748800000| Untracked 
|  40|0x0000000748a00000, 0x0000000748c00000, 0x0000000748c00000|100%| O|  |TAMS 0x0000000748c00000, 0x0000000748a00000| Untracked 
|  41|0x0000000748c00000, 0x0000000748e00000, 0x0000000748e00000|100%| O|  |TAMS 0x0000000748c00000, 0x0000000748c00000| Untracked 
|  42|0x0000000748e00000, 0x0000000749000000, 0x0000000749000000|100%| O|  |TAMS 0x0000000748e00000, 0x0000000748e00000| Untracked 
|  43|0x0000000749000000, 0x0000000749000000, 0x0000000749200000|  0%| F|  |TAMS 0x0000000749000000, 0x0000000749000000| Untracked 
|  44|0x0000000749200000, 0x0000000749200000, 0x0000000749400000|  0%| F|  |TAMS 0x0000000749200000, 0x0000000749200000| Untracked 
|  45|0x0000000749400000, 0x0000000749400000, 0x0000000749600000|  0%| F|  |TAMS 0x0000000749400000, 0x0000000749400000| Untracked 
|  46|0x0000000749600000, 0x0000000749800000, 0x0000000749800000|100%| O|  |TAMS 0x0000000749800000, 0x0000000749600000| Untracked 
|  47|0x0000000749800000, 0x0000000749a00000, 0x0000000749a00000|100%| O|  |TAMS 0x0000000749a00000, 0x0000000749800000| Untracked 
|  48|0x0000000749a00000, 0x0000000749c00000, 0x0000000749c00000|100%| O|  |TAMS 0x0000000749c00000, 0x0000000749a00000| Untracked 
|  49|0x0000000749c00000, 0x0000000749e00000, 0x0000000749e00000|100%| O|  |TAMS 0x0000000749e00000, 0x0000000749c00000| Untracked 
|  50|0x0000000749e00000, 0x000000074a000000, 0x000000074a000000|100%| O|  |TAMS 0x000000074a000000, 0x0000000749e00000| Untracked 
|  51|0x000000074a000000, 0x000000074a200000, 0x000000074a200000|100%| O|  |TAMS 0x000000074a200000, 0x000000074a000000| Untracked 
|  52|0x000000074a200000, 0x000000074a400000, 0x000000074a400000|100%| O|  |TAMS 0x000000074a400000, 0x000000074a200000| Untracked 
|  53|0x000000074a400000, 0x000000074a600000, 0x000000074a600000|100%| O|  |TAMS 0x000000074a600000, 0x000000074a400000| Untracked 
|  54|0x000000074a600000, 0x000000074a800000, 0x000000074a800000|100%| O|  |TAMS 0x000000074a800000, 0x000000074a600000| Untracked 
|  55|0x000000074a800000, 0x000000074aa00000, 0x000000074aa00000|100%| O|  |TAMS 0x000000074aa00000, 0x000000074a800000| Untracked 
|  56|0x000000074aa00000, 0x000000074ac00000, 0x000000074ac00000|100%| O|  |TAMS 0x000000074aabb200, 0x000000074aa00000| Untracked 
|  57|0x000000074ac00000, 0x000000074ae00000, 0x000000074ae00000|100%| O|  |TAMS 0x000000074ac00000, 0x000000074ac00000| Untracked 
|  58|0x000000074ae00000, 0x000000074b000000, 0x000000074b000000|100%| O|  |TAMS 0x000000074ae00000, 0x000000074ae00000| Untracked 
|  59|0x000000074b000000, 0x000000074b200000, 0x000000074b200000|100%| O|  |TAMS 0x000000074b000000, 0x000000074b000000| Untracked 
|  60|0x000000074b200000, 0x000000074b400000, 0x000000074b400000|100%|HS|  |TAMS 0x000000074b200000, 0x000000074b200000| Complete 
|  61|0x000000074b400000, 0x000000074b600000, 0x000000074b600000|100%| O|  |TAMS 0x000000074b400000, 0x000000074b400000| Untracked 
|  62|0x000000074b600000, 0x000000074b800000, 0x000000074b800000|100%| O|  |TAMS 0x000000074b600000, 0x000000074b600000| Untracked 
|  63|0x000000074b800000, 0x000000074ba00000, 0x000000074ba00000|100%| O|  |TAMS 0x000000074b800000, 0x000000074b800000| Untracked 
|  64|0x000000074ba00000, 0x000000074bc00000, 0x000000074bc00000|100%| O|  |TAMS 0x000000074ba00000, 0x000000074ba00000| Untracked 
|  65|0x000000074bc00000, 0x000000074be00000, 0x000000074be00000|100%| O|  |TAMS 0x000000074bc00000, 0x000000074bc00000| Untracked 
|  66|0x000000074be00000, 0x000000074c000000, 0x000000074c000000|100%| O|  |TAMS 0x000000074be00000, 0x000000074be00000| Untracked 
|  67|0x000000074c000000, 0x000000074c200000, 0x000000074c200000|100%| O|  |TAMS 0x000000074c000000, 0x000000074c000000| Untracked 
|  68|0x000000074c200000, 0x000000074c400000, 0x000000074c400000|100%| O|  |TAMS 0x000000074c200000, 0x000000074c200000| Untracked 
|  69|0x000000074c400000, 0x000000074c597c00, 0x000000074c600000| 79%| O|  |TAMS 0x000000074c400000, 0x000000074c400000| Untracked 
|  70|0x000000074c600000, 0x000000074c600000, 0x000000074c800000|  0%| F|  |TAMS 0x000000074c600000, 0x000000074c600000| Untracked 
|  71|0x000000074c800000, 0x000000074c800000, 0x000000074ca00000|  0%| F|  |TAMS 0x000000074c800000, 0x000000074c800000| Untracked 
|  72|0x000000074ca00000, 0x000000074ca00000, 0x000000074cc00000|  0%| F|  |TAMS 0x000000074ca00000, 0x000000074ca00000| Untracked 
|  73|0x000000074cc00000, 0x000000074cc00000, 0x000000074ce00000|  0%| F|  |TAMS 0x000000074cc00000, 0x000000074cc00000| Untracked 
|  74|0x000000074ce00000, 0x000000074ce00000, 0x000000074d000000|  0%| F|  |TAMS 0x000000074ce00000, 0x000000074ce00000| Untracked 
|  75|0x000000074d000000, 0x000000074d000000, 0x000000074d200000|  0%| F|  |TAMS 0x000000074d000000, 0x000000074d000000| Untracked 
|  76|0x000000074d200000, 0x000000074d200000, 0x000000074d400000|  0%| F|  |TAMS 0x000000074d200000, 0x000000074d200000| Untracked 
|  77|0x000000074d400000, 0x000000074d400000, 0x000000074d600000|  0%| F|  |TAMS 0x000000074d400000, 0x000000074d400000| Untracked 
|  78|0x000000074d600000, 0x000000074d600000, 0x000000074d800000|  0%| F|  |TAMS 0x000000074d600000, 0x000000074d600000| Untracked 
|  79|0x000000074d800000, 0x000000074d800000, 0x000000074da00000|  0%| F|  |TAMS 0x000000074d800000, 0x000000074d800000| Untracked 
|  80|0x000000074da00000, 0x000000074da00000, 0x000000074dc00000|  0%| F|  |TAMS 0x000000074da00000, 0x000000074da00000| Untracked 
|  81|0x000000074dc00000, 0x000000074dc00000, 0x000000074de00000|  0%| F|  |TAMS 0x000000074dc00000, 0x000000074dc00000| Untracked 
|  82|0x000000074de00000, 0x000000074de00000, 0x000000074e000000|  0%| F|  |TAMS 0x000000074de00000, 0x000000074de00000| Untracked 
|  83|0x000000074e000000, 0x000000074e000000, 0x000000074e200000|  0%| F|  |TAMS 0x000000074e000000, 0x000000074e000000| Untracked 
|  84|0x000000074e200000, 0x000000074e200000, 0x000000074e400000|  0%| F|  |TAMS 0x000000074e200000, 0x000000074e200000| Untracked 
|  85|0x000000074e400000, 0x000000074e400000, 0x000000074e600000|  0%| F|  |TAMS 0x000000074e400000, 0x000000074e400000| Untracked 
|  86|0x000000074e600000, 0x000000074e600000, 0x000000074e800000|  0%| F|  |TAMS 0x000000074e600000, 0x000000074e600000| Untracked 
|  87|0x000000074e800000, 0x000000074e800000, 0x000000074ea00000|  0%| F|  |TAMS 0x000000074e800000, 0x000000074e800000| Untracked 
|  88|0x000000074ea00000, 0x000000074ea00000, 0x000000074ec00000|  0%| F|  |TAMS 0x000000074ea00000, 0x000000074ea00000| Untracked 
|  89|0x000000074ec00000, 0x000000074ec00000, 0x000000074ee00000|  0%| F|  |TAMS 0x000000074ec00000, 0x000000074ec00000| Untracked 
|  90|0x000000074ee00000, 0x000000074ee00000, 0x000000074f000000|  0%| F|  |TAMS 0x000000074ee00000, 0x000000074ee00000| Untracked 
|  91|0x000000074f000000, 0x000000074f000000, 0x000000074f200000|  0%| F|  |TAMS 0x000000074f000000, 0x000000074f000000| Untracked 
|  92|0x000000074f200000, 0x000000074f200000, 0x000000074f400000|  0%| F|  |TAMS 0x000000074f200000, 0x000000074f200000| Untracked 
|  93|0x000000074f400000, 0x000000074f400000, 0x000000074f600000|  0%| F|  |TAMS 0x000000074f400000, 0x000000074f400000| Untracked 
|  94|0x000000074f600000, 0x000000074f600000, 0x000000074f800000|  0%| F|  |TAMS 0x000000074f600000, 0x000000074f600000| Untracked 
|  95|0x000000074f800000, 0x000000074f800000, 0x000000074fa00000|  0%| F|  |TAMS 0x000000074f800000, 0x000000074f800000| Untracked 
|  96|0x000000074fa00000, 0x000000074fa00000, 0x000000074fc00000|  0%| F|  |TAMS 0x000000074fa00000, 0x000000074fa00000| Untracked 
|  97|0x000000074fc00000, 0x000000074fc00000, 0x000000074fe00000|  0%| F|  |TAMS 0x000000074fc00000, 0x000000074fc00000| Untracked 
|  98|0x000000074fe00000, 0x000000074fe00000, 0x0000000750000000|  0%| F|  |TAMS 0x000000074fe00000, 0x000000074fe00000| Untracked 
|  99|0x0000000750000000, 0x0000000750000000, 0x0000000750200000|  0%| F|  |TAMS 0x0000000750000000, 0x0000000750000000| Untracked 
| 100|0x0000000750200000, 0x0000000750200000, 0x0000000750400000|  0%| F|  |TAMS 0x0000000750200000, 0x0000000750200000| Untracked 
| 101|0x0000000750400000, 0x0000000750400000, 0x0000000750600000|  0%| F|  |TAMS 0x0000000750400000, 0x0000000750400000| Untracked 
| 102|0x0000000750600000, 0x0000000750600000, 0x0000000750800000|  0%| F|  |TAMS 0x0000000750600000, 0x0000000750600000| Untracked 
| 103|0x0000000750800000, 0x0000000750800000, 0x0000000750a00000|  0%| F|  |TAMS 0x0000000750800000, 0x0000000750800000| Untracked 
| 104|0x0000000750a00000, 0x0000000750a00000, 0x0000000750c00000|  0%| F|  |TAMS 0x0000000750a00000, 0x0000000750a00000| Untracked 
| 105|0x0000000750c00000, 0x0000000750c00000, 0x0000000750e00000|  0%| F|  |TAMS 0x0000000750c00000, 0x0000000750c00000| Untracked 
| 106|0x0000000750e00000, 0x0000000750e00000, 0x0000000751000000|  0%| F|  |TAMS 0x0000000750e00000, 0x0000000750e00000| Untracked 
| 107|0x0000000751000000, 0x0000000751000000, 0x0000000751200000|  0%| F|  |TAMS 0x0000000751000000, 0x0000000751000000| Untracked 
| 108|0x0000000751200000, 0x0000000751200000, 0x0000000751400000|  0%| F|  |TAMS 0x0000000751200000, 0x0000000751200000| Untracked 
| 109|0x0000000751400000, 0x0000000751400000, 0x0000000751600000|  0%| F|  |TAMS 0x0000000751400000, 0x0000000751400000| Untracked 
| 110|0x0000000751600000, 0x0000000751600000, 0x0000000751800000|  0%| F|  |TAMS 0x0000000751600000, 0x0000000751600000| Untracked 
| 111|0x0000000751800000, 0x0000000751800000, 0x0000000751a00000|  0%| F|  |TAMS 0x0000000751800000, 0x0000000751800000| Untracked 
| 112|0x0000000751a00000, 0x0000000751a00000, 0x0000000751c00000|  0%| F|  |TAMS 0x0000000751a00000, 0x0000000751a00000| Untracked 
| 113|0x0000000751c00000, 0x0000000751c00000, 0x0000000751e00000|  0%| F|  |TAMS 0x0000000751c00000, 0x0000000751c00000| Untracked 
| 114|0x0000000751e00000, 0x0000000751e00000, 0x0000000752000000|  0%| F|  |TAMS 0x0000000751e00000, 0x0000000751e00000| Untracked 
| 115|0x0000000752000000, 0x0000000752000000, 0x0000000752200000|  0%| F|  |TAMS 0x0000000752000000, 0x0000000752000000| Untracked 
| 116|0x0000000752200000, 0x0000000752200000, 0x0000000752400000|  0%| F|  |TAMS 0x0000000752200000, 0x0000000752200000| Untracked 
| 117|0x0000000752400000, 0x0000000752400000, 0x0000000752600000|  0%| F|  |TAMS 0x0000000752400000, 0x0000000752400000| Untracked 
| 118|0x0000000752600000, 0x0000000752600000, 0x0000000752800000|  0%| F|  |TAMS 0x0000000752600000, 0x0000000752600000| Untracked 
| 119|0x0000000752800000, 0x0000000752800000, 0x0000000752a00000|  0%| F|  |TAMS 0x0000000752800000, 0x0000000752800000| Untracked 
| 120|0x0000000752a00000, 0x0000000752a00000, 0x0000000752c00000|  0%| F|  |TAMS 0x0000000752a00000, 0x0000000752a00000| Untracked 
| 121|0x0000000752c00000, 0x0000000752c00000, 0x0000000752e00000|  0%| F|  |TAMS 0x0000000752c00000, 0x0000000752c00000| Untracked 
| 122|0x0000000752e00000, 0x0000000752e00000, 0x0000000753000000|  0%| F|  |TAMS 0x0000000752e00000, 0x0000000752e00000| Untracked 
| 123|0x0000000753000000, 0x0000000753000000, 0x0000000753200000|  0%| F|  |TAMS 0x0000000753000000, 0x0000000753000000| Untracked 
| 124|0x0000000753200000, 0x0000000753200000, 0x0000000753400000|  0%| F|  |TAMS 0x0000000753200000, 0x0000000753200000| Untracked 
| 125|0x0000000753400000, 0x0000000753400000, 0x0000000753600000|  0%| F|  |TAMS 0x0000000753400000, 0x0000000753400000| Untracked 
| 126|0x0000000753600000, 0x0000000753600000, 0x0000000753800000|  0%| F|  |TAMS 0x0000000753600000, 0x0000000753600000| Untracked 
| 127|0x0000000753800000, 0x0000000753800000, 0x0000000753a00000|  0%| F|  |TAMS 0x0000000753800000, 0x0000000753800000| Untracked 
| 128|0x0000000753a00000, 0x0000000753a00000, 0x0000000753c00000|  0%| F|  |TAMS 0x0000000753a00000, 0x0000000753a00000| Untracked 
| 129|0x0000000753c00000, 0x0000000753c00000, 0x0000000753e00000|  0%| F|  |TAMS 0x0000000753c00000, 0x0000000753c00000| Untracked 
| 130|0x0000000753e00000, 0x0000000753e00000, 0x0000000754000000|  0%| F|  |TAMS 0x0000000753e00000, 0x0000000753e00000| Untracked 
| 131|0x0000000754000000, 0x0000000754000000, 0x0000000754200000|  0%| F|  |TAMS 0x0000000754000000, 0x0000000754000000| Untracked 
| 132|0x0000000754200000, 0x0000000754200000, 0x0000000754400000|  0%| F|  |TAMS 0x0000000754200000, 0x0000000754200000| Untracked 
| 133|0x0000000754400000, 0x0000000754400000, 0x0000000754600000|  0%| F|  |TAMS 0x0000000754400000, 0x0000000754400000| Untracked 
| 134|0x0000000754600000, 0x0000000754600000, 0x0000000754800000|  0%| F|  |TAMS 0x0000000754600000, 0x0000000754600000| Untracked 
| 135|0x0000000754800000, 0x0000000754800000, 0x0000000754a00000|  0%| F|  |TAMS 0x0000000754800000, 0x0000000754800000| Untracked 
| 136|0x0000000754a00000, 0x0000000754a00000, 0x0000000754c00000|  0%| F|  |TAMS 0x0000000754a00000, 0x0000000754a00000| Untracked 
| 137|0x0000000754c00000, 0x0000000754c00000, 0x0000000754e00000|  0%| F|  |TAMS 0x0000000754c00000, 0x0000000754c00000| Untracked 
| 138|0x0000000754e00000, 0x0000000754e00000, 0x0000000755000000|  0%| F|  |TAMS 0x0000000754e00000, 0x0000000754e00000| Untracked 
| 139|0x0000000755000000, 0x0000000755000000, 0x0000000755200000|  0%| F|  |TAMS 0x0000000755000000, 0x0000000755000000| Untracked 
| 140|0x0000000755200000, 0x0000000755366e30, 0x0000000755400000| 70%| S|CS|TAMS 0x0000000755200000, 0x0000000755200000| Complete 
| 141|0x0000000755400000, 0x0000000755600000, 0x0000000755600000|100%| S|CS|TAMS 0x0000000755400000, 0x0000000755400000| Complete 
| 142|0x0000000755600000, 0x0000000755800000, 0x0000000755800000|100%| S|CS|TAMS 0x0000000755600000, 0x0000000755600000| Complete 
| 143|0x0000000755800000, 0x0000000755a00000, 0x0000000755a00000|100%| S|CS|TAMS 0x0000000755800000, 0x0000000755800000| Complete 
| 144|0x0000000755a00000, 0x0000000755a00000, 0x0000000755c00000|  0%| F|  |TAMS 0x0000000755a00000, 0x0000000755a00000| Untracked 
| 145|0x0000000755c00000, 0x0000000755c00000, 0x0000000755e00000|  0%| F|  |TAMS 0x0000000755c00000, 0x0000000755c00000| Untracked 
| 146|0x0000000755e00000, 0x0000000755e00000, 0x0000000756000000|  0%| F|  |TAMS 0x0000000755e00000, 0x0000000755e00000| Untracked 
| 147|0x0000000756000000, 0x0000000756000000, 0x0000000756200000|  0%| F|  |TAMS 0x0000000756000000, 0x0000000756000000| Untracked 
| 148|0x0000000756200000, 0x0000000756200000, 0x0000000756400000|  0%| F|  |TAMS 0x0000000756200000, 0x0000000756200000| Untracked 
| 149|0x0000000756400000, 0x0000000756400000, 0x0000000756600000|  0%| F|  |TAMS 0x0000000756400000, 0x0000000756400000| Untracked 
| 150|0x0000000756600000, 0x0000000756600000, 0x0000000756800000|  0%| F|  |TAMS 0x0000000756600000, 0x0000000756600000| Untracked 
| 151|0x0000000756800000, 0x0000000756800000, 0x0000000756a00000|  0%| F|  |TAMS 0x0000000756800000, 0x0000000756800000| Untracked 
| 152|0x0000000756a00000, 0x0000000756a00000, 0x0000000756c00000|  0%| F|  |TAMS 0x0000000756a00000, 0x0000000756a00000| Untracked 
| 153|0x0000000756c00000, 0x0000000756c00000, 0x0000000756e00000|  0%| F|  |TAMS 0x0000000756c00000, 0x0000000756c00000| Untracked 
| 154|0x0000000756e00000, 0x0000000756e00000, 0x0000000757000000|  0%| F|  |TAMS 0x0000000756e00000, 0x0000000756e00000| Untracked 
| 155|0x0000000757000000, 0x0000000757000000, 0x0000000757200000|  0%| F|  |TAMS 0x0000000757000000, 0x0000000757000000| Untracked 
| 156|0x0000000757200000, 0x0000000757200000, 0x0000000757400000|  0%| F|  |TAMS 0x0000000757200000, 0x0000000757200000| Untracked 
| 157|0x0000000757400000, 0x0000000757400000, 0x0000000757600000|  0%| F|  |TAMS 0x0000000757400000, 0x0000000757400000| Untracked 
| 158|0x0000000757600000, 0x0000000757600000, 0x0000000757800000|  0%| F|  |TAMS 0x0000000757600000, 0x0000000757600000| Untracked 
| 159|0x0000000757800000, 0x0000000757800000, 0x0000000757a00000|  0%| F|  |TAMS 0x0000000757800000, 0x0000000757800000| Untracked 
| 160|0x0000000757a00000, 0x0000000757a00000, 0x0000000757c00000|  0%| F|  |TAMS 0x0000000757a00000, 0x0000000757a00000| Untracked 
| 161|0x0000000757c00000, 0x0000000757c00000, 0x0000000757e00000|  0%| F|  |TAMS 0x0000000757c00000, 0x0000000757c00000| Untracked 
| 162|0x0000000757e00000, 0x0000000757e00000, 0x0000000758000000|  0%| F|  |TAMS 0x0000000757e00000, 0x0000000757e00000| Untracked 
| 163|0x0000000758000000, 0x0000000758000000, 0x0000000758200000|  0%| F|  |TAMS 0x0000000758000000, 0x0000000758000000| Untracked 
| 164|0x0000000758200000, 0x0000000758200000, 0x0000000758400000|  0%| F|  |TAMS 0x0000000758200000, 0x0000000758200000| Untracked 
| 165|0x0000000758400000, 0x0000000758400000, 0x0000000758600000|  0%| F|  |TAMS 0x0000000758400000, 0x0000000758400000| Untracked 
| 166|0x0000000758600000, 0x0000000758600000, 0x0000000758800000|  0%| F|  |TAMS 0x0000000758600000, 0x0000000758600000| Untracked 
| 167|0x0000000758800000, 0x0000000758800000, 0x0000000758a00000|  0%| F|  |TAMS 0x0000000758800000, 0x0000000758800000| Untracked 
| 168|0x0000000758a00000, 0x0000000758a00000, 0x0000000758c00000|  0%| F|  |TAMS 0x0000000758a00000, 0x0000000758a00000| Untracked 
| 169|0x0000000758c00000, 0x0000000758c00000, 0x0000000758e00000|  0%| F|  |TAMS 0x0000000758c00000, 0x0000000758c00000| Untracked 
| 170|0x0000000758e00000, 0x0000000758e00000, 0x0000000759000000|  0%| F|  |TAMS 0x0000000758e00000, 0x0000000758e00000| Untracked 
| 171|0x0000000759000000, 0x0000000759000000, 0x0000000759200000|  0%| F|  |TAMS 0x0000000759000000, 0x0000000759000000| Untracked 
| 172|0x0000000759200000, 0x0000000759200000, 0x0000000759400000|  0%| F|  |TAMS 0x0000000759200000, 0x0000000759200000| Untracked 
| 173|0x0000000759400000, 0x0000000759400000, 0x0000000759600000|  0%| F|  |TAMS 0x0000000759400000, 0x0000000759400000| Untracked 
| 174|0x0000000759600000, 0x0000000759600000, 0x0000000759800000|  0%| F|  |TAMS 0x0000000759600000, 0x0000000759600000| Untracked 
| 175|0x0000000759800000, 0x0000000759800000, 0x0000000759a00000|  0%| F|  |TAMS 0x0000000759800000, 0x0000000759800000| Untracked 
| 176|0x0000000759a00000, 0x0000000759a00000, 0x0000000759c00000|  0%| F|  |TAMS 0x0000000759a00000, 0x0000000759a00000| Untracked 
| 177|0x0000000759c00000, 0x0000000759c00000, 0x0000000759e00000|  0%| F|  |TAMS 0x0000000759c00000, 0x0000000759c00000| Untracked 
| 178|0x0000000759e00000, 0x0000000759e00000, 0x000000075a000000|  0%| F|  |TAMS 0x0000000759e00000, 0x0000000759e00000| Untracked 
| 179|0x000000075a000000, 0x000000075a000000, 0x000000075a200000|  0%| F|  |TAMS 0x000000075a000000, 0x000000075a000000| Untracked 
| 180|0x000000075a200000, 0x000000075a200000, 0x000000075a400000|  0%| F|  |TAMS 0x000000075a200000, 0x000000075a200000| Untracked 
| 181|0x000000075a400000, 0x000000075a400000, 0x000000075a600000|  0%| F|  |TAMS 0x000000075a400000, 0x000000075a400000| Untracked 
| 182|0x000000075a600000, 0x000000075a600000, 0x000000075a800000|  0%| F|  |TAMS 0x000000075a600000, 0x000000075a600000| Untracked 
| 183|0x000000075a800000, 0x000000075a800000, 0x000000075aa00000|  0%| F|  |TAMS 0x000000075a800000, 0x000000075a800000| Untracked 
| 184|0x000000075aa00000, 0x000000075aa00000, 0x000000075ac00000|  0%| F|  |TAMS 0x000000075aa00000, 0x000000075aa00000| Untracked 
| 185|0x000000075ac00000, 0x000000075ac00000, 0x000000075ae00000|  0%| F|  |TAMS 0x000000075ac00000, 0x000000075ac00000| Untracked 
| 186|0x000000075ae00000, 0x000000075ae00000, 0x000000075b000000|  0%| F|  |TAMS 0x000000075ae00000, 0x000000075ae00000| Untracked 
| 187|0x000000075b000000, 0x000000075b1795e8, 0x000000075b200000| 73%| E|  |TAMS 0x000000075b000000, 0x000000075b000000| Complete 
| 188|0x000000075b200000, 0x000000075b400000, 0x000000075b400000|100%| E|CS|TAMS 0x000000075b200000, 0x000000075b200000| Complete 
| 189|0x000000075b400000, 0x000000075b600000, 0x000000075b600000|100%| E|CS|TAMS 0x000000075b400000, 0x000000075b400000| Complete 
| 190|0x000000075b600000, 0x000000075b800000, 0x000000075b800000|100%| E|CS|TAMS 0x000000075b600000, 0x000000075b600000| Complete 
| 191|0x000000075b800000, 0x000000075ba00000, 0x000000075ba00000|100%| E|CS|TAMS 0x000000075b800000, 0x000000075b800000| Complete 
| 192|0x000000075ba00000, 0x000000075bc00000, 0x000000075bc00000|100%| E|CS|TAMS 0x000000075ba00000, 0x000000075ba00000| Complete 
| 193|0x000000075bc00000, 0x000000075be00000, 0x000000075be00000|100%| E|CS|TAMS 0x000000075bc00000, 0x000000075bc00000| Complete 
| 194|0x000000075be00000, 0x000000075c000000, 0x000000075c000000|100%| E|CS|TAMS 0x000000075be00000, 0x000000075be00000| Complete 
| 195|0x000000075c000000, 0x000000075c200000, 0x000000075c200000|100%| E|CS|TAMS 0x000000075c000000, 0x000000075c000000| Complete 
| 196|0x000000075c200000, 0x000000075c400000, 0x000000075c400000|100%| E|CS|TAMS 0x000000075c200000, 0x000000075c200000| Complete 
| 197|0x000000075c400000, 0x000000075c600000, 0x000000075c600000|100%| E|CS|TAMS 0x000000075c400000, 0x000000075c400000| Complete 
| 198|0x000000075c600000, 0x000000075c800000, 0x000000075c800000|100%| E|CS|TAMS 0x000000075c600000, 0x000000075c600000| Complete 
| 199|0x000000075c800000, 0x000000075ca00000, 0x000000075ca00000|100%| E|CS|TAMS 0x000000075c800000, 0x000000075c800000| Complete 
| 200|0x000000075ca00000, 0x000000075cc00000, 0x000000075cc00000|100%| E|CS|TAMS 0x000000075ca00000, 0x000000075ca00000| Complete 
| 201|0x000000075cc00000, 0x000000075ce00000, 0x000000075ce00000|100%| E|CS|TAMS 0x000000075cc00000, 0x000000075cc00000| Complete 
| 202|0x000000075ce00000, 0x000000075d000000, 0x000000075d000000|100%| E|CS|TAMS 0x000000075ce00000, 0x000000075ce00000| Complete 
| 203|0x000000075d000000, 0x000000075d200000, 0x000000075d200000|100%| E|CS|TAMS 0x000000075d000000, 0x000000075d000000| Complete 
| 204|0x000000075d200000, 0x000000075d400000, 0x000000075d400000|100%| E|CS|TAMS 0x000000075d200000, 0x000000075d200000| Complete 
| 205|0x000000075d400000, 0x000000075d600000, 0x000000075d600000|100%| E|CS|TAMS 0x000000075d400000, 0x000000075d400000| Complete 
| 206|0x000000075d600000, 0x000000075d800000, 0x000000075d800000|100%| E|CS|TAMS 0x000000075d600000, 0x000000075d600000| Complete 
| 207|0x000000075d800000, 0x000000075da00000, 0x000000075da00000|100%| E|CS|TAMS 0x000000075d800000, 0x000000075d800000| Complete 
| 208|0x000000075da00000, 0x000000075dc00000, 0x000000075dc00000|100%| E|CS|TAMS 0x000000075da00000, 0x000000075da00000| Complete 
| 209|0x000000075dc00000, 0x000000075de00000, 0x000000075de00000|100%| E|CS|TAMS 0x000000075dc00000, 0x000000075dc00000| Complete 
| 210|0x000000075de00000, 0x000000075e000000, 0x000000075e000000|100%| E|CS|TAMS 0x000000075de00000, 0x000000075de00000| Complete 
| 211|0x000000075e000000, 0x000000075e200000, 0x000000075e200000|100%| E|CS|TAMS 0x000000075e000000, 0x000000075e000000| Complete 
| 212|0x000000075e200000, 0x000000075e400000, 0x000000075e400000|100%| E|CS|TAMS 0x000000075e200000, 0x000000075e200000| Complete 
| 213|0x000000075e400000, 0x000000075e600000, 0x000000075e600000|100%| E|CS|TAMS 0x000000075e400000, 0x000000075e400000| Complete 
| 214|0x000000075e600000, 0x000000075e800000, 0x000000075e800000|100%| E|CS|TAMS 0x000000075e600000, 0x000000075e600000| Complete 
| 215|0x000000075e800000, 0x000000075ea00000, 0x000000075ea00000|100%| E|CS|TAMS 0x000000075e800000, 0x000000075e800000| Complete 
| 216|0x000000075ea00000, 0x000000075ec00000, 0x000000075ec00000|100%| E|CS|TAMS 0x000000075ea00000, 0x000000075ea00000| Complete 
| 217|0x000000075ec00000, 0x000000075ee00000, 0x000000075ee00000|100%| E|CS|TAMS 0x000000075ec00000, 0x000000075ec00000| Complete 
| 218|0x000000075ee00000, 0x000000075f000000, 0x000000075f000000|100%| E|CS|TAMS 0x000000075ee00000, 0x000000075ee00000| Complete 
| 219|0x000000075f000000, 0x000000075f200000, 0x000000075f200000|100%| E|CS|TAMS 0x000000075f000000, 0x000000075f000000| Complete 
| 220|0x000000075f200000, 0x000000075f400000, 0x000000075f400000|100%| E|CS|TAMS 0x000000075f200000, 0x000000075f200000| Complete 
| 221|0x000000075f400000, 0x000000075f600000, 0x000000075f600000|100%| E|CS|TAMS 0x000000075f400000, 0x000000075f400000| Complete 
| 222|0x000000075f600000, 0x000000075f800000, 0x000000075f800000|100%| E|CS|TAMS 0x000000075f600000, 0x000000075f600000| Complete 
| 223|0x000000075f800000, 0x000000075fa00000, 0x000000075fa00000|100%| E|CS|TAMS 0x000000075f800000, 0x000000075f800000| Complete 

Card table byte_map: [0x0000020a5a8d0000,0x0000020a5aec0000] _byte_map_base: 0x0000020a56eb3000

Marking Bits (Prev, Next): (CMBitMap*) 0x0000020a43391340, (CMBitMap*) 0x0000020a43391300
 Prev Bits: [0x0000020a5e3d0000, 0x0000020a612e8000)
 Next Bits: [0x0000020a5b4b0000, 0x0000020a5e3c8000)

Polling page: 0x0000020a41a80000

Metaspace:

Usage:
  Non-class:     96.93 MB used.
      Class:     14.84 MB used.
       Both:    111.77 MB used.

Virtual space:
  Non-class space:      128.00 MB reserved,      97.31 MB ( 76%) committed,  2 nodes.
      Class space:        1.00 GB reserved,      15.19 MB (  1%) committed,  1 nodes.
             Both:        1.12 GB reserved,     112.50 MB ( 10%) committed. 

Chunk freelists:
   Non-Class:  13.86 MB
       Class:  751.00 KB
        Both:  14.59 MB

MaxMetaspaceSize: unlimited
CompressedClassSpaceSize: 1.00 GB
Initial GC threshold: 21.00 MB
Current GC threshold: 150.62 MB
CDS: on
MetaspaceReclaimPolicy: balanced
 - commit_granule_bytes: 65536.
 - commit_granule_words: 8192.
 - virtual_space_node_default_size: 8388608.
 - enlarge_chunks_in_place: 1.
 - new_chunks_are_fully_committed: 0.
 - uncommit_free_chunks: 1.
 - use_allocation_guard: 0.
 - handle_deallocations: 1.


Internal statistics:

num_allocs_failed_limit: 6.
num_arena_births: 1020.
num_arena_deaths: 4.
num_vsnodes_births: 3.
num_vsnodes_deaths: 0.
num_space_committed: 1800.
num_space_uncommitted: 0.
num_chunks_returned_to_freelist: 12.
num_chunks_taken_from_freelist: 5169.
num_chunk_merges: 7.
num_chunk_splits: 3761.
num_chunks_enlarged: 2985.
num_inconsistent_stats: 0.

CodeHeap 'non-profiled nmethods': size=120000Kb used=6580Kb max_used=7865Kb free=113419Kb
 bounds [0x0000020a52780000, 0x0000020a52f30000, 0x0000020a59cb0000]
CodeHeap 'profiled nmethods': size=120000Kb used=17549Kb max_used=18065Kb free=102450Kb
 bounds [0x0000020a4acb0000, 0x0000020a4be70000, 0x0000020a521e0000]
CodeHeap 'non-nmethods': size=5760Kb used=1479Kb max_used=1529Kb free=4280Kb
 bounds [0x0000020a521e0000, 0x0000020a52450000, 0x0000020a52780000]
 total_blobs=10241 nmethods=9416 adapters=736
 compilation: enabled
              stopped_count=0, restarted_count=0
 full_count=0

Compilation events (20 events):
Event: 132.064 Thread 0x0000020a6392add0 nmethod 11966 0x0000020a52d71b10 code [0x0000020a52d71ca0, 0x0000020a52d71d78]
Event: 132.065 Thread 0x0000020a6392add0 11968       3       java.util.ComparableTimSort::binarySort (223 bytes)
Event: 132.065 Thread 0x0000020a6392add0 nmethod 11968 0x0000020a4b4e8710 code [0x0000020a4b4e8940, 0x0000020a4b4e9578]
Event: 132.066 Thread 0x0000020a6392add0 11967       3       java.util.ComparableTimSort::countRunAndMakeAscending (123 bytes)
Event: 132.066 Thread 0x0000020a6392add0 nmethod 11967 0x0000020a4b924e90 code [0x0000020a4b9250c0, 0x0000020a4b925b58]
Event: 132.066 Thread 0x0000020a6392add0 11969       3       javax.management.ObjectName::setCanonicalName (251 bytes)
Event: 132.067 Thread 0x0000020a6392add0 nmethod 11969 0x0000020a4be4e110 code [0x0000020a4be4e3a0, 0x0000020a4be4f468]
Event: 132.067 Thread 0x0000020a6392add0 11971       3       javax.management.ObjectName::<init> (15 bytes)
Event: 132.067 Thread 0x0000020a6392add0 nmethod 11971 0x0000020a4bba0710 code [0x0000020a4bba08c0, 0x0000020a4bba0a68]
Event: 132.067 Thread 0x0000020a6392add0 11972       3       java.util.Arrays::sort (24 bytes)
Event: 132.068 Thread 0x0000020a6392add0 nmethod 11972 0x0000020a4bcdde10 code [0x0000020a4bcddfc0, 0x0000020a4bcde108]
Event: 132.068 Thread 0x0000020a6392add0 11970       3       io.micrometer.core.instrument.binder.tomcat.TomcatMetrics::getJmxDomain (49 bytes)
Event: 132.068 Thread 0x0000020a6392add0 nmethod 11970 0x0000020a4bcdd810 code [0x0000020a4bcdd9e0, 0x0000020a4bcddd38]
Event: 132.068 Thread 0x0000020a6392add0 11973       3       io.micrometer.core.instrument.AbstractMeter::hashCode (5 bytes)
Event: 132.069 Thread 0x0000020a6392add0 nmethod 11973 0x0000020a4bcdd010 code [0x0000020a4bcdd1e0, 0x0000020a4bcdd4f8]
Event: 132.069 Thread 0x0000020a6392add0 11974       3       io.micrometer.core.instrument.util.MeterEquivalence::hashCode (10 bytes)
Event: 132.069 Thread 0x0000020a6392add0 nmethod 11974 0x0000020a4bd95510 code [0x0000020a4bd956e0, 0x0000020a4bd959a8]
Event: 132.070 Thread 0x0000020a6392add0 11975       3       org.springframework.context.event.GenericApplicationListenerAdapter::resolveDeclaredEventType (41 bytes)
Event: 132.070 Thread 0x0000020a6392add0 nmethod 11975 0x0000020a4bd94e10 code [0x0000020a4bd95000, 0x0000020a4bd953d8]
Event: 132.071 Thread 0x0000020a6b6d2010 11944       4       org.springframework.core.ResolvableType::forType (112 bytes)

GC Heap History (20 events):
Event: 22.254 GC heap before
{Heap before GC invocations=35 (full 0):
 garbage-first heap   total 112640K, used 88500K [0x0000000743a00000, 0x0000000800000000)
  region size 2048K, 18 young (36864K), 2 survivors (4096K)
 Metaspace       used 91893K, committed 92544K, reserved 1179648K
  class space    used 12458K, committed 12736K, reserved 1048576K
}
Event: 22.262 GC heap after
{Heap after GC invocations=36 (full 0):
 garbage-first heap   total 147456K, used 59124K [0x0000000743a00000, 0x0000000800000000)
  region size 2048K, 3 young (6144K), 3 survivors (6144K)
 Metaspace       used 91893K, committed 92544K, reserved 1179648K
  class space    used 12458K, committed 12736K, reserved 1048576K
}
Event: 22.526 GC heap before
{Heap before GC invocations=37 (full 0):
 garbage-first heap   total 147456K, used 116468K [0x0000000743a00000, 0x0000000800000000)
  region size 2048K, 31 young (63488K), 3 survivors (6144K)
 Metaspace       used 91894K, committed 92544K, reserved 1179648K
  class space    used 12459K, committed 12736K, reserved 1048576K
}
Event: 22.544 GC heap after
{Heap after GC invocations=38 (full 0):
 garbage-first heap   total 147456K, used 77143K [0x0000000743a00000, 0x0000000800000000)
  region size 2048K, 4 young (8192K), 4 survivors (8192K)
 Metaspace       used 91894K, committed 92544K, reserved 1179648K
  class space    used 12459K, committed 12736K, reserved 1048576K
}
Event: 22.657 GC heap before
{Heap before GC invocations=38 (full 0):
 garbage-first heap   total 147456K, used 109911K [0x0000000743a00000, 0x0000000800000000)
  region size 2048K, 20 young (40960K), 4 survivors (8192K)
 Metaspace       used 91922K, committed 92544K, reserved 1179648K
  class space    used 12460K, committed 12736K, reserved 1048576K
}
Event: 22.674 GC heap after
{Heap after GC invocations=39 (full 0):
 garbage-first heap   total 147456K, used 84418K [0x0000000743a00000, 0x0000000800000000)
  region size 2048K, 3 young (6144K), 3 survivors (6144K)
 Metaspace       used 91922K, committed 92544K, reserved 1179648K
  class space    used 12460K, committed 12736K, reserved 1048576K
}
Event: 22.831 GC heap before
{Heap before GC invocations=39 (full 0):
 garbage-first heap   total 192512K, used 113090K [0x0000000743a00000, 0x0000000800000000)
  region size 2048K, 17 young (34816K), 3 survivors (6144K)
 Metaspace       used 91922K, committed 92544K, reserved 1179648K
  class space    used 12460K, committed 12736K, reserved 1048576K
}
Event: 22.847 GC heap after
{Heap after GC invocations=40 (full 0):
 garbage-first heap   total 192512K, used 95797K [0x0000000743a00000, 0x0000000800000000)
  region size 2048K, 3 young (6144K), 3 survivors (6144K)
 Metaspace       used 91922K, committed 92544K, reserved 1179648K
  class space    used 12460K, committed 12736K, reserved 1048576K
}
Event: 23.006 GC heap before
{Heap before GC invocations=41 (full 0):
 garbage-first heap   total 192512K, used 138805K [0x0000000743a00000, 0x0000000800000000)
  region size 2048K, 24 young (49152K), 3 survivors (6144K)
 Metaspace       used 91933K, committed 92544K, reserved 1179648K
  class space    used 12460K, committed 12736K, reserved 1048576K
}
Event: 23.033 GC heap after
{Heap after GC invocations=42 (full 0):
 garbage-first heap   total 192512K, used 112788K [0x0000000743a00000, 0x0000000800000000)
  region size 2048K, 3 young (6144K), 3 survivors (6144K)
 Metaspace       used 91933K, committed 92544K, reserved 1179648K
  class space    used 12460K, committed 12736K, reserved 1048576K
}
Event: 23.053 GC heap before
{Heap before GC invocations=42 (full 0):
 garbage-first heap   total 192512K, used 114836K [0x0000000743a00000, 0x0000000800000000)
  region size 2048K, 4 young (8192K), 3 survivors (6144K)
 Metaspace       used 91933K, committed 92544K, reserved 1179648K
  class space    used 12460K, committed 12736K, reserved 1048576K
}
Event: 23.062 GC heap after
{Heap after GC invocations=43 (full 0):
 garbage-first heap   total 192512K, used 113692K [0x0000000743a00000, 0x0000000800000000)
  region size 2048K, 1 young (2048K), 1 survivors (2048K)
 Metaspace       used 91933K, committed 92544K, reserved 1179648K
  class space    used 12460K, committed 12736K, reserved 1048576K
}
Event: 23.128 GC heap before
{Heap before GC invocations=43 (full 0):
 garbage-first heap   total 192512K, used 142364K [0x0000000743a00000, 0x0000000800000000)
  region size 2048K, 15 young (30720K), 1 survivors (2048K)
 Metaspace       used 91933K, committed 92544K, reserved 1179648K
  class space    used 12460K, committed 12736K, reserved 1048576K
}
Event: 23.143 GC heap after
{Heap after GC invocations=44 (full 0):
 garbage-first heap   total 458752K, used 124475K [0x0000000743a00000, 0x0000000800000000)
  region size 2048K, 2 young (4096K), 2 survivors (4096K)
 Metaspace       used 91933K, committed 92544K, reserved 1179648K
  class space    used 12460K, committed 12736K, reserved 1048576K
}
Event: 25.524 GC heap before
{Heap before GC invocations=45 (full 0):
 garbage-first heap   total 458752K, used 278075K [0x0000000743a00000, 0x0000000800000000)
  region size 2048K, 78 young (159744K), 2 survivors (4096K)
 Metaspace       used 97804K, committed 98496K, reserved 1179648K
  class space    used 13309K, committed 13632K, reserved 1048576K
}
Event: 25.551 GC heap after
{Heap after GC invocations=46 (full 0):
 garbage-first heap   total 458752K, used 141118K [0x0000000743a00000, 0x0000000800000000)
  region size 2048K, 10 young (20480K), 10 survivors (20480K)
 Metaspace       used 97804K, committed 98496K, reserved 1179648K
  class space    used 13309K, committed 13632K, reserved 1048576K
}
Event: 25.574 GC heap before
{Heap before GC invocations=46 (full 0):
 garbage-first heap   total 458752K, used 143166K [0x0000000743a00000, 0x0000000800000000)
  region size 2048K, 11 young (22528K), 10 survivors (20480K)
 Metaspace       used 97830K, committed 98496K, reserved 1179648K
  class space    used 13310K, committed 13632K, reserved 1048576K
}
Event: 25.594 GC heap after
{Heap after GC invocations=47 (full 0):
 garbage-first heap   total 458752K, used 123941K [0x0000000743a00000, 0x0000000800000000)
  region size 2048K, 2 young (4096K), 2 survivors (4096K)
 Metaspace       used 97830K, committed 98496K, reserved 1179648K
  class space    used 13310K, committed 13632K, reserved 1048576K
}
Event: 29.410 GC heap before
{Heap before GC invocations=47 (full 0):
 garbage-first heap   total 458752K, used 283685K [0x0000000743a00000, 0x0000000800000000)
  region size 2048K, 80 young (163840K), 2 survivors (4096K)
 Metaspace       used 105043K, committed 105792K, reserved 1179648K
  class space    used 14365K, committed 14720K, reserved 1048576K
}
Event: 29.425 GC heap after
{Heap after GC invocations=48 (full 0):
 garbage-first heap   total 458752K, used 128661K [0x0000000743a00000, 0x0000000800000000)
  region size 2048K, 4 young (8192K), 4 survivors (8192K)
 Metaspace       used 105043K, committed 105792K, reserved 1179648K
  class space    used 14365K, committed 14720K, reserved 1048576K
}

Deoptimization events (20 events):
Event: 32.793 Thread 0x0000020a6913fcd0 DEOPT PACKING pc=0x0000020a5278ae54 sp=0x0000001041aff410
Event: 32.793 Thread 0x0000020a6913fcd0 DEOPT UNPACKING pc=0x0000020a52235ba3 sp=0x0000001041aff370 mode 2
Event: 90.247 Thread 0x0000020a68d66180 Uncommon trap: trap_request=0xffffffbe fr.pc=0x0000020a52efff48 relative=0x00000000000009e8
Event: 90.247 Thread 0x0000020a68d66180 Uncommon trap: reason=profile_predicate action=maybe_recompile pc=0x0000020a52efff48 method=java.util.regex.Pattern$BnM.optimize(Ljava/util/regex/Pattern$Node;)Ljava/util/regex/Pattern$Node; @ 67 c2
Event: 90.247 Thread 0x0000020a68d66180 DEOPT PACKING pc=0x0000020a52efff48 sp=0x000000103fbfee90
Event: 90.247 Thread 0x0000020a68d66180 DEOPT UNPACKING pc=0x0000020a52235ba3 sp=0x000000103fbfede0 mode 2
Event: 90.248 Thread 0x0000020a68d66180 Uncommon trap: trap_request=0xffffffbe fr.pc=0x0000020a52efff48 relative=0x00000000000009e8
Event: 90.248 Thread 0x0000020a68d66180 Uncommon trap: reason=profile_predicate action=maybe_recompile pc=0x0000020a52efff48 method=java.util.regex.Pattern$BnM.optimize(Ljava/util/regex/Pattern$Node;)Ljava/util/regex/Pattern$Node; @ 67 c2
Event: 90.248 Thread 0x0000020a68d66180 DEOPT PACKING pc=0x0000020a52efff48 sp=0x000000103fbfee90
Event: 90.248 Thread 0x0000020a68d66180 DEOPT UNPACKING pc=0x0000020a52235ba3 sp=0x000000103fbfede0 mode 2
Event: 90.248 Thread 0x0000020a68d66180 Uncommon trap: trap_request=0xffffffbe fr.pc=0x0000020a52efff48 relative=0x00000000000009e8
Event: 90.248 Thread 0x0000020a68d66180 Uncommon trap: reason=profile_predicate action=maybe_recompile pc=0x0000020a52efff48 method=java.util.regex.Pattern$BnM.optimize(Ljava/util/regex/Pattern$Node;)Ljava/util/regex/Pattern$Node; @ 67 c2
Event: 90.248 Thread 0x0000020a68d66180 DEOPT PACKING pc=0x0000020a52efff48 sp=0x000000103fbfee90
Event: 90.248 Thread 0x0000020a68d66180 DEOPT UNPACKING pc=0x0000020a52235ba3 sp=0x000000103fbfede0 mode 2
Event: 90.248 Thread 0x0000020a68d66180 Uncommon trap: trap_request=0xffffffbe fr.pc=0x0000020a52efff48 relative=0x00000000000009e8
Event: 90.248 Thread 0x0000020a68d66180 Uncommon trap: reason=profile_predicate action=maybe_recompile pc=0x0000020a52efff48 method=java.util.regex.Pattern$BnM.optimize(Ljava/util/regex/Pattern$Node;)Ljava/util/regex/Pattern$Node; @ 67 c2
Event: 90.248 Thread 0x0000020a68d66180 DEOPT PACKING pc=0x0000020a52efff48 sp=0x000000103fbfee90
Event: 90.248 Thread 0x0000020a68d66180 DEOPT UNPACKING pc=0x0000020a52235ba3 sp=0x000000103fbfede0 mode 2
Event: 129.292 Thread 0x0000020a68d62ee0 DEOPT PACKING pc=0x0000020a4b0d3864 sp=0x00000010423ff490
Event: 129.292 Thread 0x0000020a68d62ee0 DEOPT UNPACKING pc=0x0000020a522366e3 sp=0x00000010423fe928 mode 0

Classes unloaded (2 events):
Event: 23.307 Thread 0x0000020a63915020 Unloading class 0x0000020a01c84c00 'jdk/internal/reflect/GeneratedSerializationConstructorAccessor2'
Event: 23.307 Thread 0x0000020a63915020 Unloading class 0x0000020a01c84800 'jdk/internal/reflect/GeneratedSerializationConstructorAccessor1'

Classes redefined (0 events):
No events

Internal exceptions (20 events):
Event: 114.446 Thread 0x0000020a68d66ba0 Exception <a 'java/net/ConnectException'{0x000000075b80c2a0}: Connection refused: no further information> (0x000000075b80c2a0) 
thrown [s\open\src\hotspot\share\prims\jni.cpp, line 535]
Event: 115.270 Thread 0x0000020a68d66ba0 Exception <a 'java/net/ConnectException'{0x000000075b8150c8}: Connection refused: no further information> (0x000000075b8150c8) 
thrown [s\open\src\hotspot\share\prims\jni.cpp, line 535]
Event: 116.180 Thread 0x0000020a68d66ba0 Exception <a 'java/net/ConnectException'{0x000000075b81f3e8}: Connection refused: no further information> (0x000000075b81f3e8) 
thrown [s\open\src\hotspot\share\prims\jni.cpp, line 535]
Event: 117.118 Thread 0x0000020a68d66ba0 Exception <a 'java/net/ConnectException'{0x000000075b828a50}: Connection refused: no further information> (0x000000075b828a50) 
thrown [s\open\src\hotspot\share\prims\jni.cpp, line 535]
Event: 118.004 Thread 0x0000020a68d66ba0 Exception <a 'java/net/ConnectException'{0x000000075b831878}: Connection refused: no further information> (0x000000075b831878) 
thrown [s\open\src\hotspot\share\prims\jni.cpp, line 535]
Event: 119.012 Thread 0x0000020a68d66ba0 Exception <a 'java/net/ConnectException'{0x000000075b83b810}: Connection refused: no further information> (0x000000075b83b810) 
thrown [s\open\src\hotspot\share\prims\jni.cpp, line 535]
Event: 119.953 Thread 0x0000020a68d66ba0 Exception <a 'java/net/ConnectException'{0x000000075b844e28}: Connection refused: no further information> (0x000000075b844e28) 
thrown [s\open\src\hotspot\share\prims\jni.cpp, line 535]
Event: 120.990 Thread 0x0000020a68d66ba0 Exception <a 'java/net/ConnectException'{0x000000075b8501a0}: Connection refused: no further information> (0x000000075b8501a0) 
thrown [s\open\src\hotspot\share\prims\jni.cpp, line 535]
Event: 121.995 Thread 0x0000020a68d66ba0 Exception <a 'java/net/ConnectException'{0x000000075b85a7e8}: Connection refused: no further information> (0x000000075b85a7e8) 
thrown [s\open\src\hotspot\share\prims\jni.cpp, line 535]
Event: 123.060 Thread 0x0000020a68d66ba0 Exception <a 'java/net/ConnectException'{0x000000075b864e48}: Connection refused: no further information> (0x000000075b864e48) 
thrown [s\open\src\hotspot\share\prims\jni.cpp, line 535]
Event: 123.931 Thread 0x0000020a68d66ba0 Exception <a 'java/net/ConnectException'{0x000000075b86dc70}: Connection refused: no further information> (0x000000075b86dc70) 
thrown [s\open\src\hotspot\share\prims\jni.cpp, line 535]
Event: 124.884 Thread 0x0000020a68d66ba0 Exception <a 'java/net/ConnectException'{0x000000075b877bf0}: Connection refused: no further information> (0x000000075b877bf0) 
thrown [s\open\src\hotspot\share\prims\jni.cpp, line 535]
Event: 125.841 Thread 0x0000020a68d66ba0 Exception <a 'java/net/ConnectException'{0x000000075b8805f8}: Connection refused: no further information> (0x000000075b8805f8) 
thrown [s\open\src\hotspot\share\prims\jni.cpp, line 535]
Event: 126.767 Thread 0x0000020a68d66ba0 Exception <a 'java/net/ConnectException'{0x000000075b886580}: Connection refused: no further information> (0x000000075b886580) 
thrown [s\open\src\hotspot\share\prims\jni.cpp, line 535]
Event: 127.782 Thread 0x0000020a68d66ba0 Exception <a 'java/net/ConnectException'{0x000000075b88fbe8}: Connection refused: no further information> (0x000000075b88fbe8) 
thrown [s\open\src\hotspot\share\prims\jni.cpp, line 535]
Event: 128.717 Thread 0x0000020a68d66ba0 Exception <a 'java/net/ConnectException'{0x000000075b898220}: Connection refused: no further information> (0x000000075b898220) 
thrown [s\open\src\hotspot\share\prims\jni.cpp, line 535]
Event: 129.568 Thread 0x0000020a68d66ba0 Exception <a 'java/net/ConnectException'{0x000000075b89f9a8}: Connection refused: no further information> (0x000000075b89f9a8) 
thrown [s\open\src\hotspot\share\prims\jni.cpp, line 535]
Event: 130.597 Thread 0x0000020a68d66ba0 Exception <a 'java/net/ConnectException'{0x000000075b8aabb0}: Connection refused: no further information> (0x000000075b8aabb0) 
thrown [s\open\src\hotspot\share\prims\jni.cpp, line 535]
Event: 131.543 Thread 0x0000020a68d66ba0 Exception <a 'java/net/ConnectException'{0x000000075b8b31e8}: Connection refused: no further information> (0x000000075b8b31e8) 
thrown [s\open\src\hotspot\share\prims\jni.cpp, line 535]
Event: 132.054 Thread 0x0000020a68d66ba0 Exception <a 'java/lang/NoSuchMethodError'{0x000000075b39fed8}: 'void java.lang.invoke.DirectMethodHandle$Holder.invokeVirtual(java.lang.Object, java.lang.Object, java.lang.Object, java.lang.Object, java.lang.Object)'> (0x000000075b39fed8) 
thrown [s\open\src\hotspot\share\interpreter\linkResolver.cpp, line 759]

VM Operations (20 events):
Event: 85.451 Executing VM operation: Cleanup
Event: 85.451 Executing VM operation: Cleanup done
Event: 89.484 Executing VM operation: Cleanup
Event: 89.484 Executing VM operation: Cleanup done
Event: 90.497 Executing VM operation: Cleanup
Event: 90.497 Executing VM operation: Cleanup done
Event: 101.589 Executing VM operation: Cleanup
Event: 101.589 Executing VM operation: Cleanup done
Event: 102.596 Executing VM operation: Cleanup
Event: 102.597 Executing VM operation: Cleanup done
Event: 104.604 Executing VM operation: Cleanup
Event: 104.604 Executing VM operation: Cleanup done
Event: 115.706 Executing VM operation: Cleanup
Event: 115.706 Executing VM operation: Cleanup done
Event: 125.766 Executing VM operation: Cleanup
Event: 125.767 Executing VM operation: Cleanup done
Event: 130.808 Executing VM operation: Cleanup
Event: 130.808 Executing VM operation: Cleanup done
Event: 131.823 Executing VM operation: Cleanup
Event: 131.823 Executing VM operation: Cleanup done

Events (20 events):
Event: 31.710 Thread 0x0000020a6a014070 Thread exited: 0x0000020a6a014070
Event: 35.066 loading class java/util/concurrent/ConcurrentLinkedDeque$CLDSpliterator
Event: 35.066 loading class java/util/concurrent/ConcurrentLinkedDeque$CLDSpliterator done
Event: 35.285 loading class java/util/concurrent/ConcurrentLinkedQueue$CLQSpliterator
Event: 35.285 loading class java/util/concurrent/ConcurrentLinkedQueue$CLQSpliterator done
Event: 132.031 loading class jdk/internal/misc/Signal$1
Event: 132.031 loading class jdk/internal/misc/Signal$1 done
Event: 132.031 Thread 0x0000020a6913ca30 Thread added: 0x0000020a6913ca30
Event: 132.032 Thread 0x0000020a68bc2b90 Thread added: 0x0000020a68bc2b90
Event: 132.032 Thread 0x0000020a68bc0d30 Thread added: 0x0000020a68bc0d30
Event: 132.040 Thread 0x0000020a68bc2b90 Thread exited: 0x0000020a68bc2b90
Event: 132.045 loading class java/util/concurrent/CompletableFuture$UniWhenComplete
Event: 132.045 loading class java/util/concurrent/CompletableFuture$UniCompletion
Event: 132.046 loading class java/util/concurrent/CompletableFuture$UniCompletion done
Event: 132.046 loading class java/util/concurrent/CompletableFuture$UniWhenComplete done
Event: 132.048 Thread 0x0000020a68d670b0 Thread exited: 0x0000020a68d670b0
Event: 132.058 Thread 0x0000020a6b6d2010 Thread added: 0x0000020a6b6d2010
Event: 132.071 Thread 0x0000020a68d66ba0 Thread exited: 0x0000020a68d66ba0
Event: 132.072 Thread 0x0000020a68d66180 Thread exited: 0x0000020a68d66180
Event: 132.077 Thread 0x0000020a68bc1750 Thread added: 0x0000020a68bc1750


Dynamic libraries:
0x00007ff7b7500000 - 0x00007ff7b7510000 	C:\Program Files\Java\jdk-17\bin\java.exe
0x00007ffea7aa0000 - 0x00007ffea7d03000 	C:\WINDOWS\SYSTEM32\ntdll.dll
0x00007ffea6070000 - 0x00007ffea6137000 	C:\WINDOWS\System32\KERNEL32.DLL
0x00007ffea52b0000 - 0x00007ffea5679000 	C:\WINDOWS\System32\KERNELBASE.dll
0x00007ffea5680000 - 0x00007ffea57cc000 	C:\WINDOWS\System32\ucrtbase.dll
0x00007ffea1940000 - 0x00007ffea195b000 	C:\Program Files\Java\jdk-17\bin\VCRUNTIME140.dll
0x00007ffe92200000 - 0x00007ffe92219000 	C:\Program Files\Java\jdk-17\bin\jli.dll
0x00007ffea73c0000 - 0x00007ffea7472000 	C:\WINDOWS\System32\ADVAPI32.dll
0x00007ffea6930000 - 0x00007ffea69d9000 	C:\WINDOWS\System32\msvcrt.dll
0x00007ffea74e0000 - 0x00007ffea7586000 	C:\WINDOWS\System32\sechost.dll
0x00007ffea69e0000 - 0x00007ffea6af6000 	C:\WINDOWS\System32\RPCRT4.dll
0x00007ffea6150000 - 0x00007ffea631a000 	C:\WINDOWS\System32\USER32.dll
0x00007ffea57d0000 - 0x00007ffea57f7000 	C:\WINDOWS\System32\win32u.dll
0x00007ffe87600000 - 0x00007ffe87890000 	C:\WINDOWS\WinSxS\amd64_microsoft.windows.common-controls_6595b64144ccf1df_6.0.26100.3323_none_3e088096e3344490\COMCTL32.dll
0x00007ffea7980000 - 0x00007ffea79aa000 	C:\WINDOWS\System32\GDI32.dll
0x00007ffe9bce0000 - 0x00007ffe9bceb000 	C:\WINDOWS\SYSTEM32\VERSION.dll
0x00007ffea4eb0000 - 0x00007ffea4fe1000 	C:\WINDOWS\System32\gdi32full.dll
0x00007ffea5080000 - 0x00007ffea5123000 	C:\WINDOWS\System32\msvcp_win.dll
0x00007ffea59b0000 - 0x00007ffea59df000 	C:\WINDOWS\System32\IMM32.DLL
0x00007ffea1930000 - 0x00007ffea193c000 	C:\Program Files\Java\jdk-17\bin\vcruntime140_1.dll
0x00007ffe6c8d0000 - 0x00007ffe6c95e000 	C:\Program Files\Java\jdk-17\bin\msvcp140.dll
0x00007ffe46e40000 - 0x00007ffe47a20000 	C:\Program Files\Java\jdk-17\bin\server\jvm.dll
0x00007ffea75a0000 - 0x00007ffea75a8000 	C:\WINDOWS\System32\PSAPI.DLL
0x00007ffe83410000 - 0x00007ffe8341a000 	C:\WINDOWS\SYSTEM32\WSOCK32.dll
0x00007ffea5b50000 - 0x00007ffea5bc4000 	C:\WINDOWS\System32\WS2_32.dll
0x00007ffe8ef50000 - 0x00007ffe8ef86000 	C:\WINDOWS\SYSTEM32\WINMM.dll
0x00007ffea3aa0000 - 0x00007ffea3aba000 	C:\WINDOWS\SYSTEM32\kernel.appcore.dll
0x00007ffe9f840000 - 0x00007ffe9f84a000 	C:\Program Files\Java\jdk-17\bin\jimage.dll
0x00007ffea23e0000 - 0x00007ffea2621000 	C:\WINDOWS\SYSTEM32\DBGHELP.DLL
0x00007ffea5c50000 - 0x00007ffea5fd2000 	C:\WINDOWS\System32\combase.dll
0x00007ffea6850000 - 0x00007ffea6926000 	C:\WINDOWS\System32\OLEAUT32.dll
0x00007ffe88ea0000 - 0x00007ffe88ed9000 	C:\WINDOWS\SYSTEM32\dbgcore.DLL
0x00007ffea4ca0000 - 0x00007ffea4d39000 	C:\WINDOWS\System32\bcryptPrimitives.dll
0x00007ffe9f810000 - 0x00007ffe9f81e000 	C:\Program Files\Java\jdk-17\bin\instrument.dll
0x00007ffe7d2b0000 - 0x00007ffe7d2d5000 	C:\Program Files\Java\jdk-17\bin\java.dll
0x00007ffe67e60000 - 0x00007ffe67f37000 	C:\Program Files\Java\jdk-17\bin\jsvml.dll
0x00007ffea6ca0000 - 0x00007ffea73b5000 	C:\WINDOWS\System32\SHELL32.dll
0x00007ffea4d40000 - 0x00007ffea4ea8000 	C:\WINDOWS\System32\wintypes.dll
0x00007ffea2960000 - 0x00007ffea31a5000 	C:\WINDOWS\SYSTEM32\windows.storage.dll
0x00007ffea58c0000 - 0x00007ffea59ab000 	C:\WINDOWS\System32\SHCORE.dll
0x00007ffea7480000 - 0x00007ffea74dd000 	C:\WINDOWS\System32\shlwapi.dll
0x00007ffea4bb0000 - 0x00007ffea4bdf000 	C:\WINDOWS\SYSTEM32\profapi.dll
0x00007ffe87a20000 - 0x00007ffe87a38000 	C:\Program Files\Java\jdk-17\bin\zip.dll
0x00007ffe87fe0000 - 0x00007ffe87ff9000 	C:\Program Files\Java\jdk-17\bin\net.dll
0x00007ffe98790000 - 0x00007ffe988ae000 	C:\WINDOWS\SYSTEM32\WINHTTP.dll
0x00007ffea3fe0000 - 0x00007ffea404a000 	C:\WINDOWS\system32\mswsock.dll
0x00007ffe87a60000 - 0x00007ffe87a76000 	C:\Program Files\Java\jdk-17\bin\nio.dll
0x00007ffe7d290000 - 0x00007ffe7d2aa000 	C:\Program Files\JetBrains\IntelliJ IDEA Community Edition 2024.2.2\bin\breakgen64.dll
0x00007ffe9f410000 - 0x00007ffe9f41a000 	C:\Program Files\Java\jdk-17\bin\management.dll
0x00007ffe9ee80000 - 0x00007ffe9ee8b000 	C:\Program Files\Java\jdk-17\bin\management_ext.dll
0x00007ffe921f0000 - 0x00007ffe921fe000 	C:\Program Files\Java\jdk-17\bin\sunmscapi.dll
0x00007ffea5130000 - 0x00007ffea52a7000 	C:\WINDOWS\System32\CRYPT32.dll
0x00007ffea4480000 - 0x00007ffea44b0000 	C:\WINDOWS\SYSTEM32\ncrypt.dll
0x00007ffea4430000 - 0x00007ffea446f000 	C:\WINDOWS\SYSTEM32\NTASN1.dll
0x00007ffea4280000 - 0x00007ffea429c000 	C:\WINDOWS\SYSTEM32\CRYPTSP.dll
0x00007ffea3a00000 - 0x00007ffea3a3a000 	C:\WINDOWS\system32\rsaenh.dll
0x00007ffea4080000 - 0x00007ffea40ab000 	C:\WINDOWS\SYSTEM32\USERENV.dll
0x00007ffea44c0000 - 0x00007ffea44e6000 	C:\WINDOWS\SYSTEM32\bcrypt.dll
0x00007ffea42a0000 - 0x00007ffea42ac000 	C:\WINDOWS\SYSTEM32\CRYPTBASE.dll
0x00007ffea3500000 - 0x00007ffea3533000 	C:\WINDOWS\SYSTEM32\IPHLPAPI.DLL
0x00007ffea6140000 - 0x00007ffea614a000 	C:\WINDOWS\System32\NSI.dll
0x00007ffe984d0000 - 0x00007ffe984ef000 	C:\WINDOWS\SYSTEM32\dhcpcsvc6.DLL
0x00007ffe98430000 - 0x00007ffe98455000 	C:\WINDOWS\SYSTEM32\dhcpcsvc.DLL
0x00007ffea35a0000 - 0x00007ffea36c5000 	C:\WINDOWS\SYSTEM32\DNSAPI.dll
0x00007ffe92640000 - 0x00007ffe9264b000 	C:\Windows\System32\rasadhlp.dll
0x00007ffe96ef0000 - 0x00007ffe96f75000 	C:\WINDOWS\System32\fwpuclnt.dll
0x00007ffe85aa0000 - 0x00007ffe85ab8000 	C:\WINDOWS\system32\napinsp.dll
0x00007ffe83500000 - 0x00007ffe83512000 	C:\WINDOWS\System32\winrnr.dll
0x00007ffe834d0000 - 0x00007ffe834f2000 	C:\WINDOWS\system32\nlansp_c.dll
0x00007ffe83470000 - 0x00007ffe83486000 	C:\WINDOWS\system32\wshbth.dll
0x00007ffe7d280000 - 0x00007ffe7d290000 	C:\Program Files\Java\jdk-17\bin\verify.dll
0x00007ffe65340000 - 0x00007ffe65348000 	C:\WINDOWS\system32\wshunix.dll

dbghelp: loaded successfully - version: 4.0.5 - missing functions: none
symbol engine: initialized successfully - sym options: 0x614 - pdb path: .;C:\Program Files\Java\jdk-17\bin;C:\WINDOWS\SYSTEM32;C:\WINDOWS\WinSxS\amd64_microsoft.windows.common-controls_6595b64144ccf1df_6.0.26100.3323_none_3e088096e3344490;C:\Program Files\Java\jdk-17\bin\server;C:\Program Files\JetBrains\IntelliJ IDEA Community Edition 2024.2.2\bin

VM Arguments:
jvm_args: -javaagent:C:\Program Files\JetBrains\IntelliJ IDEA Community Edition 2024.2.2\lib\idea_rt.jar=53028:C:\Program Files\JetBrains\IntelliJ IDEA Community Edition 2024.2.2\bin -Dfile.encoding=UTF-8 
java_command: com.ems.ElectionManagementSystemApplication
java_class_path (initial): E:\testing ems\election-management-system\server\target\classes;C:\Users\DELL 10I3 256\.m2\repository\org\springframework\boot\spring-boot-starter-data-jpa\3.4.2\spring-boot-starter-data-jpa-3.4.2.jar;C:\Users\DELL 10I3 256\.m2\repository\org\springframework\boot\spring-boot-starter-jdbc\3.4.2\spring-boot-starter-jdbc-3.4.2.jar;C:\Users\DELL 10I3 256\.m2\repository\com\zaxxer\HikariCP\5.1.0\HikariCP-5.1.0.jar;C:\Users\DELL 10I3 256\.m2\repository\org\springframework\spring-jdbc\6.2.2\spring-jdbc-6.2.2.jar;C:\Users\DELL 10I3 256\.m2\repository\org\hibernate\orm\hibernate-core\6.6.5.Final\hibernate-core-6.6.5.Final.jar;C:\Users\DELL 10I3 256\.m2\repository\jakarta\persistence\jakarta.persistence-api\3.1.0\jakarta.persistence-api-3.1.0.jar;C:\Users\DELL 10I3 256\.m2\repository\jakarta\transaction\jakarta.transaction-api\2.0.1\jakarta.transaction-api-2.0.1.jar;C:\Users\DELL 10I3 256\.m2\repository\com\fasterxml\classmate\1.7.0\classmate-1.7.0.jar;C:\Users\DELL 10I3 256\.m2\repository\net\bytebuddy\byte-buddy\1.15.11\byte-buddy-1.15.11.jar;C:\Users\DELL 10I3 256\.m2\repository\jakarta\inject\jakarta.inject-api\2.0.1\jakarta.inject-api-2.0.1.jar;C:\Users\DELL 10I3 256\.m2\repository\org\antlr\antlr4-runtime\4.13.0\antlr4-runtime-4.13.0.jar;C:\Users\DELL 10I3 256\.m2\repository\org\springframework\data\spring-data-jpa\3.4.2\spring-data-jpa-3.4.2.jar;C:\Users\DELL 10I3 256\.m2\repository\org\springframework\data\spring-data-commons\3.4.2\spring-data-commons-3.4.2.jar;C:\Users\DELL 10I3 256\.m2\repository\org\springframework\spring-orm\6.2.2\spring-orm-6.2.2.jar;C:\Users\DELL 10I3 256\.m2\repository\org\springframework\spring-beans\6.2.2\spring-beans-6.2.2.jar;C:\Users\DELL 10I3 256\.m2\repository\org\slf4j\slf4j-api\2.0.16\slf4j-api-2.0.16.jar;C:\Users\DELL 10I3 256\.m2\repository\org\springframework\spring-aspects\6.2.2\spring-aspects-6.2.2.jar;C:\Users\DELL 10I3 256\.m2\repository\org\aspectj\aspectjweaver\1.9.22.1\aspectjweaver-1.9.22.1.jar;C
Launcher Type: SUN_STANDARD

[Global flags]
     intx CICompilerCount                          = 3                                         {product} {ergonomic}
     uint ConcGCThreads                            = 1                                         {product} {ergonomic}
     uint G1ConcRefinementThreads                  = 4                                         {product} {ergonomic}
   size_t G1HeapRegionSize                         = 2097152                                   {product} {ergonomic}
    uintx GCDrainStackTargetSize                   = 64                                        {product} {ergonomic}
   size_t InitialHeapSize                          = 199229440                                 {product} {ergonomic}
   size_t MarkStackSize                            = 4194304                                   {product} {ergonomic}
   size_t MaxHeapSize                              = 3160408064                                {product} {ergonomic}
   size_t MaxNewSize                               = 1895825408                                {product} {ergonomic}
   size_t MinHeapDeltaBytes                        = 2097152                                   {product} {ergonomic}
   size_t MinHeapSize                              = 8388608                                   {product} {ergonomic}
    uintx NonNMethodCodeHeapSize                   = 5832780                                {pd product} {ergonomic}
    uintx NonProfiledCodeHeapSize                  = 122912730                              {pd product} {ergonomic}
    uintx ProfiledCodeHeapSize                     = 122912730                              {pd product} {ergonomic}
    uintx ReservedCodeCacheSize                    = 251658240                              {pd product} {ergonomic}
     bool SegmentedCodeCache                       = true                                      {product} {ergonomic}
   size_t SoftMaxHeapSize                          = 3160408064                             {manageable} {ergonomic}
     bool UseCompressedClassPointers               = true                           {product lp64_product} {ergonomic}
     bool UseCompressedOops                        = true                           {product lp64_product} {ergonomic}
     bool UseG1GC                                  = true                                      {product} {ergonomic}
     bool UseLargePagesIndividualAllocation        = false                                  {pd product} {ergonomic}

Logging:
Log output configuration:
 #0: stdout all=warning uptime,level,tags
 #1: stderr all=off uptime,level,tags

Environment Variables:
JAVA_HOME=C:\Program Files\Java\jdk-17
CLASSPATH=C:\apache-tomcat-6.0.14\lib\servlet-api.jar
PATH=C:\Program Files\Common Files\Oracle\Java\javapath;C:\Program Files (x86)\VMware\VMware Player\bin\;C:\oraclexe\app\oracle\product\11.2.0\server\bin;C:\WINDOWS;C:\WINDOWS\System32\Wbem;C:\WINDOWS\System32\WindowsPowerShell\v1.0\;C:\WINDOWS\System32\OpenSSH\;C:\MinGW\bin;C:\Program Files\Git\cmd;C:\Program Files\dotnet\;C:\ProgramData\ComposerSetup\bin;C:\Program Files\Java\jdk-17\bin;C:\apache-maven-3.9.6\bin;C:\gradle-8.6\bin;C:\Program Files\PostgreSQL\16\bin;C:\Program Files\Microsoft SQL Server\150\Tools\Binn\;C:\Program Files\Microsoft SQL Server\Client SDK\ODBC\170\Tools\Binn\;C:\Program Files (x86)\Microsoft SQL Server\160\Tools\Binn\;C:\Program Files\Microsoft SQL Server\160\Tools\Binn\;C:\Program Files\Microsoft SQL Server\160\DTS\Binn\;C:\Program Files\Microsoft SQL Server\130\Tools\Binn\;C:\Program Files (x86)\Microsoft SQL Server\160\DTS\Binn\;C:\WINDOWS\system32;C:\Program Files\MySQL\MySQL Server 8.0\bin;C:\Program Files\Docker\Docker\resources\bin;C:\Program Files\nodejs\;C:\ProgramData\chocolatey\bin;C:\Users\DELL 10I3 256\AppData\Local\Programs\Python\Python310\Scripts\;C:\xampp\php;C:\Users\DELL 10I3 256\AppData\Local\Programs\Microsoft VS Code\bin;C:\Users\DELL 10I3 256\AppData\Local\Microsoft\WindowsApps;C:\Users\DELL 10I3 256\AppData\Roaming\Composer\vendor\bin;C:\Program Files\MongoDB\Server\5.0\bin;C:\Users\DELL 10I3 256\AppData\Local\GitHubDesktop\bin;C:\Users\DELL 10I3 256\AppData\Local\Programs\Python\Python310;C:\Program Files\JetBrains\IntelliJ IDEA Community Edition 2024.2.2\bin;;C:\apache-maven-3.9.6\bin;C:\Users\DELL 10I3 256\AppData\Roaming\npm;
USERNAME=DELL 10I3 256
OS=Windows_NT
PROCESSOR_IDENTIFIER=Intel64 Family 6 Model 126 Stepping 5, GenuineIntel



---------------  S Y S T E M  ---------------

OS:
 Windows 11 , 64 bit Build 26100 (10.0.26100.3323)
OS uptime: 0 days 4:47 hours
Hyper-V role detected

CPU: total 4 (initial active 4) (2 cores per cpu, 2 threads per core) family 6 model 126 stepping 5 microcode 0xc2, cx8, cmov, fxsr, ht, mmx, 3dnowpref, sse, sse2, sse3, ssse3, sse4.1, sse4.2, popcnt, lzcnt, tsc, tscinvbit, avx, avx2, aes, erms, clmul, bmi1, bmi2, adx, avx512f, avx512dq, avx512cd, avx512bw, avx512vl, sha, fma, vzeroupper, avx512_vpopcntdq, avx512_vpclmulqdq, avx512_vaes, avx512_vnni, clflush, clflushopt, avx512_vbmi2, avx512_vbmi, hv

Memory: 4k page, system-wide physical 12055M (1257M free)
TotalPageFile size 16151M (AvailPageFile size 0M)
current process WorkingSet (physical memory assigned to process): 630M, peak: 648M
current process commit charge ("private bytes"): 754M, peak: 770M

vm_info: Java HotSpot(TM) 64-Bit Server VM (17.0.12+8-LTS-286) for windows-amd64 JRE (17.0.12+8-LTS-286), built on Jun  5 2024 06:46:59 by "mach5one" with MS VC++ 17.6 (VS2022)

END.
