#
# There is insufficient memory for the Java Runtime Environment to continue.
# Native memory allocation (malloc) failed to allocate 32744 bytes for ChunkPool::allocate
# Possible reasons:
#   The system is out of physical RAM or swap space
#   The process is running with CompressedOops enabled, and the Java Heap may be blocking the growth of the native heap
# Possible solutions:
#   Reduce memory load on the system
#   Increase physical memory or swap space
#   Check if swap backing store is full
#   Decrease Java heap size (-Xmx/-Xms)
#   Decrease number of Java threads
#   Decrease Java thread stack sizes (-Xss)
#   Set larger code cache with -XX:ReservedCodeCacheSize=
#   JVM is running with Zero Based Compressed Oops mode in which the Java heap is
#     placed in the first 32GB address space. The Java Heap base address is the
#     maximum limit for the native heap growth. Please use -XX:HeapBaseMinAddress
#     to set the Java Heap base and to place the Java Heap above 32GB virtual address.
# This output file may be truncated or incomplete.
#
#  Out of Memory Error (arena.cpp:78), pid=22780, tid=12956
#
# JRE version: Java(TM) SE Runtime Environment (17.0.12+8) (build 17.0.12+8-LTS-286)
# Java VM: Java HotSpot(TM) 64-Bit Server VM (17.0.12+8-LTS-286, mixed mode, sharing, tiered, compressed oops, compressed class ptrs, g1 gc, windows-amd64)
# No core dump will be written. Minidumps are not enabled by default on client versions of Windows
#

---------------  S U M M A R Y ------------

Command Line: -javaagent:C:\Program Files\JetBrains\IntelliJ IDEA Community Edition 2024.2.2\lib\idea_rt.jar=52834:C:\Program Files\JetBrains\IntelliJ IDEA Community Edition 2024.2.2\bin -Dfile.encoding=UTF-8 com.ems.ElectionManagementSystemApplication

Host: Intel(R) Core(TM) i3-1005G1 CPU @ 1.20GHz, 4 cores, 11G,  Windows 11 , 64 bit Build 26100 (10.0.26100.3323)
Time: Wed Mar 19 14:59:32 2025 India Standard Time elapsed time: 97.374396 seconds (0d 0h 1m 37s)

---------------  T H R E A D  ---------------

Current thread (0x000001799f3d6590):  JavaThread "C2 CompilerThread0" daemon [_thread_in_native, id=12956, stack(0x0000004099800000,0x0000004099900000)]


Current CompileTask:
C2:  97374 11633       4       org.springframework.boot.devtools.filewatch.DirectorySnapshot::collectFiles (99 bytes)

Stack: [0x0000004099800000,0x0000004099900000]
Native frames: (J=compiled Java code, j=interpreted, Vv=VM code, C=native code)
V  [jvm.dll+0x67a04a]
V  [jvm.dll+0x7da4ed]
V  [jvm.dll+0x7dbe33]
V  [jvm.dll+0x7dc4a3]
V  [jvm.dll+0x24508f]
V  [jvm.dll+0xab9a4]
V  [jvm.dll+0xabd3c]
V  [jvm.dll+0x366c1d]
V  [jvm.dll+0x361c1e]
V  [jvm.dll+0x32c431]
V  [jvm.dll+0x32b8ca]
V  [jvm.dll+0x21683f]
V  [jvm.dll+0x215c6f]
V  [jvm.dll+0x1a2960]
V  [jvm.dll+0x22610b]
V  [jvm.dll+0x2242ab]
V  [jvm.dll+0x79075c]
V  [jvm.dll+0x78abea]
V  [jvm.dll+0x678f35]
C  [ucrtbase.dll+0x37b0]
C  [KERNEL32.DLL+0x2e8d7]
C  [ntdll.dll+0xbbf6c]


---------------  P R O C E S S  ---------------

Threads class SMR info:
_java_thread_list=0x00000179ea4beba0, length=39, elements={
0x000001799f3b9d80, 0x000001799f3bb950, 0x000001799f3cde30, 0x000001799f3d0900,
0x000001799f3d12c0, 0x000001799f3d2290, 0x000001799f3d6590, 0x000001799f3d7040,
0x000001799f409850, 0x000001799f7b39a0, 0x00000179e51e79e0, 0x00000179e51e7ec0,
0x00000179e5b25de0, 0x00000179e5b28660, 0x00000179e5b27730, 0x00000179ed177500,
0x00000179ed178940, 0x00000179ed17a7a0, 0x00000179ed176ff0, 0x00000179ed17acb0,
0x00000179ed178430, 0x00000179ed177a10, 0x00000179ed179870, 0x00000179ed17b1c0,
0x00000179ed17b6d0, 0x00000179ed177f20, 0x00000179ed17bbe0, 0x00000179ed17c0f0,
0x00000179ed17df50, 0x00000179ed17c600, 0x00000179ed17d020, 0x00000179ed17e970,
0x00000179ed17e460, 0x00000179ed17cb10, 0x00000179ed17d530, 0x00000179ea918570,
0x00000179ea91a8e0, 0x00000179ea91b300, 0x00000179ea91a3d0
}

Java Threads: ( => current thread )
  0x000001799f3b9d80 JavaThread "Reference Handler" daemon [_thread_blocked, id=21648, stack(0x0000004099200000,0x0000004099300000)]
  0x000001799f3bb950 JavaThread "Finalizer" daemon [_thread_blocked, id=3964, stack(0x0000004099300000,0x0000004099400000)]
  0x000001799f3cde30 JavaThread "Signal Dispatcher" daemon [_thread_blocked, id=21824, stack(0x0000004099400000,0x0000004099500000)]
  0x000001799f3d0900 JavaThread "Attach Listener" daemon [_thread_blocked, id=11128, stack(0x0000004099500000,0x0000004099600000)]
  0x000001799f3d12c0 JavaThread "Service Thread" daemon [_thread_blocked, id=20692, stack(0x0000004099600000,0x0000004099700000)]
  0x000001799f3d2290 JavaThread "Monitor Deflation Thread" daemon [_thread_blocked, id=19392, stack(0x0000004099700000,0x0000004099800000)]
=>0x000001799f3d6590 JavaThread "C2 CompilerThread0" daemon [_thread_in_native, id=12956, stack(0x0000004099800000,0x0000004099900000)]
  0x000001799f3d7040 JavaThread "C1 CompilerThread0" daemon [_thread_blocked, id=7808, stack(0x0000004099900000,0x0000004099a00000)]
  0x000001799f409850 JavaThread "Sweeper thread" daemon [_thread_blocked, id=3260, stack(0x0000004099a00000,0x0000004099b00000)]
  0x000001799f7b39a0 JavaThread "Common-Cleaner" daemon [_thread_blocked, id=19460, stack(0x0000004099b00000,0x0000004099c00000)]
  0x00000179e51e79e0 JavaThread "Monitor Ctrl-Break" daemon [_thread_in_native, id=18572, stack(0x000000409a000000,0x000000409a100000)]
  0x00000179e51e7ec0 JavaThread "Notification Thread" daemon [_thread_blocked, id=12688, stack(0x000000409a100000,0x000000409a200000)]
  0x00000179e5b25de0 JavaThread "mysql-cj-abandoned-connection-cleanup" daemon [_thread_blocked, id=3176, stack(0x000000409a500000,0x000000409a600000)]
  0x00000179e5b28660 JavaThread "HikariPool-1 housekeeper" daemon [_thread_blocked, id=20460, stack(0x000000409a700000,0x000000409a800000)]
  0x00000179e5b27730 JavaThread "Catalina-utility-1" [_thread_blocked, id=7556, stack(0x000000409a800000,0x000000409a900000)]
  0x00000179ed177500 JavaThread "Catalina-utility-2" [_thread_blocked, id=10572, stack(0x000000409a900000,0x000000409aa00000)]
  0x00000179ed178940 JavaThread "container-0" [_thread_blocked, id=22740, stack(0x000000409aa00000,0x000000409ab00000)]
  0x00000179ed17a7a0 JavaThread "BufferPoolPruner-1-thread-1" daemon [_thread_blocked, id=1256, stack(0x000000409ac00000,0x000000409ad00000)]
  0x00000179ed176ff0 JavaThread "cluster-ClusterId{value='67da8e32f7c3911db1a9751f', description='null'}-localhost:27017" daemon [_thread_in_native, id=3440, stack(0x000000409ad00000,0x000000409ae00000)]
  0x00000179ed17acb0 JavaThread "cluster-rtt-ClusterId{value='67da8e32f7c3911db1a9751f', description='null'}-localhost:27017" daemon [_thread_blocked, id=10888, stack(0x000000409ae00000,0x000000409af00000)]
  0x00000179ed178430 JavaThread "MaintenanceTimer-2-thread-1" daemon [_thread_blocked, id=23380, stack(0x000000409af00000,0x000000409b000000)]
  0x00000179ed177a10 JavaThread "Live Reload Server" daemon [_thread_in_native, id=10152, stack(0x000000409b100000,0x000000409b200000)]
  0x00000179ed179870 JavaThread "File Watcher" daemon [_thread_blocked, id=18880, stack(0x000000409b000000,0x000000409b100000)]
  0x00000179ed17b1c0 JavaThread "http-nio-0.0.0.0-8082-exec-1" daemon [_thread_blocked, id=15496, stack(0x000000409b200000,0x000000409b300000)]
  0x00000179ed17b6d0 JavaThread "http-nio-0.0.0.0-8082-exec-2" daemon [_thread_blocked, id=10052, stack(0x000000409b300000,0x000000409b400000)]
  0x00000179ed177f20 JavaThread "http-nio-0.0.0.0-8082-exec-3" daemon [_thread_blocked, id=8140, stack(0x000000409b400000,0x000000409b500000)]
  0x00000179ed17bbe0 JavaThread "http-nio-0.0.0.0-8082-exec-4" daemon [_thread_blocked, id=19676, stack(0x000000409b500000,0x000000409b600000)]
  0x00000179ed17c0f0 JavaThread "http-nio-0.0.0.0-8082-exec-5" daemon [_thread_blocked, id=10260, stack(0x000000409b600000,0x000000409b700000)]
  0x00000179ed17df50 JavaThread "http-nio-0.0.0.0-8082-exec-6" daemon [_thread_blocked, id=13264, stack(0x000000409b700000,0x000000409b800000)]
  0x00000179ed17c600 JavaThread "http-nio-0.0.0.0-8082-exec-7" daemon [_thread_blocked, id=15688, stack(0x000000409b800000,0x000000409b900000)]
  0x00000179ed17d020 JavaThread "http-nio-0.0.0.0-8082-exec-8" daemon [_thread_blocked, id=1596, stack(0x000000409b900000,0x000000409ba00000)]
  0x00000179ed17e970 JavaThread "http-nio-0.0.0.0-8082-exec-9" daemon [_thread_blocked, id=19408, stack(0x000000409ba00000,0x000000409bb00000)]
  0x00000179ed17e460 JavaThread "http-nio-0.0.0.0-8082-exec-10" daemon [_thread_blocked, id=23400, stack(0x000000409bb00000,0x000000409bc00000)]
  0x00000179ed17cb10 JavaThread "http-nio-0.0.0.0-8082-Poller" daemon [_thread_in_native, id=10480, stack(0x000000409bc00000,0x000000409bd00000)]
  0x00000179ed17d530 JavaThread "http-nio-0.0.0.0-8082-Acceptor" daemon [_thread_in_native, id=23476, stack(0x000000409bd00000,0x000000409be00000)]
  0x00000179ea918570 JavaThread "micrometer-kafka-metrics" daemon [_thread_blocked, id=22648, stack(0x000000409be00000,0x000000409bf00000)]
  0x00000179ea91a8e0 JavaThread "ThreadPoolTaskScheduler-1" [_thread_blocked, id=21540, stack(0x000000409bf00000,0x000000409c000000)]
  0x00000179ea91b300 JavaThread "org.springframework.kafka.KafkaListenerEndpointContainer#0-0-C-1" [_thread_in_native, id=16004, stack(0x000000409c000000,0x000000409c100000)]
  0x00000179ea91a3d0 JavaThread "DestroyJavaVM" [_thread_blocked, id=18544, stack(0x0000004098b00000,0x0000004098c00000)]

Other Threads:
  0x000001799f3b62e0 VMThread "VM Thread" [stack: 0x0000004099100000,0x0000004099200000] [id=23316]
  0x00000179fed6f740 WatcherThread [stack: 0x000000409a200000,0x000000409a300000] [id=11920]
  0x00000179fed4eaf0 GCTaskThread "GC Thread#0" [stack: 0x0000004098c00000,0x0000004098d00000] [id=19052]
  0x000001799f85d560 GCTaskThread "GC Thread#1" [stack: 0x0000004099d00000,0x0000004099e00000] [id=15032]
  0x00000179e5484610 GCTaskThread "GC Thread#2" [stack: 0x0000004099e00000,0x0000004099f00000] [id=8212]
  0x00000179e54848d0 GCTaskThread "GC Thread#3" [stack: 0x0000004099f00000,0x000000409a000000] [id=15656]
  0x00000179fed5d370 ConcurrentGCThread "G1 Main Marker" [stack: 0x0000004098d00000,0x0000004098e00000] [id=14936]
  0x00000179fed5ec30 ConcurrentGCThread "G1 Conc#0" [stack: 0x0000004098e00000,0x0000004098f00000] [id=12568]
  0x000001799f2714c0 ConcurrentGCThread "G1 Refine#0" [stack: 0x0000004098f00000,0x0000004099000000] [id=13156]
  0x00000179ec4cb2e0 ConcurrentGCThread "G1 Refine#1" [stack: 0x000000409ab00000,0x000000409ac00000] [id=20368]
  0x000001799f272da0 ConcurrentGCThread "G1 Service" [stack: 0x0000004099000000,0x0000004099100000] [id=8712]

Threads with active compile tasks:
C2 CompilerThread0    97421 11633       4       org.springframework.boot.devtools.filewatch.DirectorySnapshot::collectFiles (99 bytes)

VM state: not at safepoint (normal execution)

VM Mutex/Monitor currently owned by a thread: None

Heap address: 0x0000000743a00000, size: 3014 MB, Compressed Oops mode: Zero based, Oop shift amount: 3

CDS archive(s) mapped at: [0x00000179a0000000-0x00000179a0bd0000-0x00000179a0bd0000), size 12386304, SharedBaseAddress: 0x00000179a0000000, ArchiveRelocationMode: 1.
Compressed class space mapped at: 0x00000179a1000000-0x00000179e1000000, reserved size: 1073741824
Narrow klass base: 0x00000179a0000000, Narrow klass shift: 0, Narrow klass range: 0x100000000

GC Precious Log:
 CPUs: 4 total, 4 available
 Memory: 12055M
 Large Page Support: Disabled
 NUMA Support: Disabled
 Compressed Oops: Enabled (Zero based)
 Heap Region Size: 2M
 Heap Min Capacity: 8M
 Heap Initial Capacity: 190M
 Heap Max Capacity: 3014M
 Pre-touch: Disabled
 Parallel Workers: 4
 Concurrent Workers: 1
 Concurrent Refinement Workers: 4
 Periodic GC: Disabled

Heap:
 garbage-first heap   total 286720K, used 175968K [0x0000000743a00000, 0x0000000800000000)
  region size 2048K, 26 young (53248K), 4 survivors (8192K)
 Metaspace       used 114281K, committed 115008K, reserved 1179648K
  class space    used 15176K, committed 15488K, reserved 1048576K

Heap Regions: E=young(eden), S=young(survivor), O=old, HS=humongous(starts), HC=humongous(continues), CS=collection set, F=free, OA=open archive, CA=closed archive, TAMS=top-at-mark-start (previous, next)
|   0|0x0000000743a00000, 0x0000000743c00000, 0x0000000743c00000|100%| O|  |TAMS 0x0000000743c00000, 0x0000000743a00000| Untracked 
|   1|0x0000000743c00000, 0x0000000743e00000, 0x0000000743e00000|100%| O|  |TAMS 0x0000000743e00000, 0x0000000743c00000| Untracked 
|   2|0x0000000743e00000, 0x0000000744000000, 0x0000000744000000|100%| O|  |TAMS 0x0000000744000000, 0x0000000743e00000| Untracked 
|   3|0x0000000744000000, 0x0000000744200000, 0x0000000744200000|100%| O|  |TAMS 0x0000000744200000, 0x0000000744000000| Untracked 
|   4|0x0000000744200000, 0x0000000744400000, 0x0000000744400000|100%| O|  |TAMS 0x0000000744400000, 0x0000000744200000| Untracked 
|   5|0x0000000744400000, 0x0000000744600000, 0x0000000744600000|100%| O|  |TAMS 0x0000000744600000, 0x0000000744400000| Untracked 
|   6|0x0000000744600000, 0x0000000744800000, 0x0000000744800000|100%| O|  |TAMS 0x0000000744800000, 0x0000000744600000| Untracked 
|   7|0x0000000744800000, 0x0000000744a00000, 0x0000000744a00000|100%| O|  |TAMS 0x0000000744a00000, 0x0000000744800000| Untracked 
|   8|0x0000000744a00000, 0x0000000744c00000, 0x0000000744c00000|100%| O|  |TAMS 0x0000000744c00000, 0x0000000744a00000| Untracked 
|   9|0x0000000744c00000, 0x0000000744e00000, 0x0000000744e00000|100%| O|  |TAMS 0x0000000744e00000, 0x0000000744c00000| Untracked 
|  10|0x0000000744e00000, 0x0000000745000000, 0x0000000745000000|100%| O|  |TAMS 0x0000000745000000, 0x0000000744e00000| Untracked 
|  11|0x0000000745000000, 0x0000000745200000, 0x0000000745200000|100%| O|  |TAMS 0x0000000745200000, 0x0000000745000000| Untracked 
|  12|0x0000000745200000, 0x0000000745400000, 0x0000000745400000|100%| O|  |TAMS 0x0000000745400000, 0x0000000745200000| Untracked 
|  13|0x0000000745400000, 0x0000000745600000, 0x0000000745600000|100%| O|  |TAMS 0x0000000745600000, 0x0000000745400000| Untracked 
|  14|0x0000000745600000, 0x0000000745800000, 0x0000000745800000|100%| O|  |TAMS 0x0000000745800000, 0x0000000745600000| Untracked 
|  15|0x0000000745800000, 0x0000000745a00000, 0x0000000745a00000|100%| O|  |TAMS 0x0000000745a00000, 0x0000000745800000| Untracked 
|  16|0x0000000745a00000, 0x0000000745c00000, 0x0000000745c00000|100%| O|  |TAMS 0x0000000745c00000, 0x0000000745a00000| Untracked 
|  17|0x0000000745c00000, 0x0000000745e00000, 0x0000000745e00000|100%| O|  |TAMS 0x0000000745e00000, 0x0000000745c00000| Untracked 
|  18|0x0000000745e00000, 0x0000000746000000, 0x0000000746000000|100%| O|  |TAMS 0x0000000746000000, 0x0000000745e00000| Untracked 
|  19|0x0000000746000000, 0x0000000746200000, 0x0000000746200000|100%| O|  |TAMS 0x0000000746200000, 0x0000000746000000| Untracked 
|  20|0x0000000746200000, 0x0000000746400000, 0x0000000746400000|100%| O|  |TAMS 0x0000000746400000, 0x0000000746200000| Untracked 
|  21|0x0000000746400000, 0x0000000746600000, 0x0000000746600000|100%| O|  |TAMS 0x0000000746600000, 0x0000000746400000| Untracked 
|  22|0x0000000746600000, 0x0000000746800000, 0x0000000746800000|100%| O|  |TAMS 0x0000000746800000, 0x0000000746600000| Untracked 
|  23|0x0000000746800000, 0x0000000746a00000, 0x0000000746a00000|100%| O|  |TAMS 0x0000000746a00000, 0x0000000746800000| Untracked 
|  24|0x0000000746a00000, 0x0000000746c00000, 0x0000000746c00000|100%| O|  |TAMS 0x0000000746c00000, 0x0000000746a00000| Untracked 
|  25|0x0000000746c00000, 0x0000000746e00000, 0x0000000746e00000|100%| O|  |TAMS 0x0000000746e00000, 0x0000000746c00000| Untracked 
|  26|0x0000000746e00000, 0x0000000747000000, 0x0000000747000000|100%|HS|  |TAMS 0x0000000746e00000, 0x0000000746e00000| Complete 
|  27|0x0000000747000000, 0x0000000747200000, 0x0000000747200000|100%| O|  |TAMS 0x0000000747000000, 0x0000000747000000| Untracked 
|  28|0x0000000747200000, 0x0000000747400000, 0x0000000747400000|100%| O|  |TAMS 0x0000000747200000, 0x0000000747200000| Untracked 
|  29|0x0000000747400000, 0x0000000747600000, 0x0000000747600000|100%| O|  |TAMS 0x0000000747400000, 0x0000000747400000| Untracked 
|  30|0x0000000747600000, 0x0000000747800000, 0x0000000747800000|100%| O|  |TAMS 0x0000000747600000, 0x0000000747600000| Untracked 
|  31|0x0000000747800000, 0x0000000747a00000, 0x0000000747a00000|100%| O|  |TAMS 0x0000000747a00000, 0x0000000747800000| Untracked 
|  32|0x0000000747a00000, 0x0000000747c00000, 0x0000000747c00000|100%| O|  |TAMS 0x0000000747a00000, 0x0000000747a00000| Untracked 
|  33|0x0000000747c00000, 0x0000000747e00000, 0x0000000747e00000|100%| O|  |TAMS 0x0000000747e00000, 0x0000000747c00000| Untracked 
|  34|0x0000000747e00000, 0x0000000748000000, 0x0000000748000000|100%| O|  |TAMS 0x0000000748000000, 0x0000000747e00000| Untracked 
|  35|0x0000000748000000, 0x0000000748200000, 0x0000000748200000|100%| O|  |TAMS 0x0000000748000000, 0x0000000748000000| Untracked 
|  36|0x0000000748200000, 0x0000000748400000, 0x0000000748400000|100%| O|  |TAMS 0x0000000748400000, 0x0000000748200000| Untracked 
|  37|0x0000000748400000, 0x0000000748600000, 0x0000000748600000|100%| O|  |TAMS 0x0000000748600000, 0x0000000748400000| Untracked 
|  38|0x0000000748600000, 0x0000000748800000, 0x0000000748800000|100%| O|  |TAMS 0x0000000748690000, 0x0000000748600000| Untracked 
|  39|0x0000000748800000, 0x0000000748a00000, 0x0000000748a00000|100%| O|  |TAMS 0x0000000748800000, 0x0000000748800000| Untracked 
|  40|0x0000000748a00000, 0x0000000748c00000, 0x0000000748c00000|100%| O|  |TAMS 0x0000000748a00000, 0x0000000748a00000| Untracked 
|  41|0x0000000748c00000, 0x0000000748e00000, 0x0000000748e00000|100%| O|  |TAMS 0x0000000748c00000, 0x0000000748c00000| Untracked 
|  42|0x0000000748e00000, 0x0000000749000000, 0x0000000749000000|100%| O|  |TAMS 0x0000000748e00000, 0x0000000748e00000| Untracked 
|  43|0x0000000749000000, 0x0000000749200000, 0x0000000749200000|100%| O|  |TAMS 0x0000000749000000, 0x0000000749000000| Untracked 
|  44|0x0000000749200000, 0x0000000749400000, 0x0000000749400000|100%| O|  |TAMS 0x0000000749200000, 0x0000000749200000| Untracked 
|  45|0x0000000749400000, 0x0000000749600000, 0x0000000749600000|100%| O|  |TAMS 0x0000000749400000, 0x0000000749400000| Untracked 
|  46|0x0000000749600000, 0x0000000749800000, 0x0000000749800000|100%| O|  |TAMS 0x0000000749600000, 0x0000000749600000| Untracked 
|  47|0x0000000749800000, 0x0000000749a00000, 0x0000000749a00000|100%| O|  |TAMS 0x0000000749800000, 0x0000000749800000| Untracked 
|  48|0x0000000749a00000, 0x0000000749c00000, 0x0000000749c00000|100%| O|  |TAMS 0x0000000749a00000, 0x0000000749a00000| Untracked 
|  49|0x0000000749c00000, 0x0000000749e00000, 0x0000000749e00000|100%| O|  |TAMS 0x0000000749c00000, 0x0000000749c00000| Untracked 
|  50|0x0000000749e00000, 0x000000074a000000, 0x000000074a000000|100%| O|  |TAMS 0x0000000749e00000, 0x0000000749e00000| Untracked 
|  51|0x000000074a000000, 0x000000074a200000, 0x000000074a200000|100%| O|  |TAMS 0x000000074a000000, 0x000000074a000000| Untracked 
|  52|0x000000074a200000, 0x000000074a400000, 0x000000074a400000|100%| O|  |TAMS 0x000000074a200000, 0x000000074a200000| Untracked 
|  53|0x000000074a400000, 0x000000074a600000, 0x000000074a600000|100%| O|  |TAMS 0x000000074a400000, 0x000000074a400000| Untracked 
|  54|0x000000074a600000, 0x000000074a800000, 0x000000074a800000|100%| O|  |TAMS 0x000000074a600000, 0x000000074a600000| Untracked 
|  55|0x000000074a800000, 0x000000074aa00000, 0x000000074aa00000|100%| O|  |TAMS 0x000000074a800000, 0x000000074a800000| Untracked 
|  56|0x000000074aa00000, 0x000000074ac00000, 0x000000074ac00000|100%| O|  |TAMS 0x000000074aa00000, 0x000000074aa00000| Untracked 
|  57|0x000000074ac00000, 0x000000074ae00000, 0x000000074ae00000|100%| O|  |TAMS 0x000000074ac00000, 0x000000074ac00000| Untracked 
|  58|0x000000074ae00000, 0x000000074b000000, 0x000000074b000000|100%| O|  |TAMS 0x000000074ae00000, 0x000000074ae00000| Untracked 
|  59|0x000000074b000000, 0x000000074b200000, 0x000000074b200000|100%| O|  |TAMS 0x000000074b000000, 0x000000074b000000| Untracked 
|  60|0x000000074b200000, 0x000000074b400000, 0x000000074b400000|100%| O|  |TAMS 0x000000074b200000, 0x000000074b200000| Untracked 
|  61|0x000000074b400000, 0x000000074b400000, 0x000000074b600000|  0%| F|  |TAMS 0x000000074b400000, 0x000000074b400000| Untracked 
|  62|0x000000074b600000, 0x000000074b600000, 0x000000074b800000|  0%| F|  |TAMS 0x000000074b600000, 0x000000074b600000| Untracked 
|  63|0x000000074b800000, 0x000000074b800000, 0x000000074ba00000|  0%| F|  |TAMS 0x000000074b800000, 0x000000074b800000| Untracked 
|  64|0x000000074ba00000, 0x000000074ba00000, 0x000000074bc00000|  0%| F|  |TAMS 0x000000074ba00000, 0x000000074ba00000| Untracked 
|  65|0x000000074bc00000, 0x000000074bc00000, 0x000000074be00000|  0%| F|  |TAMS 0x000000074bc00000, 0x000000074bc00000| Untracked 
|  66|0x000000074be00000, 0x000000074be00000, 0x000000074c000000|  0%| F|  |TAMS 0x000000074be00000, 0x000000074be00000| Untracked 
|  67|0x000000074c000000, 0x000000074c000000, 0x000000074c200000|  0%| F|  |TAMS 0x000000074c000000, 0x000000074c000000| Untracked 
|  68|0x000000074c200000, 0x000000074c200000, 0x000000074c400000|  0%| F|  |TAMS 0x000000074c200000, 0x000000074c200000| Untracked 
|  69|0x000000074c400000, 0x000000074c400000, 0x000000074c600000|  0%| F|  |TAMS 0x000000074c400000, 0x000000074c400000| Untracked 
|  70|0x000000074c600000, 0x000000074c600000, 0x000000074c800000|  0%| F|  |TAMS 0x000000074c600000, 0x000000074c600000| Untracked 
|  71|0x000000074c800000, 0x000000074c800000, 0x000000074ca00000|  0%| F|  |TAMS 0x000000074c800000, 0x000000074c800000| Untracked 
|  72|0x000000074ca00000, 0x000000074ca00000, 0x000000074cc00000|  0%| F|  |TAMS 0x000000074ca00000, 0x000000074ca00000| Untracked 
|  73|0x000000074cc00000, 0x000000074cc00000, 0x000000074ce00000|  0%| F|  |TAMS 0x000000074cc00000, 0x000000074cc00000| Untracked 
|  74|0x000000074ce00000, 0x000000074ce00000, 0x000000074d000000|  0%| F|  |TAMS 0x000000074ce00000, 0x000000074ce00000| Untracked 
|  75|0x000000074d000000, 0x000000074d000000, 0x000000074d200000|  0%| F|  |TAMS 0x000000074d000000, 0x000000074d000000| Untracked 
|  76|0x000000074d200000, 0x000000074d200000, 0x000000074d400000|  0%| F|  |TAMS 0x000000074d200000, 0x000000074d200000| Untracked 
|  77|0x000000074d400000, 0x000000074d400000, 0x000000074d600000|  0%| F|  |TAMS 0x000000074d400000, 0x000000074d400000| Untracked 
|  78|0x000000074d600000, 0x000000074d600000, 0x000000074d800000|  0%| F|  |TAMS 0x000000074d600000, 0x000000074d600000| Untracked 
|  79|0x000000074d800000, 0x000000074d800000, 0x000000074da00000|  0%| F|  |TAMS 0x000000074d800000, 0x000000074d800000| Untracked 
|  80|0x000000074da00000, 0x000000074da00000, 0x000000074dc00000|  0%| F|  |TAMS 0x000000074da00000, 0x000000074da00000| Untracked 
|  81|0x000000074dc00000, 0x000000074dc00000, 0x000000074de00000|  0%| F|  |TAMS 0x000000074dc00000, 0x000000074dc00000| Untracked 
|  82|0x000000074de00000, 0x000000074de00000, 0x000000074e000000|  0%| F|  |TAMS 0x000000074de00000, 0x000000074de00000| Untracked 
|  83|0x000000074e000000, 0x000000074e000000, 0x000000074e200000|  0%| F|  |TAMS 0x000000074e000000, 0x000000074e000000| Untracked 
|  84|0x000000074e200000, 0x000000074e200000, 0x000000074e400000|  0%| F|  |TAMS 0x000000074e200000, 0x000000074e200000| Untracked 
|  85|0x000000074e400000, 0x000000074e400000, 0x000000074e600000|  0%| F|  |TAMS 0x000000074e400000, 0x000000074e400000| Untracked 
|  86|0x000000074e600000, 0x000000074e600000, 0x000000074e800000|  0%| F|  |TAMS 0x000000074e600000, 0x000000074e600000| Untracked 
|  87|0x000000074e800000, 0x000000074e800000, 0x000000074ea00000|  0%| F|  |TAMS 0x000000074e800000, 0x000000074e800000| Untracked 
|  88|0x000000074ea00000, 0x000000074ea00000, 0x000000074ec00000|  0%| F|  |TAMS 0x000000074ea00000, 0x000000074ea00000| Untracked 
|  89|0x000000074ec00000, 0x000000074ec00000, 0x000000074ee00000|  0%| F|  |TAMS 0x000000074ec00000, 0x000000074ec00000| Untracked 
|  90|0x000000074ee00000, 0x000000074ee00000, 0x000000074f000000|  0%| F|  |TAMS 0x000000074ee00000, 0x000000074ee00000| Untracked 
|  91|0x000000074f000000, 0x000000074f000000, 0x000000074f200000|  0%| F|  |TAMS 0x000000074f000000, 0x000000074f000000| Untracked 
|  92|0x000000074f200000, 0x000000074f3d8378, 0x000000074f400000| 92%| S|CS|TAMS 0x000000074f200000, 0x000000074f200000| Complete 
|  93|0x000000074f400000, 0x000000074f400000, 0x000000074f600000|  0%| F|  |TAMS 0x000000074f400000, 0x000000074f400000| Untracked 
|  94|0x000000074f600000, 0x000000074f600000, 0x000000074f800000|  0%| F|  |TAMS 0x000000074f600000, 0x000000074f600000| Untracked 
|  95|0x000000074f800000, 0x000000074fa00000, 0x000000074fa00000|100%| S|CS|TAMS 0x000000074f800000, 0x000000074f800000| Complete 
|  96|0x000000074fa00000, 0x000000074fc00000, 0x000000074fc00000|100%| S|CS|TAMS 0x000000074fa00000, 0x000000074fa00000| Complete 
|  97|0x000000074fc00000, 0x000000074fe00000, 0x000000074fe00000|100%| S|CS|TAMS 0x000000074fc00000, 0x000000074fc00000| Complete 
|  98|0x000000074fe00000, 0x000000074fe00000, 0x0000000750000000|  0%| F|  |TAMS 0x000000074fe00000, 0x000000074fe00000| Untracked 
|  99|0x0000000750000000, 0x0000000750000000, 0x0000000750200000|  0%| F|  |TAMS 0x0000000750000000, 0x0000000750000000| Untracked 
| 100|0x0000000750200000, 0x0000000750200000, 0x0000000750400000|  0%| F|  |TAMS 0x0000000750200000, 0x0000000750200000| Untracked 
| 101|0x0000000750400000, 0x0000000750400000, 0x0000000750600000|  0%| F|  |TAMS 0x0000000750400000, 0x0000000750400000| Untracked 
| 102|0x0000000750600000, 0x0000000750600000, 0x0000000750800000|  0%| F|  |TAMS 0x0000000750600000, 0x0000000750600000| Untracked 
| 103|0x0000000750800000, 0x0000000750800000, 0x0000000750a00000|  0%| F|  |TAMS 0x0000000750800000, 0x0000000750800000| Untracked 
| 104|0x0000000750a00000, 0x0000000750a00000, 0x0000000750c00000|  0%| F|  |TAMS 0x0000000750a00000, 0x0000000750a00000| Untracked 
| 105|0x0000000750c00000, 0x0000000750c00000, 0x0000000750e00000|  0%| F|  |TAMS 0x0000000750c00000, 0x0000000750c00000| Untracked 
| 106|0x0000000750e00000, 0x0000000750e00000, 0x0000000751000000|  0%| F|  |TAMS 0x0000000750e00000, 0x0000000750e00000| Untracked 
| 107|0x0000000751000000, 0x0000000751000000, 0x0000000751200000|  0%| F|  |TAMS 0x0000000751000000, 0x0000000751000000| Untracked 
| 108|0x0000000751200000, 0x0000000751200000, 0x0000000751400000|  0%| F|  |TAMS 0x0000000751200000, 0x0000000751200000| Untracked 
| 109|0x0000000751400000, 0x0000000751400000, 0x0000000751600000|  0%| F|  |TAMS 0x0000000751400000, 0x0000000751400000| Untracked 
| 110|0x0000000751600000, 0x0000000751600000, 0x0000000751800000|  0%| F|  |TAMS 0x0000000751600000, 0x0000000751600000| Untracked 
| 111|0x0000000751800000, 0x0000000751800000, 0x0000000751a00000|  0%| F|  |TAMS 0x0000000751800000, 0x0000000751800000| Untracked 
| 112|0x0000000751a00000, 0x0000000751a00000, 0x0000000751c00000|  0%| F|  |TAMS 0x0000000751a00000, 0x0000000751a00000| Untracked 
| 113|0x0000000751c00000, 0x0000000751c00000, 0x0000000751e00000|  0%| F|  |TAMS 0x0000000751c00000, 0x0000000751c00000| Untracked 
| 114|0x0000000751e00000, 0x0000000751e00000, 0x0000000752000000|  0%| F|  |TAMS 0x0000000751e00000, 0x0000000751e00000| Untracked 
| 115|0x0000000752000000, 0x0000000752000000, 0x0000000752200000|  0%| F|  |TAMS 0x0000000752000000, 0x0000000752000000| Untracked 
| 116|0x0000000752200000, 0x0000000752200000, 0x0000000752400000|  0%| F|  |TAMS 0x0000000752200000, 0x0000000752200000| Untracked 
| 117|0x0000000752400000, 0x0000000752400000, 0x0000000752600000|  0%| F|  |TAMS 0x0000000752400000, 0x0000000752400000| Untracked 
| 118|0x0000000752600000, 0x0000000752636460, 0x0000000752800000| 10%| E|  |TAMS 0x0000000752600000, 0x0000000752600000| Complete 
| 119|0x0000000752800000, 0x0000000752a00000, 0x0000000752a00000|100%| E|CS|TAMS 0x0000000752800000, 0x0000000752800000| Complete 
| 120|0x0000000752a00000, 0x0000000752c00000, 0x0000000752c00000|100%| E|CS|TAMS 0x0000000752a00000, 0x0000000752a00000| Complete 
| 121|0x0000000752c00000, 0x0000000752e00000, 0x0000000752e00000|100%| E|CS|TAMS 0x0000000752c00000, 0x0000000752c00000| Complete 
| 122|0x0000000752e00000, 0x0000000753000000, 0x0000000753000000|100%| E|CS|TAMS 0x0000000752e00000, 0x0000000752e00000| Complete 
| 123|0x0000000753000000, 0x0000000753200000, 0x0000000753200000|100%| E|CS|TAMS 0x0000000753000000, 0x0000000753000000| Complete 
| 124|0x0000000753200000, 0x0000000753400000, 0x0000000753400000|100%| E|CS|TAMS 0x0000000753200000, 0x0000000753200000| Complete 
| 125|0x0000000753400000, 0x0000000753600000, 0x0000000753600000|100%| E|CS|TAMS 0x0000000753400000, 0x0000000753400000| Complete 
| 126|0x0000000753600000, 0x0000000753800000, 0x0000000753800000|100%| E|CS|TAMS 0x0000000753600000, 0x0000000753600000| Complete 
| 127|0x0000000753800000, 0x0000000753a00000, 0x0000000753a00000|100%| E|CS|TAMS 0x0000000753800000, 0x0000000753800000| Complete 
| 128|0x0000000753a00000, 0x0000000753c00000, 0x0000000753c00000|100%| E|CS|TAMS 0x0000000753a00000, 0x0000000753a00000| Complete 
| 129|0x0000000753c00000, 0x0000000753e00000, 0x0000000753e00000|100%| E|CS|TAMS 0x0000000753c00000, 0x0000000753c00000| Complete 
| 130|0x0000000753e00000, 0x0000000754000000, 0x0000000754000000|100%| E|CS|TAMS 0x0000000753e00000, 0x0000000753e00000| Complete 
| 131|0x0000000754000000, 0x0000000754200000, 0x0000000754200000|100%| E|CS|TAMS 0x0000000754000000, 0x0000000754000000| Complete 
| 132|0x0000000754200000, 0x0000000754400000, 0x0000000754400000|100%| E|CS|TAMS 0x0000000754200000, 0x0000000754200000| Complete 
| 133|0x0000000754400000, 0x0000000754600000, 0x0000000754600000|100%| E|CS|TAMS 0x0000000754400000, 0x0000000754400000| Complete 
| 134|0x0000000754600000, 0x0000000754800000, 0x0000000754800000|100%| E|CS|TAMS 0x0000000754600000, 0x0000000754600000| Complete 
| 135|0x0000000754800000, 0x0000000754a00000, 0x0000000754a00000|100%| E|CS|TAMS 0x0000000754800000, 0x0000000754800000| Complete 
| 136|0x0000000754a00000, 0x0000000754c00000, 0x0000000754c00000|100%| E|CS|TAMS 0x0000000754a00000, 0x0000000754a00000| Complete 
| 137|0x0000000754c00000, 0x0000000754e00000, 0x0000000754e00000|100%| E|CS|TAMS 0x0000000754c00000, 0x0000000754c00000| Complete 
| 138|0x0000000754e00000, 0x0000000755000000, 0x0000000755000000|100%| E|CS|TAMS 0x0000000754e00000, 0x0000000754e00000| Complete 
| 139|0x0000000755000000, 0x0000000755200000, 0x0000000755200000|100%| E|CS|TAMS 0x0000000755000000, 0x0000000755000000| Complete 

Card table byte_map: [0x00000179967f0000,0x0000017996de0000] _byte_map_base: 0x0000017992dd3000

Marking Bits (Prev, Next): (CMBitMap*) 0x00000179fed50120, (CMBitMap*) 0x00000179fed50160
 Prev Bits: [0x00000179973d0000, 0x000001799a2e8000)
 Next Bits: [0x000001799a2f0000, 0x000001799d208000)

Polling page: 0x00000179fd370000

Metaspace:

Usage:
  Non-class:     96.78 MB used.
      Class:     14.82 MB used.
       Both:    111.60 MB used.

Virtual space:
  Non-class space:      128.00 MB reserved,      97.19 MB ( 76%) committed,  2 nodes.
      Class space:        1.00 GB reserved,      15.12 MB (  1%) committed,  1 nodes.
             Both:        1.12 GB reserved,     112.31 MB ( 10%) committed. 

Chunk freelists:
   Non-Class:  14.05 MB
       Class:  775.00 KB
        Both:  14.80 MB

MaxMetaspaceSize: unlimited
CompressedClassSpaceSize: 1.00 GB
Initial GC threshold: 21.00 MB
Current GC threshold: 150.75 MB
CDS: on
MetaspaceReclaimPolicy: balanced
 - commit_granule_bytes: 65536.
 - commit_granule_words: 8192.
 - virtual_space_node_default_size: 8388608.
 - enlarge_chunks_in_place: 1.
 - new_chunks_are_fully_committed: 0.
 - uncommit_free_chunks: 1.
 - use_allocation_guard: 0.
 - handle_deallocations: 1.


Internal statistics:

num_allocs_failed_limit: 12.
num_arena_births: 1018.
num_arena_deaths: 4.
num_vsnodes_births: 3.
num_vsnodes_deaths: 0.
num_space_committed: 1797.
num_space_uncommitted: 0.
num_chunks_returned_to_freelist: 18.
num_chunks_taken_from_freelist: 5200.
num_chunk_merges: 13.
num_chunk_splits: 3763.
num_chunks_enlarged: 2961.
num_inconsistent_stats: 0.

CodeHeap 'non-profiled nmethods': size=120000Kb used=6970Kb max_used=6970Kb free=113029Kb
 bounds [0x000001798f2c0000, 0x000001798f990000, 0x00000179967f0000]
CodeHeap 'profiled nmethods': size=120000Kb used=18464Kb max_used=18464Kb free=101536Kb
 bounds [0x00000179877f0000, 0x0000017988a00000, 0x000001798ed20000]
CodeHeap 'non-nmethods': size=5760Kb used=1478Kb max_used=1517Kb free=4282Kb
 bounds [0x000001798ed20000, 0x000001798ef90000, 0x000001798f2c0000]
 total_blobs=10439 nmethods=9614 adapters=736
 compilation: enabled
              stopped_count=0, restarted_count=0
 full_count=0

Compilation events (20 events):
Event: 89.630 Thread 0x000001799f3d6590 nmethod 11623 0x000001798f98c890 code [0x000001798f98ca80, 0x000001798f98cf08]
Event: 90.186 Thread 0x000001799f3d6590 11624       4       java.util.HashMap$HashMapSpliterator::estimateSize (11 bytes)
Event: 90.187 Thread 0x000001799f3d6590 nmethod 11624 0x000001798f98d590 code [0x000001798f98d700, 0x000001798f98d7d8]
Event: 92.203 Thread 0x000001799f3d7040 11625       3       java.util.concurrent.ThreadPoolExecutor::workerCountOf (5 bytes)
Event: 92.203 Thread 0x000001799f3d7040 nmethod 11625 0x00000179883bb190 code [0x00000179883bb320, 0x00000179883bb418]
Event: 92.231 Thread 0x000001799f3d7040 11626       3       java.util.concurrent.locks.AbstractQueuedSynchronizer$ConditionNode::isReleasable (23 bytes)
Event: 92.232 Thread 0x000001799f3d7040 nmethod 11626 0x00000179889f4a10 code [0x00000179889f4ba0, 0x00000179889f4e18]
Event: 92.650 Thread 0x000001799f3d7040 11627       3       java.io.File::getName (42 bytes)
Event: 92.651 Thread 0x000001799f3d7040 nmethod 11627 0x00000179889f4f10 code [0x00000179889f5160, 0x00000179889f59b8]
Event: 92.882 Thread 0x000001799f3d7040 11628       3       java.util.Formatter$FormatSpecifier::printString (107 bytes)
Event: 92.883 Thread 0x000001799f3d7040 nmethod 11628 0x00000179889f5d10 code [0x00000179889f5fe0, 0x00000179889f6f98]
Event: 94.057 Thread 0x000001799f3d6590 11629       4       org.bson.io.ByteBufferBsonInput::skipCString (54 bytes)
Event: 94.061 Thread 0x000001799f3d6590 nmethod 11629 0x000001798f98d890 code [0x000001798f98da20, 0x000001798f98db98]
Event: 94.150 Thread 0x000001799f3d7040 11630       3       com.mongodb.assertions.Assertions::notNull (33 bytes)
Event: 94.150 Thread 0x000001799f3d7040 nmethod 11630 0x00000179889f7510 code [0x00000179889f7740, 0x00000179889f7d98]
Event: 94.166 Thread 0x000001799f3d7040 11631       3       org.springframework.boot.devtools.filewatch.DirectorySnapshot::filter (72 bytes)
Event: 94.166 Thread 0x000001799f3d7040 nmethod 11631 0x00000179889f8010 code [0x00000179889f8260, 0x00000179889f8c58]
Event: 97.103 Thread 0x000001799f3d6590 11632       4       java.io.File::listFiles (52 bytes)
Event: 97.118 Thread 0x000001799f3d6590 nmethod 11632 0x000001798f98dd90 code [0x000001798f98df60, 0x000001798f98e698]
Event: 97.118 Thread 0x000001799f3d6590 11633       4       org.springframework.boot.devtools.filewatch.DirectorySnapshot::collectFiles (99 bytes)

GC Heap History (20 events):
Event: 22.026 GC heap before
{Heap before GC invocations=41 (full 0):
 garbage-first heap   total 120832K, used 92544K [0x0000000743a00000, 0x0000000800000000)
  region size 2048K, 14 young (28672K), 3 survivors (6144K)
 Metaspace       used 91885K, committed 92544K, reserved 1179648K
  class space    used 12467K, committed 12800K, reserved 1048576K
}
Event: 22.039 GC heap after
{Heap after GC invocations=42 (full 0):
 garbage-first heap   total 120832K, used 73493K [0x0000000743a00000, 0x0000000800000000)
  region size 2048K, 2 young (4096K), 2 survivors (4096K)
 Metaspace       used 91885K, committed 92544K, reserved 1179648K
  class space    used 12467K, committed 12800K, reserved 1048576K
}
Event: 22.175 GC heap before
{Heap before GC invocations=42 (full 0):
 garbage-first heap   total 120832K, used 91925K [0x0000000743a00000, 0x0000000800000000)
  region size 2048K, 11 young (22528K), 2 survivors (4096K)
 Metaspace       used 91955K, committed 92608K, reserved 1179648K
  class space    used 12469K, committed 12800K, reserved 1048576K
}
Event: 22.184 GC heap after
{Heap after GC invocations=43 (full 0):
 garbage-first heap   total 120832K, used 75556K [0x0000000743a00000, 0x0000000800000000)
  region size 2048K, 2 young (4096K), 2 survivors (4096K)
 Metaspace       used 91955K, committed 92608K, reserved 1179648K
  class space    used 12469K, committed 12800K, reserved 1048576K
}
Event: 22.338 GC heap before
{Heap before GC invocations=44 (full 0):
 garbage-first heap   total 143360K, used 93988K [0x0000000743a00000, 0x0000000800000000)
  region size 2048K, 11 young (22528K), 2 survivors (4096K)
 Metaspace       used 91949K, committed 92608K, reserved 1179648K
  class space    used 12468K, committed 12800K, reserved 1048576K
}
Event: 22.346 GC heap after
{Heap after GC invocations=45 (full 0):
 garbage-first heap   total 143360K, used 82496K [0x0000000743a00000, 0x0000000800000000)
  region size 2048K, 2 young (4096K), 2 survivors (4096K)
 Metaspace       used 91949K, committed 92608K, reserved 1179648K
  class space    used 12468K, committed 12800K, reserved 1048576K
}
Event: 22.440 GC heap before
{Heap before GC invocations=45 (full 0):
 garbage-first heap   total 143360K, used 107072K [0x0000000743a00000, 0x0000000800000000)
  region size 2048K, 14 young (28672K), 2 survivors (4096K)
 Metaspace       used 91949K, committed 92608K, reserved 1179648K
  class space    used 12468K, committed 12800K, reserved 1048576K
}
Event: 22.460 GC heap after
{Heap after GC invocations=46 (full 0):
 garbage-first heap   total 286720K, used 92141K [0x0000000743a00000, 0x0000000800000000)
  region size 2048K, 2 young (4096K), 2 survivors (4096K)
 Metaspace       used 91949K, committed 92608K, reserved 1179648K
  class space    used 12468K, committed 12800K, reserved 1048576K
}
Event: 22.786 GC heap before
{Heap before GC invocations=47 (full 0):
 garbage-first heap   total 286720K, used 169965K [0x0000000743a00000, 0x0000000800000000)
  region size 2048K, 45 young (92160K), 2 survivors (4096K)
 Metaspace       used 91949K, committed 92608K, reserved 1179648K
  class space    used 12468K, committed 12800K, reserved 1048576K
}
Event: 22.824 GC heap after
{Heap after GC invocations=48 (full 0):
 garbage-first heap   total 286720K, used 116239K [0x0000000743a00000, 0x0000000800000000)
  region size 2048K, 6 young (12288K), 6 survivors (12288K)
 Metaspace       used 91949K, committed 92608K, reserved 1179648K
  class space    used 12468K, committed 12800K, reserved 1048576K
}
Event: 22.829 GC heap before
{Heap before GC invocations=48 (full 0):
 garbage-first heap   total 286720K, used 118287K [0x0000000743a00000, 0x0000000800000000)
  region size 2048K, 7 young (14336K), 6 survivors (12288K)
 Metaspace       used 91949K, committed 92608K, reserved 1179648K
  class space    used 12468K, committed 12800K, reserved 1048576K
}
Event: 22.892 GC heap after
{Heap after GC invocations=49 (full 0):
 garbage-first heap   total 286720K, used 117760K [0x0000000743a00000, 0x0000000800000000)
  region size 2048K, 1 young (2048K), 1 survivors (2048K)
 Metaspace       used 91949K, committed 92608K, reserved 1179648K
  class space    used 12468K, committed 12800K, reserved 1048576K
}
Event: 23.311 GC heap before
{Heap before GC invocations=49 (full 0):
 garbage-first heap   total 286720K, used 189440K [0x0000000743a00000, 0x0000000800000000)
  region size 2048K, 36 young (73728K), 1 survivors (2048K)
 Metaspace       used 92660K, committed 93376K, reserved 1179648K
  class space    used 12568K, committed 12928K, reserved 1048576K
}
Event: 23.319 GC heap after
{Heap after GC invocations=50 (full 0):
 garbage-first heap   total 286720K, used 121778K [0x0000000743a00000, 0x0000000800000000)
  region size 2048K, 3 young (6144K), 3 survivors (6144K)
 Metaspace       used 92660K, committed 93376K, reserved 1179648K
  class space    used 12568K, committed 12928K, reserved 1048576K
}
Event: 24.615 GC heap before
{Heap before GC invocations=50 (full 0):
 garbage-first heap   total 286720K, used 197554K [0x0000000743a00000, 0x0000000800000000)
  region size 2048K, 40 young (81920K), 3 survivors (6144K)
 Metaspace       used 98032K, committed 98624K, reserved 1179648K
  class space    used 13335K, committed 13632K, reserved 1048576K
}
Event: 24.627 GC heap after
{Heap after GC invocations=51 (full 0):
 garbage-first heap   total 286720K, used 125426K [0x0000000743a00000, 0x0000000800000000)
  region size 2048K, 5 young (10240K), 5 survivors (10240K)
 Metaspace       used 98032K, committed 98624K, reserved 1179648K
  class space    used 13335K, committed 13632K, reserved 1048576K
}
Event: 26.082 GC heap before
{Heap before GC invocations=51 (full 0):
 garbage-first heap   total 286720K, used 203250K [0x0000000743a00000, 0x0000000800000000)
  region size 2048K, 43 young (88064K), 5 survivors (10240K)
 Metaspace       used 101296K, committed 101952K, reserved 1179648K
  class space    used 13818K, committed 14144K, reserved 1048576K
}
Event: 26.097 GC heap after
{Heap after GC invocations=52 (full 0):
 garbage-first heap   total 286720K, used 129852K [0x0000000743a00000, 0x0000000800000000)
  region size 2048K, 4 young (8192K), 4 survivors (8192K)
 Metaspace       used 101296K, committed 101952K, reserved 1179648K
  class space    used 13818K, committed 14144K, reserved 1048576K
}
Event: 27.724 GC heap before
{Heap before GC invocations=52 (full 0):
 garbage-first heap   total 286720K, used 211772K [0x0000000743a00000, 0x0000000800000000)
  region size 2048K, 44 young (90112K), 4 survivors (8192K)
 Metaspace       used 108672K, committed 109376K, reserved 1179648K
  class space    used 14767K, committed 15104K, reserved 1048576K
}
Event: 27.736 GC heap after
{Heap after GC invocations=53 (full 0):
 garbage-first heap   total 286720K, used 132960K [0x0000000743a00000, 0x0000000800000000)
  region size 2048K, 4 young (8192K), 4 survivors (8192K)
 Metaspace       used 108672K, committed 109376K, reserved 1179648K
  class space    used 14767K, committed 15104K, reserved 1048576K
}

Deoptimization events (20 events):
Event: 27.819 Thread 0x00000179e5d84b60 DEOPT PACKING pc=0x000001798f713504 sp=0x000000409a4fdc30
Event: 27.819 Thread 0x00000179e5d84b60 DEOPT UNPACKING pc=0x000001798ed75ba3 sp=0x000000409a4fdbb8 mode 2
Event: 27.820 Thread 0x00000179e5d84b60 Uncommon trap: trap_request=0xffffffde fr.pc=0x000001798f713504 relative=0x0000000000001484
Event: 27.820 Thread 0x00000179e5d84b60 Uncommon trap: reason=class_check action=maybe_recompile pc=0x000001798f713504 method=org.springframework.core.ResolvableType.resolveType()Lorg/springframework/core/ResolvableType; @ 44 c2
Event: 27.820 Thread 0x00000179e5d84b60 DEOPT PACKING pc=0x000001798f713504 sp=0x000000409a4fdc30
Event: 27.820 Thread 0x00000179e5d84b60 DEOPT UNPACKING pc=0x000001798ed75ba3 sp=0x000000409a4fdbb8 mode 2
Event: 27.820 Thread 0x00000179e5d84b60 Uncommon trap: trap_request=0xffffffde fr.pc=0x000001798f5d66b8 relative=0x0000000000000698
Event: 27.820 Thread 0x00000179e5d84b60 Uncommon trap: reason=class_check action=maybe_recompile pc=0x000001798f5d66b8 method=org.springframework.core.ResolvableType.resolveType()Lorg/springframework/core/ResolvableType; @ 44 c2
Event: 27.820 Thread 0x00000179e5d84b60 DEOPT PACKING pc=0x000001798f5d66b8 sp=0x000000409a4fdb90
Event: 27.820 Thread 0x00000179e5d84b60 DEOPT UNPACKING pc=0x000001798ed75ba3 sp=0x000000409a4fdb48 mode 2
Event: 28.380 Thread 0x00000179ea91b300 Uncommon trap: trap_request=0xffffff45 fr.pc=0x000001798f625094 relative=0x0000000000000454
Event: 28.380 Thread 0x00000179ea91b300 Uncommon trap: reason=unstable_if action=reinterpret pc=0x000001798f625094 method=java.util.EnumSet.noneOf(Ljava/lang/Class;)Ljava/util/EnumSet; @ 40 c2
Event: 28.380 Thread 0x00000179ea91b300 DEOPT PACKING pc=0x000001798f625094 sp=0x000000409c0fe2c0
Event: 28.380 Thread 0x00000179ea91b300 DEOPT UNPACKING pc=0x000001798ed75ba3 sp=0x000000409c0fe278 mode 2
Event: 28.384 Thread 0x00000179ea91b300 DEOPT PACKING pc=0x0000017987d406dc sp=0x000000409c0fe320
Event: 28.384 Thread 0x00000179ea91b300 DEOPT UNPACKING pc=0x000001798ed766e3 sp=0x000000409c0fd7a8 mode 0
Event: 29.320 Thread 0x00000179ed177500 Uncommon trap: trap_request=0xffffff45 fr.pc=0x000001798f6960f4 relative=0x0000000000000174
Event: 29.320 Thread 0x00000179ed177500 Uncommon trap: reason=unstable_if action=reinterpret pc=0x000001798f6960f4 method=java.util.concurrent.locks.ReentrantLock$NonfairSync.initialTryLock()Z @ 25 c2
Event: 29.320 Thread 0x00000179ed177500 DEOPT PACKING pc=0x000001798f6960f4 sp=0x000000409a9ff2d0
Event: 29.320 Thread 0x00000179ed177500 DEOPT UNPACKING pc=0x000001798ed75ba3 sp=0x000000409a9ff270 mode 2

Classes unloaded (2 events):
Event: 22.206 Thread 0x000001799f3b62e0 Unloading class 0x00000179a1c84c00 'jdk/internal/reflect/GeneratedSerializationConstructorAccessor2'
Event: 22.206 Thread 0x000001799f3b62e0 Unloading class 0x00000179a1c84800 'jdk/internal/reflect/GeneratedSerializationConstructorAccessor1'

Classes redefined (0 events):
No events

Internal exceptions (20 events):
Event: 77.450 Thread 0x00000179ea91b300 Exception <a 'java/net/ConnectException'{0x0000000752ebd148}: Connection refused: no further information> (0x0000000752ebd148) 
thrown [s\open\src\hotspot\share\prims\jni.cpp, line 535]
Event: 78.495 Thread 0x00000179ea91b300 Exception <a 'java/net/ConnectException'{0x0000000752fe79c0}: Connection refused: no further information> (0x0000000752fe79c0) 
thrown [s\open\src\hotspot\share\prims\jni.cpp, line 535]
Event: 79.496 Thread 0x00000179ea91b300 Exception <a 'java/net/ConnectException'{0x0000000752ff1830}: Connection refused: no further information> (0x0000000752ff1830) 
thrown [s\open\src\hotspot\share\prims\jni.cpp, line 535]
Event: 80.444 Thread 0x00000179ea91b300 Exception <a 'java/net/ConnectException'{0x0000000752ffae48}: Connection refused: no further information> (0x0000000752ffae48) 
thrown [s\open\src\hotspot\share\prims\jni.cpp, line 535]
Event: 81.447 Thread 0x00000179ea91b300 Exception <a 'java/net/ConnectException'{0x0000000752c955e8}: Connection refused: no further information> (0x0000000752c955e8) 
thrown [s\open\src\hotspot\share\prims\jni.cpp, line 535]
Event: 82.466 Thread 0x00000179ea91b300 Exception <a 'java/net/ConnectException'{0x0000000752c9fc48}: Connection refused: no further information> (0x0000000752c9fc48) 
thrown [s\open\src\hotspot\share\prims\jni.cpp, line 535]
Event: 83.515 Thread 0x00000179ea91b300 Exception <a 'java/net/ConnectException'{0x0000000752cab670}: Connection refused: no further information> (0x0000000752cab670) 
thrown [s\open\src\hotspot\share\prims\jni.cpp, line 535]
Event: 84.451 Thread 0x00000179ea91b300 Exception <a 'java/net/ConnectException'{0x0000000752cb4c88}: Connection refused: no further information> (0x0000000752cb4c88) 
thrown [s\open\src\hotspot\share\prims\jni.cpp, line 535]
Event: 85.469 Thread 0x00000179ea91b300 Exception <a 'java/net/ConnectException'{0x0000000752cbdc28}: Connection refused: no further information> (0x0000000752cbdc28) 
thrown [s\open\src\hotspot\share\prims\jni.cpp, line 535]
Event: 86.304 Thread 0x00000179ea91b300 Exception <a 'java/net/ConnectException'{0x0000000752a90790}: Connection refused: no further information> (0x0000000752a90790) 
thrown [s\open\src\hotspot\share\prims\jni.cpp, line 535]
Event: 87.355 Thread 0x00000179ea91b300 Exception <a 'java/net/ConnectException'{0x0000000752a9af30}: Connection refused: no further information> (0x0000000752a9af30) 
thrown [s\open\src\hotspot\share\prims\jni.cpp, line 535]
Event: 88.360 Thread 0x00000179ea91b300 Exception <a 'java/net/ConnectException'{0x0000000752aa6a40}: Connection refused: no further information> (0x0000000752aa6a40) 
thrown [s\open\src\hotspot\share\prims\jni.cpp, line 535]
Event: 89.375 Thread 0x00000179ea91b300 Exception <a 'java/net/ConnectException'{0x0000000752ab11b8}: Connection refused: no further information> (0x0000000752ab11b8) 
thrown [s\open\src\hotspot\share\prims\jni.cpp, line 535]
Event: 90.423 Thread 0x00000179ea91b300 Exception <a 'java/net/ConnectException'{0x0000000752abb968}: Connection refused: no further information> (0x0000000752abb968) 
thrown [s\open\src\hotspot\share\prims\jni.cpp, line 535]
Event: 91.428 Thread 0x00000179ea91b300 Exception <a 'java/net/ConnectException'{0x0000000752ac3010}: Connection refused: no further information> (0x0000000752ac3010) 
thrown [s\open\src\hotspot\share\prims\jni.cpp, line 535]
Event: 92.451 Thread 0x00000179ea91b300 Exception <a 'java/net/ConnectException'{0x00000007528964a8}: Connection refused: no further information> (0x00000007528964a8) 
thrown [s\open\src\hotspot\share\prims\jni.cpp, line 535]
Event: 93.479 Thread 0x00000179ea91b300 Exception <a 'java/net/ConnectException'{0x00000007528a1700}: Connection refused: no further information> (0x00000007528a1700) 
thrown [s\open\src\hotspot\share\prims\jni.cpp, line 535]
Event: 94.526 Thread 0x00000179ea91b300 Exception <a 'java/net/ConnectException'{0x00000007528aad80}: Connection refused: no further information> (0x00000007528aad80) 
thrown [s\open\src\hotspot\share\prims\jni.cpp, line 535]
Event: 95.481 Thread 0x00000179ea91b300 Exception <a 'java/net/ConnectException'{0x00000007528b3ba8}: Connection refused: no further information> (0x00000007528b3ba8) 
thrown [s\open\src\hotspot\share\prims\jni.cpp, line 535]
Event: 96.404 Thread 0x00000179ea91b300 Exception <a 'java/net/ConnectException'{0x00000007528bcb48}: Connection refused: no further information> (0x00000007528bcb48) 
thrown [s\open\src\hotspot\share\prims\jni.cpp, line 535]

VM Operations (20 events):
Event: 66.093 Executing VM operation: Cleanup
Event: 66.093 Executing VM operation: Cleanup done
Event: 67.103 Executing VM operation: Cleanup
Event: 67.103 Executing VM operation: Cleanup done
Event: 68.106 Executing VM operation: Cleanup
Event: 68.106 Executing VM operation: Cleanup done
Event: 73.138 Executing VM operation: Cleanup
Event: 73.138 Executing VM operation: Cleanup done
Event: 74.139 Executing VM operation: Cleanup
Event: 74.139 Executing VM operation: Cleanup done
Event: 84.216 Executing VM operation: Cleanup
Event: 84.216 Executing VM operation: Cleanup done
Event: 87.227 Executing VM operation: Cleanup
Event: 87.228 Executing VM operation: Cleanup done
Event: 88.230 Executing VM operation: Cleanup
Event: 88.230 Executing VM operation: Cleanup done
Event: 89.232 Executing VM operation: Cleanup
Event: 89.232 Executing VM operation: Cleanup done
Event: 90.233 Executing VM operation: Cleanup
Event: 90.233 Executing VM operation: Cleanup done

Events (20 events):
Event: 28.400 loading class java/nio/channels/spi/AbstractSelectionKey
Event: 28.401 loading class java/nio/channels/SelectionKey
Event: 28.401 loading class java/nio/channels/SelectionKey done
Event: 28.401 loading class java/nio/channels/spi/AbstractSelectionKey done
Event: 28.401 loading class sun/nio/ch/SelectionKeyImpl done
Event: 28.401 loading class java/lang/invoke/ConstantBootstraps
Event: 28.401 loading class java/lang/invoke/ConstantBootstraps done
Event: 28.409 loading class javax/net/ssl/SSLPeerUnverifiedException
Event: 28.409 loading class javax/net/ssl/SSLPeerUnverifiedException done
Event: 28.415 loading class java/net/ConnectException
Event: 28.416 loading class java/net/ConnectException done
Event: 28.416 loading class sun/net/util/SocketExceptions
Event: 28.417 loading class sun/net/util/SocketExceptions done
Event: 29.306 Thread 0x00000179eaa674d0 Thread exited: 0x00000179eaa674d0
Event: 32.794 loading class java/util/concurrent/ConcurrentLinkedQueue$CLQSpliterator
Event: 32.794 loading class java/util/concurrent/ConcurrentLinkedQueue$CLQSpliterator done
Event: 34.054 loading class java/util/concurrent/ConcurrentLinkedDeque$CLDSpliterator
Event: 34.054 loading class java/util/concurrent/ConcurrentLinkedDeque$CLDSpliterator done
Event: 87.765 Thread 0x00000179eaa69a00 Thread added: 0x00000179eaa69a00
Event: 88.358 Thread 0x00000179eaa69a00 Thread exited: 0x00000179eaa69a00


Dynamic libraries:
0x00007ff7b7500000 - 0x00007ff7b7510000 	C:\Program Files\Java\jdk-17\bin\java.exe
0x00007ffea7aa0000 - 0x00007ffea7d03000 	C:\WINDOWS\SYSTEM32\ntdll.dll
0x00007ffea6070000 - 0x00007ffea6137000 	C:\WINDOWS\System32\KERNEL32.DLL
0x00007ffea52b0000 - 0x00007ffea5679000 	C:\WINDOWS\System32\KERNELBASE.dll
0x00007ffea5680000 - 0x00007ffea57cc000 	C:\WINDOWS\System32\ucrtbase.dll
0x00007ffe92200000 - 0x00007ffe92219000 	C:\Program Files\Java\jdk-17\bin\jli.dll
0x00007ffe87fe0000 - 0x00007ffe87ffb000 	C:\Program Files\Java\jdk-17\bin\VCRUNTIME140.dll
0x00007ffea73c0000 - 0x00007ffea7472000 	C:\WINDOWS\System32\ADVAPI32.dll
0x00007ffea6930000 - 0x00007ffea69d9000 	C:\WINDOWS\System32\msvcrt.dll
0x00007ffea74e0000 - 0x00007ffea7586000 	C:\WINDOWS\System32\sechost.dll
0x00007ffea69e0000 - 0x00007ffea6af6000 	C:\WINDOWS\System32\RPCRT4.dll
0x00007ffea6150000 - 0x00007ffea631a000 	C:\WINDOWS\System32\USER32.dll
0x00007ffe87600000 - 0x00007ffe87890000 	C:\WINDOWS\WinSxS\amd64_microsoft.windows.common-controls_6595b64144ccf1df_6.0.26100.3323_none_3e088096e3344490\COMCTL32.dll
0x00007ffea7980000 - 0x00007ffea79aa000 	C:\WINDOWS\System32\GDI32.dll
0x00007ffea57d0000 - 0x00007ffea57f7000 	C:\WINDOWS\System32\win32u.dll
0x00007ffea4eb0000 - 0x00007ffea4fe1000 	C:\WINDOWS\System32\gdi32full.dll
0x00007ffe9bce0000 - 0x00007ffe9bceb000 	C:\WINDOWS\SYSTEM32\VERSION.dll
0x00007ffea5080000 - 0x00007ffea5123000 	C:\WINDOWS\System32\msvcp_win.dll
0x00007ffea59b0000 - 0x00007ffea59df000 	C:\WINDOWS\System32\IMM32.DLL
0x00007ffe9f840000 - 0x00007ffe9f84c000 	C:\Program Files\Java\jdk-17\bin\vcruntime140_1.dll
0x00007ffe69a30000 - 0x00007ffe69abe000 	C:\Program Files\Java\jdk-17\bin\msvcp140.dll
0x00007ffe46e40000 - 0x00007ffe47a20000 	C:\Program Files\Java\jdk-17\bin\server\jvm.dll
0x00007ffea75a0000 - 0x00007ffea75a8000 	C:\WINDOWS\System32\PSAPI.DLL
0x00007ffe83410000 - 0x00007ffe8341a000 	C:\WINDOWS\SYSTEM32\WSOCK32.dll
0x00007ffea5b50000 - 0x00007ffea5bc4000 	C:\WINDOWS\System32\WS2_32.dll
0x00007ffe8ef50000 - 0x00007ffe8ef86000 	C:\WINDOWS\SYSTEM32\WINMM.dll
0x00007ffea3aa0000 - 0x00007ffea3aba000 	C:\WINDOWS\SYSTEM32\kernel.appcore.dll
0x00007ffe9f810000 - 0x00007ffe9f81a000 	C:\Program Files\Java\jdk-17\bin\jimage.dll
0x00007ffea23e0000 - 0x00007ffea2621000 	C:\WINDOWS\SYSTEM32\DBGHELP.DLL
0x00007ffea5c50000 - 0x00007ffea5fd2000 	C:\WINDOWS\System32\combase.dll
0x00007ffea6850000 - 0x00007ffea6926000 	C:\WINDOWS\System32\OLEAUT32.dll
0x00007ffe88ea0000 - 0x00007ffe88ed9000 	C:\WINDOWS\SYSTEM32\dbgcore.DLL
0x00007ffea4ca0000 - 0x00007ffea4d39000 	C:\WINDOWS\System32\bcryptPrimitives.dll
0x00007ffe9f410000 - 0x00007ffe9f41e000 	C:\Program Files\Java\jdk-17\bin\instrument.dll
0x00007ffe7d2b0000 - 0x00007ffe7d2d5000 	C:\Program Files\Java\jdk-17\bin\java.dll
0x00007ffe67e10000 - 0x00007ffe67ee7000 	C:\Program Files\Java\jdk-17\bin\jsvml.dll
0x00007ffea6ca0000 - 0x00007ffea73b5000 	C:\WINDOWS\System32\SHELL32.dll
0x00007ffea4d40000 - 0x00007ffea4ea8000 	C:\WINDOWS\System32\wintypes.dll
0x00007ffea2960000 - 0x00007ffea31a5000 	C:\WINDOWS\SYSTEM32\windows.storage.dll
0x00007ffea58c0000 - 0x00007ffea59ab000 	C:\WINDOWS\System32\SHCORE.dll
0x00007ffea7480000 - 0x00007ffea74dd000 	C:\WINDOWS\System32\shlwapi.dll
0x00007ffea4bb0000 - 0x00007ffea4bdf000 	C:\WINDOWS\SYSTEM32\profapi.dll
0x00007ffe7d270000 - 0x00007ffe7d288000 	C:\Program Files\Java\jdk-17\bin\zip.dll
0x00007ffe87a60000 - 0x00007ffe87a79000 	C:\Program Files\Java\jdk-17\bin\net.dll
0x00007ffe98790000 - 0x00007ffe988ae000 	C:\WINDOWS\SYSTEM32\WINHTTP.dll
0x00007ffea3fe0000 - 0x00007ffea404a000 	C:\WINDOWS\system32\mswsock.dll
0x00007ffe87a20000 - 0x00007ffe87a36000 	C:\Program Files\Java\jdk-17\bin\nio.dll
0x00007ffe7b5f0000 - 0x00007ffe7b60a000 	C:\Program Files\JetBrains\IntelliJ IDEA Community Edition 2024.2.2\bin\breakgen64.dll
0x00007ffe9ee80000 - 0x00007ffe9ee8a000 	C:\Program Files\Java\jdk-17\bin\management.dll
0x00007ffe921f0000 - 0x00007ffe921fb000 	C:\Program Files\Java\jdk-17\bin\management_ext.dll
0x00007ffe7d260000 - 0x00007ffe7d26e000 	C:\Program Files\Java\jdk-17\bin\sunmscapi.dll
0x00007ffea5130000 - 0x00007ffea52a7000 	C:\WINDOWS\System32\CRYPT32.dll
0x00007ffea4480000 - 0x00007ffea44b0000 	C:\WINDOWS\SYSTEM32\ncrypt.dll
0x00007ffea4430000 - 0x00007ffea446f000 	C:\WINDOWS\SYSTEM32\NTASN1.dll
0x00007ffea4280000 - 0x00007ffea429c000 	C:\WINDOWS\SYSTEM32\CRYPTSP.dll
0x00007ffea3a00000 - 0x00007ffea3a3a000 	C:\WINDOWS\system32\rsaenh.dll
0x00007ffea4080000 - 0x00007ffea40ab000 	C:\WINDOWS\SYSTEM32\USERENV.dll
0x00007ffea44c0000 - 0x00007ffea44e6000 	C:\WINDOWS\SYSTEM32\bcrypt.dll
0x00007ffea42a0000 - 0x00007ffea42ac000 	C:\WINDOWS\SYSTEM32\CRYPTBASE.dll
0x00007ffea3500000 - 0x00007ffea3533000 	C:\WINDOWS\SYSTEM32\IPHLPAPI.DLL
0x00007ffea6140000 - 0x00007ffea614a000 	C:\WINDOWS\System32\NSI.dll
0x00007ffe984d0000 - 0x00007ffe984ef000 	C:\WINDOWS\SYSTEM32\dhcpcsvc6.DLL
0x00007ffe98430000 - 0x00007ffe98455000 	C:\WINDOWS\SYSTEM32\dhcpcsvc.DLL
0x00007ffea35a0000 - 0x00007ffea36c5000 	C:\WINDOWS\SYSTEM32\DNSAPI.dll
0x00007ffe92640000 - 0x00007ffe9264b000 	C:\Windows\System32\rasadhlp.dll
0x00007ffe96ef0000 - 0x00007ffe96f75000 	C:\WINDOWS\System32\fwpuclnt.dll
0x00007ffe85aa0000 - 0x00007ffe85ab8000 	C:\WINDOWS\system32\napinsp.dll
0x00007ffe83500000 - 0x00007ffe83512000 	C:\WINDOWS\System32\winrnr.dll
0x00007ffe834d0000 - 0x00007ffe834f2000 	C:\WINDOWS\system32\nlansp_c.dll
0x00007ffe83470000 - 0x00007ffe83486000 	C:\WINDOWS\system32\wshbth.dll
0x00007ffe7ce80000 - 0x00007ffe7ce90000 	C:\Program Files\Java\jdk-17\bin\verify.dll
0x00007ffe65340000 - 0x00007ffe65348000 	C:\WINDOWS\system32\wshunix.dll

dbghelp: loaded successfully - version: 4.0.5 - missing functions: none
symbol engine: initialized successfully - sym options: 0x614 - pdb path: .;C:\Program Files\Java\jdk-17\bin;C:\WINDOWS\SYSTEM32;C:\WINDOWS\WinSxS\amd64_microsoft.windows.common-controls_6595b64144ccf1df_6.0.26100.3323_none_3e088096e3344490;C:\Program Files\Java\jdk-17\bin\server;C:\Program Files\JetBrains\IntelliJ IDEA Community Edition 2024.2.2\bin

VM Arguments:
jvm_args: -javaagent:C:\Program Files\JetBrains\IntelliJ IDEA Community Edition 2024.2.2\lib\idea_rt.jar=52834:C:\Program Files\JetBrains\IntelliJ IDEA Community Edition 2024.2.2\bin -Dfile.encoding=UTF-8 
java_command: com.ems.ElectionManagementSystemApplication
java_class_path (initial): E:\testing ems\election-management-system\server\target\classes;C:\Users\DELL 10I3 256\.m2\repository\org\springframework\boot\spring-boot-starter-data-jpa\3.4.2\spring-boot-starter-data-jpa-3.4.2.jar;C:\Users\DELL 10I3 256\.m2\repository\org\springframework\boot\spring-boot-starter-jdbc\3.4.2\spring-boot-starter-jdbc-3.4.2.jar;C:\Users\DELL 10I3 256\.m2\repository\com\zaxxer\HikariCP\5.1.0\HikariCP-5.1.0.jar;C:\Users\DELL 10I3 256\.m2\repository\org\springframework\spring-jdbc\6.2.2\spring-jdbc-6.2.2.jar;C:\Users\DELL 10I3 256\.m2\repository\org\hibernate\orm\hibernate-core\6.6.5.Final\hibernate-core-6.6.5.Final.jar;C:\Users\DELL 10I3 256\.m2\repository\jakarta\persistence\jakarta.persistence-api\3.1.0\jakarta.persistence-api-3.1.0.jar;C:\Users\DELL 10I3 256\.m2\repository\jakarta\transaction\jakarta.transaction-api\2.0.1\jakarta.transaction-api-2.0.1.jar;C:\Users\DELL 10I3 256\.m2\repository\com\fasterxml\classmate\1.7.0\classmate-1.7.0.jar;C:\Users\DELL 10I3 256\.m2\repository\net\bytebuddy\byte-buddy\1.15.11\byte-buddy-1.15.11.jar;C:\Users\DELL 10I3 256\.m2\repository\jakarta\inject\jakarta.inject-api\2.0.1\jakarta.inject-api-2.0.1.jar;C:\Users\DELL 10I3 256\.m2\repository\org\antlr\antlr4-runtime\4.13.0\antlr4-runtime-4.13.0.jar;C:\Users\DELL 10I3 256\.m2\repository\org\springframework\data\spring-data-jpa\3.4.2\spring-data-jpa-3.4.2.jar;C:\Users\DELL 10I3 256\.m2\repository\org\springframework\data\spring-data-commons\3.4.2\spring-data-commons-3.4.2.jar;C:\Users\DELL 10I3 256\.m2\repository\org\springframework\spring-orm\6.2.2\spring-orm-6.2.2.jar;C:\Users\DELL 10I3 256\.m2\repository\org\springframework\spring-beans\6.2.2\spring-beans-6.2.2.jar;C:\Users\DELL 10I3 256\.m2\repository\org\slf4j\slf4j-api\2.0.16\slf4j-api-2.0.16.jar;C:\Users\DELL 10I3 256\.m2\repository\org\springframework\spring-aspects\6.2.2\spring-aspects-6.2.2.jar;C:\Users\DELL 10I3 256\.m2\repository\org\aspectj\aspectjweaver\1.9.22.1\aspectjweaver-1.9.22.1.jar;C
Launcher Type: SUN_STANDARD

[Global flags]
     intx CICompilerCount                          = 3                                         {product} {ergonomic}
     uint ConcGCThreads                            = 1                                         {product} {ergonomic}
     uint G1ConcRefinementThreads                  = 4                                         {product} {ergonomic}
   size_t G1HeapRegionSize                         = 2097152                                   {product} {ergonomic}
    uintx GCDrainStackTargetSize                   = 64                                        {product} {ergonomic}
   size_t InitialHeapSize                          = 199229440                                 {product} {ergonomic}
   size_t MarkStackSize                            = 4194304                                   {product} {ergonomic}
   size_t MaxHeapSize                              = 3160408064                                {product} {ergonomic}
   size_t MaxNewSize                               = 1895825408                                {product} {ergonomic}
   size_t MinHeapDeltaBytes                        = 2097152                                   {product} {ergonomic}
   size_t MinHeapSize                              = 8388608                                   {product} {ergonomic}
    uintx NonNMethodCodeHeapSize                   = 5832780                                {pd product} {ergonomic}
    uintx NonProfiledCodeHeapSize                  = 122912730                              {pd product} {ergonomic}
    uintx ProfiledCodeHeapSize                     = 122912730                              {pd product} {ergonomic}
    uintx ReservedCodeCacheSize                    = 251658240                              {pd product} {ergonomic}
     bool SegmentedCodeCache                       = true                                      {product} {ergonomic}
   size_t SoftMaxHeapSize                          = 3160408064                             {manageable} {ergonomic}
     bool UseCompressedClassPointers               = true                           {product lp64_product} {ergonomic}
     bool UseCompressedOops                        = true                           {product lp64_product} {ergonomic}
     bool UseG1GC                                  = true                                      {product} {ergonomic}
     bool UseLargePagesIndividualAllocation        = false                                  {pd product} {ergonomic}

Logging:
Log output configuration:
 #0: stdout all=warning uptime,level,tags
 #1: stderr all=off uptime,level,tags

Environment Variables:
JAVA_HOME=C:\Program Files\Java\jdk-17
CLASSPATH=C:\apache-tomcat-6.0.14\lib\servlet-api.jar
PATH=C:\Program Files\Common Files\Oracle\Java\javapath;C:\Program Files (x86)\VMware\VMware Player\bin\;C:\oraclexe\app\oracle\product\11.2.0\server\bin;C:\WINDOWS;C:\WINDOWS\System32\Wbem;C:\WINDOWS\System32\WindowsPowerShell\v1.0\;C:\WINDOWS\System32\OpenSSH\;C:\MinGW\bin;C:\Program Files\Git\cmd;C:\Program Files\dotnet\;C:\ProgramData\ComposerSetup\bin;C:\Program Files\Java\jdk-17\bin;C:\apache-maven-3.9.6\bin;C:\gradle-8.6\bin;C:\Program Files\PostgreSQL\16\bin;C:\Program Files\Microsoft SQL Server\150\Tools\Binn\;C:\Program Files\Microsoft SQL Server\Client SDK\ODBC\170\Tools\Binn\;C:\Program Files (x86)\Microsoft SQL Server\160\Tools\Binn\;C:\Program Files\Microsoft SQL Server\160\Tools\Binn\;C:\Program Files\Microsoft SQL Server\160\DTS\Binn\;C:\Program Files\Microsoft SQL Server\130\Tools\Binn\;C:\Program Files (x86)\Microsoft SQL Server\160\DTS\Binn\;C:\WINDOWS\system32;C:\Program Files\MySQL\MySQL Server 8.0\bin;C:\Program Files\Docker\Docker\resources\bin;C:\Program Files\nodejs\;C:\ProgramData\chocolatey\bin;C:\Users\DELL 10I3 256\AppData\Local\Programs\Python\Python310\Scripts\;C:\xampp\php;C:\Users\DELL 10I3 256\AppData\Local\Programs\Microsoft VS Code\bin;C:\Users\DELL 10I3 256\AppData\Local\Microsoft\WindowsApps;C:\Users\DELL 10I3 256\AppData\Roaming\Composer\vendor\bin;C:\Program Files\MongoDB\Server\5.0\bin;C:\Users\DELL 10I3 256\AppData\Local\GitHubDesktop\bin;C:\Users\DELL 10I3 256\AppData\Local\Programs\Python\Python310;C:\Program Files\JetBrains\IntelliJ IDEA Community Edition 2024.2.2\bin;;C:\apache-maven-3.9.6\bin;C:\Users\DELL 10I3 256\AppData\Roaming\npm;
USERNAME=DELL 10I3 256
OS=Windows_NT
PROCESSOR_IDENTIFIER=Intel64 Family 6 Model 126 Stepping 5, GenuineIntel



---------------  S Y S T E M  ---------------

OS:
 Windows 11 , 64 bit Build 26100 (10.0.26100.3323)
OS uptime: 0 days 4:40 hours
Hyper-V role detected

CPU: total 4 (initial active 4) (2 cores per cpu, 2 threads per core) family 6 model 126 stepping 5 microcode 0xc2, cx8, cmov, fxsr, ht, mmx, 3dnowpref, sse, sse2, sse3, ssse3, sse4.1, sse4.2, popcnt, lzcnt, tsc, tscinvbit, avx, avx2, aes, erms, clmul, bmi1, bmi2, adx, avx512f, avx512dq, avx512cd, avx512bw, avx512vl, sha, fma, vzeroupper, avx512_vpopcntdq, avx512_vpclmulqdq, avx512_vaes, avx512_vnni, clflush, clflushopt, avx512_vbmi2, avx512_vbmi, hv

Memory: 4k page, system-wide physical 12055M (1067M free)
TotalPageFile size 16151M (AvailPageFile size 0M)
current process WorkingSet (physical memory assigned to process): 502M, peak: 539M
current process commit charge ("private bytes"): 577M, peak: 613M

vm_info: Java HotSpot(TM) 64-Bit Server VM (17.0.12+8-LTS-286) for windows-amd64 JRE (17.0.12+8-LTS-286), built on Jun  5 2024 06:46:59 by "mach5one" with MS VC++ 17.6 (VS2022)

END.
